[0.072s] Invoking command in '/home/jiseongyoo/ros2_examples/build/pubsub_cpp_example': AMENT_PREFIX_PATH=/home/jiseongyoo/ros2_examples/install/interfaces:${AMENT_PREFIX_PATH} CMAKE_PREFIX_PATH=/home/jiseongyoo/ros2_examples/install/interfaces:/opt/ros/eloquent LD_LIBRARY_PATH=/home/jiseongyoo/ros2_examples/install/interfaces/lib:${LD_LIBRARY_PATH} PYTHONPATH=/home/jiseongyoo/ros2_examples/install/interfaces/lib/python3.6/site-packages:${PYTHONPATH} /usr/bin/cmake --build /home/jiseongyoo/ros2_examples/build/pubsub_cpp_example -- -j2 -l2
[0.266s] [35m[1mScanning dependencies of target pub_cpp[0m
[0.393s] [ 50%] [32mBuilding CXX object CMakeFiles/pub_cpp.dir/src/pub_cpp_template.cpp.o[0m
[0.659s] [01m[K/home/jiseongyoo/ros2_examples/src/pubsub_cpp_example/src/pub_cpp_template.cpp:6:10:[m[K [01;31m[Kfatal error: [m[Kinterfaces/msg/messagecollection.hpp: No such file or directory
[0.660s]  #include [01;31m[K"interfaces/msg/messagecollection.hpp"[m[K
[0.660s]           [01;31m[K^~~~~~~~~~~~~~~~~~~~~~~~~~~~~~~~~~~~~~[m[K
[0.661s] compilation terminated.
[0.702s] CMakeFiles/pub_cpp.dir/build.make:62: recipe for target 'CMakeFiles/pub_cpp.dir/src/pub_cpp_template.cpp.o' failed
[0.715s] make[2]: *** [CMakeFiles/pub_cpp.dir/src/pub_cpp_template.cpp.o] Error 1
[0.716s] CMakeFiles/Makefile2:131: recipe for target 'CMakeFiles/pub_cpp.dir/all' failed
[0.716s] make[1]: *** [CMakeFiles/pub_cpp.dir/all] Error 2
[0.717s] Makefile:140: recipe for target 'all' failed
[0.717s] make: *** [all] Error 2
[0.718s] Invoked command in '/home/jiseongyoo/ros2_examples/build/pubsub_cpp_example' returned '2': AMENT_PREFIX_PATH=/home/jiseongyoo/ros2_examples/install/interfaces:${AMENT_PREFIX_PATH} CMAKE_PREFIX_PATH=/home/jiseongyoo/ros2_examples/install/interfaces:/opt/ros/eloquent LD_LIBRARY_PATH=/home/jiseongyoo/ros2_examples/install/interfaces/lib:${LD_LIBRARY_PATH} PYTHONPATH=/home/jiseongyoo/ros2_examples/install/interfaces/lib/python3.6/site-packages:${PYTHONPATH} /usr/bin/cmake --build /home/jiseongyoo/ros2_examples/build/pubsub_cpp_example -- -j2 -l2
