[5.374s] In file included from [01m[K/opt/ros/eloquent/include/rclcpp/client.hpp:39:0[m[K,
[5.374s]                  from [01m[K/opt/ros/eloquent/include/rclcpp/callback_group.hpp:23[m[K,
[5.375s]                  from [01m[K/opt/ros/eloquent/include/rclcpp/any_executable.hpp:20[m[K,
[5.375s]                  from [01m[K/opt/ros/eloquent/include/rclcpp/memory_strategy.hpp:24[m[K,
[5.376s]                  from [01m[K/opt/ros/eloquent/include/rclcpp/memory_strategies.hpp:18[m[K,
[5.376s]                  from [01m[K/opt/ros/eloquent/include/rclcpp/executor.hpp:33[m[K,
[5.377s]                  from [01m[K/opt/ros/eloquent/include/rclcpp/executors/multi_threaded_executor.hpp:25[m[K,
[5.377s]                  from [01m[K/opt/ros/eloquent/include/rclcpp/executors.hpp:21[m[K,
[5.378s]                  from [01m[K/opt/ros/eloquent/include/rclcpp/rclcpp.hpp:145[m[K,
[5.378s]                  from [01m[K/home/jiseongyoo/ros2_examples/src/composition_cpp_example/include/composition_cpp_example/component_action_client_cpp_example.hpp:7[m[K,
[5.378s]                  from [01m[K/home/jiseongyoo/ros2_examples/src/composition_cpp_example/src/component_action_client_cpp_example.cpp:1[m[K:
[5.379s] [01m[K/home/jiseongyoo/ros2_examples/src/composition_cpp_example/src/component_action_client_cpp_example.cpp:[m[K In member function â€˜[01m[Kvoid component::ComponentActionClientExample::result_callback(const WrappedResult&)[m[Kâ€™:
[5.379s] [01m[K/home/jiseongyoo/ros2_examples/src/composition_cpp_example/src/component_action_client_cpp_example.cpp:18:94:[m[K [01;31m[Kerror: [m[Kâ€˜[01m[Kconst SharedPtr {aka const class std::shared_ptr<interfaces::action::Example_Result_<std::allocator<void> > >}[m[Kâ€™ has no member named â€˜[01m[Kc_str[m[Kâ€™; did you mean â€˜[01m[K_M_ptr[m[Kâ€™?
[5.380s]            RCLCPP_INFO(this->get_logger(), "Action '/action' : succeeded : %s", result.result.[01;31m[Kc[m[K_str());
[5.380s]                                                                                               [01;31m[K^[m[K
[5.381s] [01m[K/opt/ros/eloquent/include/rcutils/logging_macros.h:72:64:[m[K [01;36m[Knote: [m[Kin definition of macro â€˜[01m[KRCUTILS_LOG_COND_NAMED[m[Kâ€™
[5.381s]        rcutils_log(&__rcutils_logging_location, severity, name, [01;36m[K__VA_ARGS__[m[K); \
[5.382s]                                                                 [01;36m[K^~~~~~~~~~~[m[K
[5.382s] [01m[K/opt/ros/eloquent/include/rclcpp/logging.hpp:541:5:[m[K [01;36m[Knote: [m[Kin expansion of macro â€˜[01m[KRCUTILS_LOG_INFO_NAMED[m[Kâ€™
[5.382s]      [01;36m[KRCUTILS_LOG_INFO_NAMED[m[K( \
[5.383s]      [01;36m[K^~~~~~~~~~~~~~~~~~~~~~[m[K
[5.383s] [01m[K/opt/ros/eloquent/include/rclcpp/logging.hpp:544:9:[m[K [01;36m[Knote: [m[Kin expansion of macro â€˜[01m[KRCLCPP_ALL_BUT_FIRST_ARGS[m[Kâ€™
[5.384s]          [01;36m[KRCLCPP_ALL_BUT_FIRST_ARGS[m[K(__VA_ARGS__,"")); \
[5.384s]          [01;36m[K^~~~~~~~~~~~~~~~~~~~~~~~~[m[K
[5.385s] [01m[K/home/jiseongyoo/ros2_examples/src/composition_cpp_example/src/component_action_client_cpp_example.cpp:18:11:[m[K [01;36m[Knote: [m[Kin expansion of macro â€˜[01m[KRCLCPP_INFO[m[Kâ€™
[5.385s]            [01;36m[KRCLCPP_INFO[m[K(this->get_logger(), "Action '/action' : succeeded : %s", result.result.c_str());
[5.386s]            [01;36m[K^~~~~~~~~~~[m[K
[8.838s] make[2]: *** [CMakeFiles/component_action_client_cpp.dir/src/component_action_client_cpp_example.cpp.o] Error 1
[8.843s] make[1]: *** [CMakeFiles/component_action_client_cpp.dir/all] Error 2
[8.844s] make: *** [all] Error 2
