[1.147s] In file included from [01m[K/home/jiseongyoo/ros2_examples/src/composition_cpp_example/src/component_container.cpp:2:0[m[K:
[1.147s] [01m[K/home/jiseongyoo/ros2_examples/src/composition_cpp_example/include/composition_cpp_example/publisher_cpp_example.hpp:11:10:[m[K [01;31m[Kfatal error: [m[Kinterfaces/msg/example.hpp: No such file or directory
[1.148s]  #include [01;31m[K"interfaces/msg/example.hpp"[m[K
[1.148s]           [01;31m[K^~~~~~~~~~~~~~~~~~~~~~~~~~~~[m[K
[1.148s] compilation terminated.
[1.173s] make[2]: *** [CMakeFiles/component_container.dir/src/component_container.cpp.o] Error 1
[1.190s] make[1]: *** [CMakeFiles/component_container.dir/all] Error 2
[1.190s] make: *** [all] Error 2
