[0.178s] -- Found ament_cmake: 0.8.2 (/opt/ros/eloquent/share/ament_cmake/cmake)
[0.276s] -- Using PYTHON_EXECUTABLE: /usr/bin/python3
[1.026s] -- Found rosidl_default_generators: 0.8.0 (/opt/ros/eloquent/share/rosidl_default_generators/cmake)
[1.248s] -- Found rosidl_adapter: 0.8.2 (/opt/ros/eloquent/share/rosidl_adapter/cmake)
[1.604s] -- Found PythonInterp: /usr/bin/python3 (found version "3.6.9") 
[2.361s] CMake Error at /opt/ros/eloquent/share/rosidl_adapter/cmake/rosidl_adapt_interfaces.cmake:60 (message):
[2.362s]   execute_process(/usr/bin/python3 -m rosidl_adapter --package-name
[2.363s]   interfaces --arguments-file
[2.363s]   /home/jiseongyoo/ros2_examples/build/interfaces/rosidl_adapter__arguments__interfaces.json
[2.364s]   --output-dir
[2.365s]   /home/jiseongyoo/ros2_examples/build/interfaces/rosidl_adapter/interfaces
[2.367s]   --output-file
[2.368s]   /home/jiseongyoo/ros2_examples/build/interfaces/rosidl_adapter/interfaces.idls)
[2.368s]   returned error code 1:
[2.369s] 
[2.370s]   Traceback (most recent call last):
[2.370s] 
[2.371s]     File "/usr/lib/python3.6/runpy.py", line 193, in _run_module_as_main
[2.372s]       "__main__", mod_spec)
[2.372s]     File "/usr/lib/python3.6/runpy.py", line 85, in _run_code
[2.373s]       exec(code, run_globals)
[2.373s]     File "/opt/ros/eloquent/lib/python3.6/site-packages/rosidl_adapter/__main__.py", line 19, in <module>
[2.374s]       sys.exit(main())
[2.374s]     File "/opt/ros/eloquent/lib/python3.6/site-packages/rosidl_adapter/main.py", line 55, in main
[2.374s]       pathlib.Path(relative_path), output_dir)
[2.375s]     File "/opt/ros/eloquent/lib/python3.6/site-packages/rosidl_adapter/__init__.py", line 30, in convert_to_idl
[2.375s]       package_dir, package_name, interface_file, output_dir / 'action')
[2.376s]     File "/opt/ros/eloquent/lib/python3.6/site-packages/rosidl_adapter/action/__init__.py", line 28, in convert_action_to_idl
[2.376s]       action = parse_action_string(package_name, input_file.stem, content)
[2.376s]     File "/opt/ros/eloquent/lib/python3.6/site-packages/rosidl_adapter/parser.py", line 877, in parse_action_string
[2.377s]       pkg_name, action_name + ACTION_GOAL_SUFFIX, goal_string)
[2.377s]     File "/opt/ros/eloquent/lib/python3.6/site-packages/rosidl_adapter/parser.py", line 522, in parse_message_string
[2.378s]       constants.append(Constant(type_string, name, value))
[2.378s]     File "/opt/ros/eloquent/lib/python3.6/site-packages/rosidl_adapter/parser.py", line 315, in __init__
[2.379s]       name, VALID_CONSTANT_NAME_PATTERN.pattern))
[2.380s] 
[2.380s]   NameError: 'result' is an invalid constant name.  It should have the
[2.380s]   pattern '^[A-Z]([A-Z0-9_]?[A-Z0-9]+)*$'
[2.381s] 
[2.381s] Call Stack (most recent call first):
[2.386s]   /opt/ros/eloquent/share/rosidl_cmake/cmake/rosidl_generate_interfaces.cmake:130 (rosidl_adapt_interfaces)
[2.388s]   CMakeLists.txt:23 (rosidl_generate_interfaces)
[2.390s] 
[2.390s] 
[2.391s] -- Configuring incomplete, errors occurred!
[2.392s] See also "/home/jiseongyoo/ros2_examples/build/interfaces/CMakeFiles/CMakeOutput.log".
[2.393s] make: *** [cmake_check_build_system] Error 1
[2.393s] Makefile:1184: recipe for target 'cmake_check_build_system' failed
