[0.183s] -- Found ament_cmake: 0.8.2 (/opt/ros/eloquent/share/ament_cmake/cmake)
[0.294s] -- Using PYTHON_EXECUTABLE: /usr/bin/python3
[1.009s] -- Found rclcpp: 0.8.4 (/opt/ros/eloquent/share/rclcpp/cmake)
[1.058s] -- Found rosidl_adapter: 0.8.2 (/opt/ros/eloquent/share/rosidl_adapter/cmake)
[1.200s] -- Found rmw_implementation_cmake: 0.8.1 (/opt/ros/eloquent/share/rmw_implementation_cmake/cmake)
[1.206s] -- Using RMW implementation 'rmw_fastrtps_cpp' as default
[1.347s] -- Found ament_lint_auto: 0.8.1 (/opt/ros/eloquent/share/ament_lint_auto/cmake)
[1.674s] -- Added test 'copyright' to check for copyright in CMake / C / C++ / Python code
[1.684s] -- Added test 'cppcheck' to perform static code analysis on C / C++ code
[1.686s] -- Configured cppcheck include dirs: $<BUILD_INTERFACE:/home/jiseongyoo/ros2_examples/src/pub_sub_cpp_template/include>
[1.689s] -- Added test 'cpplint' to check C / C++ code against the Google style
[1.691s] -- Added test 'lint_cmake' to check CMake code style
[1.695s] -- Added test 'uncrustify' to check C / C++ code style
[1.697s] -- Added test 'xmllint' to check XML markup files
[1.704s] -- Configuring done
[1.719s] -- Generating done
[1.724s] -- Build files have been written to: /home/jiseongyoo/ros2_examples/build/pub_sub_cpp_template
[1.812s] [35m[1mScanning dependencies of target pub_cpp_template[0m
[1.885s] [ 50%] [32mBuilding CXX object CMakeFiles/pub_cpp_template.dir/src/pub_cpp_template.cpp.o[0m
[1.929s] [01m[K/home/jiseongyoo/ros2_examples/src/pub_sub_cpp_template/src/pub_cpp_template.cpp:3:10:[m[K [01;31m[Kfatal error: [m[Krclcpp/rclcpp.hpp: No such file or directory
[1.930s]  #include [01;31m[K"rclcpp/rclcpp.hpp"[m[K
[1.931s]           [01;31m[K^~~~~~~~~~~~~~~~~~~[m[K
[1.931s] compilation terminated.
[1.957s] make[2]: *** [CMakeFiles/pub_cpp_template.dir/src/pub_cpp_template.cpp.o] Error 1
[1.958s] make[1]: *** [CMakeFiles/pub_cpp_template.dir/all] Error 2
[1.958s] CMakeFiles/pub_cpp_template.dir/build.make:62: recipe for target 'CMakeFiles/pub_cpp_template.dir/src/pub_cpp_template.cpp.o' failed
[1.959s] CMakeFiles/Makefile2:131: recipe for target 'CMakeFiles/pub_cpp_template.dir/all' failed
[1.959s] Makefile:140: recipe for target 'all' failed
[1.960s] make: *** [all] Error 2
