[37.331s] [01m[K/home/jiseongyoo/ros2_examples/src/composition_cpp_example/src/component_container.cpp:2:10:[m[K [01;31m[Kfatal error: [m[Kcomposition_cpp_example/pub_cpp_example.hpp: No such file or directory
[37.331s]  #include [01;31m[K"composition_cpp_example/pub_cpp_example.hpp"[m[K
[37.332s]           [01;31m[K^~~~~~~~~~~~~~~~~~~~~~~~~~~~~~~~~~~~~~~~~~~~~[m[K
[37.332s] compilation terminated.
[37.363s] make[2]: *** [CMakeFiles/component_container.dir/src/component_container.cpp.o] Error 1
[37.364s] make[1]: *** [CMakeFiles/component_container.dir/all] Error 2
[37.364s] make[1]: *** Waiting for unfinished jobs....
[45.144s] make: *** [all] Error 2
