[0.310s] [35m[1mScanning dependencies of target sub_cpp[0m
[0.426s] [ 25%] [32mBuilding CXX object CMakeFiles/sub_cpp.dir/src/sub_cpp_example.cpp.o[0m
[0.469s] [ 75%] Built target pub_cpp
[4.850s] In file included from [01m[K/opt/ros/eloquent/include/rclcpp/client.hpp:39:0[m[K,
[4.851s]                  from [01m[K/opt/ros/eloquent/include/rclcpp/callback_group.hpp:23[m[K,
[4.852s]                  from [01m[K/opt/ros/eloquent/include/rclcpp/any_executable.hpp:20[m[K,
[4.852s]                  from [01m[K/opt/ros/eloquent/include/rclcpp/memory_strategy.hpp:24[m[K,
[4.852s]                  from [01m[K/opt/ros/eloquent/include/rclcpp/memory_strategies.hpp:18[m[K,
[4.853s]                  from [01m[K/opt/ros/eloquent/include/rclcpp/executor.hpp:33[m[K,
[4.853s]                  from [01m[K/opt/ros/eloquent/include/rclcpp/executors/multi_threaded_executor.hpp:25[m[K,
[4.854s]                  from [01m[K/opt/ros/eloquent/include/rclcpp/executors.hpp:21[m[K,
[4.854s]                  from [01m[K/opt/ros/eloquent/include/rclcpp/rclcpp.hpp:145[m[K,
[4.854s]                  from [01m[K/home/jiseongyoo/ros2_examples/src/pubsub_cpp_example/src/sub_cpp_example.cpp:1[m[K:
[4.855s] [01m[K/home/jiseongyoo/ros2_examples/src/pubsub_cpp_example/src/sub_cpp_example.cpp:[m[K In member function â€˜[01m[Kvoid SubscriberExample::topic_callback(interfaces::msg::Example_<std::allocator<void> >::SharedPtr)[m[Kâ€™:
[4.855s] [01m[K/home/jiseongyoo/ros2_examples/src/pubsub_cpp_example/src/sub_cpp_example.cpp:9:64:[m[K [01;31m[Kerror: [m[Kâ€˜[01m[Kconst SharedPtr {aka const class std::shared_ptr<interfaces::msg::Example_<std::allocator<void> > >}[m[Kâ€™ has no member named â€˜[01m[Kmessage[m[Kâ€™
[4.855s]      RCLCPP_INFO(this->get_logger(), "Subscribed '%s'", message.[01;31m[Km[m[Kessage)
[4.856s]                                                                 [01;31m[K^[m[K
[4.856s] [01m[K/opt/ros/eloquent/include/rcutils/logging_macros.h:72:64:[m[K [01;36m[Knote: [m[Kin definition of macro â€˜[01m[KRCUTILS_LOG_COND_NAMED[m[Kâ€™
[4.856s]        rcutils_log(&__rcutils_logging_location, severity, name, [01;36m[K__VA_ARGS__[m[K); \
[4.857s]                                                                 [01;36m[K^~~~~~~~~~~[m[K
[4.857s] [01m[K/opt/ros/eloquent/include/rclcpp/logging.hpp:541:5:[m[K [01;36m[Knote: [m[Kin expansion of macro â€˜[01m[KRCUTILS_LOG_INFO_NAMED[m[Kâ€™
[4.857s]      [01;36m[KRCUTILS_LOG_INFO_NAMED[m[K( \
[4.858s]      [01;36m[K^~~~~~~~~~~~~~~~~~~~~~[m[K
[4.858s] [01m[K/opt/ros/eloquent/include/rclcpp/logging.hpp:544:9:[m[K [01;36m[Knote: [m[Kin expansion of macro â€˜[01m[KRCLCPP_ALL_BUT_FIRST_ARGS[m[Kâ€™
[4.858s]          [01;36m[KRCLCPP_ALL_BUT_FIRST_ARGS[m[K(__VA_ARGS__,"")); \
[4.859s]          [01;36m[K^~~~~~~~~~~~~~~~~~~~~~~~~[m[K
[4.859s] [01m[K/home/jiseongyoo/ros2_examples/src/pubsub_cpp_example/src/sub_cpp_example.cpp:9:5:[m[K [01;36m[Knote: [m[Kin expansion of macro â€˜[01m[KRCLCPP_INFO[m[Kâ€™
[4.859s]      [01;36m[KRCLCPP_INFO[m[K(this->get_logger(), "Subscribed '%s'", message.message)
[4.860s]      [01;36m[K^~~~~~~~~~~[m[K
[4.860s] [01m[K/home/jiseongyoo/ros2_examples/src/pubsub_cpp_example/src/sub_cpp_example.cpp:10:3:[m[K [01;31m[Kerror: [m[Kexpected â€˜[01m[K;[m[Kâ€™ before â€˜[01m[K}[m[Kâ€™ token
[4.860s]    [01;31m[K}[m[K
[4.861s]    [01;31m[K^[m[K
[8.423s] make[2]: *** [CMakeFiles/sub_cpp.dir/src/sub_cpp_example.cpp.o] Error 1
[8.424s] CMakeFiles/sub_cpp.dir/build.make:62: recipe for target 'CMakeFiles/sub_cpp.dir/src/sub_cpp_example.cpp.o' failed
[8.425s] CMakeFiles/Makefile2:168: recipe for target 'CMakeFiles/sub_cpp.dir/all' failed
[8.425s] make[1]: *** [CMakeFiles/sub_cpp.dir/all] Error 2
[8.429s] Makefile:140: recipe for target 'all' failed
[8.430s] make: *** [all] Error 2
