[0.095s] Invoking command in '/home/jiseongyoo/ros2_examples/build/param_cpp_example': CMAKE_PREFIX_PATH=${CMAKE_PREFIX_PATH}:/opt/ros/eloquent /usr/bin/cmake --build /home/jiseongyoo/ros2_examples/build/param_cpp_example -- -j2 -l2
[0.267s] [35m[1mScanning dependencies of target param_client_cpp[0m
[0.335s] [ 25%] [32mBuilding CXX object CMakeFiles/param_server_cpp.dir/src/param_server_cpp_example.cpp.o[0m
[0.456s] [ 50%] [32mBuilding CXX object CMakeFiles/param_client_cpp.dir/src/param_client_cpp_example.cpp.o[0m
[5.097s] [01m[K/home/jiseongyoo/ros2_examples/src/param_cpp_example/src/param_client_cpp_example.cpp:6:19:[m[K [01;31m[Kerror: [m[Kâ€˜[01m[Kmake_shared<rclcpp::SyncParametersClient>[m[Kâ€™ in namespace â€˜[01m[Kstd[m[Kâ€™ does not name a type
[5.098s]    std::make_shared[01;31m[K<[m[Krclcpp::SyncParametersClient> parameter_client_;
[5.098s]                    [01;31m[K^[m[K
[5.099s] [01m[K/home/jiseongyoo/ros2_examples/src/param_cpp_example/src/param_client_cpp_example.cpp:[m[K In constructor â€˜[01m[KParameterClientExample::ParameterClientExample()[m[Kâ€™:
[5.099s] [01m[K/home/jiseongyoo/ros2_examples/src/param_cpp_example/src/param_client_cpp_example.cpp:9:5:[m[K [01;31m[Kerror: [m[Kâ€˜[01m[Kparameter_client_[m[Kâ€™ was not declared in this scope
[5.100s]      [01;31m[Kparameter_client_[m[K = std::make_shared<rclcpp::SyncParametersClient>(node, "ParameterServer");
[5.100s]      [01;31m[K^~~~~~~~~~~~~~~~~[m[K
[5.113s] [01m[K/home/jiseongyoo/ros2_examples/src/param_cpp_example/src/param_client_cpp_example.cpp:9:5:[m[K [01;36m[Knote: [m[Ksuggested alternative: â€˜[01m[Kcreate_client[m[Kâ€™
[5.114s]      [01;36m[Kparameter_client_[m[K = std::make_shared<rclcpp::SyncParametersClient>(node, "ParameterServer");
[5.114s]      [01;36m[K^~~~~~~~~~~~~~~~~[m[K
[5.115s]      [32m[Kcreate_client[m[K
[5.115s] [01m[K/home/jiseongyoo/ros2_examples/src/param_cpp_example/src/param_client_cpp_example.cpp:9:72:[m[K [01;31m[Kerror: [m[Kâ€˜[01m[Knode[m[Kâ€™ was not declared in this scope
[5.115s]      parameter_client_ = std::make_shared<rclcpp::SyncParametersClient>([01;31m[Knode[m[K, "ParameterServer");
[5.116s]                                                                         [01;31m[K^~~~[m[K
[5.118s] [01m[K/home/jiseongyoo/ros2_examples/src/param_cpp_example/src/param_client_cpp_example.cpp:9:72:[m[K [01;36m[Knote: [m[Ksuggested alternative: â€˜[01m[KNode[m[Kâ€™
[5.119s]      parameter_client_ = std::make_shared<rclcpp::SyncParametersClient>([01;36m[Knode[m[K, "ParameterServer");
[5.119s]                                                                         [01;36m[K^~~~[m[K
[5.119s]                                                                         [32m[KNode[m[K
[5.120s] [01m[K/home/jiseongyoo/ros2_examples/src/param_cpp_example/src/param_client_cpp_example.cpp:11:33:[m[K [01;31m[Kerror: [m[Kâ€˜[01m[Kparameter_client[m[Kâ€™ was not declared in this scope
[5.120s]      auto set_parameter_result = [01;31m[Kparameter_client[m[K->set_parameters({rclcpp::Parameter("param1", 10)});
[5.120s]                                  [01;31m[K^~~~~~~~~~~~~~~~[m[K
[5.130s] [01m[K/home/jiseongyoo/ros2_examples/src/param_cpp_example/src/param_client_cpp_example.cpp:11:33:[m[K [01;36m[Knote: [m[Ksuggested alternative: â€˜[01m[Kcreate_client[m[Kâ€™
[5.131s]      auto set_parameter_result = [01;36m[Kparameter_client[m[K->set_parameters({rclcpp::Parameter("param1", 10)});
[5.131s]                                  [01;36m[K^~~~~~~~~~~~~~~~[m[K
[5.132s]                                  [32m[Kcreate_client[m[K
[5.133s] In file included from [01m[K/opt/ros/eloquent/include/rclcpp/service.hpp:33:0[m[K,
[5.133s]                  from [01m[K/opt/ros/eloquent/include/rclcpp/callback_group.hpp:25[m[K,
[5.134s]                  from [01m[K/opt/ros/eloquent/include/rclcpp/any_executable.hpp:20[m[K,
[5.134s]                  from [01m[K/opt/ros/eloquent/include/rclcpp/memory_strategy.hpp:24[m[K,
[5.134s]                  from [01m[K/opt/ros/eloquent/include/rclcpp/memory_strategies.hpp:18[m[K,
[5.135s]                  from [01m[K/opt/ros/eloquent/include/rclcpp/executor.hpp:33[m[K,
[5.136s]                  from [01m[K/opt/ros/eloquent/include/rclcpp/executors/multi_threaded_executor.hpp:25[m[K,
[5.136s]                  from [01m[K/opt/ros/eloquent/include/rclcpp/executors.hpp:21[m[K,
[5.137s]                  from [01m[K/opt/ros/eloquent/include/rclcpp/rclcpp.hpp:145[m[K,
[5.137s]                  from [01m[K/home/jiseongyoo/ros2_examples/src/param_cpp_example/src/param_client_cpp_example.cpp:2[m[K:
[5.137s] [01m[K/opt/ros/eloquent/include/rclcpp/logging.hpp:1421:93:[m[K [01;31m[Kerror: [m[Ktemplate argument 1 is invalid
[5.138s]        ::std::is_same<typename std::remove_cv<typename std::remove_reference<decltype(logger)[01;31m[K>[m[K::type>::type, \
[5.140s]                                                                                              [01;31m[K^[m[K
[5.143s] [01m[K/home/jiseongyoo/ros2_examples/src/param_cpp_example/src/param_client_cpp_example.cpp:13:7:[m[K [01;36m[Knote: [m[Kin expansion of macro â€˜[01m[KRCLCPP_ERROR[m[Kâ€™
[5.143s]        [01;36m[KRCLCPP_ERROR[m[K(node->get_logger(), "Failed to set parameter: %s", set_parameter_result.reason.c_str());
[5.145s]        [01;36m[K^~~~~~~~~~~~[m[K
[5.145s] [01m[K/opt/ros/eloquent/include/rclcpp/logging.hpp:1421:100:[m[K [01;31m[Kerror: [m[Ktemplate argument 1 is invalid
[5.147s]        ::std::is_same<typename std::remove_cv<typename std::remove_reference<decltype(logger)>::type[01;31m[K>[m[K::type, \
[5.148s]                                                                                                     [01;31m[K^[m[K
[5.149s] [01m[K/home/jiseongyoo/ros2_examples/src/param_cpp_example/src/param_client_cpp_example.cpp:13:7:[m[K [01;36m[Knote: [m[Kin expansion of macro â€˜[01m[KRCLCPP_ERROR[m[Kâ€™
[5.150s]        [01;36m[KRCLCPP_ERROR[m[K(node->get_logger(), "Failed to set parameter: %s", set_parameter_result.reason.c_str());
[5.150s]        [01;36m[K^~~~~~~~~~~~[m[K
[5.151s] [01m[K/opt/ros/eloquent/include/rclcpp/logging.hpp:1422:32:[m[K [01;31m[Kerror: [m[Ktemplate argument 1 is invalid
[5.151s]        typename ::rclcpp::Logger[01;31m[K>[m[K::value, \
[5.153s]                                 [01;31m[K^[m[K
[5.153s] [01m[K/home/jiseongyoo/ros2_examples/src/param_cpp_example/src/param_client_cpp_example.cpp:13:7:[m[K [01;36m[Knote: [m[Kin expansion of macro â€˜[01m[KRCLCPP_ERROR[m[Kâ€™
[5.155s]        [01;36m[KRCLCPP_ERROR[m[K(node->get_logger(), "Failed to set parameter: %s", set_parameter_result.reason.c_str());
[5.155s]        [01;36m[K^~~~~~~~~~~~[m[K
[5.157s] [01m[K/opt/ros/eloquent/include/rclcpp/logging.hpp:537:93:[m[K [01;31m[Kerror: [m[Ktemplate argument 1 is invalid
[5.158s]        ::std::is_same<typename std::remove_cv<typename std::remove_reference<decltype(logger)[01;31m[K>[m[K::type>::type, \
[5.160s]                                                                                              [01;31m[K^[m[K
[5.161s] [01m[K/home/jiseongyoo/ros2_examples/src/param_cpp_example/src/param_client_cpp_example.cpp:16:7:[m[K [01;36m[Knote: [m[Kin expansion of macro â€˜[01m[KRCLCPP_INFO[m[Kâ€™
[5.162s]        [01;36m[KRCLCPP_INFO[m[K(node->get_logger(), "Successed to set parameter %s : %s",
[5.163s]        [01;36m[K^~~~~~~~~~~[m[K
[5.164s] [01m[K/opt/ros/eloquent/include/rclcpp/logging.hpp:537:100:[m[K [01;31m[Kerror: [m[Ktemplate argument 1 is invalid
[5.165s]        ::std::is_same<typename std::remove_cv<typename std::remove_reference<decltype(logger)>::type[01;31m[K>[m[K::type, \
[5.168s]                                                                                                     [01;31m[K^[m[K
[5.169s] [01m[K/home/jiseongyoo/ros2_examples/src/param_cpp_example/src/param_client_cpp_example.cpp:16:7:[m[K [01;36m[Knote: [m[Kin expansion of macro â€˜[01m[KRCLCPP_INFO[m[Kâ€™
[5.171s]        [01;36m[KRCLCPP_INFO[m[K(node->get_logger(), "Successed to set parameter %s : %s",
[5.172s]        [01;36m[K^~~~~~~~~~~[m[K
[5.173s] [01m[K/opt/ros/eloquent/include/rclcpp/logging.hpp:538:32:[m[K [01;31m[Kerror: [m[Ktemplate argument 1 is invalid
[5.174s]        typename ::rclcpp::Logger[01;31m[K>[m[K::value, \
[5.175s]                                 [01;31m[K^[m[K
[5.176s] [01m[K/home/jiseongyoo/ros2_examples/src/param_cpp_example/src/param_client_cpp_example.cpp:16:7:[m[K [01;36m[Knote: [m[Kin expansion of macro â€˜[01m[KRCLCPP_INFO[m[Kâ€™
[5.177s]        [01;36m[KRCLCPP_INFO[m[K(node->get_logger(), "Successed to set parameter %s : %s",
[5.181s]        [01;36m[K^~~~~~~~~~~[m[K
[5.248s] [01m[K/home/jiseongyoo/ros2_examples/src/param_cpp_example/src/param_server_cpp_example.cpp:[m[K In function â€˜[01m[Kint main(int, char**)[m[Kâ€™:
[5.249s] [01m[K/home/jiseongyoo/ros2_examples/src/param_cpp_example/src/param_server_cpp_example.cpp:23:33:[m[K [01;31m[Kerror: [m[Kâ€˜[01m[KParameterServer[m[Kâ€™ was not declared in this scope
[5.250s]    rclcpp::spin(std::make_shared<[01;31m[KParameterServer[m[K>());
[5.250s]                                  [01;31m[K^~~~~~~~~~~~~~~[m[K
[5.259s] [01m[K/home/jiseongyoo/ros2_examples/src/param_cpp_example/src/param_server_cpp_example.cpp:23:33:[m[K [01;36m[Knote: [m[Ksuggested alternative: â€˜[01m[KParameterServerExample[m[Kâ€™
[5.260s]    rclcpp::spin(std::make_shared<[01;36m[KParameterServer[m[K>());
[5.261s]                                  [01;36m[K^~~~~~~~~~~~~~~[m[K
[5.261s]                                  [32m[KParameterServerExample[m[K
[5.262s] [01m[K/home/jiseongyoo/ros2_examples/src/param_cpp_example/src/param_server_cpp_example.cpp:23:50:[m[K [01;31m[Kerror: [m[Kno matching function for call to â€˜[01m[Kmake_shared<<expression error> >()[m[Kâ€™
[5.263s]    rclcpp::spin(std::make_shared<ParameterServer>([01;31m[K)[m[K);
[5.263s]                                                   [01;31m[K^[m[K
[5.264s] In file included from [01m[K/usr/include/c++/7/memory:81:0[m[K,
[5.265s]                  from [01m[K/opt/ros/eloquent/include/rclcpp/rclcpp.hpp:143[m[K,
[5.266s]                  from [01m[K/home/jiseongyoo/ros2_examples/src/param_cpp_example/src/param_server_cpp_example.cpp:6[m[K:
[5.266s] [01m[K/usr/include/c++/7/bits/shared_ptr.h:703:5:[m[K [01;36m[Knote: [m[Kcandidate: template<class _Tp, class ... _Args> std::shared_ptr<_Tp> std::make_shared(_Args&& ...)
[5.269s]      [01;36m[Kmake_shared[m[K(_Args&&... __args)
[5.269s]      [01;36m[K^~~~~~~~~~~[m[K
[5.270s] [01m[K/usr/include/c++/7/bits/shared_ptr.h:703:5:[m[K [01;36m[Knote: [m[K  template argument deduction/substitution failed:
[5.271s] [01m[K/home/jiseongyoo/ros2_examples/src/param_cpp_example/src/param_server_cpp_example.cpp:23:50:[m[K [01;31m[Kerror: [m[Ktemplate argument 1 is invalid
[5.272s]    rclcpp::spin(std::make_shared<ParameterServer>([01;31m[K)[m[K);
[5.272s]                                                   [01;31m[K^[m[K
[5.905s] CMakeFiles/param_client_cpp.dir/build.make:62: recipe for target 'CMakeFiles/param_client_cpp.dir/src/param_client_cpp_example.cpp.o' failed
[5.906s] make[2]: *** [CMakeFiles/param_client_cpp.dir/src/param_client_cpp_example.cpp.o] Error 1
[5.906s] make[1]: *** [CMakeFiles/param_client_cpp.dir/all] Error 2
[5.907s] make[1]: *** Waiting for unfinished jobs....
[5.907s] CMakeFiles/Makefile2:168: recipe for target 'CMakeFiles/param_client_cpp.dir/all' failed
[5.956s] CMakeFiles/param_server_cpp.dir/build.make:62: recipe for target 'CMakeFiles/param_server_cpp.dir/src/param_server_cpp_example.cpp.o' failed
[5.959s] make[2]: *** [CMakeFiles/param_server_cpp.dir/src/param_server_cpp_example.cpp.o] Error 1
[5.960s] make[1]: *** [CMakeFiles/param_server_cpp.dir/all] Error 2
[5.960s] make: *** [all] Error 2
[5.961s] CMakeFiles/Makefile2:131: recipe for target 'CMakeFiles/param_server_cpp.dir/all' failed
[5.961s] Makefile:140: recipe for target 'all' failed
[5.966s] Invoked command in '/home/jiseongyoo/ros2_examples/build/param_cpp_example' returned '2': CMAKE_PREFIX_PATH=${CMAKE_PREFIX_PATH}:/opt/ros/eloquent /usr/bin/cmake --build /home/jiseongyoo/ros2_examples/build/param_cpp_example -- -j2 -l2
