[0.086s] Invoking command in '/home/jiseongyoo/ros2_examples/build/pubsub_cpp_example': AMENT_PREFIX_PATH=/home/jiseongyoo/ros2_examples/install/interfaces:${AMENT_PREFIX_PATH} CMAKE_PREFIX_PATH=/home/jiseongyoo/ros2_examples/install/interfaces:/opt/ros/eloquent LD_LIBRARY_PATH=/home/jiseongyoo/ros2_examples/install/interfaces/lib:${LD_LIBRARY_PATH} PYTHONPATH=/home/jiseongyoo/ros2_examples/install/interfaces/lib/python3.6/site-packages:${PYTHONPATH} /usr/bin/cmake --build /home/jiseongyoo/ros2_examples/build/pubsub_cpp_example -- -j2 -l2
[0.249s] [35m[1mScanning dependencies of target sub_cpp[0m
[0.320s] [ 50%] Built target pub_cpp
[0.401s] [ 75%] [32mBuilding CXX object CMakeFiles/sub_cpp.dir/src/sub_cpp_example.cpp.o[0m
[5.189s] [01m[K/home/jiseongyoo/ros2_examples/src/pubsub_cpp_example/src/sub_cpp_example.cpp:[m[K In member function â€˜[01m[Kvoid SubscriberExample::topic_callback(interfaces::msg::Example_<std::allocator<void> >::SharedPtr)[m[Kâ€™:
[5.191s] [01m[K/home/jiseongyoo/ros2_examples/src/pubsub_cpp_example/src/sub_cpp_example.cpp:10:3:[m[K [01;31m[Kerror: [m[Kexpected â€˜[01m[K;[m[Kâ€™ before â€˜[01m[K}[m[Kâ€™ token
[5.193s]    [01;31m[K}[m[K
[5.195s]    [01;31m[K^[m[K
[8.511s] CMakeFiles/sub_cpp.dir/build.make:62: recipe for target 'CMakeFiles/sub_cpp.dir/src/sub_cpp_example.cpp.o' failed
[8.513s] make[2]: *** [CMakeFiles/sub_cpp.dir/src/sub_cpp_example.cpp.o] Error 1
[8.514s] make[1]: *** [CMakeFiles/sub_cpp.dir/all] Error 2
[8.514s] make: *** [all] Error 2
[8.514s] CMakeFiles/Makefile2:168: recipe for target 'CMakeFiles/sub_cpp.dir/all' failed
[8.515s] Makefile:140: recipe for target 'all' failed
[8.524s] Invoked command in '/home/jiseongyoo/ros2_examples/build/pubsub_cpp_example' returned '2': AMENT_PREFIX_PATH=/home/jiseongyoo/ros2_examples/install/interfaces:${AMENT_PREFIX_PATH} CMAKE_PREFIX_PATH=/home/jiseongyoo/ros2_examples/install/interfaces:/opt/ros/eloquent LD_LIBRARY_PATH=/home/jiseongyoo/ros2_examples/install/interfaces/lib:${LD_LIBRARY_PATH} PYTHONPATH=/home/jiseongyoo/ros2_examples/install/interfaces/lib/python3.6/site-packages:${PYTHONPATH} /usr/bin/cmake --build /home/jiseongyoo/ros2_examples/build/pubsub_cpp_example -- -j2 -l2
