[0.080s] Invoking command in '/home/jiseongyoo/ros2_examples/build/pub_sub_cpp_template': CMAKE_PREFIX_PATH=${CMAKE_PREFIX_PATH}:/opt/ros/eloquent /usr/bin/cmake --build /home/jiseongyoo/ros2_examples/build/pub_sub_cpp_template -- -j2 -l2
[0.191s] -- Found ament_cmake: 0.8.2 (/opt/ros/eloquent/share/ament_cmake/cmake)
[0.297s] -- Using PYTHON_EXECUTABLE: /usr/bin/python3
[1.073s] -- Found rclcpp: 0.8.4 (/opt/ros/eloquent/share/rclcpp/cmake)
[1.125s] -- Found rosidl_adapter: 0.8.2 (/opt/ros/eloquent/share/rosidl_adapter/cmake)
[1.269s] -- Found rmw_implementation_cmake: 0.8.1 (/opt/ros/eloquent/share/rmw_implementation_cmake/cmake)
[1.275s] -- Using RMW implementation 'rmw_fastrtps_cpp' as default
[1.410s] -- Found ament_lint_auto: 0.8.1 (/opt/ros/eloquent/share/ament_lint_auto/cmake)
[1.677s] -- Added test 'copyright' to check for copyright in CMake / C / C++ / Python code
[1.681s] -- Added test 'cppcheck' to perform static code analysis on C / C++ code
[1.682s] -- Configured cppcheck include dirs: $<BUILD_INTERFACE:/home/jiseongyoo/ros2_examples/src/pub_sub_cpp_template/include>
[1.685s] -- Added test 'cpplint' to check C / C++ code against the Google style
[1.688s] -- Added test 'lint_cmake' to check CMake code style
[1.691s] -- Added test 'uncrustify' to check C / C++ code style
[1.693s] -- Added test 'xmllint' to check XML markup files
[1.701s] -- Configuring done
[1.718s] -- Generating done
[1.730s] -- Build files have been written to: /home/jiseongyoo/ros2_examples/build/pub_sub_cpp_template
[1.871s] [ 50%] [32mBuilding CXX object CMakeFiles/pub_cpp_template.dir/src/pub_cpp_template.cpp.o[0m
[1.913s] [01m[K/home/jiseongyoo/ros2_examples/src/pub_sub_cpp_template/src/pub_cpp_template.cpp:3:10:[m[K [01;31m[Kfatal error: [m[Krclcpp/rclcpp.hpp: No such file or directory
[1.915s]  #include [01;31m[K"rclcpp/rclcpp.hpp"[m[K
[1.917s]           [01;31m[K^~~~~~~~~~~~~~~~~~~[m[K
[1.918s] compilation terminated.
[1.937s] CMakeFiles/pub_cpp_template.dir/build.make:62: recipe for target 'CMakeFiles/pub_cpp_template.dir/src/pub_cpp_template.cpp.o' failed
[1.947s] make[2]: *** [CMakeFiles/pub_cpp_template.dir/src/pub_cpp_template.cpp.o] Error 1
[1.950s] CMakeFiles/Makefile2:131: recipe for target 'CMakeFiles/pub_cpp_template.dir/all' failed
[1.951s] make[1]: *** [CMakeFiles/pub_cpp_template.dir/all] Error 2
[1.954s] Makefile:140: recipe for target 'all' failed
[1.954s] make: *** [all] Error 2
[1.955s] Invoked command in '/home/jiseongyoo/ros2_examples/build/pub_sub_cpp_template' returned '2': CMAKE_PREFIX_PATH=${CMAKE_PREFIX_PATH}:/opt/ros/eloquent /usr/bin/cmake --build /home/jiseongyoo/ros2_examples/build/pub_sub_cpp_template -- -j2 -l2
