[5.186s] [01m[K/home/jiseongyoo/ros2_examples/src/action_cpp_example/src/action_client_cpp_example.cpp:9:19:[m[K [01;31m[Kerror: [m[Kâ€˜[01m[Kmake_shared<rclcpp_action::Client<interfaces::action::Example>::SendGoalOptions>[m[Kâ€™ in namespace â€˜[01m[Kstd[m[Kâ€™ does not name a type
[5.187s]    std::make_shared[01;31m[K<[m[Krclcpp_action::Client<interfaces::action::Example>::SendGoalOptions>> send_goal_options;
[5.187s]                    [01;31m[K^[m[K
[5.258s] In file included from [01m[K/opt/ros/eloquent/include/rclcpp/client.hpp:39:0[m[K,
[5.259s]                  from [01m[K/opt/ros/eloquent/include/rclcpp/callback_group.hpp:23[m[K,
[5.259s]                  from [01m[K/opt/ros/eloquent/include/rclcpp/any_executable.hpp:20[m[K,
[5.259s]                  from [01m[K/opt/ros/eloquent/include/rclcpp/memory_strategy.hpp:24[m[K,
[5.260s]                  from [01m[K/opt/ros/eloquent/include/rclcpp/memory_strategies.hpp:18[m[K,
[5.260s]                  from [01m[K/opt/ros/eloquent/include/rclcpp/executor.hpp:33[m[K,
[5.261s]                  from [01m[K/opt/ros/eloquent/include/rclcpp/executors/multi_threaded_executor.hpp:25[m[K,
[5.261s]                  from [01m[K/opt/ros/eloquent/include/rclcpp/executors.hpp:21[m[K,
[5.261s]                  from [01m[K/opt/ros/eloquent/include/rclcpp/rclcpp.hpp:145[m[K,
[5.262s]                  from [01m[K/home/jiseongyoo/ros2_examples/src/action_cpp_example/src/action_client_cpp_example.cpp:3[m[K:
[5.262s] [01m[K/home/jiseongyoo/ros2_examples/src/action_cpp_example/src/action_client_cpp_example.cpp:[m[K In member function â€˜[01m[Kvoid ActionClientExample::feedback_callback(rclcpp_action::ClientGoalHandle<interfaces::action::Example>::SharedPtr, std::shared_ptr<const interfaces::action::Example_Feedback_<std::allocator<void> > >)[m[Kâ€™:
[5.262s] [01m[K/home/jiseongyoo/ros2_examples/src/action_cpp_example/src/action_client_cpp_example.cpp:44:78:[m[K [01;31m[Kerror: [m[Kâ€˜[01m[Kconst class std::shared_ptr<const interfaces::action::Example_Feedback_<std::allocator<void> > >[m[Kâ€™ has no member named â€˜[01m[Kfeedback[m[Kâ€™
[5.268s]      RCLCPP_INFO(this->get_logger(), "Action feedback arrived '%s'", feedback.[01;31m[Kf[m[Keedback.c_str());
[5.269s]                                                                               [01;31m[K^[m[K
[5.269s] [01m[K/opt/ros/eloquent/include/rcutils/logging_macros.h:72:64:[m[K [01;36m[Knote: [m[Kin definition of macro â€˜[01m[KRCUTILS_LOG_COND_NAMED[m[Kâ€™
[5.270s]        rcutils_log(&__rcutils_logging_location, severity, name, [01;36m[K__VA_ARGS__[m[K); \
[5.270s]                                                                 [01;36m[K^~~~~~~~~~~[m[K
[5.270s] [01m[K/opt/ros/eloquent/include/rclcpp/logging.hpp:541:5:[m[K [01;36m[Knote: [m[Kin expansion of macro â€˜[01m[KRCUTILS_LOG_INFO_NAMED[m[Kâ€™
[5.271s]      [01;36m[KRCUTILS_LOG_INFO_NAMED[m[K( \
[5.271s]      [01;36m[K^~~~~~~~~~~~~~~~~~~~~~[m[K
[5.272s] [01m[K/opt/ros/eloquent/include/rclcpp/logging.hpp:544:9:[m[K [01;36m[Knote: [m[Kin expansion of macro â€˜[01m[KRCLCPP_ALL_BUT_FIRST_ARGS[m[Kâ€™
[5.272s]          [01;36m[KRCLCPP_ALL_BUT_FIRST_ARGS[m[K(__VA_ARGS__,"")); \
[5.272s]          [01;36m[K^~~~~~~~~~~~~~~~~~~~~~~~~[m[K
[5.273s] [01m[K/home/jiseongyoo/ros2_examples/src/action_cpp_example/src/action_client_cpp_example.cpp:44:5:[m[K [01;36m[Knote: [m[Kin expansion of macro â€˜[01m[KRCLCPP_INFO[m[Kâ€™
[5.273s]      [01;36m[KRCLCPP_INFO[m[K(this->get_logger(), "Action feedback arrived '%s'", feedback.feedback.c_str());
[5.274s]      [01;36m[K^~~~~~~~~~~[m[K
[5.274s] [01m[K/home/jiseongyoo/ros2_examples/src/action_cpp_example/src/action_client_cpp_example.cpp:[m[K In member function â€˜[01m[Kvoid ActionClientExample::send_goal()[m[Kâ€™:
[5.274s] [01m[K/home/jiseongyoo/ros2_examples/src/action_cpp_example/src/action_client_cpp_example.cpp:55:16:[m[K [01;31m[Kerror: [m[Kreturn-statement with a value, in function returning 'void' [[01;31m[K-fpermissive[m[K]
[5.285s]          return [01;31m[K0[m[K;
[5.285s]                 [01;31m[K^[m[K
[5.285s] [01m[K/home/jiseongyoo/ros2_examples/src/action_cpp_example/src/action_client_cpp_example.cpp:59:5:[m[K [01;31m[Kerror: [m[Kexpected â€˜[01m[K;[m[Kâ€™ before â€˜[01m[K}[m[Kâ€™ token
[5.286s]      [01;31m[K}[m[K
[5.286s]      [01;31m[K^[m[K
[5.286s] [01m[K/home/jiseongyoo/ros2_examples/src/action_cpp_example/src/action_client_cpp_example.cpp:66:49:[m[K [01;31m[Kerror: [m[Kâ€˜[01m[Ksend_goal_options[m[Kâ€™ was not declared in this scope
[5.287s]      this->action_client_->async_send_goal(goal, [01;31m[Ksend_goal_options[m[K);
[5.287s]                                                  [01;31m[K^~~~~~~~~~~~~~~~~[m[K
[5.300s] [01m[K/home/jiseongyoo/ros2_examples/src/action_cpp_example/src/action_client_cpp_example.cpp:66:49:[m[K [01;36m[Knote: [m[Ksuggested alternative: â€˜[01m[Kget_node_options[m[Kâ€™
[5.324s]      this->action_client_->async_send_goal(goal, [01;36m[Ksend_goal_options[m[K);
[5.325s]                                                  [01;36m[K^~~~~~~~~~~~~~~~~[m[K
[5.325s]                                                  [32m[Kget_node_options[m[K
[5.325s] [01m[K/home/jiseongyoo/ros2_examples/src/action_cpp_example/src/action_client_cpp_example.cpp:[m[K In constructor â€˜[01m[KActionClientExample::ActionClientExample(const rclcpp::NodeOptions&)[m[Kâ€™:
[5.326s] [01m[K/home/jiseongyoo/ros2_examples/src/action_cpp_example/src/action_client_cpp_example.cpp:71:35:[m[K [01;31m[Kerror: [m[Kâ€˜[01m[Krclcpp_action::create_client<interfaces::action::Example>[m[Kâ€™ is not a class member
[5.326s]       this->action_client_ = this->[01;31m[Krclcpp_action[m[K::create_client<interfaces::action::Example>(
[5.327s]                                    [01;31m[K^~~~~~~~~~~~~[m[K
[5.327s] [01m[K/home/jiseongyoo/ros2_examples/src/action_cpp_example/src/action_client_cpp_example.cpp:79:27:[m[K [01;31m[Kerror: [m[Kâ€˜[01m[Krclcpp::create_wall_timer[m[Kâ€™ is not a class member
[5.327s]       this->timer_ = this->[01;31m[Krclcpp[m[K::create_wall_timer(
[5.328s]                            [01;31m[K^~~~~~[m[K
[5.329s] [01m[K/home/jiseongyoo/ros2_examples/src/action_cpp_example/src/action_client_cpp_example.cpp:84:6:[m[K [01;31m[Kerror: [m[Kâ€˜[01m[Ksend_goal_options[m[Kâ€™ was not declared in this scope
[5.330s]       [01;31m[Ksend_goal_options[m[K = rclcpp_action::Client<interfaces::action::Example>::SendGoalOptions();
[5.330s]       [01;31m[K^~~~~~~~~~~~~~~~~[m[K
[5.343s] [01m[K/home/jiseongyoo/ros2_examples/src/action_cpp_example/src/action_client_cpp_example.cpp:84:6:[m[K [01;36m[Knote: [m[Ksuggested alternative: â€˜[01m[Kget_node_options[m[Kâ€™
[5.344s]       [01;36m[Ksend_goal_options[m[K = rclcpp_action::Client<interfaces::action::Example>::SendGoalOptions();
[5.344s]       [01;36m[K^~~~~~~~~~~~~~~~~[m[K
[5.344s]       [32m[Kget_node_options[m[K
[5.521s] [01m[K/home/jiseongyoo/ros2_examples/src/action_cpp_example/src/action_server_cpp_example.cpp:[m[K In function â€˜[01m[Kint main(int, char**)[m[Kâ€™:
[5.522s] [01m[K/home/jiseongyoo/ros2_examples/src/action_cpp_example/src/action_server_cpp_example.cpp:165:55:[m[K [01;31m[Kerror: [m[Kno matching function for call to â€˜[01m[Kspin(<unresolved overloaded function type>)[m[Kâ€™
[5.522s]    rclcpp::spin(std::make_shared<ActionServerExample()>[01;31m[K)[m[K;
[5.523s]                                                        [01;31m[K^[m[K
[5.523s] In file included from [01m[K/opt/ros/eloquent/include/rclcpp/rclcpp.hpp:145:0[m[K,
[5.523s]                  from [01m[K/home/jiseongyoo/ros2_examples/src/action_cpp_example/src/action_server_cpp_example.cpp:34[m[K:
[5.524s] [01m[K/opt/ros/eloquent/include/rclcpp/executors.hpp:44:1:[m[K [01;36m[Knote: [m[Kcandidate: void rclcpp::spin(rclcpp::node_interfaces::NodeBaseInterface::SharedPtr)
[5.524s]  [01;36m[Kspin[m[K(rclcpp::node_interfaces::NodeBaseInterface::SharedPtr node_ptr);
[5.524s]  [01;36m[K^~~~[m[K
[5.525s] [01m[K/opt/ros/eloquent/include/rclcpp/executors.hpp:44:1:[m[K [01;36m[Knote: [m[K  no known conversion for argument 1 from â€˜[01m[K<unresolved overloaded function type>[m[Kâ€™ to â€˜[01m[Krclcpp::node_interfaces::NodeBaseInterface::SharedPtr {aka std::shared_ptr<rclcpp::node_interfaces::NodeBaseInterface>}[m[Kâ€™
[5.525s] [01m[K/opt/ros/eloquent/include/rclcpp/executors.hpp:48:1:[m[K [01;36m[Knote: [m[Kcandidate: void rclcpp::spin(rclcpp::Node::SharedPtr)
[5.525s]  [01;36m[Kspin[m[K(rclcpp::Node::SharedPtr node_ptr);
[5.526s]  [01;36m[K^~~~[m[K
[5.526s] [01m[K/opt/ros/eloquent/include/rclcpp/executors.hpp:48:1:[m[K [01;36m[Knote: [m[K  no known conversion for argument 1 from â€˜[01m[K<unresolved overloaded function type>[m[Kâ€™ to â€˜[01m[Krclcpp::Node::SharedPtr {aka std::shared_ptr<rclcpp::Node>}[m[Kâ€™
[6.264s] make[2]: *** [CMakeFiles/action_client_cpp.dir/src/action_client_cpp_example.cpp.o] Error 1
[6.266s] make[1]: *** [CMakeFiles/action_client_cpp.dir/all] Error 2
[6.267s] make[1]: *** Waiting for unfinished jobs....
[7.978s] make[2]: *** [CMakeFiles/action_server_cpp.dir/src/action_server_cpp_example.cpp.o] Error 1
[7.985s] make[1]: *** [CMakeFiles/action_server_cpp.dir/all] Error 2
[7.985s] make: *** [all] Error 2
