[2.743s] In file included from [01m[K/home/jiseongyoo/ros2_examples/src/composition_cpp_example/src/component_sub_cpp_example.cpp:20:0[m[K:
[2.745s] [01m[K/home/jiseongyoo/ros2_examples/src/composition_cpp_example/include/composition_cpp_example/component_sub_cpp_example.hpp:8:10:[m[K [01;31m[Kfatal error: [m[Kinterfaces/msg/Example.hpp: No such file or directory
[2.747s]  #include [01;31m[K"interfaces/msg/Example.hpp"[m[K
[2.748s]           [01;31m[K^~~~~~~~~~~~~~~~~~~~~~~~~~~~[m[K
[2.749s] compilation terminated.
[2.770s] make[2]: *** [CMakeFiles/component_sub_cpp.dir/src/component_sub_cpp_example.cpp.o] Error 1
[2.772s] make[1]: *** [CMakeFiles/component_sub_cpp.dir/all] Error 2
[2.773s] make: *** [all] Error 2
