[0.077s] Invoking command in '/home/jiseongyoo/ros2_examples/build/composition_cpp_example': AMENT_PREFIX_PATH=/home/jiseongyoo/ros2_examples/install/interfaces:${AMENT_PREFIX_PATH} CMAKE_PREFIX_PATH=/home/jiseongyoo/ros2_examples/install/interfaces:/opt/ros/eloquent LD_LIBRARY_PATH=/home/jiseongyoo/ros2_examples/install/interfaces/lib:${LD_LIBRARY_PATH} PYTHONPATH=/home/jiseongyoo/ros2_examples/install/interfaces/lib/python3.6/site-packages:${PYTHONPATH} /usr/bin/cmake --build /home/jiseongyoo/ros2_examples/build/composition_cpp_example -- -j2 -l2
[0.186s] -- Found ament_cmake: 0.8.2 (/opt/ros/eloquent/share/ament_cmake/cmake)
[0.299s] -- Using PYTHON_EXECUTABLE: /usr/bin/python3
[1.055s] -- Found rclcpp: 0.8.4 (/opt/ros/eloquent/share/rclcpp/cmake)
[1.106s] -- Found rosidl_adapter: 0.8.2 (/opt/ros/eloquent/share/rosidl_adapter/cmake)
[1.265s] -- Found rmw_implementation_cmake: 0.8.1 (/opt/ros/eloquent/share/rmw_implementation_cmake/cmake)
[1.270s] -- Using RMW implementation 'rmw_fastrtps_cpp' as default
[1.398s] -- Found rclcpp_components: 0.8.4 (/opt/ros/eloquent/share/rclcpp_components/cmake)
[1.405s] -- Found poco_vendor:  (/opt/ros/eloquent/share/poco_vendor/cmake)
[1.476s] -- Found interfaces: 0.0.0 (/home/jiseongyoo/ros2_examples/install/interfaces/share/interfaces/cmake)
[1.762s] -- Found ament_lint_auto: 0.8.1 (/opt/ros/eloquent/share/ament_lint_auto/cmake)
[2.040s] -- Added test 'copyright' to check for copyright in CMake / C / C++ / Python code
[2.044s] -- Added test 'cppcheck' to perform static code analysis on C / C++ code
[2.047s] -- Configured cppcheck include dirs: /home/jiseongyoo/ros2_examples/src/composition_cpp_example/include
[2.049s] -- Added test 'cpplint' to check C / C++ code against the Google style
[2.051s] -- Added test 'lint_cmake' to check CMake code style
[2.056s] -- Added test 'uncrustify' to check C / C++ code style
[2.057s] -- Added test 'xmllint' to check XML markup files
[2.065s] -- Configuring done
[2.294s] -- Generating done
[2.304s] -- Build files have been written to: /home/jiseongyoo/ros2_examples/build/composition_cpp_example
[2.473s] [ 33%] Built target component_pub_cpp
[2.476s] [ 50%] [32mBuilding CXX object CMakeFiles/component_sub_cpp.dir/src/component_sub_cpp_example.cpp.o[0m
[2.743s] In file included from [01m[K/home/jiseongyoo/ros2_examples/src/composition_cpp_example/src/component_sub_cpp_example.cpp:20:0[m[K:
[2.745s] [01m[K/home/jiseongyoo/ros2_examples/src/composition_cpp_example/include/composition_cpp_example/component_sub_cpp_example.hpp:8:10:[m[K [01;31m[Kfatal error: [m[Kinterfaces/msg/Example.hpp: No such file or directory
[2.747s]  #include [01;31m[K"interfaces/msg/Example.hpp"[m[K
[2.748s]           [01;31m[K^~~~~~~~~~~~~~~~~~~~~~~~~~~~[m[K
[2.749s] compilation terminated.
[2.768s] CMakeFiles/component_sub_cpp.dir/build.make:62: recipe for target 'CMakeFiles/component_sub_cpp.dir/src/component_sub_cpp_example.cpp.o' failed
[2.770s] make[2]: *** [CMakeFiles/component_sub_cpp.dir/src/component_sub_cpp_example.cpp.o] Error 1
[2.771s] CMakeFiles/Makefile2:99: recipe for target 'CMakeFiles/component_sub_cpp.dir/all' failed
[2.772s] make[1]: *** [CMakeFiles/component_sub_cpp.dir/all] Error 2
[2.772s] Makefile:140: recipe for target 'all' failed
[2.773s] make: *** [all] Error 2
[2.781s] Invoked command in '/home/jiseongyoo/ros2_examples/build/composition_cpp_example' returned '2': AMENT_PREFIX_PATH=/home/jiseongyoo/ros2_examples/install/interfaces:${AMENT_PREFIX_PATH} CMAKE_PREFIX_PATH=/home/jiseongyoo/ros2_examples/install/interfaces:/opt/ros/eloquent LD_LIBRARY_PATH=/home/jiseongyoo/ros2_examples/install/interfaces/lib:${LD_LIBRARY_PATH} PYTHONPATH=/home/jiseongyoo/ros2_examples/install/interfaces/lib/python3.6/site-packages:${PYTHONPATH} /usr/bin/cmake --build /home/jiseongyoo/ros2_examples/build/composition_cpp_example -- -j2 -l2
