[0.094s] Invoking command in '/home/jiseongyoo/ros2_examples/build/param_cpp_example': CMAKE_PREFIX_PATH=${CMAKE_PREFIX_PATH}:/opt/ros/eloquent /usr/bin/cmake --build /home/jiseongyoo/ros2_examples/build/param_cpp_example -- -j2 -l2
[0.290s] [35m[1mScanning dependencies of target param_client_cpp[0m
[0.468s] [ 50%] Built target param_server_cpp
[0.493s] [ 75%] [32mBuilding CXX object CMakeFiles/param_client_cpp.dir/src/param_client_cpp_example.cpp.o[0m
[5.040s] [01m[K/home/jiseongyoo/ros2_examples/src/param_cpp_example/src/param_client_cpp_example.cpp:[m[K In member function â€˜[01m[Kvoid ParameterClientExample::parameters_set(T)[m[Kâ€™:
[5.040s] [01m[K/home/jiseongyoo/ros2_examples/src/param_cpp_example/src/param_client_cpp_example.cpp:42:54:[m[K [01;31m[Kerror: [m[Kâ€˜[01m[Kusing element_type = class rclcpp::SyncParametersClient {aka class rclcpp::SyncParametersClient}[m[Kâ€™ has no member named â€˜[01m[Kset_parameter[m[Kâ€™; did you mean â€˜[01m[Kset_parameters[m[Kâ€™?
[5.041s]        auto set_parameter_result = parameter_client_->[01;31m[Kset_parameter[m[K(rclcpp::Parameter(param[0], value_));
[5.041s]                                                       [01;31m[K^~~~~~~~~~~~~[m[K
[5.042s]                                                       [32m[Kset_parameters[m[K
[5.772s] CMakeFiles/param_client_cpp.dir/build.make:62: recipe for target 'CMakeFiles/param_client_cpp.dir/src/param_client_cpp_example.cpp.o' failed
[5.782s] make[2]: *** [CMakeFiles/param_client_cpp.dir/src/param_client_cpp_example.cpp.o] Error 1
[5.783s] CMakeFiles/Makefile2:168: recipe for target 'CMakeFiles/param_client_cpp.dir/all' failed
[5.784s] make[1]: *** [CMakeFiles/param_client_cpp.dir/all] Error 2
[5.784s] Makefile:140: recipe for target 'all' failed
[5.785s] make: *** [all] Error 2
[5.786s] Invoked command in '/home/jiseongyoo/ros2_examples/build/param_cpp_example' returned '2': CMAKE_PREFIX_PATH=${CMAKE_PREFIX_PATH}:/opt/ros/eloquent /usr/bin/cmake --build /home/jiseongyoo/ros2_examples/build/param_cpp_example -- -j2 -l2
