[0.343s] [ 50%] Built target component_pub_cpp
[0.391s] [35m[1mScanning dependencies of target component_container[0m
[0.587s] [ 75%] [32mBuilding CXX object CMakeFiles/component_container.dir/src/component_container.cpp.o[0m
[5.019s] [01m[K/home/jiseongyoo/ros2_examples/src/composition_cpp_example/src/component_container.cpp:[m[K In function â€˜[01m[Kint main(int, char**)[m[Kâ€™:
[5.020s] [01m[K/home/jiseongyoo/ros2_examples/src/composition_cpp_example/src/component_container.cpp:11:31:[m[K [01;31m[Kerror: [m[Kâ€˜[01m[KComponentPublisherExample[m[Kâ€™ was not declared in this scope
[5.020s]    auto pub = std::make_shared<[01;31m[KComponentPublisherExample[m[K>();
[5.021s]                                [01;31m[K^~~~~~~~~~~~~~~~~~~~~~~~~[m[K
[5.021s] [01m[K/home/jiseongyoo/ros2_examples/src/composition_cpp_example/src/component_container.cpp:11:31:[m[K [01;36m[Knote: [m[Ksuggested alternative:
[5.021s] In file included from [01m[K/home/jiseongyoo/ros2_examples/src/composition_cpp_example/src/component_container.cpp:2:0[m[K:
[5.022s] [01m[K/home/jiseongyoo/ros2_examples/src/composition_cpp_example/include/composition_cpp_example/component_pub_cpp_example.hpp:14:9:[m[K [01;36m[Knote: [m[K  â€˜[01m[Kcomponent::ComponentPublisherExample[m[Kâ€™
[5.022s]    class [01;36m[KComponentPublisherExample[m[K : public rclcpp::Node{
[5.022s]          [01;36m[K^~~~~~~~~~~~~~~~~~~~~~~~~[m[K
[5.023s] [01m[K/home/jiseongyoo/ros2_examples/src/composition_cpp_example/src/component_container.cpp:11:58:[m[K [01;31m[Kerror: [m[Kno matching function for call to â€˜[01m[Kmake_shared<<expression error> >()[m[Kâ€™
[5.023s]    auto pub = std::make_shared<ComponentPublisherExample>([01;31m[K)[m[K;
[5.024s]                                                           [01;31m[K^[m[K
[5.024s] In file included from [01m[K/usr/include/c++/7/memory:81:0[m[K,
[5.024s]                  from [01m[K/opt/ros/eloquent/include/rclcpp/rclcpp.hpp:143[m[K,
[5.025s]                  from [01m[K/home/jiseongyoo/ros2_examples/src/composition_cpp_example/src/component_container.cpp:1[m[K:
[5.025s] [01m[K/usr/include/c++/7/bits/shared_ptr.h:703:5:[m[K [01;36m[Knote: [m[Kcandidate: template<class _Tp, class ... _Args> std::shared_ptr<_Tp> std::make_shared(_Args&& ...)
[5.025s]      [01;36m[Kmake_shared[m[K(_Args&&... __args)
[5.026s]      [01;36m[K^~~~~~~~~~~[m[K
[5.026s] [01m[K/usr/include/c++/7/bits/shared_ptr.h:703:5:[m[K [01;36m[Knote: [m[K  template argument deduction/substitution failed:
[5.026s] [01m[K/home/jiseongyoo/ros2_examples/src/composition_cpp_example/src/component_container.cpp:11:58:[m[K [01;31m[Kerror: [m[Ktemplate argument 1 is invalid
[5.027s]    auto pub = std::make_shared<ComponentPublisherExample>([01;31m[K)[m[K;
[5.027s]                                                           [01;31m[K^[m[K
[5.027s] In file included from [01m[K/opt/ros/eloquent/include/rclcpp/service.hpp:33:0[m[K,
[5.028s]                  from [01m[K/opt/ros/eloquent/include/rclcpp/callback_group.hpp:25[m[K,
[5.028s]                  from [01m[K/opt/ros/eloquent/include/rclcpp/any_executable.hpp:20[m[K,
[5.028s]                  from [01m[K/opt/ros/eloquent/include/rclcpp/memory_strategy.hpp:24[m[K,
[5.029s]                  from [01m[K/opt/ros/eloquent/include/rclcpp/memory_strategies.hpp:18[m[K,
[5.029s]                  from [01m[K/opt/ros/eloquent/include/rclcpp/executor.hpp:33[m[K,
[5.030s]                  from [01m[K/opt/ros/eloquent/include/rclcpp/executors/multi_threaded_executor.hpp:25[m[K,
[5.030s]                  from [01m[K/opt/ros/eloquent/include/rclcpp/executors.hpp:21[m[K,
[5.030s]                  from [01m[K/opt/ros/eloquent/include/rclcpp/rclcpp.hpp:145[m[K,
[5.031s]                  from [01m[K/home/jiseongyoo/ros2_examples/src/composition_cpp_example/src/component_container.cpp:1[m[K:
[5.031s] [01m[K/opt/ros/eloquent/include/rclcpp/logging.hpp:537:93:[m[K [01;31m[Kerror: [m[Ktemplate argument 1 is invalid
[5.031s]  ename std::remove_cv<typename std::remove_reference<decltype(logger)[01;31m[K>[m[K::type>::type, \
[5.032s]                                                                      [01;31m[K^[m[K
[5.032s] [01m[K/home/jiseongyoo/ros2_examples/src/composition_cpp_example/src/component_container.cpp:14:23:[m[K [01;36m[Knote: [m[Kin expansion of macro â€˜[01m[KRCLCPP_INFO[m[Kâ€™
[5.032s]    exec.add_node(pub); [01;36m[KRCLCPP_INFO[m[K(pub->get_logger(), "%s is added to executor", pub->get_name().c_str());
[5.035s]                        [01;36m[K^~~~~~~~~~~[m[K
[5.036s] [01m[K/opt/ros/eloquent/include/rclcpp/logging.hpp:537:100:[m[K [01;31m[Kerror: [m[Ktemplate argument 1 is invalid
[5.036s]  std::remove_cv<typename std::remove_reference<decltype(logger)>::type[01;31m[K>[m[K::type, \
[5.036s]                                                                       [01;31m[K^[m[K
[5.037s] [01m[K/home/jiseongyoo/ros2_examples/src/composition_cpp_example/src/component_container.cpp:14:23:[m[K [01;36m[Knote: [m[Kin expansion of macro â€˜[01m[KRCLCPP_INFO[m[Kâ€™
[5.037s]    exec.add_node(pub); [01;36m[KRCLCPP_INFO[m[K(pub->get_logger(), "%s is added to executor", pub->get_name().c_str());
[5.037s]                        [01;36m[K^~~~~~~~~~~[m[K
[5.038s] [01m[K/opt/ros/eloquent/include/rclcpp/logging.hpp:538:32:[m[K [01;31m[Kerror: [m[Ktemplate argument 1 is invalid
[5.038s]        typename ::rclcpp::Logger[01;31m[K>[m[K::value, \
[5.038s]                                 [01;31m[K^[m[K
[5.039s] [01m[K/home/jiseongyoo/ros2_examples/src/composition_cpp_example/src/component_container.cpp:14:23:[m[K [01;36m[Knote: [m[Kin expansion of macro â€˜[01m[KRCLCPP_INFO[m[Kâ€™
[5.039s]    exec.add_node(pub); [01;36m[KRCLCPP_INFO[m[K(pub->get_logger(), "%s is added to executor", pub->get_name().c_str());
[5.040s]                        [01;36m[K^~~~~~~~~~~[m[K
[5.647s] CMakeFiles/component_container.dir/build.make:62: recipe for target 'CMakeFiles/component_container.dir/src/component_container.cpp.o' failed
[5.648s] make[2]: *** [CMakeFiles/component_container.dir/src/component_container.cpp.o] Error 1
[5.652s] make[1]: *** [CMakeFiles/component_container.dir/all] Error 2
[5.653s] make: *** [all] Error 2
[5.654s] CMakeFiles/Makefile2:168: recipe for target 'CMakeFiles/component_container.dir/all' failed
[5.663s] Makefile:140: recipe for target 'all' failed
