[0.076s] Invoking command in '/home/jiseongyoo/ros2_examples/build/param_cpp_example': CMAKE_PREFIX_PATH=${CMAKE_PREFIX_PATH}:/opt/ros/eloquent /usr/bin/cmake --build /home/jiseongyoo/ros2_examples/build/param_cpp_example -- -j2 -l2
[0.264s] [35m[1mScanning dependencies of target param_client_cpp[0m
[0.369s] [ 50%] Built target param_server_cpp
[0.385s] [ 75%] [32mBuilding CXX object CMakeFiles/param_client_cpp.dir/src/param_client_cpp_example.cpp.o[0m
[4.786s] [01m[K/home/jiseongyoo/ros2_examples/src/param_cpp_example/src/param_client_cpp_example.cpp:[m[K In member function â€˜[01m[Kvoid ParameterClientExample::parameters_set(T)[m[Kâ€™:
[4.786s] [01m[K/home/jiseongyoo/ros2_examples/src/param_cpp_example/src/param_client_cpp_example.cpp:43:54:[m[K [01;31m[Kerror: [m[Kâ€˜[01m[Kusing element_type = class rclcpp::SyncParametersClient {aka class rclcpp::SyncParametersClient}[m[Kâ€™ has no member named â€˜[01m[Kset_parameter[m[Kâ€™; did you mean â€˜[01m[Kset_parameters[m[Kâ€™?
[4.787s]        auto set_parameter_result = parameter_client_->[01;31m[Kset_parameter[m[K(rclcpp::Parameter(param[0], value_));
[4.787s]                                                       [01;31m[K^~~~~~~~~~~~~[m[K
[4.788s]                                                       [32m[Kset_parameters[m[K
[4.791s] In file included from [01m[K/opt/ros/eloquent/include/rclcpp/client.hpp:39:0[m[K,
[4.799s]                  from [01m[K/opt/ros/eloquent/include/rclcpp/callback_group.hpp:23[m[K,
[4.802s]                  from [01m[K/opt/ros/eloquent/include/rclcpp/any_executable.hpp:20[m[K,
[4.803s]                  from [01m[K/opt/ros/eloquent/include/rclcpp/memory_strategy.hpp:24[m[K,
[4.804s]                  from [01m[K/opt/ros/eloquent/include/rclcpp/memory_strategies.hpp:18[m[K,
[4.804s]                  from [01m[K/opt/ros/eloquent/include/rclcpp/executor.hpp:33[m[K,
[4.805s]                  from [01m[K/opt/ros/eloquent/include/rclcpp/executors/multi_threaded_executor.hpp:25[m[K,
[4.805s]                  from [01m[K/opt/ros/eloquent/include/rclcpp/executors.hpp:21[m[K,
[4.806s]                  from [01m[K/opt/ros/eloquent/include/rclcpp/rclcpp.hpp:145[m[K,
[4.807s]                  from [01m[K/home/jiseongyoo/ros2_examples/src/param_cpp_example/src/param_client_cpp_example.cpp:12[m[K:
[4.807s] [01m[K/home/jiseongyoo/ros2_examples/src/param_cpp_example/src/param_client_cpp_example.cpp:46:52:[m[K [01;31m[Kerror: [m[Kno matching function for call to â€˜[01m[Krclcpp::SyncParametersClient::get_parameter(const string&)[m[Kâ€™
[4.808s]            parameter_client_->get_parameter(param[i][01;31m[K)[m[K.get_name().c_str(),
[4.808s]                                                     [01;31m[K^[m[K
[4.809s] [01m[K/opt/ros/eloquent/include/rcutils/logging_macros.h:72:64:[m[K [01;36m[Knote: [m[Kin definition of macro â€˜[01m[KRCUTILS_LOG_COND_NAMED[m[Kâ€™
[4.809s]        rcutils_log(&__rcutils_logging_location, severity, name, [01;36m[K__VA_ARGS__[m[K); \
[4.809s]                                                                 [01;36m[K^~~~~~~~~~~[m[K
[4.810s] [01m[K/opt/ros/eloquent/include/rclcpp/logging.hpp:1425:5:[m[K [01;36m[Knote: [m[Kin expansion of macro â€˜[01m[KRCUTILS_LOG_ERROR_NAMED[m[Kâ€™
[4.810s]      [01;36m[KRCUTILS_LOG_ERROR_NAMED[m[K( \
[4.811s]      [01;36m[K^~~~~~~~~~~~~~~~~~~~~~~[m[K
[4.811s] [01m[K/opt/ros/eloquent/include/rclcpp/logging.hpp:1428:9:[m[K [01;36m[Knote: [m[Kin expansion of macro â€˜[01m[KRCLCPP_ALL_BUT_FIRST_ARGS[m[Kâ€™
[4.812s]          [01;36m[KRCLCPP_ALL_BUT_FIRST_ARGS[m[K(__VA_ARGS__,"")); \
[4.812s]          [01;36m[K^~~~~~~~~~~~~~~~~~~~~~~~~[m[K
[4.813s] [01m[K/home/jiseongyoo/ros2_examples/src/param_cpp_example/src/param_client_cpp_example.cpp:45:9:[m[K [01;36m[Knote: [m[Kin expansion of macro â€˜[01m[KRCLCPP_ERROR[m[Kâ€™
[4.813s]          [01;36m[KRCLCPP_ERROR[m[K(this->get_logger(), "Failed to set '%s': %s",
[4.814s]          [01;36m[K^~~~~~~~~~~~[m[K
[4.814s] In file included from [01m[K/opt/ros/eloquent/include/rclcpp/rclcpp.hpp:149:0[m[K,
[4.814s]                  from [01m[K/home/jiseongyoo/ros2_examples/src/param_cpp_example/src/param_client_cpp_example.cpp:12[m[K:
[4.815s] [01m[K/opt/ros/eloquent/include/rclcpp/parameter_client.hpp:261:3:[m[K [01;36m[Knote: [m[Kcandidate: template<class T> T rclcpp::SyncParametersClient::get_parameter(const string&, const T&)
[4.815s]    [01;36m[Kget_parameter[m[K(const std::string & parameter_name, const T & default_value)
[4.816s]    [01;36m[K^~~~~~~~~~~~~[m[K
[4.816s] [01m[K/opt/ros/eloquent/include/rclcpp/parameter_client.hpp:261:3:[m[K [01;36m[Knote: [m[K  template argument deduction/substitution failed:
[4.817s] In file included from [01m[K/opt/ros/eloquent/include/rclcpp/client.hpp:39:0[m[K,
[4.818s]                  from [01m[K/opt/ros/eloquent/include/rclcpp/callback_group.hpp:23[m[K,
[4.818s]                  from [01m[K/opt/ros/eloquent/include/rclcpp/any_executable.hpp:20[m[K,
[4.819s]                  from [01m[K/opt/ros/eloquent/include/rclcpp/memory_strategy.hpp:24[m[K,
[4.819s]                  from [01m[K/opt/ros/eloquent/include/rclcpp/memory_strategies.hpp:18[m[K,
[4.820s]                  from [01m[K/opt/ros/eloquent/include/rclcpp/executor.hpp:33[m[K,
[4.820s]                  from [01m[K/opt/ros/eloquent/include/rclcpp/executors/multi_threaded_executor.hpp:25[m[K,
[4.820s]                  from [01m[K/opt/ros/eloquent/include/rclcpp/executors.hpp:21[m[K,
[4.821s]                  from [01m[K/opt/ros/eloquent/include/rclcpp/rclcpp.hpp:145[m[K,
[4.821s]                  from [01m[K/home/jiseongyoo/ros2_examples/src/param_cpp_example/src/param_client_cpp_example.cpp:12[m[K:
[4.822s] [01m[K/home/jiseongyoo/ros2_examples/src/param_cpp_example/src/param_client_cpp_example.cpp:46:52:[m[K [01;36m[Knote: [m[K  candidate expects 2 arguments, 1 provided
[4.822s]            parameter_client_->get_parameter(param[i][01;36m[K)[m[K.get_name().c_str(),
[4.823s]                                                     [01;36m[K^[m[K
[4.823s] [01m[K/opt/ros/eloquent/include/rcutils/logging_macros.h:72:64:[m[K [01;36m[Knote: [m[Kin definition of macro â€˜[01m[KRCUTILS_LOG_COND_NAMED[m[Kâ€™
[4.824s]        rcutils_log(&__rcutils_logging_location, severity, name, [01;36m[K__VA_ARGS__[m[K); \
[4.824s]                                                                 [01;36m[K^~~~~~~~~~~[m[K
[4.824s] [01m[K/opt/ros/eloquent/include/rclcpp/logging.hpp:1425:5:[m[K [01;36m[Knote: [m[Kin expansion of macro â€˜[01m[KRCUTILS_LOG_ERROR_NAMED[m[Kâ€™
[4.825s]      [01;36m[KRCUTILS_LOG_ERROR_NAMED[m[K( \
[4.825s]      [01;36m[K^~~~~~~~~~~~~~~~~~~~~~~[m[K
[4.826s] [01m[K/opt/ros/eloquent/include/rclcpp/logging.hpp:1428:9:[m[K [01;36m[Knote: [m[Kin expansion of macro â€˜[01m[KRCLCPP_ALL_BUT_FIRST_ARGS[m[Kâ€™
[4.826s]          [01;36m[KRCLCPP_ALL_BUT_FIRST_ARGS[m[K(__VA_ARGS__,"")); \
[4.827s]          [01;36m[K^~~~~~~~~~~~~~~~~~~~~~~~~[m[K
[4.827s] [01m[K/home/jiseongyoo/ros2_examples/src/param_cpp_example/src/param_client_cpp_example.cpp:45:9:[m[K [01;36m[Knote: [m[Kin expansion of macro â€˜[01m[KRCLCPP_ERROR[m[Kâ€™
[4.828s]          [01;36m[KRCLCPP_ERROR[m[K(this->get_logger(), "Failed to set '%s': %s",
[4.828s]          [01;36m[K^~~~~~~~~~~~[m[K
[4.828s] In file included from [01m[K/opt/ros/eloquent/include/rclcpp/rclcpp.hpp:149:0[m[K,
[4.829s]                  from [01m[K/home/jiseongyoo/ros2_examples/src/param_cpp_example/src/param_client_cpp_example.cpp:12[m[K:
[4.829s] [01m[K/opt/ros/eloquent/include/rclcpp/parameter_client.hpp:270:3:[m[K [01;36m[Knote: [m[Kcandidate: template<class T> T rclcpp::SyncParametersClient::get_parameter(const string&)
[4.830s]    [01;36m[Kget_parameter[m[K(const std::string & parameter_name)
[4.830s]    [01;36m[K^~~~~~~~~~~~~[m[K
[4.831s] [01m[K/opt/ros/eloquent/include/rclcpp/parameter_client.hpp:270:3:[m[K [01;36m[Knote: [m[K  template argument deduction/substitution failed:
[4.831s] In file included from [01m[K/opt/ros/eloquent/include/rclcpp/client.hpp:39:0[m[K,
[4.831s]                  from [01m[K/opt/ros/eloquent/include/rclcpp/callback_group.hpp:23[m[K,
[4.833s]                  from [01m[K/opt/ros/eloquent/include/rclcpp/any_executable.hpp:20[m[K,
[4.834s]                  from [01m[K/opt/ros/eloquent/include/rclcpp/memory_strategy.hpp:24[m[K,
[4.834s]                  from [01m[K/opt/ros/eloquent/include/rclcpp/memory_strategies.hpp:18[m[K,
[4.843s]                  from [01m[K/opt/ros/eloquent/include/rclcpp/executor.hpp:33[m[K,
[4.844s]                  from [01m[K/opt/ros/eloquent/include/rclcpp/executors/multi_threaded_executor.hpp:25[m[K,
[4.845s]                  from [01m[K/opt/ros/eloquent/include/rclcpp/executors.hpp:21[m[K,
[4.845s]                  from [01m[K/opt/ros/eloquent/include/rclcpp/rclcpp.hpp:145[m[K,
[4.847s]                  from [01m[K/home/jiseongyoo/ros2_examples/src/param_cpp_example/src/param_client_cpp_example.cpp:12[m[K:
[4.848s] [01m[K/home/jiseongyoo/ros2_examples/src/param_cpp_example/src/param_client_cpp_example.cpp:46:52:[m[K [01;36m[Knote: [m[K  couldn't deduce template parameter â€˜[01m[KT[m[Kâ€™
[4.848s]            parameter_client_->get_parameter(param[i][01;36m[K)[m[K.get_name().c_str(),
[4.849s]                                                     [01;36m[K^[m[K
[4.849s] [01m[K/opt/ros/eloquent/include/rcutils/logging_macros.h:72:64:[m[K [01;36m[Knote: [m[Kin definition of macro â€˜[01m[KRCUTILS_LOG_COND_NAMED[m[Kâ€™
[4.850s]        rcutils_log(&__rcutils_logging_location, severity, name, [01;36m[K__VA_ARGS__[m[K); \
[4.850s]                                                                 [01;36m[K^~~~~~~~~~~[m[K
[4.850s] [01m[K/opt/ros/eloquent/include/rclcpp/logging.hpp:1425:5:[m[K [01;36m[Knote: [m[Kin expansion of macro â€˜[01m[KRCUTILS_LOG_ERROR_NAMED[m[Kâ€™
[4.851s]      [01;36m[KRCUTILS_LOG_ERROR_NAMED[m[K( \
[4.851s]      [01;36m[K^~~~~~~~~~~~~~~~~~~~~~~[m[K
[4.852s] [01m[K/opt/ros/eloquent/include/rclcpp/logging.hpp:1428:9:[m[K [01;36m[Knote: [m[Kin expansion of macro â€˜[01m[KRCLCPP_ALL_BUT_FIRST_ARGS[m[Kâ€™
[4.852s]          [01;36m[KRCLCPP_ALL_BUT_FIRST_ARGS[m[K(__VA_ARGS__,"")); \
[4.853s]          [01;36m[K^~~~~~~~~~~~~~~~~~~~~~~~~[m[K
[4.853s] [01m[K/home/jiseongyoo/ros2_examples/src/param_cpp_example/src/param_client_cpp_example.cpp:45:9:[m[K [01;36m[Knote: [m[Kin expansion of macro â€˜[01m[KRCLCPP_ERROR[m[Kâ€™
[4.854s]          [01;36m[KRCLCPP_ERROR[m[K(this->get_logger(), "Failed to set '%s': %s",
[4.854s]          [01;36m[K^~~~~~~~~~~~[m[K
[4.854s] [01m[K/home/jiseongyoo/ros2_examples/src/param_cpp_example/src/param_client_cpp_example.cpp:51:54:[m[K [01;31m[Kerror: [m[Kno matching function for call to â€˜[01m[Krclcpp::SyncParametersClient::get_parameter(const string&)[m[Kâ€™
[4.855s]              parameter_client_->get_parameter(param[i][01;31m[K)[m[K.get_name().c_str(),
[4.855s]                                                       [01;31m[K^[m[K
[4.856s] [01m[K/opt/ros/eloquent/include/rcutils/logging_macros.h:72:64:[m[K [01;36m[Knote: [m[Kin definition of macro â€˜[01m[KRCUTILS_LOG_COND_NAMED[m[Kâ€™
[4.857s]        rcutils_log(&__rcutils_logging_location, severity, name, [01;36m[K__VA_ARGS__[m[K); \
[4.857s]                                                                 [01;36m[K^~~~~~~~~~~[m[K
[4.857s] [01m[K/opt/ros/eloquent/include/rclcpp/logging.hpp:541:5:[m[K [01;36m[Knote: [m[Kin expansion of macro â€˜[01m[KRCUTILS_LOG_INFO_NAMED[m[Kâ€™
[4.858s]      [01;36m[KRCUTILS_LOG_INFO_NAMED[m[K( \
[4.858s]      [01;36m[K^~~~~~~~~~~~~~~~~~~~~~[m[K
[4.859s] [01m[K/opt/ros/eloquent/include/rclcpp/logging.hpp:544:9:[m[K [01;36m[Knote: [m[Kin expansion of macro â€˜[01m[KRCLCPP_ALL_BUT_FIRST_ARGS[m[Kâ€™
[4.859s]          [01;36m[KRCLCPP_ALL_BUT_FIRST_ARGS[m[K(__VA_ARGS__,"")); \
[4.860s]          [01;36m[K^~~~~~~~~~~~~~~~~~~~~~~~~[m[K
[4.860s] [01m[K/home/jiseongyoo/ros2_examples/src/param_cpp_example/src/param_client_cpp_example.cpp:50:9:[m[K [01;36m[Knote: [m[Kin expansion of macro â€˜[01m[KRCLCPP_INFO[m[Kâ€™
[4.861s]          [01;36m[KRCLCPP_INFO[m[K(this->get_logger(), "Successed to set '%s' : %s",
[4.861s]          [01;36m[K^~~~~~~~~~~[m[K
[4.862s] In file included from [01m[K/opt/ros/eloquent/include/rclcpp/rclcpp.hpp:149:0[m[K,
[4.862s]                  from [01m[K/home/jiseongyoo/ros2_examples/src/param_cpp_example/src/param_client_cpp_example.cpp:12[m[K:
[4.863s] [01m[K/opt/ros/eloquent/include/rclcpp/parameter_client.hpp:261:3:[m[K [01;36m[Knote: [m[Kcandidate: template<class T> T rclcpp::SyncParametersClient::get_parameter(const string&, const T&)
[4.863s]    [01;36m[Kget_parameter[m[K(const std::string & parameter_name, const T & default_value)
[4.864s]    [01;36m[K^~~~~~~~~~~~~[m[K
[4.864s] [01m[K/opt/ros/eloquent/include/rclcpp/parameter_client.hpp:261:3:[m[K [01;36m[Knote: [m[K  template argument deduction/substitution failed:
[4.865s] In file included from [01m[K/opt/ros/eloquent/include/rclcpp/client.hpp:39:0[m[K,
[4.865s]                  from [01m[K/opt/ros/eloquent/include/rclcpp/callback_group.hpp:23[m[K,
[4.865s]                  from [01m[K/opt/ros/eloquent/include/rclcpp/any_executable.hpp:20[m[K,
[4.866s]                  from [01m[K/opt/ros/eloquent/include/rclcpp/memory_strategy.hpp:24[m[K,
[4.866s]                  from [01m[K/opt/ros/eloquent/include/rclcpp/memory_strategies.hpp:18[m[K,
[4.867s]                  from [01m[K/opt/ros/eloquent/include/rclcpp/executor.hpp:33[m[K,
[4.867s]                  from [01m[K/opt/ros/eloquent/include/rclcpp/executors/multi_threaded_executor.hpp:25[m[K,
[4.868s]                  from [01m[K/opt/ros/eloquent/include/rclcpp/executors.hpp:21[m[K,
[4.868s]                  from [01m[K/opt/ros/eloquent/include/rclcpp/rclcpp.hpp:145[m[K,
[4.868s]                  from [01m[K/home/jiseongyoo/ros2_examples/src/param_cpp_example/src/param_client_cpp_example.cpp:12[m[K:
[4.869s] [01m[K/home/jiseongyoo/ros2_examples/src/param_cpp_example/src/param_client_cpp_example.cpp:51:54:[m[K [01;36m[Knote: [m[K  candidate expects 2 arguments, 1 provided
[4.869s]              parameter_client_->get_parameter(param[i][01;36m[K)[m[K.get_name().c_str(),
[4.870s]                                                       [01;36m[K^[m[K
[4.870s] [01m[K/opt/ros/eloquent/include/rcutils/logging_macros.h:72:64:[m[K [01;36m[Knote: [m[Kin definition of macro â€˜[01m[KRCUTILS_LOG_COND_NAMED[m[Kâ€™
[4.871s]        rcutils_log(&__rcutils_logging_location, severity, name, [01;36m[K__VA_ARGS__[m[K); \
[4.871s]                                                                 [01;36m[K^~~~~~~~~~~[m[K
[4.871s] [01m[K/opt/ros/eloquent/include/rclcpp/logging.hpp:541:5:[m[K [01;36m[Knote: [m[Kin expansion of macro â€˜[01m[KRCUTILS_LOG_INFO_NAMED[m[Kâ€™
[4.872s]      [01;36m[KRCUTILS_LOG_INFO_NAMED[m[K( \
[4.872s]      [01;36m[K^~~~~~~~~~~~~~~~~~~~~~[m[K
[4.873s] [01m[K/opt/ros/eloquent/include/rclcpp/logging.hpp:544:9:[m[K [01;36m[Knote: [m[Kin expansion of macro â€˜[01m[KRCLCPP_ALL_BUT_FIRST_ARGS[m[Kâ€™
[4.873s]          [01;36m[KRCLCPP_ALL_BUT_FIRST_ARGS[m[K(__VA_ARGS__,"")); \
[4.874s]          [01;36m[K^~~~~~~~~~~~~~~~~~~~~~~~~[m[K
[4.874s] [01m[K/home/jiseongyoo/ros2_examples/src/param_cpp_example/src/param_client_cpp_example.cpp:50:9:[m[K [01;36m[Knote: [m[Kin expansion of macro â€˜[01m[KRCLCPP_INFO[m[Kâ€™
[4.875s]          [01;36m[KRCLCPP_INFO[m[K(this->get_logger(), "Successed to set '%s' : %s",
[4.875s]          [01;36m[K^~~~~~~~~~~[m[K
[4.875s] In file included from [01m[K/opt/ros/eloquent/include/rclcpp/rclcpp.hpp:149:0[m[K,
[4.876s]                  from [01m[K/home/jiseongyoo/ros2_examples/src/param_cpp_example/src/param_client_cpp_example.cpp:12[m[K:
[4.876s] [01m[K/opt/ros/eloquent/include/rclcpp/parameter_client.hpp:270:3:[m[K [01;36m[Knote: [m[Kcandidate: template<class T> T rclcpp::SyncParametersClient::get_parameter(const string&)
[4.877s]    [01;36m[Kget_parameter[m[K(const std::string & parameter_name)
[4.877s]    [01;36m[K^~~~~~~~~~~~~[m[K
[4.878s] [01m[K/opt/ros/eloquent/include/rclcpp/parameter_client.hpp:270:3:[m[K [01;36m[Knote: [m[K  template argument deduction/substitution failed:
[4.878s] In file included from [01m[K/opt/ros/eloquent/include/rclcpp/client.hpp:39:0[m[K,
[4.879s]                  from [01m[K/opt/ros/eloquent/include/rclcpp/callback_group.hpp:23[m[K,
[4.879s]                  from [01m[K/opt/ros/eloquent/include/rclcpp/any_executable.hpp:20[m[K,
[4.880s]                  from [01m[K/opt/ros/eloquent/include/rclcpp/memory_strategy.hpp:24[m[K,
[4.880s]                  from [01m[K/opt/ros/eloquent/include/rclcpp/memory_strategies.hpp:18[m[K,
[4.880s]                  from [01m[K/opt/ros/eloquent/include/rclcpp/executor.hpp:33[m[K,
[4.881s]                  from [01m[K/opt/ros/eloquent/include/rclcpp/executors/multi_threaded_executor.hpp:25[m[K,
[4.881s]                  from [01m[K/opt/ros/eloquent/include/rclcpp/executors.hpp:21[m[K,
[4.882s]                  from [01m[K/opt/ros/eloquent/include/rclcpp/rclcpp.hpp:145[m[K,
[4.882s]                  from [01m[K/home/jiseongyoo/ros2_examples/src/param_cpp_example/src/param_client_cpp_example.cpp:12[m[K:
[4.883s] [01m[K/home/jiseongyoo/ros2_examples/src/param_cpp_example/src/param_client_cpp_example.cpp:51:54:[m[K [01;36m[Knote: [m[K  couldn't deduce template parameter â€˜[01m[KT[m[Kâ€™
[4.883s]              parameter_client_->get_parameter(param[i][01;36m[K)[m[K.get_name().c_str(),
[4.884s]                                                       [01;36m[K^[m[K
[4.884s] [01m[K/opt/ros/eloquent/include/rcutils/logging_macros.h:72:64:[m[K [01;36m[Knote: [m[Kin definition of macro â€˜[01m[KRCUTILS_LOG_COND_NAMED[m[Kâ€™
[4.884s]        rcutils_log(&__rcutils_logging_location, severity, name, [01;36m[K__VA_ARGS__[m[K); \
[4.885s]                                                                 [01;36m[K^~~~~~~~~~~[m[K
[4.885s] [01m[K/opt/ros/eloquent/include/rclcpp/logging.hpp:541:5:[m[K [01;36m[Knote: [m[Kin expansion of macro â€˜[01m[KRCUTILS_LOG_INFO_NAMED[m[Kâ€™
[4.886s]      [01;36m[KRCUTILS_LOG_INFO_NAMED[m[K( \
[4.886s]      [01;36m[K^~~~~~~~~~~~~~~~~~~~~~[m[K
[4.887s] [01m[K/opt/ros/eloquent/include/rclcpp/logging.hpp:544:9:[m[K [01;36m[Knote: [m[Kin expansion of macro â€˜[01m[KRCLCPP_ALL_BUT_FIRST_ARGS[m[Kâ€™
[4.887s]          [01;36m[KRCLCPP_ALL_BUT_FIRST_ARGS[m[K(__VA_ARGS__,"")); \
[4.888s]          [01;36m[K^~~~~~~~~~~~~~~~~~~~~~~~~[m[K
[4.888s] [01m[K/home/jiseongyoo/ros2_examples/src/param_cpp_example/src/param_client_cpp_example.cpp:50:9:[m[K [01;36m[Knote: [m[Kin expansion of macro â€˜[01m[KRCLCPP_INFO[m[Kâ€™
[4.888s]          [01;36m[KRCLCPP_INFO[m[K(this->get_logger(), "Successed to set '%s' : %s",
[4.889s]          [01;36m[K^~~~~~~~~~~[m[K
[4.889s] [01m[K/home/jiseongyoo/ros2_examples/src/param_cpp_example/src/param_client_cpp_example.cpp:52:54:[m[K [01;31m[Kerror: [m[Kno matching function for call to â€˜[01m[Krclcpp::SyncParametersClient::get_parameter(const string&)[m[Kâ€™
[4.890s]              parameter_client_->get_parameter(param[i][01;31m[K)[m[K.value_to_string().c_str());
[4.890s]                                                       [01;31m[K^[m[K
[4.891s] [01m[K/opt/ros/eloquent/include/rcutils/logging_macros.h:72:64:[m[K [01;36m[Knote: [m[Kin definition of macro â€˜[01m[KRCUTILS_LOG_COND_NAMED[m[Kâ€™
[4.891s]        rcutils_log(&__rcutils_logging_location, severity, name, [01;36m[K__VA_ARGS__[m[K); \
[4.891s]                                                                 [01;36m[K^~~~~~~~~~~[m[K
[4.892s] [01m[K/opt/ros/eloquent/include/rclcpp/logging.hpp:541:5:[m[K [01;36m[Knote: [m[Kin expansion of macro â€˜[01m[KRCUTILS_LOG_INFO_NAMED[m[Kâ€™
[4.892s]      [01;36m[KRCUTILS_LOG_INFO_NAMED[m[K( \
[4.893s]      [01;36m[K^~~~~~~~~~~~~~~~~~~~~~[m[K
[4.893s] [01m[K/opt/ros/eloquent/include/rclcpp/logging.hpp:544:9:[m[K [01;36m[Knote: [m[Kin expansion of macro â€˜[01m[KRCLCPP_ALL_BUT_FIRST_ARGS[m[Kâ€™
[4.894s]          [01;36m[KRCLCPP_ALL_BUT_FIRST_ARGS[m[K(__VA_ARGS__,"")); \
[4.894s]          [01;36m[K^~~~~~~~~~~~~~~~~~~~~~~~~[m[K
[4.895s] [01m[K/home/jiseongyoo/ros2_examples/src/param_cpp_example/src/param_client_cpp_example.cpp:50:9:[m[K [01;36m[Knote: [m[Kin expansion of macro â€˜[01m[KRCLCPP_INFO[m[Kâ€™
[4.896s]          [01;36m[KRCLCPP_INFO[m[K(this->get_logger(), "Successed to set '%s' : %s",
[4.896s]          [01;36m[K^~~~~~~~~~~[m[K
[4.897s] In file included from [01m[K/opt/ros/eloquent/include/rclcpp/rclcpp.hpp:149:0[m[K,
[4.897s]                  from [01m[K/home/jiseongyoo/ros2_examples/src/param_cpp_example/src/param_client_cpp_example.cpp:12[m[K:
[4.898s] [01m[K/opt/ros/eloquent/include/rclcpp/parameter_client.hpp:261:3:[m[K [01;36m[Knote: [m[Kcandidate: template<class T> T rclcpp::SyncParametersClient::get_parameter(const string&, const T&)
[4.898s]    [01;36m[Kget_parameter[m[K(const std::string & parameter_name, const T & default_value)
[4.899s]    [01;36m[K^~~~~~~~~~~~~[m[K
[4.899s] [01m[K/opt/ros/eloquent/include/rclcpp/parameter_client.hpp:261:3:[m[K [01;36m[Knote: [m[K  template argument deduction/substitution failed:
[4.900s] In file included from [01m[K/opt/ros/eloquent/include/rclcpp/client.hpp:39:0[m[K,
[4.900s]                  from [01m[K/opt/ros/eloquent/include/rclcpp/callback_group.hpp:23[m[K,
[4.900s]                  from [01m[K/opt/ros/eloquent/include/rclcpp/any_executable.hpp:20[m[K,
[4.901s]                  from [01m[K/opt/ros/eloquent/include/rclcpp/memory_strategy.hpp:24[m[K,
[4.901s]                  from [01m[K/opt/ros/eloquent/include/rclcpp/memory_strategies.hpp:18[m[K,
[4.902s]                  from [01m[K/opt/ros/eloquent/include/rclcpp/executor.hpp:33[m[K,
[4.902s]                  from [01m[K/opt/ros/eloquent/include/rclcpp/executors/multi_threaded_executor.hpp:25[m[K,
[4.903s]                  from [01m[K/opt/ros/eloquent/include/rclcpp/executors.hpp:21[m[K,
[4.903s]                  from [01m[K/opt/ros/eloquent/include/rclcpp/rclcpp.hpp:145[m[K,
[4.904s]                  from [01m[K/home/jiseongyoo/ros2_examples/src/param_cpp_example/src/param_client_cpp_example.cpp:12[m[K:
[4.904s] [01m[K/home/jiseongyoo/ros2_examples/src/param_cpp_example/src/param_client_cpp_example.cpp:52:54:[m[K [01;36m[Knote: [m[K  candidate expects 2 arguments, 1 provided
[4.904s]              parameter_client_->get_parameter(param[i][01;36m[K)[m[K.value_to_string().c_str());
[4.905s]                                                       [01;36m[K^[m[K
[4.905s] [01m[K/opt/ros/eloquent/include/rcutils/logging_macros.h:72:64:[m[K [01;36m[Knote: [m[Kin definition of macro â€˜[01m[KRCUTILS_LOG_COND_NAMED[m[Kâ€™
[4.906s]        rcutils_log(&__rcutils_logging_location, severity, name, [01;36m[K__VA_ARGS__[m[K); \
[4.907s]                                                                 [01;36m[K^~~~~~~~~~~[m[K
[4.908s] [01m[K/opt/ros/eloquent/include/rclcpp/logging.hpp:541:5:[m[K [01;36m[Knote: [m[Kin expansion of macro â€˜[01m[KRCUTILS_LOG_INFO_NAMED[m[Kâ€™
[4.908s]      [01;36m[KRCUTILS_LOG_INFO_NAMED[m[K( \
[4.909s]      [01;36m[K^~~~~~~~~~~~~~~~~~~~~~[m[K
[4.909s] [01m[K/opt/ros/eloquent/include/rclcpp/logging.hpp:544:9:[m[K [01;36m[Knote: [m[Kin expansion of macro â€˜[01m[KRCLCPP_ALL_BUT_FIRST_ARGS[m[Kâ€™
[4.910s]          [01;36m[KRCLCPP_ALL_BUT_FIRST_ARGS[m[K(__VA_ARGS__,"")); \
[4.910s]          [01;36m[K^~~~~~~~~~~~~~~~~~~~~~~~~[m[K
[4.910s] [01m[K/home/jiseongyoo/ros2_examples/src/param_cpp_example/src/param_client_cpp_example.cpp:50:9:[m[K [01;36m[Knote: [m[Kin expansion of macro â€˜[01m[KRCLCPP_INFO[m[Kâ€™
[4.911s]          [01;36m[KRCLCPP_INFO[m[K(this->get_logger(), "Successed to set '%s' : %s",
[4.911s]          [01;36m[K^~~~~~~~~~~[m[K
[4.912s] In file included from [01m[K/opt/ros/eloquent/include/rclcpp/rclcpp.hpp:149:0[m[K,
[4.912s]                  from [01m[K/home/jiseongyoo/ros2_examples/src/param_cpp_example/src/param_client_cpp_example.cpp:12[m[K:
[4.913s] [01m[K/opt/ros/eloquent/include/rclcpp/parameter_client.hpp:270:3:[m[K [01;36m[Knote: [m[Kcandidate: template<class T> T rclcpp::SyncParametersClient::get_parameter(const string&)
[4.913s]    [01;36m[Kget_parameter[m[K(const std::string & parameter_name)
[4.914s]    [01;36m[K^~~~~~~~~~~~~[m[K
[4.914s] [01m[K/opt/ros/eloquent/include/rclcpp/parameter_client.hpp:270:3:[m[K [01;36m[Knote: [m[K  template argument deduction/substitution failed:
[4.914s] In file included from [01m[K/opt/ros/eloquent/include/rclcpp/client.hpp:39:0[m[K,
[4.915s]                  from [01m[K/opt/ros/eloquent/include/rclcpp/callback_group.hpp:23[m[K,
[4.915s]                  from [01m[K/opt/ros/eloquent/include/rclcpp/any_executable.hpp:20[m[K,
[4.916s]                  from [01m[K/opt/ros/eloquent/include/rclcpp/memory_strategy.hpp:24[m[K,
[4.916s]                  from [01m[K/opt/ros/eloquent/include/rclcpp/memory_strategies.hpp:18[m[K,
[4.917s]                  from [01m[K/opt/ros/eloquent/include/rclcpp/executor.hpp:33[m[K,
[4.918s]                  from [01m[K/opt/ros/eloquent/include/rclcpp/executors/multi_threaded_executor.hpp:25[m[K,
[4.918s]                  from [01m[K/opt/ros/eloquent/include/rclcpp/executors.hpp:21[m[K,
[4.919s]                  from [01m[K/opt/ros/eloquent/include/rclcpp/rclcpp.hpp:145[m[K,
[4.919s]                  from [01m[K/home/jiseongyoo/ros2_examples/src/param_cpp_example/src/param_client_cpp_example.cpp:12[m[K:
[4.920s] [01m[K/home/jiseongyoo/ros2_examples/src/param_cpp_example/src/param_client_cpp_example.cpp:52:54:[m[K [01;36m[Knote: [m[K  couldn't deduce template parameter â€˜[01m[KT[m[Kâ€™
[4.920s]              parameter_client_->get_parameter(param[i][01;36m[K)[m[K.value_to_string().c_str());
[4.921s]                                                       [01;36m[K^[m[K
[4.921s] [01m[K/opt/ros/eloquent/include/rcutils/logging_macros.h:72:64:[m[K [01;36m[Knote: [m[Kin definition of macro â€˜[01m[KRCUTILS_LOG_COND_NAMED[m[Kâ€™
[4.921s]        rcutils_log(&__rcutils_logging_location, severity, name, [01;36m[K__VA_ARGS__[m[K); \
[4.922s]                                                                 [01;36m[K^~~~~~~~~~~[m[K
[4.922s] [01m[K/opt/ros/eloquent/include/rclcpp/logging.hpp:541:5:[m[K [01;36m[Knote: [m[Kin expansion of macro â€˜[01m[KRCUTILS_LOG_INFO_NAMED[m[Kâ€™
[4.923s]      [01;36m[KRCUTILS_LOG_INFO_NAMED[m[K( \
[4.923s]      [01;36m[K^~~~~~~~~~~~~~~~~~~~~~[m[K
[4.924s] [01m[K/opt/ros/eloquent/include/rclcpp/logging.hpp:544:9:[m[K [01;36m[Knote: [m[Kin expansion of macro â€˜[01m[KRCLCPP_ALL_BUT_FIRST_ARGS[m[Kâ€™
[4.924s]          [01;36m[KRCLCPP_ALL_BUT_FIRST_ARGS[m[K(__VA_ARGS__,"")); \
[4.925s]          [01;36m[K^~~~~~~~~~~~~~~~~~~~~~~~~[m[K
[4.925s] [01m[K/home/jiseongyoo/ros2_examples/src/param_cpp_example/src/param_client_cpp_example.cpp:50:9:[m[K [01;36m[Knote: [m[Kin expansion of macro â€˜[01m[KRCLCPP_INFO[m[Kâ€™
[4.925s]          [01;36m[KRCLCPP_INFO[m[K(this->get_logger(), "Successed to set '%s' : %s",
[4.926s]          [01;36m[K^~~~~~~~~~~[m[K
[5.508s] make[2]: *** [CMakeFiles/param_client_cpp.dir/src/param_client_cpp_example.cpp.o] Error 1
[5.519s] make[1]: *** [CMakeFiles/param_client_cpp.dir/all] Error 2
[5.519s] make: *** [all] Error 2
[5.519s] CMakeFiles/param_client_cpp.dir/build.make:62: recipe for target 'CMakeFiles/param_client_cpp.dir/src/param_client_cpp_example.cpp.o' failed
[5.520s] CMakeFiles/Makefile2:168: recipe for target 'CMakeFiles/param_client_cpp.dir/all' failed
[5.521s] Makefile:140: recipe for target 'all' failed
[5.523s] Invoked command in '/home/jiseongyoo/ros2_examples/build/param_cpp_example' returned '2': CMAKE_PREFIX_PATH=${CMAKE_PREFIX_PATH}:/opt/ros/eloquent /usr/bin/cmake --build /home/jiseongyoo/ros2_examples/build/param_cpp_example -- -j2 -l2
