[0.079s] Invoking command in '/home/jiseongyoo/ros2_examples/build/pubsub_cpp_example': AMENT_PREFIX_PATH=/home/jiseongyoo/ros2_examples/install/interfaces:${AMENT_PREFIX_PATH} CMAKE_PREFIX_PATH=/home/jiseongyoo/ros2_examples/install/interfaces:/opt/ros/eloquent LD_LIBRARY_PATH=/home/jiseongyoo/ros2_examples/install/interfaces/lib:${LD_LIBRARY_PATH} PYTHONPATH=/home/jiseongyoo/ros2_examples/install/interfaces/lib/python3.6/site-packages:${PYTHONPATH} /usr/bin/cmake --build /home/jiseongyoo/ros2_examples/build/pubsub_cpp_example -- -j2 -l2
[0.176s] -- Found ament_cmake: 0.8.2 (/opt/ros/eloquent/share/ament_cmake/cmake)
[0.280s] -- Using PYTHON_EXECUTABLE: /usr/bin/python3
[1.005s] -- Found rclcpp: 0.8.4 (/opt/ros/eloquent/share/rclcpp/cmake)
[1.054s] -- Found rosidl_adapter: 0.8.2 (/opt/ros/eloquent/share/rosidl_adapter/cmake)
[1.197s] -- Found rmw_implementation_cmake: 0.8.1 (/opt/ros/eloquent/share/rmw_implementation_cmake/cmake)
[1.201s] -- Using RMW implementation 'rmw_fastrtps_cpp' as default
[1.327s] -- Found interfaces: 0.0.0 (/home/jiseongyoo/ros2_examples/install/interfaces/share/interfaces/cmake)
[1.453s] -- Found ament_lint_auto: 0.8.1 (/opt/ros/eloquent/share/ament_lint_auto/cmake)
[1.742s] -- Added test 'copyright' to check for copyright in CMake / C / C++ / Python code
[1.745s] -- Added test 'cppcheck' to perform static code analysis on C / C++ code
[1.747s] -- Configured cppcheck include dirs: 
[1.752s] -- Added test 'cpplint' to check C / C++ code against the Google style
[1.753s] -- Added test 'lint_cmake' to check CMake code style
[1.753s] -- Added test 'uncrustify' to check C / C++ code style
[1.755s] -- Added test 'xmllint' to check XML markup files
[1.766s] -- Configuring done
[1.830s] -- Generating done
[1.838s] -- Build files have been written to: /home/jiseongyoo/ros2_examples/build/pubsub_cpp_example
[1.937s] [35m[1mScanning dependencies of target pub_cpp[0m
[2.067s] [ 50%] [32mBuilding CXX object CMakeFiles/pub_cpp.dir/src/pub_cpp_template.cpp.o[0m
[6.214s] [01m[K/home/jiseongyoo/ros2_examples/src/pubsub_cpp_example/src/pub_cpp_template.cpp:18:38:[m[K [01;31m[Kerror: [m[Kâ€˜[01m[KMessageInterfaceExample[m[Kâ€™ is not a member of â€˜[01m[Kinterfaces::msg[m[Kâ€™
[6.215s]    rclcpp::Publisher<interfaces::msg::[01;31m[KMessageInterfaceExample[m[K>::SharedPtr publisher_;
[6.216s]                                       [01;31m[K^~~~~~~~~~~~~~~~~~~~~~~[m[K
[6.217s] [01m[K/home/jiseongyoo/ros2_examples/src/pubsub_cpp_example/src/pub_cpp_template.cpp:18:38:[m[K [01;31m[Kerror: [m[Kâ€˜[01m[KMessageInterfaceExample[m[Kâ€™ is not a member of â€˜[01m[Kinterfaces::msg[m[Kâ€™
[6.217s] [01m[K/home/jiseongyoo/ros2_examples/src/pubsub_cpp_example/src/pub_cpp_template.cpp:18:61:[m[K [01;31m[Kerror: [m[Ktemplate argument 1 is invalid
[6.218s]    rclcpp::Publisher<interfaces::msg::MessageInterfaceExample[01;31m[K>[m[K::SharedPtr publisher_;
[6.218s]                                                              [01;31m[K^[m[K
[6.219s] [01m[K/home/jiseongyoo/ros2_examples/src/pubsub_cpp_example/src/pub_cpp_template.cpp:18:64:[m[K [01;31m[Kerror: [m[Kexpected â€˜[01m[K;[m[Kâ€™ at end of member declaration
[6.220s]    rclcpp::Publisher<interfaces::msg::MessageInterfaceExample>::[01;31m[KSharedPtr[m[K publisher_;
[6.220s]                                                                 [01;31m[K^~~~~~~~~[m[K
[6.222s] [01m[K/home/jiseongyoo/ros2_examples/src/pubsub_cpp_example/src/pub_cpp_template.cpp:18:74:[m[K [01;31m[Kerror: [m[Kâ€˜[01m[Kpublisher_[m[Kâ€™ does not name a type; did you mean â€˜[01m[Krcl_publisher_t[m[Kâ€™?
[6.223s]  cpp::Publisher<interfaces::msg::MessageInterfaceExample>::SharedPtr [01;31m[Kpublisher_[m[K;
[6.223s]                                                                      [01;31m[K^~~~~~~~~~[m[K
[6.225s]                                                                           [32m[Krcl_publisher_t[m[K
[6.225s] [01m[K/home/jiseongyoo/ros2_examples/src/pubsub_cpp_example/src/pub_cpp_template.cpp:[m[K In member function â€˜[01m[Kvoid publisherTemplate::timer_callback()[m[Kâ€™:
[6.226s] [01m[K/home/jiseongyoo/ros2_examples/src/pubsub_cpp_example/src/pub_cpp_template.cpp:23:37:[m[K [01;31m[Kerror: [m[Kâ€˜[01m[KMessageInterfaceExample[m[Kâ€™ is not a member of â€˜[01m[Kinterfaces::msg[m[Kâ€™
[6.226s]      auto message = interfaces::msg::[01;31m[KMessageInterfaceExample[m[K();
[6.227s]                                      [01;31m[K^~~~~~~~~~~~~~~~~~~~~~~[m[K
[6.227s] [01m[K/home/jiseongyoo/ros2_examples/src/pubsub_cpp_example/src/pub_cpp_template.cpp:31:5:[m[K [01;31m[Kerror: [m[Kâ€˜[01m[Kpublisher_[m[Kâ€™ was not declared in this scope
[6.228s]      [01;31m[Kpublisher_[m[K->publish(message);
[6.228s]      [01;31m[K^~~~~~~~~~[m[K
[6.234s] [01m[K/home/jiseongyoo/ros2_examples/src/pubsub_cpp_example/src/pub_cpp_template.cpp:31:5:[m[K [01;36m[Knote: [m[Ksuggested alternative: â€˜[01m[Krcl_publisher_t[m[Kâ€™
[6.235s]      [01;36m[Kpublisher_[m[K->publish(message);
[6.235s]      [01;36m[K^~~~~~~~~~[m[K
[6.235s]      [32m[Krcl_publisher_t[m[K
[6.236s] [01m[K/home/jiseongyoo/ros2_examples/src/pubsub_cpp_example/src/pub_cpp_template.cpp:[m[K In constructor â€˜[01m[KpublisherTemplate::publisherTemplate()[m[Kâ€™:
[6.239s] [01m[K/home/jiseongyoo/ros2_examples/src/pubsub_cpp_example/src/pub_cpp_template.cpp:38:5:[m[K [01;31m[Kerror: [m[Kâ€˜[01m[Kpublisher_[m[Kâ€™ was not declared in this scope
[6.240s]      [01;31m[Kpublisher_[m[K = this->create_publisher<interfaces::msg::MessageInterfaceExample>("topic", 10);
[6.240s]      [01;31m[K^~~~~~~~~~[m[K
[6.241s] [01m[K/home/jiseongyoo/ros2_examples/src/pubsub_cpp_example/src/pub_cpp_template.cpp:38:5:[m[K [01;36m[Knote: [m[Ksuggested alternative: â€˜[01m[Krcl_publisher_t[m[Kâ€™
[6.241s]      [01;36m[Kpublisher_[m[K = this->create_publisher<interfaces::msg::MessageInterfaceExample>("topic", 10);
[6.241s]      [01;36m[K^~~~~~~~~~[m[K
[6.242s]      [32m[Krcl_publisher_t[m[K
[6.242s] [01m[K/home/jiseongyoo/ros2_examples/src/pubsub_cpp_example/src/pub_cpp_template.cpp:38:58:[m[K [01;31m[Kerror: [m[Kâ€˜[01m[KMessageInterfaceExample[m[Kâ€™ is not a member of â€˜[01m[Kinterfaces::msg[m[Kâ€™
[6.243s]      publisher_ = this->create_publisher<interfaces::msg::[01;31m[KMessageInterfaceExample[m[K>("topic", 10);
[6.246s]                                                           [01;31m[K^~~~~~~~~~~~~~~~~~~~~~~[m[K
[6.247s] [01m[K/home/jiseongyoo/ros2_examples/src/pubsub_cpp_example/src/pub_cpp_template.cpp:38:58:[m[K [01;31m[Kerror: [m[Kâ€˜[01m[KMessageInterfaceExample[m[Kâ€™ is not a member of â€˜[01m[Kinterfaces::msg[m[Kâ€™
[6.247s] [01m[K/home/jiseongyoo/ros2_examples/src/pubsub_cpp_example/src/pub_cpp_template.cpp:38:94:[m[K [01;31m[Kerror: [m[Kno matching function for call to â€˜[01m[KpublisherTemplate::create_publisher<<expression error> >(const char [6], int)[m[Kâ€™
[6.248s]   this->create_publisher<interfaces::msg::MessageInterfaceExample>("topic", 10[01;31m[K)[m[K;
[6.248s]                                                                               [01;31m[K^[m[K
[6.249s] In file included from [01m[K/opt/ros/eloquent/include/rclcpp/executors/single_threaded_executor.hpp:28:0[m[K,
[6.249s]                  from [01m[K/opt/ros/eloquent/include/rclcpp/executors.hpp:22[m[K,
[6.250s]                  from [01m[K/opt/ros/eloquent/include/rclcpp/rclcpp.hpp:145[m[K,
[6.250s]                  from [01m[K/home/jiseongyoo/ros2_examples/src/pubsub_cpp_example/src/pub_cpp_template.cpp:5[m[K:
[6.250s] [01m[K/opt/ros/eloquent/include/rclcpp/node.hpp:179:3:[m[K [01;36m[Knote: [m[Kcandidate: template<class MessageT, class AllocatorT, class PublisherT> std::shared_ptr<PublisherT> rclcpp::Node::create_publisher(const string&, const rclcpp::QoS&, const rclcpp::PublisherOptionsWithAllocator<AllocatorT>&)
[6.251s]    [01;36m[Kcreate_publisher[m[K(
[6.251s]    [01;36m[K^~~~~~~~~~~~~~~~[m[K
[6.252s] [01m[K/opt/ros/eloquent/include/rclcpp/node.hpp:179:3:[m[K [01;36m[Knote: [m[K  template argument deduction/substitution failed:
[6.252s] [01m[K/home/jiseongyoo/ros2_examples/src/pubsub_cpp_example/src/pub_cpp_template.cpp:38:94:[m[K [01;31m[Kerror: [m[Ktemplate argument 1 is invalid
[6.253s]   this->create_publisher<interfaces::msg::MessageInterfaceExample>("topic", 10[01;31m[K)[m[K;
[6.253s]                                                                               [01;31m[K^[m[K
[7.123s] CMakeFiles/pub_cpp.dir/build.make:62: recipe for target 'CMakeFiles/pub_cpp.dir/src/pub_cpp_template.cpp.o' failed
[7.124s] make[2]: *** [CMakeFiles/pub_cpp.dir/src/pub_cpp_template.cpp.o] Error 1
[7.125s] make[1]: *** [CMakeFiles/pub_cpp.dir/all] Error 2
[7.125s] CMakeFiles/Makefile2:131: recipe for target 'CMakeFiles/pub_cpp.dir/all' failed
[7.125s] make: *** [all] Error 2
[7.126s] Makefile:140: recipe for target 'all' failed
[7.135s] Invoked command in '/home/jiseongyoo/ros2_examples/build/pubsub_cpp_example' returned '2': AMENT_PREFIX_PATH=/home/jiseongyoo/ros2_examples/install/interfaces:${AMENT_PREFIX_PATH} CMAKE_PREFIX_PATH=/home/jiseongyoo/ros2_examples/install/interfaces:/opt/ros/eloquent LD_LIBRARY_PATH=/home/jiseongyoo/ros2_examples/install/interfaces/lib:${LD_LIBRARY_PATH} PYTHONPATH=/home/jiseongyoo/ros2_examples/install/interfaces/lib/python3.6/site-packages:${PYTHONPATH} /usr/bin/cmake --build /home/jiseongyoo/ros2_examples/build/pubsub_cpp_example -- -j2 -l2
