[3.037s] In file included from [01m[K/home/jiseongyoo/ros2_examples/src/composition_cpp_example/src/component_sub_cpp_example.cpp:20:0[m[K:
[3.038s] [01m[K/home/jiseongyoo/ros2_examples/src/composition_cpp_example/include/composition_cpp_example/component_sub_cpp_example.hpp:8:10:[m[K [01;31m[Kfatal error: [m[Kinterfaces/msg/Example.hpp: No such file or directory
[3.039s]  #include [01;31m[K"interfaces/msg/Example.hpp"[m[K
[3.039s]           [01;31m[K^~~~~~~~~~~~~~~~~~~~~~~~~~~~[m[K
[3.040s] compilation terminated.
[3.065s] make[2]: *** [CMakeFiles/component_sub_cpp.dir/src/component_sub_cpp_example.cpp.o] Error 1
[3.068s] make[1]: *** [CMakeFiles/component_sub_cpp.dir/all] Error 2
[3.068s] make[1]: *** Waiting for unfinished jobs....
[13.331s] make: *** [all] Error 2
