[0.067s] Invoking command in '/home/jiseongyoo/ros2_examples/build/composition_cpp_example': AMENT_PREFIX_PATH=/home/jiseongyoo/ros2_examples/install/interfaces:${AMENT_PREFIX_PATH} CMAKE_PREFIX_PATH=/home/jiseongyoo/ros2_examples/install/interfaces:/opt/ros/eloquent LD_LIBRARY_PATH=/home/jiseongyoo/ros2_examples/install/interfaces/lib:${LD_LIBRARY_PATH} PYTHONPATH=/home/jiseongyoo/ros2_examples/install/interfaces/lib/python3.6/site-packages:${PYTHONPATH} /usr/bin/cmake --build /home/jiseongyoo/ros2_examples/build/composition_cpp_example -- -j2 -l2
[0.186s] -- Found ament_cmake: 0.8.2 (/opt/ros/eloquent/share/ament_cmake/cmake)
[0.301s] -- Using PYTHON_EXECUTABLE: /usr/bin/python3
[1.132s] -- Found rclcpp: 0.8.4 (/opt/ros/eloquent/share/rclcpp/cmake)
[1.179s] -- Found rosidl_adapter: 0.8.2 (/opt/ros/eloquent/share/rosidl_adapter/cmake)
[1.324s] -- Found rmw_implementation_cmake: 0.8.1 (/opt/ros/eloquent/share/rmw_implementation_cmake/cmake)
[1.329s] -- Using RMW implementation 'rmw_fastrtps_cpp' as default
[1.459s] -- Found rclcpp_components: 0.8.4 (/opt/ros/eloquent/share/rclcpp_components/cmake)
[1.467s] -- Found poco_vendor:  (/opt/ros/eloquent/share/poco_vendor/cmake)
[1.542s] -- Found interfaces: 0.0.0 (/home/jiseongyoo/ros2_examples/install/interfaces/share/interfaces/cmake)
[1.831s] -- Found ament_lint_auto: 0.8.1 (/opt/ros/eloquent/share/ament_lint_auto/cmake)
[2.106s] -- Added test 'copyright' to check for copyright in CMake / C / C++ / Python code
[2.117s] -- Added test 'cppcheck' to perform static code analysis on C / C++ code
[2.120s] -- Configured cppcheck include dirs: /home/jiseongyoo/ros2_examples/src/composition_cpp_example/include
[2.124s] -- Added test 'cpplint' to check C / C++ code against the Google style
[2.127s] -- Added test 'lint_cmake' to check CMake code style
[2.131s] -- Added test 'uncrustify' to check C / C++ code style
[2.132s] -- Added test 'xmllint' to check XML markup files
[2.143s] -- Configuring done
[2.387s] -- Generating done
[2.394s] -- Build files have been written to: /home/jiseongyoo/ros2_examples/build/composition_cpp_example
[2.496s] [35m[1mScanning dependencies of target component_sub_cpp[0m
[2.505s] [35m[1mScanning dependencies of target component_pub_cpp[0m
[2.739s] [ 16%] [32mBuilding CXX object CMakeFiles/component_sub_cpp.dir/src/component_sub_cpp_example.cpp.o[0m
[2.784s] [ 33%] [32mBuilding CXX object CMakeFiles/component_pub_cpp.dir/src/component_pub_cpp_example.cpp.o[0m
[3.037s] In file included from [01m[K/home/jiseongyoo/ros2_examples/src/composition_cpp_example/src/component_sub_cpp_example.cpp:20:0[m[K:
[3.038s] [01m[K/home/jiseongyoo/ros2_examples/src/composition_cpp_example/include/composition_cpp_example/component_sub_cpp_example.hpp:8:10:[m[K [01;31m[Kfatal error: [m[Kinterfaces/msg/Example.hpp: No such file or directory
[3.039s]  #include [01;31m[K"interfaces/msg/Example.hpp"[m[K
[3.039s]           [01;31m[K^~~~~~~~~~~~~~~~~~~~~~~~~~~~[m[K
[3.040s] compilation terminated.
[3.064s] CMakeFiles/component_sub_cpp.dir/build.make:62: recipe for target 'CMakeFiles/component_sub_cpp.dir/src/component_sub_cpp_example.cpp.o' failed
[3.065s] make[2]: *** [CMakeFiles/component_sub_cpp.dir/src/component_sub_cpp_example.cpp.o] Error 1
[3.068s] make[1]: *** [CMakeFiles/component_sub_cpp.dir/all] Error 2
[3.068s] make[1]: *** Waiting for unfinished jobs....
[3.069s] CMakeFiles/Makefile2:99: recipe for target 'CMakeFiles/component_sub_cpp.dir/all' failed
[12.497s] [ 50%] [32m[1mLinking CXX shared library libcomponent_pub_cpp.so[0m
[13.327s] [ 50%] Built target component_pub_cpp
[13.331s] Makefile:140: recipe for target 'all' failed
[13.331s] make: *** [all] Error 2
[13.340s] Invoked command in '/home/jiseongyoo/ros2_examples/build/composition_cpp_example' returned '2': AMENT_PREFIX_PATH=/home/jiseongyoo/ros2_examples/install/interfaces:${AMENT_PREFIX_PATH} CMAKE_PREFIX_PATH=/home/jiseongyoo/ros2_examples/install/interfaces:/opt/ros/eloquent LD_LIBRARY_PATH=/home/jiseongyoo/ros2_examples/install/interfaces/lib:${LD_LIBRARY_PATH} PYTHONPATH=/home/jiseongyoo/ros2_examples/install/interfaces/lib/python3.6/site-packages:${PYTHONPATH} /usr/bin/cmake --build /home/jiseongyoo/ros2_examples/build/composition_cpp_example -- -j2 -l2
