[0.069s] Invoking command in '/home/jiseongyoo/ros2_examples/build/pub_sub_cpp_template': CMAKE_PREFIX_PATH=${CMAKE_PREFIX_PATH}:/opt/ros/eloquent /usr/bin/cmake --build /home/jiseongyoo/ros2_examples/build/pub_sub_cpp_template -- -j2 -l2
[0.190s] -- Found ament_cmake: 0.8.2 (/opt/ros/eloquent/share/ament_cmake/cmake)
[0.310s] -- Using PYTHON_EXECUTABLE: /usr/bin/python3
[1.055s] -- Found rclcpp: 0.8.4 (/opt/ros/eloquent/share/rclcpp/cmake)
[1.106s] -- Found rosidl_adapter: 0.8.2 (/opt/ros/eloquent/share/rosidl_adapter/cmake)
[1.255s] -- Found rmw_implementation_cmake: 0.8.1 (/opt/ros/eloquent/share/rmw_implementation_cmake/cmake)
[1.267s] -- Using RMW implementation 'rmw_fastrtps_cpp' as default
[1.403s] -- Found ament_lint_auto: 0.8.1 (/opt/ros/eloquent/share/ament_lint_auto/cmake)
[1.696s] -- Added test 'copyright' to check for copyright in CMake / C / C++ / Python code
[1.702s] -- Added test 'cppcheck' to perform static code analysis on C / C++ code
[1.702s] -- Configured cppcheck include dirs: 
[1.707s] -- Added test 'cpplint' to check C / C++ code against the Google style
[1.710s] -- Added test 'lint_cmake' to check CMake code style
[1.715s] -- Added test 'uncrustify' to check C / C++ code style
[1.717s] -- Added test 'xmllint' to check XML markup files
[1.725s] -- Configuring done
[1.744s] -- Generating done
[1.752s] -- Build files have been written to: /home/jiseongyoo/ros2_examples/build/pub_sub_cpp_template
[1.851s] [35m[1mScanning dependencies of target pub_cpp_template[0m
[1.913s] [ 50%] [32mBuilding CXX object CMakeFiles/pub_cpp_template.dir/src/pub_cpp_template.cpp.o[0m
[2.036s] [01m[K/home/jiseongyoo/ros2_examples/src/pub_sub_cpp_template/src/pub_cpp_template.cpp:6:10:[m[K [01;31m[Kfatal error: [m[Krclcpp/rclcpp.hpp: No such file or directory
[2.037s]  #include [01;31m[K"rclcpp/rclcpp.hpp"[m[K
[2.037s]           [01;31m[K^~~~~~~~~~~~~~~~~~~[m[K
[2.038s] compilation terminated.
[2.063s] CMakeFiles/pub_cpp_template.dir/build.make:62: recipe for target 'CMakeFiles/pub_cpp_template.dir/src/pub_cpp_template.cpp.o' failed
[2.069s] make[2]: *** [CMakeFiles/pub_cpp_template.dir/src/pub_cpp_template.cpp.o] Error 1
[2.070s] make[1]: *** [CMakeFiles/pub_cpp_template.dir/all] Error 2
[2.072s] CMakeFiles/Makefile2:131: recipe for target 'CMakeFiles/pub_cpp_template.dir/all' failed
[2.077s] Makefile:140: recipe for target 'all' failed
[2.077s] make: *** [all] Error 2
[2.079s] Invoked command in '/home/jiseongyoo/ros2_examples/build/pub_sub_cpp_template' returned '2': CMAKE_PREFIX_PATH=${CMAKE_PREFIX_PATH}:/opt/ros/eloquent /usr/bin/cmake --build /home/jiseongyoo/ros2_examples/build/pub_sub_cpp_template -- -j2 -l2
