[5.285s] [01m[K/home/jiseongyoo/ros2_examples/src/composition_cpp_example/src/component_action_client_cpp_example.cpp:[m[K In constructor â€˜[01m[Kcomponent::ComponentActionClientExample::ComponentActionClientExample(const rclcpp::NodeOptions&)[m[Kâ€™:
[5.287s] [01m[K/home/jiseongyoo/ros2_examples/src/composition_cpp_example/src/component_action_client_cpp_example.cpp:60:31:[m[K [01;31m[Kerror: [m[Kâ€˜[01m[Koptions[m[Kâ€™ was not declared in this scope
[5.290s]        : Node("action_client", [01;31m[Koptions[m[K){
[5.290s]                                [01;31m[K^~~~~~~[m[K
[5.488s] [01m[K/home/jiseongyoo/ros2_examples/src/composition_cpp_example/src/component_action_client_cpp_example.cpp:59:92:[m[K [01;35m[Kwarning: [m[Kunused parameter â€˜[01m[Knode_options[m[Kâ€™ [[01;35m[K-Wunused-parameter[m[K]
[5.496s]      ComponentActionClientExample::ComponentActionClientExample(const rclcpp::NodeOptions & [01;35m[Knode_options[m[K)
[5.496s]                                                                                             [01;35m[K^~~~~~~~~~~~[m[K
[8.484s] make[2]: *** [CMakeFiles/component_action_client_cpp.dir/src/component_action_client_cpp_example.cpp.o] Error 1
[8.485s] make[1]: *** [CMakeFiles/component_action_client_cpp.dir/all] Error 2
[8.488s] make: *** [all] Error 2
