[0.081s] Invoking command in '/home/jiseongyoo/ros2_examples/build/composition_cpp_example': AMENT_PREFIX_PATH=/home/jiseongyoo/ros2_examples/install/interfaces:${AMENT_PREFIX_PATH} CMAKE_PREFIX_PATH=/home/jiseongyoo/ros2_examples/install/interfaces:/opt/ros/eloquent LD_LIBRARY_PATH=/home/jiseongyoo/ros2_examples/install/interfaces/lib:${LD_LIBRARY_PATH} PYTHONPATH=/home/jiseongyoo/ros2_examples/install/interfaces/lib/python3.6/site-packages:${PYTHONPATH} /usr/bin/cmake --build /home/jiseongyoo/ros2_examples/build/composition_cpp_example -- -j2 -l2
[0.339s] [ 14%] Built target component_action_server_cpp
[0.352s] [ 28%] Built target component_service_server_cpp
[0.390s] [35m[1mScanning dependencies of target component_action_client_cpp[0m
[0.504s] [ 42%] Built target component_sub_cpp
[0.616s] [ 50%] [32mBuilding CXX object CMakeFiles/component_action_client_cpp.dir/src/component_action_client_cpp_example.cpp.o[0m
[0.649s] [ 64%] Built target component_service_client_cpp
[0.783s] [ 78%] Built target component_pub_cpp
[5.285s] [01m[K/home/jiseongyoo/ros2_examples/src/composition_cpp_example/src/component_action_client_cpp_example.cpp:[m[K In constructor â€˜[01m[Kcomponent::ComponentActionClientExample::ComponentActionClientExample(const rclcpp::NodeOptions&)[m[Kâ€™:
[5.287s] [01m[K/home/jiseongyoo/ros2_examples/src/composition_cpp_example/src/component_action_client_cpp_example.cpp:60:31:[m[K [01;31m[Kerror: [m[Kâ€˜[01m[Koptions[m[Kâ€™ was not declared in this scope
[5.290s]        : Node("action_client", [01;31m[Koptions[m[K){
[5.290s]                                [01;31m[K^~~~~~~[m[K
[5.488s] [01m[K/home/jiseongyoo/ros2_examples/src/composition_cpp_example/src/component_action_client_cpp_example.cpp:59:92:[m[K [01;35m[Kwarning: [m[Kunused parameter â€˜[01m[Knode_options[m[Kâ€™ [[01;35m[K-Wunused-parameter[m[K]
[5.496s]      ComponentActionClientExample::ComponentActionClientExample(const rclcpp::NodeOptions & [01;35m[Knode_options[m[K)
[5.496s]                                                                                             [01;35m[K^~~~~~~~~~~~[m[K
[8.478s] CMakeFiles/component_action_client_cpp.dir/build.make:62: recipe for target 'CMakeFiles/component_action_client_cpp.dir/src/component_action_client_cpp_example.cpp.o' failed
[8.484s] make[2]: *** [CMakeFiles/component_action_client_cpp.dir/src/component_action_client_cpp_example.cpp.o] Error 1
[8.485s] make[1]: *** [CMakeFiles/component_action_client_cpp.dir/all] Error 2
[8.486s] CMakeFiles/Makefile2:146: recipe for target 'CMakeFiles/component_action_client_cpp.dir/all' failed
[8.488s] make: *** [all] Error 2
[8.489s] Makefile:140: recipe for target 'all' failed
[8.494s] Invoked command in '/home/jiseongyoo/ros2_examples/build/composition_cpp_example' returned '2': AMENT_PREFIX_PATH=/home/jiseongyoo/ros2_examples/install/interfaces:${AMENT_PREFIX_PATH} CMAKE_PREFIX_PATH=/home/jiseongyoo/ros2_examples/install/interfaces:/opt/ros/eloquent LD_LIBRARY_PATH=/home/jiseongyoo/ros2_examples/install/interfaces/lib:${LD_LIBRARY_PATH} PYTHONPATH=/home/jiseongyoo/ros2_examples/install/interfaces/lib/python3.6/site-packages:${PYTHONPATH} /usr/bin/cmake --build /home/jiseongyoo/ros2_examples/build/composition_cpp_example -- -j2 -l2
