[0.248s] [35m[1mScanning dependencies of target component_pub_cpp[0m
[0.257s] [35m[1mScanning dependencies of target component_sub_cpp[0m
[0.401s] [ 16%] [32mBuilding CXX object CMakeFiles/component_pub_cpp.dir/src/component_pub_cpp_example.cpp.o[0m
[0.548s] [ 33%] [32mBuilding CXX object CMakeFiles/component_sub_cpp.dir/src/component_sub_cpp_example.cpp.o[0m
[5.519s] [01m[K/home/jiseongyoo/ros2_examples/src/composition_cpp_example/src/component_pub_cpp_example.cpp:[m[K In member function â€˜[01m[Kvoid component::ComponentPublisherExample::timer_callback()[m[Kâ€™:
[5.520s] [01m[K/home/jiseongyoo/ros2_examples/src/composition_cpp_example/src/component_pub_cpp_example.cpp:33:44:[m[K [01;31m[Kerror: [m[Kinvalid operands of types â€˜[01m[Kconst char [19][m[Kâ€™ and â€˜[01m[Kconst char*[m[Kâ€™ to binary â€˜[01m[Koperator+[m[Kâ€™
[5.521s]      message.message = [01;31m[K"Publilshing string" + publisher_->get_topic_name()[m[K;
[5.521s]                        [01;31m[K~~~~~~~~~~~~~~~~~~~~~^~~~~~~~~~~~~~~~~~~~~~~~~~~~~~[m[K
[8.877s] make[2]: *** [CMakeFiles/component_pub_cpp.dir/src/component_pub_cpp_example.cpp.o] Error 1
[8.878s] CMakeFiles/component_pub_cpp.dir/build.make:62: recipe for target 'CMakeFiles/component_pub_cpp.dir/src/component_pub_cpp_example.cpp.o' failed
[8.878s] CMakeFiles/Makefile2:168: recipe for target 'CMakeFiles/component_pub_cpp.dir/all' failed
[8.879s] make[1]: *** [CMakeFiles/component_pub_cpp.dir/all] Error 2
[8.879s] make[1]: *** Waiting for unfinished jobs....
[13.243s] [ 50%] [32m[1mLinking CXX shared library libcomponent_sub_cpp.so[0m
[14.175s] [ 50%] Built target component_sub_cpp
[14.178s] make: *** [all] Error 2
[14.179s] Makefile:140: recipe for target 'all' failed
