[4.536s] [01m[K/home/jiseongyoo/ros2_examples/src/pub_sub_cpp_template/src/pub_cpp_template.cpp:7:21:[m[K [01;31m[Kerror: [m[Kâ€˜[01m[KString[m[Kâ€™ was not declared in this scope
[4.543s]    rclcpp::Publisher<[01;31m[KString[m[K>::SharedPtr publisher_;
[4.544s]                      [01;31m[K^~~~~~[m[K
[4.544s] [01m[K/home/jiseongyoo/ros2_examples/src/pub_sub_cpp_template/src/pub_cpp_template.cpp:7:21:[m[K [01;36m[Knote: [m[Ksuggested alternative: â€˜[01m[Kstdin[m[Kâ€™
[4.545s]    rclcpp::Publisher<[01;36m[KString[m[K>::SharedPtr publisher_;
[4.545s]                      [01;36m[K^~~~~~[m[K
[4.545s]                      [32m[Kstdin[m[K
[4.546s] [01m[K/home/jiseongyoo/ros2_examples/src/pub_sub_cpp_template/src/pub_cpp_template.cpp:7:27:[m[K [01;31m[Kerror: [m[Ktemplate argument 1 is invalid
[4.547s]    rclcpp::Publisher<String[01;31m[K>[m[K::SharedPtr publisher_;
[4.548s]                            [01;31m[K^[m[K
[4.548s] [01m[K/home/jiseongyoo/ros2_examples/src/pub_sub_cpp_template/src/pub_cpp_template.cpp:7:30:[m[K [01;31m[Kerror: [m[Kexpected â€˜[01m[K;[m[Kâ€™ at end of member declaration
[4.549s]    rclcpp::Publisher<String>::[01;31m[KSharedPtr[m[K publisher_;
[4.552s]                               [01;31m[K^~~~~~~~~[m[K
[4.553s] [01m[K/home/jiseongyoo/ros2_examples/src/pub_sub_cpp_template/src/pub_cpp_template.cpp:7:40:[m[K [01;31m[Kerror: [m[Kâ€˜[01m[Kpublisher_[m[Kâ€™ does not name a type; did you mean â€˜[01m[Krcl_publisher_t[m[Kâ€™?
[4.553s]    rclcpp::Publisher<String>::SharedPtr [01;31m[Kpublisher_[m[K;
[4.554s]                                         [01;31m[K^~~~~~~~~~[m[K
[4.554s]                                         [32m[Krcl_publisher_t[m[K
[4.555s] [01m[K/home/jiseongyoo/ros2_examples/src/pub_sub_cpp_template/src/pub_cpp_template.cpp:10:2:[m[K [01;31m[Kerror: [m[Kexpected â€˜[01m[K;[m[Kâ€™ after class definition
[4.555s]  }
[4.555s]   [01;31m[K^[m[K
[4.556s]   [32m[K;[m[K
[5.146s] make[2]: *** [CMakeFiles/pub_cpp_template.dir/src/pub_cpp_template.cpp.o] Error 1
[5.152s] make[1]: *** [CMakeFiles/pub_cpp_template.dir/all] Error 2
[5.155s] make: *** [all] Error 2
