[0.273s] [35m[1mScanning dependencies of target pub_cpp_template[0m
[0.401s] [ 50%] [32mBuilding CXX object CMakeFiles/pub_cpp_template.dir/src/pub_cpp_template.cpp.o[0m
[4.885s] [01m[K/home/jiseongyoo/ros2_examples/src/pub_sub_cpp_template/src/pub_cpp_template.cpp:7:26:[m[K [01;31m[Kerror: [m[Kâ€˜[01m[KString[m[Kâ€™ is not a member of â€˜[01m[Kstd[m[Kâ€™
[4.886s]    rclcpp::Publisher<std::[01;31m[KString[m[K>::SharedPtr publisher_;
[4.888s]                           [01;31m[K^~~~~~[m[K
[4.889s] [01m[K/home/jiseongyoo/ros2_examples/src/pub_sub_cpp_template/src/pub_cpp_template.cpp:7:26:[m[K [01;36m[Knote: [m[Ksuggested alternative: â€˜[01m[Kto_string[m[Kâ€™
[4.890s]    rclcpp::Publisher<std::[01;36m[KString[m[K>::SharedPtr publisher_;
[4.890s]                           [01;36m[K^~~~~~[m[K
[4.891s]                           [32m[Kto_string[m[K
[4.891s] [01m[K/home/jiseongyoo/ros2_examples/src/pub_sub_cpp_template/src/pub_cpp_template.cpp:7:26:[m[K [01;31m[Kerror: [m[Kâ€˜[01m[KString[m[Kâ€™ is not a member of â€˜[01m[Kstd[m[Kâ€™
[4.892s] [01m[K/home/jiseongyoo/ros2_examples/src/pub_sub_cpp_template/src/pub_cpp_template.cpp:7:26:[m[K [01;36m[Knote: [m[Ksuggested alternative: â€˜[01m[Kto_string[m[Kâ€™
[4.892s]    rclcpp::Publisher<std::[01;36m[KString[m[K>::SharedPtr publisher_;
[4.893s]                           [01;36m[K^~~~~~[m[K
[4.894s]                           [32m[Kto_string[m[K
[4.894s] [01m[K/home/jiseongyoo/ros2_examples/src/pub_sub_cpp_template/src/pub_cpp_template.cpp:7:32:[m[K [01;31m[Kerror: [m[Ktemplate argument 1 is invalid
[4.896s]    rclcpp::Publisher<std::String[01;31m[K>[m[K::SharedPtr publisher_;
[4.896s]                                 [01;31m[K^[m[K
[4.897s] [01m[K/home/jiseongyoo/ros2_examples/src/pub_sub_cpp_template/src/pub_cpp_template.cpp:7:35:[m[K [01;31m[Kerror: [m[Kexpected â€˜[01m[K;[m[Kâ€™ at end of member declaration
[4.897s]    rclcpp::Publisher<std::String>::[01;31m[KSharedPtr[m[K publisher_;
[4.898s]                                    [01;31m[K^~~~~~~~~[m[K
[4.898s] [01m[K/home/jiseongyoo/ros2_examples/src/pub_sub_cpp_template/src/pub_cpp_template.cpp:7:45:[m[K [01;31m[Kerror: [m[Kâ€˜[01m[Kpublisher_[m[Kâ€™ does not name a type; did you mean â€˜[01m[Krcl_publisher_t[m[Kâ€™?
[4.899s]    rclcpp::Publisher<std::String>::SharedPtr [01;31m[Kpublisher_[m[K;
[4.899s]                                              [01;31m[K^~~~~~~~~~[m[K
[4.899s]                                              [32m[Krcl_publisher_t[m[K
[4.900s] [01m[K/home/jiseongyoo/ros2_examples/src/pub_sub_cpp_template/src/pub_cpp_template.cpp:10:2:[m[K [01;31m[Kerror: [m[Kexpected â€˜[01m[K;[m[Kâ€™ after class definition
[4.900s]  }
[4.900s]   [01;31m[K^[m[K
[4.901s]   [32m[K;[m[K
[5.499s] CMakeFiles/pub_cpp_template.dir/build.make:62: recipe for target 'CMakeFiles/pub_cpp_template.dir/src/pub_cpp_template.cpp.o' failed
[5.501s] make[2]: *** [CMakeFiles/pub_cpp_template.dir/src/pub_cpp_template.cpp.o] Error 1
[5.502s] make[1]: *** [CMakeFiles/pub_cpp_template.dir/all] Error 2
[5.503s] make: *** [all] Error 2
[5.505s] CMakeFiles/Makefile2:131: recipe for target 'CMakeFiles/pub_cpp_template.dir/all' failed
[5.506s] Makefile:140: recipe for target 'all' failed
