[0.071s] Invoking command in '/home/jiseongyoo/ros2_examples/build/pubsub_cpp_example': AMENT_PREFIX_PATH=/home/jiseongyoo/ros2_examples/install/interfaces:${AMENT_PREFIX_PATH} CMAKE_PREFIX_PATH=/home/jiseongyoo/ros2_examples/install/interfaces:/opt/ros/eloquent LD_LIBRARY_PATH=/home/jiseongyoo/ros2_examples/install/interfaces/lib:${LD_LIBRARY_PATH} PYTHONPATH=/home/jiseongyoo/ros2_examples/install/interfaces/lib/python3.6/site-packages:${PYTHONPATH} /usr/bin/cmake --build /home/jiseongyoo/ros2_examples/build/pubsub_cpp_example -- -j2 -l2
[0.183s] -- Found ament_cmake: 0.8.2 (/opt/ros/eloquent/share/ament_cmake/cmake)
[0.317s] -- Using PYTHON_EXECUTABLE: /usr/bin/python3
[1.142s] -- Found rclcpp: 0.8.4 (/opt/ros/eloquent/share/rclcpp/cmake)
[1.194s] -- Found rosidl_adapter: 0.8.2 (/opt/ros/eloquent/share/rosidl_adapter/cmake)
[1.352s] -- Found rmw_implementation_cmake: 0.8.1 (/opt/ros/eloquent/share/rmw_implementation_cmake/cmake)
[1.359s] -- Using RMW implementation 'rmw_fastrtps_cpp' as default
[1.492s] -- Found interfaces: 0.0.0 (/home/jiseongyoo/ros2_examples/install/interfaces/share/interfaces/cmake)
[1.719s] -- Found ament_lint_auto: 0.8.1 (/opt/ros/eloquent/share/ament_lint_auto/cmake)
[2.000s] -- Added test 'copyright' to check for copyright in CMake / C / C++ / Python code
[2.003s] -- Added test 'cppcheck' to perform static code analysis on C / C++ code
[2.005s] -- Configured cppcheck include dirs: 
[2.011s] -- Added test 'cpplint' to check C / C++ code against the Google style
[2.016s] -- Added test 'lint_cmake' to check CMake code style
[2.021s] -- Added test 'uncrustify' to check C / C++ code style
[2.023s] -- Added test 'xmllint' to check XML markup files
[2.033s] -- Configuring done
[2.178s] -- Generating done
[2.186s] -- Build files have been written to: /home/jiseongyoo/ros2_examples/build/pubsub_cpp_example
[2.287s] [35m[1mScanning dependencies of target sub_cpp[0m
[2.288s] [35m[1mScanning dependencies of target pub_cpp[0m
[2.429s] [ 25%] [32mBuilding CXX object CMakeFiles/pub_cpp.dir/src/pub_cpp_example.cpp.o[0m
[2.590s] [ 50%] [32mBuilding CXX object CMakeFiles/sub_cpp.dir/src/sub_cpp_example.cpp.o[0m
[7.063s] [01m[K/home/jiseongyoo/ros2_examples/src/pubsub_cpp_example/src/sub_cpp_example.cpp:16:2:[m[K [01;31m[Kerror: [m[Kexpected â€˜[01m[K;[m[Kâ€™ after class definition
[7.064s]  }
[7.064s]   [01;31m[K^[m[K
[7.065s]   [32m[K;[m[K
[7.076s] In file included from [01m[K/opt/ros/eloquent/include/rclcpp/client.hpp:39:0[m[K,
[7.077s]                  from [01m[K/opt/ros/eloquent/include/rclcpp/callback_group.hpp:23[m[K,
[7.078s]                  from [01m[K/opt/ros/eloquent/include/rclcpp/any_executable.hpp:20[m[K,
[7.078s]                  from [01m[K/opt/ros/eloquent/include/rclcpp/memory_strategy.hpp:24[m[K,
[7.079s]                  from [01m[K/opt/ros/eloquent/include/rclcpp/memory_strategies.hpp:18[m[K,
[7.079s]                  from [01m[K/opt/ros/eloquent/include/rclcpp/executor.hpp:33[m[K,
[7.079s]                  from [01m[K/opt/ros/eloquent/include/rclcpp/executors/multi_threaded_executor.hpp:25[m[K,
[7.080s]                  from [01m[K/opt/ros/eloquent/include/rclcpp/executors.hpp:21[m[K,
[7.080s]                  from [01m[K/opt/ros/eloquent/include/rclcpp/rclcpp.hpp:145[m[K,
[7.081s]                  from [01m[K/home/jiseongyoo/ros2_examples/src/pubsub_cpp_example/src/sub_cpp_example.cpp:1[m[K:
[7.081s] [01m[K/home/jiseongyoo/ros2_examples/src/pubsub_cpp_example/src/sub_cpp_example.cpp:[m[K In member function â€˜[01m[Kvoid SubscriberExample::topic_callback(interfaces::msg::Example_<std::allocator<void> >::SharedPtr)[m[Kâ€™:
[7.082s] [01m[K/home/jiseongyoo/ros2_examples/src/pubsub_cpp_example/src/sub_cpp_example.cpp:9:64:[m[K [01;31m[Kerror: [m[Kâ€˜[01m[Kconst SharedPtr {aka const class std::shared_ptr<interfaces::msg::Example_<std::allocator<void> > >}[m[Kâ€™ has no member named â€˜[01m[Kmessage[m[Kâ€™
[7.082s]      RCLCPP_INFO(this->get_logger(), "Subscribed '%s'", message.[01;31m[Km[m[Kessage)
[7.083s]                                                                 [01;31m[K^[m[K
[7.084s] [01m[K/opt/ros/eloquent/include/rcutils/logging_macros.h:72:64:[m[K [01;36m[Knote: [m[Kin definition of macro â€˜[01m[KRCUTILS_LOG_COND_NAMED[m[Kâ€™
[7.092s]        rcutils_log(&__rcutils_logging_location, severity, name, [01;36m[K__VA_ARGS__[m[K); \
[7.093s]                                                                 [01;36m[K^~~~~~~~~~~[m[K
[7.093s] [01m[K/opt/ros/eloquent/include/rclcpp/logging.hpp:541:5:[m[K [01;36m[Knote: [m[Kin expansion of macro â€˜[01m[KRCUTILS_LOG_INFO_NAMED[m[Kâ€™
[7.094s]      [01;36m[KRCUTILS_LOG_INFO_NAMED[m[K( \
[7.094s]      [01;36m[K^~~~~~~~~~~~~~~~~~~~~~[m[K
[7.101s] [01m[K/opt/ros/eloquent/include/rclcpp/logging.hpp:544:9:[m[K [01;36m[Knote: [m[Kin expansion of macro â€˜[01m[KRCLCPP_ALL_BUT_FIRST_ARGS[m[Kâ€™
[7.101s]          [01;36m[KRCLCPP_ALL_BUT_FIRST_ARGS[m[K(__VA_ARGS__,"")); \
[7.102s]          [01;36m[K^~~~~~~~~~~~~~~~~~~~~~~~~[m[K
[7.102s] [01m[K/home/jiseongyoo/ros2_examples/src/pubsub_cpp_example/src/sub_cpp_example.cpp:9:5:[m[K [01;36m[Knote: [m[Kin expansion of macro â€˜[01m[KRCLCPP_INFO[m[Kâ€™
[7.103s]      [01;36m[KRCLCPP_INFO[m[K(this->get_logger(), "Subscribed '%s'", message.message)
[7.103s]      [01;36m[K^~~~~~~~~~~[m[K
[7.103s] [01m[K/home/jiseongyoo/ros2_examples/src/pubsub_cpp_example/src/sub_cpp_example.cpp:10:3:[m[K [01;31m[Kerror: [m[Kexpected â€˜[01m[K;[m[Kâ€™ before â€˜[01m[K}[m[Kâ€™ token
[7.104s]    [01;31m[K}[m[K
[7.114s]    [01;31m[K^[m[K
[10.506s] CMakeFiles/sub_cpp.dir/build.make:62: recipe for target 'CMakeFiles/sub_cpp.dir/src/sub_cpp_example.cpp.o' failed
[10.508s] make[2]: *** [CMakeFiles/sub_cpp.dir/src/sub_cpp_example.cpp.o] Error 1
[10.509s] make[1]: *** [CMakeFiles/sub_cpp.dir/all] Error 2
[10.509s] make[1]: *** Waiting for unfinished jobs....
[10.509s] CMakeFiles/Makefile2:168: recipe for target 'CMakeFiles/sub_cpp.dir/all' failed
[13.156s] [ 75%] [32m[1mLinking CXX executable pub_cpp[0m
[14.036s] [ 75%] Built target pub_cpp
[14.046s] make: *** [all] Error 2
[14.049s] Makefile:140: recipe for target 'all' failed
[14.051s] Invoked command in '/home/jiseongyoo/ros2_examples/build/pubsub_cpp_example' returned '2': AMENT_PREFIX_PATH=/home/jiseongyoo/ros2_examples/install/interfaces:${AMENT_PREFIX_PATH} CMAKE_PREFIX_PATH=/home/jiseongyoo/ros2_examples/install/interfaces:/opt/ros/eloquent LD_LIBRARY_PATH=/home/jiseongyoo/ros2_examples/install/interfaces/lib:${LD_LIBRARY_PATH} PYTHONPATH=/home/jiseongyoo/ros2_examples/install/interfaces/lib/python3.6/site-packages:${PYTHONPATH} /usr/bin/cmake --build /home/jiseongyoo/ros2_examples/build/pubsub_cpp_example -- -j2 -l2
