[0.258s] [35m[1mScanning dependencies of target param_client_cpp[0m
[0.366s] [ 50%] Built target param_server_cpp
[0.425s] [ 75%] [32mBuilding CXX object CMakeFiles/param_client_cpp.dir/src/param_client_cpp_example.cpp.o[0m
[4.791s] [01m[K/home/jiseongyoo/ros2_examples/src/param_cpp_example/src/param_client_cpp_example.cpp:[m[K In member function â€˜[01m[Kvoid ParameterClientExample::parameters_set(T)[m[Kâ€™:
[4.792s] [01m[K/home/jiseongyoo/ros2_examples/src/param_cpp_example/src/param_client_cpp_example.cpp:43:54:[m[K [01;31m[Kerror: [m[Kâ€˜[01m[Kusing element_type = class rclcpp::SyncParametersClient {aka class rclcpp::SyncParametersClient}[m[Kâ€™ has no member named â€˜[01m[Kset_parameter[m[Kâ€™; did you mean â€˜[01m[Kset_parameters[m[Kâ€™?
[4.793s]        auto set_parameter_result = parameter_client_->[01;31m[Kset_parameter[m[K({a});
[4.794s]                                                       [01;31m[K^~~~~~~~~~~~~[m[K
[4.795s]                                                       [32m[Kset_parameters[m[K
[5.623s] make[2]: *** [CMakeFiles/param_client_cpp.dir/src/param_client_cpp_example.cpp.o] Error 1
[5.624s] CMakeFiles/param_client_cpp.dir/build.make:62: recipe for target 'CMakeFiles/param_client_cpp.dir/src/param_client_cpp_example.cpp.o' failed
[5.627s] CMakeFiles/Makefile2:168: recipe for target 'CMakeFiles/param_client_cpp.dir/all' failed
[5.628s] Makefile:140: recipe for target 'all' failed
[5.628s] make[1]: *** [CMakeFiles/param_client_cpp.dir/all] Error 2
[5.631s] make: *** [all] Error 2
