[4.726s] [01m[K/home/jiseongyoo/ros2_examples/src/param_cpp_example/src/param_client_cpp_example.cpp:[m[K In member function â€˜[01m[Kvoid ParameterClientExample::parameters_set(T)[m[Kâ€™:
[4.727s] [01m[K/home/jiseongyoo/ros2_examples/src/param_cpp_example/src/param_client_cpp_example.cpp:43:54:[m[K [01;31m[Kerror: [m[Kâ€˜[01m[Kusing element_type = class rclcpp::SyncParametersClient {aka class rclcpp::SyncParametersClient}[m[Kâ€™ has no member named â€˜[01m[Kset_parameter[m[Kâ€™; did you mean â€˜[01m[Kset_parameters[m[Kâ€™?
[4.728s]        auto set_parameter_result = parameter_client_->[01;31m[Kset_parameter[m[K(rclcpp::Parameter("foo", 3));
[4.736s]                                                       [01;31m[K^~~~~~~~~~~~~[m[K
[4.737s]                                                       [32m[Kset_parameters[m[K
[5.419s] make[2]: *** [CMakeFiles/param_client_cpp.dir/src/param_client_cpp_example.cpp.o] Error 1
[5.419s] make[1]: *** [CMakeFiles/param_client_cpp.dir/all] Error 2
[5.420s] make: *** [all] Error 2
