[4.885s] [01m[K/home/jiseongyoo/ros2_examples/src/pub_sub_cpp_template/src/pub_cpp_template.cpp:[m[K In constructor â€˜[01m[Ksimple_publisher::simple_publisher()[m[Kâ€™:
[4.891s] [01m[K/home/jiseongyoo/ros2_examples/src/pub_sub_cpp_template/src/pub_cpp_template.cpp:69:41:[m[K [01;31m[Kerror: [m[Kâ€˜[01m[Kstd_msgs[m[Kâ€™ was not declared in this scope
[4.894s]      publisher_ = this->create_publisher<[01;31m[Kstd_msgs[m[K::msg::String>("count_", 10);
[4.895s]                                          [01;31m[K^~~~~~~~[m[K
[4.895s] [01m[K/home/jiseongyoo/ros2_examples/src/pub_sub_cpp_template/src/pub_cpp_template.cpp:69:24:[m[K [01;31m[Kerror: [m[Kparse error in template argument list
[4.896s]      publisher_ = this->[01;31m[Kcreate_publisher<std_msgs::msg::String>[m[K("count_", 10);
[4.896s]                         [01;31m[K^~~~~~~~~~~~~~~~~~~~~~~~~~~~~~~~~~~~~~~[m[K
[4.896s] [01m[K/home/jiseongyoo/ros2_examples/src/pub_sub_cpp_template/src/pub_cpp_template.cpp:69:76:[m[K [01;31m[Kerror: [m[Kno matching function for call to â€˜[01m[Ksimple_publisher::create_publisher<<expression error> >(const char [7], int)[m[Kâ€™
[4.897s]      publisher_ = this->create_publisher<std_msgs::msg::String>("count_", 10[01;31m[K)[m[K;
[4.897s]                                                                             [01;31m[K^[m[K
[4.898s] In file included from [01m[K/opt/ros/eloquent/include/rclcpp/node.hpp:1111:0[m[K,
[4.898s]                  from [01m[K/opt/ros/eloquent/include/rclcpp/executors/single_threaded_executor.hpp:28[m[K,
[4.899s]                  from [01m[K/opt/ros/eloquent/include/rclcpp/executors.hpp:22[m[K,
[4.900s]                  from [01m[K/opt/ros/eloquent/include/rclcpp/rclcpp.hpp:145[m[K,
[4.900s]                  from [01m[K/home/jiseongyoo/ros2_examples/src/pub_sub_cpp_template/src/pub_cpp_template.cpp:6[m[K:
[4.901s] [01m[K/opt/ros/eloquent/include/rclcpp/node_impl.hpp:69:1:[m[K [01;36m[Knote: [m[Kcandidate: template<class MessageT, class AllocatorT, class PublisherT> std::shared_ptr<PublisherT> rclcpp::Node::create_publisher(const string&, const rclcpp::QoS&, const rclcpp::PublisherOptionsWithAllocator<AllocatorT>&)
[4.901s]  [01;36m[KNode[m[K::create_publisher(
[4.902s]  [01;36m[K^~~~[m[K
[4.902s] [01m[K/opt/ros/eloquent/include/rclcpp/node_impl.hpp:69:1:[m[K [01;36m[Knote: [m[K  template argument deduction/substitution failed:
[4.902s] [01m[K/home/jiseongyoo/ros2_examples/src/pub_sub_cpp_template/src/pub_cpp_template.cpp:69:76:[m[K [01;31m[Kerror: [m[Ktemplate argument 1 is invalid
[4.903s]      publisher_ = this->create_publisher<std_msgs::msg::String>("count_", 10[01;31m[K)[m[K;
[4.903s]                                                                             [01;31m[K^[m[K
[7.238s] make[2]: *** [CMakeFiles/pub_cpp_template.dir/src/pub_cpp_template.cpp.o] Error 1
[7.239s] make[1]: *** [CMakeFiles/pub_cpp_template.dir/all] Error 2
[7.241s] make: *** [all] Error 2
