[0.225s] -- Found ament_cmake: 0.8.2 (/opt/ros/eloquent/share/ament_cmake/cmake)
[0.330s] -- Using PYTHON_EXECUTABLE: /usr/bin/python3
[1.164s] -- Found rclcpp: 0.8.4 (/opt/ros/eloquent/share/rclcpp/cmake)
[1.235s] -- Found rosidl_adapter: 0.8.2 (/opt/ros/eloquent/share/rosidl_adapter/cmake)
[1.396s] -- Found rmw_implementation_cmake: 0.8.1 (/opt/ros/eloquent/share/rmw_implementation_cmake/cmake)
[1.403s] -- Using RMW implementation 'rmw_fastrtps_cpp' as default
[1.534s] -- Found rclcpp_action: 0.8.4 (/opt/ros/eloquent/share/rclcpp_action/cmake)
[1.811s] -- Found rclcpp_components: 0.8.4 (/opt/ros/eloquent/share/rclcpp_components/cmake)
[1.820s] -- Found poco_vendor:  (/opt/ros/eloquent/share/poco_vendor/cmake)
[1.895s] -- Found interfaces: 0.0.0 (/home/jiseongyoo/ros2_examples/install/interfaces/share/interfaces/cmake)
[2.843s] -- Found ament_lint_auto: 0.8.1 (/opt/ros/eloquent/share/ament_lint_auto/cmake)
[3.115s] -- Added test 'copyright' to check for copyright in CMake / C / C++ / Python code
[3.120s] -- Added test 'cppcheck' to perform static code analysis on C / C++ code
[3.123s] -- Configured cppcheck include dirs: /home/jiseongyoo/ros2_examples/src/composition_cpp_example/include
[3.127s] -- Added test 'cpplint' to check C / C++ code against the Google style
[3.130s] -- Added test 'lint_cmake' to check CMake code style
[3.135s] -- Added test 'uncrustify' to check C / C++ code style
[3.140s] -- Added test 'xmllint' to check XML markup files
[3.145s] -- Configuring done
[3.670s] -- Generating done
[3.680s] -- Build files have been written to: /home/jiseongyoo/ros2_examples/build/composition_cpp_example
[3.838s] [ 12%] Built target component_service_client_cpp
[3.849s] [ 25%] Built target component_service_server_cpp
[3.946s] [ 37%] Built target component_sub_cpp
[3.978s] [ 50%] Built target component_action_client_cpp
[4.021s] [35m[1mScanning dependencies of target component_parameter_server_cpp[0m
[4.088s] [ 62%] Built target component_action_server_cpp
[4.135s] [ 68%] [32mBuilding CXX object CMakeFiles/component_parameter_server_cpp.dir/src/component_parameter_server_cpp_example.cpp.o[0m
[4.190s] [01m[K/home/jiseongyoo/ros2_examples/src/composition_cpp_example/src/component_parameter_server_cpp_example.cpp:1:10:[m[K [01;31m[Kfatal error: [m[Kcomposition/component_parameter_server.hpp: No such file or directory
[4.190s]  #include [01;31m[K"composition/component_parameter_server.hpp"[m[K
[4.191s]           [01;31m[K^~~~~~~~~~~~~~~~~~~~~~~~~~~~~~~~~~~~~~~~~~~~[m[K
[4.191s] compilation terminated.
[4.211s] CMakeFiles/component_parameter_server_cpp.dir/build.make:62: recipe for target 'CMakeFiles/component_parameter_server_cpp.dir/src/component_parameter_server_cpp_example.cpp.o' failed
[4.212s] make[2]: *** [CMakeFiles/component_parameter_server_cpp.dir/src/component_parameter_server_cpp_example.cpp.o] Error 1
[4.213s] CMakeFiles/Makefile2:316: recipe for target 'CMakeFiles/component_parameter_server_cpp.dir/all' failed
[4.213s] make[1]: *** [CMakeFiles/component_parameter_server_cpp.dir/all] Error 2
[4.214s] make[1]: *** Waiting for unfinished jobs....
[4.251s] [ 81%] Built target component_pub_cpp
[4.258s] Makefile:140: recipe for target 'all' failed
[4.261s] make: *** [all] Error 2
