[15.622s] [01m[K/home/jiseongyoo/ros2_examples/src/composition_cpp_example/src/component_container.cpp:[m[K In function â€˜[01m[Kint main(int, char**)[m[Kâ€™:
[15.624s] [01m[K/home/jiseongyoo/ros2_examples/src/composition_cpp_example/src/component_container.cpp:11:31:[m[K [01;31m[Kerror: [m[Kâ€˜[01m[KComponentPublisherExample[m[Kâ€™ was not declared in this scope
[15.625s]    auto pub = std::make_shared<[01;31m[KComponentPublisherExample[m[K>();
[15.626s]                                [01;31m[K^~~~~~~~~~~~~~~~~~~~~~~~~[m[K
[15.626s] [01m[K/home/jiseongyoo/ros2_examples/src/composition_cpp_example/src/component_container.cpp:11:31:[m[K [01;36m[Knote: [m[Ksuggested alternative:
[15.628s] In file included from [01m[K/home/jiseongyoo/ros2_examples/src/composition_cpp_example/src/component_container.cpp:2:0[m[K:
[15.629s] [01m[K/home/jiseongyoo/ros2_examples/src/composition_cpp_example/include/composition_cpp_example/component_pub_cpp_example.hpp:14:9:[m[K [01;36m[Knote: [m[K  â€˜[01m[Kcomponent::ComponentPublisherExample[m[Kâ€™
[15.629s]    class [01;36m[KComponentPublisherExample[m[K : public rclcpp::Node{
[15.630s]          [01;36m[K^~~~~~~~~~~~~~~~~~~~~~~~~[m[K
[15.632s] [01m[K/home/jiseongyoo/ros2_examples/src/composition_cpp_example/src/component_container.cpp:11:58:[m[K [01;31m[Kerror: [m[Kno matching function for call to â€˜[01m[Kmake_shared<<expression error> >()[m[Kâ€™
[15.632s]    auto pub = std::make_shared<ComponentPublisherExample>([01;31m[K)[m[K;
[15.633s]                                                           [01;31m[K^[m[K
[15.633s] In file included from [01m[K/usr/include/c++/7/memory:81:0[m[K,
[15.633s]                  from [01m[K/opt/ros/eloquent/include/rclcpp/rclcpp.hpp:143[m[K,
[15.634s]                  from [01m[K/home/jiseongyoo/ros2_examples/src/composition_cpp_example/src/component_container.cpp:1[m[K:
[15.634s] [01m[K/usr/include/c++/7/bits/shared_ptr.h:703:5:[m[K [01;36m[Knote: [m[Kcandidate: template<class _Tp, class ... _Args> std::shared_ptr<_Tp> std::make_shared(_Args&& ...)
[15.635s]      [01;36m[Kmake_shared[m[K(_Args&&... __args)
[15.635s]      [01;36m[K^~~~~~~~~~~[m[K
[15.635s] [01m[K/usr/include/c++/7/bits/shared_ptr.h:703:5:[m[K [01;36m[Knote: [m[K  template argument deduction/substitution failed:
[15.636s] [01m[K/home/jiseongyoo/ros2_examples/src/composition_cpp_example/src/component_container.cpp:11:58:[m[K [01;31m[Kerror: [m[Ktemplate argument 1 is invalid
[15.636s]    auto pub = std::make_shared<ComponentPublisherExample>([01;31m[K)[m[K;
[15.636s]                                                           [01;31m[K^[m[K
[16.237s] make[2]: *** [CMakeFiles/component_container.dir/src/component_container.cpp.o] Error 1
[16.240s] make[1]: *** [CMakeFiles/component_container.dir/all] Error 2
[16.240s] make: *** [all] Error 2
