[0.090s] Invoking command in '/home/jiseongyoo/ros2_examples/build/composition_cpp_example': AMENT_PREFIX_PATH=/home/jiseongyoo/ros2_examples/install/interfaces:${AMENT_PREFIX_PATH} CMAKE_PREFIX_PATH=/home/jiseongyoo/ros2_examples/install/interfaces:/opt/ros/eloquent LD_LIBRARY_PATH=/home/jiseongyoo/ros2_examples/install/interfaces/lib:${LD_LIBRARY_PATH} PYTHONPATH=/home/jiseongyoo/ros2_examples/install/interfaces/lib/python3.6/site-packages:${PYTHONPATH} /usr/bin/cmake --build /home/jiseongyoo/ros2_examples/build/composition_cpp_example -- -j2 -l2
[0.275s] [35m[1mScanning dependencies of target component_sub_cpp[0m
[0.379s] [ 33%] Built target component_pub_cpp
[0.409s] [ 50%] [32mBuilding CXX object CMakeFiles/component_sub_cpp.dir/src/component_sub_cpp_example.cpp.o[0m
[4.729s] [01m[K/home/jiseongyoo/ros2_examples/src/composition_cpp_example/src/component_sub_cpp_example.cpp:[m[K In constructor â€˜[01m[Kcomponent::ComponentSubscriberExample::ComponentSubscriberExample(const rclcpp::NodeOptions&)[m[Kâ€™:
[4.731s] [01m[K/home/jiseongyoo/ros2_examples/src/composition_cpp_example/src/component_sub_cpp_example.cpp:31:93:[m[K [01;31m[Kerror: [m[Kno matching function for call to â€˜[01m[Krclcpp::Node::Node()[m[Kâ€™
[4.732s]  criberExample::ComponentSubscriberExample(const rclcpp::NodeOptions & options[01;31m[K)[m[K{
[4.734s]                                                                               [01;31m[K^[m[K
[4.736s] In file included from [01m[K/opt/ros/eloquent/include/rclcpp/executors/single_threaded_executor.hpp:28:0[m[K,
[4.737s]                  from [01m[K/opt/ros/eloquent/include/rclcpp/executors.hpp:22[m[K,
[4.739s]                  from [01m[K/opt/ros/eloquent/include/rclcpp/rclcpp.hpp:145[m[K,
[4.739s]                  from [01m[K/home/jiseongyoo/ros2_examples/src/composition_cpp_example/include/composition_cpp_example/component_sub_cpp_example.hpp:5[m[K,
[4.739s]                  from [01m[K/home/jiseongyoo/ros2_examples/src/composition_cpp_example/src/component_sub_cpp_example.cpp:20[m[K:
[4.740s] [01m[K/opt/ros/eloquent/include/rclcpp/node.hpp:1080:3:[m[K [01;36m[Knote: [m[Kcandidate: rclcpp::Node::Node(const rclcpp::Node&, const string&)
[4.740s]    [01;36m[KNode[m[K(
[4.741s]    [01;36m[K^~~~[m[K
[4.741s] [01m[K/opt/ros/eloquent/include/rclcpp/node.hpp:1080:3:[m[K [01;36m[Knote: [m[K  candidate expects 2 arguments, 0 provided
[4.742s] [01m[K/opt/ros/eloquent/include/rclcpp/node.hpp:94:12:[m[K [01;36m[Knote: [m[Kcandidate: rclcpp::Node::Node(const string&, const string&, const rclcpp::NodeOptions&)
[4.742s]    explicit [01;36m[KNode[m[K(
[4.742s]             [01;36m[K^~~~[m[K
[4.743s] [01m[K/opt/ros/eloquent/include/rclcpp/node.hpp:94:12:[m[K [01;36m[Knote: [m[K  candidate expects 3 arguments, 0 provided
[4.743s] [01m[K/opt/ros/eloquent/include/rclcpp/node.hpp:83:12:[m[K [01;36m[Knote: [m[Kcandidate: rclcpp::Node::Node(const string&, const rclcpp::NodeOptions&)
[4.744s]    explicit [01;36m[KNode[m[K(
[4.744s]             [01;36m[K^~~~[m[K
[4.744s] [01m[K/opt/ros/eloquent/include/rclcpp/node.hpp:83:12:[m[K [01;36m[Knote: [m[K  candidate expects 2 arguments, 0 provided
[4.769s] [01m[K/home/jiseongyoo/ros2_examples/src/composition_cpp_example/src/component_sub_cpp_example.cpp:31:86:[m[K [01;35m[Kwarning: [m[Kunused parameter â€˜[01m[Koptions[m[Kâ€™ [[01;35m[K-Wunused-parameter[m[K]
[4.770s]  criberExample::ComponentSubscriberExample(const rclcpp::NodeOptions & [01;35m[Koptions[m[K){
[4.771s]                                                                        [01;35m[K^~~~~~~[m[K
[8.056s] CMakeFiles/component_sub_cpp.dir/build.make:62: recipe for target 'CMakeFiles/component_sub_cpp.dir/src/component_sub_cpp_example.cpp.o' failed
[8.064s] CMakeFiles/Makefile2:99: recipe for target 'CMakeFiles/component_sub_cpp.dir/all' failed
[8.065s] make[2]: *** [CMakeFiles/component_sub_cpp.dir/src/component_sub_cpp_example.cpp.o] Error 1
[8.065s] make[1]: *** [CMakeFiles/component_sub_cpp.dir/all] Error 2
[8.067s] make: *** [all] Error 2
[8.068s] Makefile:140: recipe for target 'all' failed
[8.075s] Invoked command in '/home/jiseongyoo/ros2_examples/build/composition_cpp_example' returned '2': AMENT_PREFIX_PATH=/home/jiseongyoo/ros2_examples/install/interfaces:${AMENT_PREFIX_PATH} CMAKE_PREFIX_PATH=/home/jiseongyoo/ros2_examples/install/interfaces:/opt/ros/eloquent LD_LIBRARY_PATH=/home/jiseongyoo/ros2_examples/install/interfaces/lib:${LD_LIBRARY_PATH} PYTHONPATH=/home/jiseongyoo/ros2_examples/install/interfaces/lib/python3.6/site-packages:${PYTHONPATH} /usr/bin/cmake --build /home/jiseongyoo/ros2_examples/build/composition_cpp_example -- -j2 -l2
