[5.105s] In file included from [01m[K/opt/ros/eloquent/include/rclcpp/client.hpp:39:0[m[K,
[5.107s]                  from [01m[K/opt/ros/eloquent/include/rclcpp/callback_group.hpp:23[m[K,
[5.108s]                  from [01m[K/opt/ros/eloquent/include/rclcpp/any_executable.hpp:20[m[K,
[5.113s]                  from [01m[K/opt/ros/eloquent/include/rclcpp/memory_strategy.hpp:24[m[K,
[5.114s]                  from [01m[K/opt/ros/eloquent/include/rclcpp/memory_strategies.hpp:18[m[K,
[5.114s]                  from [01m[K/opt/ros/eloquent/include/rclcpp/executor.hpp:33[m[K,
[5.115s]                  from [01m[K/opt/ros/eloquent/include/rclcpp/executors/multi_threaded_executor.hpp:25[m[K,
[5.116s]                  from [01m[K/opt/ros/eloquent/include/rclcpp/executors.hpp:21[m[K,
[5.116s]                  from [01m[K/opt/ros/eloquent/include/rclcpp/rclcpp.hpp:145[m[K,
[5.119s]                  from [01m[K/home/jiseongyoo/ros2_examples/src/composition_cpp_example/include/composition_cpp_example/component_parameter_client_cpp_example.hpp:6[m[K,
[5.120s]                  from [01m[K/home/jiseongyoo/ros2_examples/src/composition_cpp_example/src/component_parameter_client_cpp_example.cpp:1[m[K:
[5.120s] [01m[K/home/jiseongyoo/ros2_examples/src/composition_cpp_example/src/component_parameter_client_cpp_example.cpp:[m[K In lambda function:
[5.121s] [01m[K/home/jiseongyoo/ros2_examples/src/composition_cpp_example/src/component_parameter_client_cpp_example.cpp:30:106:[m[K [01;31m[Kerror: [m[Kâ€˜[01m[Kresult[m[Kâ€™ is not captured
[5.121s]  ogger(), "Parameter '%s' : failed -> %s", param.get_name().c_str(), [01;31m[Kr[m[Kesult.reason.c_str());
[5.121s]                                                                      [01;31m[K^[m[K
[5.122s] [01m[K/opt/ros/eloquent/include/rcutils/logging_macros.h:72:64:[m[K [01;36m[Knote: [m[Kin definition of macro â€˜[01m[KRCUTILS_LOG_COND_NAMED[m[Kâ€™
[5.122s]        rcutils_log(&__rcutils_logging_location, severity, name, [01;36m[K__VA_ARGS__[m[K); \
[5.123s]                                                                 [01;36m[K^~~~~~~~~~~[m[K
[5.123s] [01m[K/opt/ros/eloquent/include/rclcpp/logging.hpp:541:5:[m[K [01;36m[Knote: [m[Kin expansion of macro â€˜[01m[KRCUTILS_LOG_INFO_NAMED[m[Kâ€™
[5.124s]      [01;36m[KRCUTILS_LOG_INFO_NAMED[m[K( \
[5.124s]      [01;36m[K^~~~~~~~~~~~~~~~~~~~~~[m[K
[5.125s] [01m[K/opt/ros/eloquent/include/rclcpp/logging.hpp:544:9:[m[K [01;36m[Knote: [m[Kin expansion of macro â€˜[01m[KRCLCPP_ALL_BUT_FIRST_ARGS[m[Kâ€™
[5.125s]          [01;36m[KRCLCPP_ALL_BUT_FIRST_ARGS[m[K(__VA_ARGS__,"")); \
[5.125s]          [01;36m[K^~~~~~~~~~~~~~~~~~~~~~~~~[m[K
[5.126s] [01m[K/home/jiseongyoo/ros2_examples/src/composition_cpp_example/src/component_parameter_client_cpp_example.cpp:30:15:[m[K [01;36m[Knote: [m[Kin expansion of macro â€˜[01m[KRCLCPP_INFO[m[Kâ€™
[5.126s]                [01;36m[KRCLCPP_INFO[m[K(this->get_logger(), "Parameter '%s' : failed -> %s", param.get_name().c_str(), result.reason.c_str());
[5.127s]                [01;36m[K^~~~~~~~~~~[m[K
[5.127s] [01m[K/home/jiseongyoo/ros2_examples/src/composition_cpp_example/src/component_parameter_client_cpp_example.cpp:28:46:[m[K [01;36m[Knote: [m[Kthe lambda has no capture-default
[5.128s]            auto get_parameter_callback = [this[01;36m[K][m[K(std::shared_future<std::vector<rclcpp::Parameter>> future) {
[5.128s]                                               [01;36m[K^[m[K
[5.129s] [01m[K/home/jiseongyoo/ros2_examples/src/composition_cpp_example/src/component_parameter_client_cpp_example.cpp:18:19:[m[K [01;36m[Knote: [m[Kâ€˜[01m[Kconst rcl_interfaces::msg::SetParametersResult_<std::allocator<void> >& result[m[Kâ€™ declared here
[5.129s]        for (auto & [01;36m[Kresult[m[K : set_parameter_result.get()){
[5.129s]                    [01;36m[K^~~~~~[m[K
[6.618s] make[2]: *** [CMakeFiles/component_parameter_client_cpp.dir/src/component_parameter_client_cpp_example.cpp.o] Error 1
[6.618s] make[1]: *** [CMakeFiles/component_parameter_client_cpp.dir/all] Error 2
[6.619s] make: *** [all] Error 2
