[0.187s] -- Found ament_cmake: 0.8.2 (/opt/ros/eloquent/share/ament_cmake/cmake)
[0.305s] -- Using PYTHON_EXECUTABLE: /usr/bin/python3
[1.079s] -- Found rclcpp: 0.8.4 (/opt/ros/eloquent/share/rclcpp/cmake)
[1.131s] -- Found rosidl_adapter: 0.8.2 (/opt/ros/eloquent/share/rosidl_adapter/cmake)
[1.275s] -- Found rmw_implementation_cmake: 0.8.1 (/opt/ros/eloquent/share/rmw_implementation_cmake/cmake)
[1.280s] -- Using RMW implementation 'rmw_fastrtps_cpp' as default
[1.411s] -- Found ament_lint_auto: 0.8.1 (/opt/ros/eloquent/share/ament_lint_auto/cmake)
[1.706s] -- Added test 'copyright' to check for copyright in CMake / C / C++ / Python code
[1.708s] -- Added test 'cppcheck' to perform static code analysis on C / C++ code
[1.710s] -- Configured cppcheck include dirs: /home/jiseongyoo/ros2_examples/src/pub_sub_cpp_template/rclcpp;$<BUILD_INTERFACE:/home/jiseongyoo/ros2_examples/src/pub_sub_cpp_template/include>
[1.712s] -- Added test 'cpplint' to check C / C++ code against the Google style
[1.716s] -- Added test 'lint_cmake' to check CMake code style
[1.721s] -- Added test 'uncrustify' to check C / C++ code style
[1.723s] -- Added test 'xmllint' to check XML markup files
[1.733s] -- Configuring done
[1.749s] -- Generating done
[1.757s] -- Build files have been written to: /home/jiseongyoo/ros2_examples/build/pub_sub_cpp_template
[1.848s] [35m[1mScanning dependencies of target pub_cpp_template[0m
[1.920s] [ 50%] [32mBuilding CXX object CMakeFiles/pub_cpp_template.dir/src/pub_cpp_template.cpp.o[0m
[1.964s] [01m[K/home/jiseongyoo/ros2_examples/src/pub_sub_cpp_template/src/pub_cpp_template.cpp:3:10:[m[K [01;31m[Kfatal error: [m[Krclcpp/rclcpp.hpp: No such file or directory
[1.965s]  #include [01;31m[K"rclcpp/rclcpp.hpp"[m[K
[1.965s]           [01;31m[K^~~~~~~~~~~~~~~~~~~[m[K
[1.966s] compilation terminated.
[1.984s] make[2]: *** [CMakeFiles/pub_cpp_template.dir/src/pub_cpp_template.cpp.o] Error 1
[1.986s] CMakeFiles/pub_cpp_template.dir/build.make:62: recipe for target 'CMakeFiles/pub_cpp_template.dir/src/pub_cpp_template.cpp.o' failed
[1.987s] CMakeFiles/Makefile2:131: recipe for target 'CMakeFiles/pub_cpp_template.dir/all' failed
[1.988s] make[1]: *** [CMakeFiles/pub_cpp_template.dir/all] Error 2
[1.988s] Makefile:140: recipe for target 'all' failed
[1.989s] make: *** [all] Error 2
