[4.712s] [01m[K/home/jiseongyoo/ros2_examples/src/pub_sub_cpp_template/src/pub_cpp_template.cpp:[m[K In member function â€˜[01m[Kvoid publisherTemplate::timer_callback()[m[Kâ€™:
[4.714s] [01m[K/home/jiseongyoo/ros2_examples/src/pub_sub_cpp_template/src/pub_cpp_template.cpp:31:5:[m[K [01;31m[Kerror: [m[Kexpected â€˜[01m[K,[m[Kâ€™ or â€˜[01m[K;[m[Kâ€™ before â€˜[01m[Kpublisher_[m[Kâ€™
[4.715s]      [01;31m[Kpublisher_[m[K->publish(message);
[4.716s]      [01;31m[K^~~~~~~~~~[m[K
[4.717s] [01m[K/home/jiseongyoo/ros2_examples/src/pub_sub_cpp_template/src/pub_cpp_template.cpp:24:9:[m[K [01;35m[Kwarning: [m[Kunused variable â€˜[01m[Kmessage[m[Kâ€™ [[01;35m[K-Wunused-variable[m[K]
[4.717s]      int [01;35m[Kmessage[m[K = 1
[4.718s]          [01;35m[K^~~~~~~[m[K
[7.121s] make[2]: *** [CMakeFiles/pub_cpp_template.dir/src/pub_cpp_template.cpp.o] Error 1
[7.123s] make[1]: *** [CMakeFiles/pub_cpp_template.dir/all] Error 2
[7.127s] make: *** [all] Error 2
