[0.080s] Invoking command in '/home/jiseongyoo/ros2_examples/build/composition_cpp_example': AMENT_PREFIX_PATH=/home/jiseongyoo/ros2_examples/install/interfaces:${AMENT_PREFIX_PATH} CMAKE_PREFIX_PATH=/home/jiseongyoo/ros2_examples/install/interfaces:/opt/ros/eloquent LD_LIBRARY_PATH=/home/jiseongyoo/ros2_examples/install/interfaces/lib:${LD_LIBRARY_PATH} PYTHONPATH=/home/jiseongyoo/ros2_examples/install/interfaces/lib/python3.6/site-packages:${PYTHONPATH} /usr/bin/cmake --build /home/jiseongyoo/ros2_examples/build/composition_cpp_example -- -j2 -l2
[0.341s] [ 14%] Built target component_service_server_cpp
[0.359s] [ 28%] Built target component_action_server_cpp
[0.395s] [35m[1mScanning dependencies of target component_action_client_cpp[0m
[0.560s] [ 42%] [32mBuilding CXX object CMakeFiles/component_action_client_cpp.dir/src/component_action_client_cpp_example.cpp.o[0m
[0.568s] [ 50%] Built target component_sub_cpp
[0.749s] [ 64%] Built target component_service_client_cpp
[0.858s] [ 78%] Built target component_pub_cpp
[5.404s] In file included from [01m[K/opt/ros/eloquent/include/rclcpp/client.hpp:39:0[m[K,
[5.406s]                  from [01m[K/opt/ros/eloquent/include/rclcpp/callback_group.hpp:23[m[K,
[5.409s]                  from [01m[K/opt/ros/eloquent/include/rclcpp/any_executable.hpp:20[m[K,
[5.411s]                  from [01m[K/opt/ros/eloquent/include/rclcpp/memory_strategy.hpp:24[m[K,
[5.411s]                  from [01m[K/opt/ros/eloquent/include/rclcpp/memory_strategies.hpp:18[m[K,
[5.412s]                  from [01m[K/opt/ros/eloquent/include/rclcpp/executor.hpp:33[m[K,
[5.412s]                  from [01m[K/opt/ros/eloquent/include/rclcpp/executors/multi_threaded_executor.hpp:25[m[K,
[5.413s]                  from [01m[K/opt/ros/eloquent/include/rclcpp/executors.hpp:21[m[K,
[5.413s]                  from [01m[K/opt/ros/eloquent/include/rclcpp/rclcpp.hpp:145[m[K,
[5.413s]                  from [01m[K/home/jiseongyoo/ros2_examples/src/composition_cpp_example/include/composition_cpp_example/component_action_client_cpp_example.hpp:7[m[K,
[5.414s]                  from [01m[K/home/jiseongyoo/ros2_examples/src/composition_cpp_example/src/component_action_client_cpp_example.cpp:1[m[K:
[5.414s] [01m[K/home/jiseongyoo/ros2_examples/src/composition_cpp_example/src/component_action_client_cpp_example.cpp:[m[K In member function â€˜[01m[Kvoid component::ComponentActionClientExample::result_callback(const WrappedResult&)[m[Kâ€™:
[5.414s] [01m[K/home/jiseongyoo/ros2_examples/src/composition_cpp_example/src/component_action_client_cpp_example.cpp:18:94:[m[K [01;31m[Kerror: [m[Kâ€˜[01m[Kconst SharedPtr {aka const class std::shared_ptr<interfaces::action::Example_Result_<std::allocator<void> > >}[m[Kâ€™ has no member named â€˜[01m[Kc_str[m[Kâ€™; did you mean â€˜[01m[K_M_ptr[m[Kâ€™?
[5.415s]  his->get_logger(), "Action '/action' : succeeded : %s", result.result.[01;31m[Kc[m[K_str());
[5.415s]                                                                        [01;31m[K^[m[K
[5.415s] [01m[K/opt/ros/eloquent/include/rcutils/logging_macros.h:72:64:[m[K [01;36m[Knote: [m[Kin definition of macro â€˜[01m[KRCUTILS_LOG_COND_NAMED[m[Kâ€™
[5.416s]        rcutils_log(&__rcutils_logging_location, severity, name, [01;36m[K__VA_ARGS__[m[K); \
[5.416s]                                                                 [01;36m[K^~~~~~~~~~~[m[K
[5.416s] [01m[K/opt/ros/eloquent/include/rclcpp/logging.hpp:541:5:[m[K [01;36m[Knote: [m[Kin expansion of macro â€˜[01m[KRCUTILS_LOG_INFO_NAMED[m[Kâ€™
[5.417s]      [01;36m[KRCUTILS_LOG_INFO_NAMED[m[K( \
[5.417s]      [01;36m[K^~~~~~~~~~~~~~~~~~~~~~[m[K
[5.417s] [01m[K/opt/ros/eloquent/include/rclcpp/logging.hpp:544:9:[m[K [01;36m[Knote: [m[Kin expansion of macro â€˜[01m[KRCLCPP_ALL_BUT_FIRST_ARGS[m[Kâ€™
[5.418s]          [01;36m[KRCLCPP_ALL_BUT_FIRST_ARGS[m[K(__VA_ARGS__,"")); \
[5.418s]          [01;36m[K^~~~~~~~~~~~~~~~~~~~~~~~~[m[K
[5.418s] [01m[K/home/jiseongyoo/ros2_examples/src/composition_cpp_example/src/component_action_client_cpp_example.cpp:18:11:[m[K [01;36m[Knote: [m[Kin expansion of macro â€˜[01m[KRCLCPP_INFO[m[Kâ€™
[5.419s]            [01;36m[KRCLCPP_INFO[m[K(this->get_logger(), "Action '/action' : succeeded : %s", result.result.c_str());
[5.420s]            [01;36m[K^~~~~~~~~~~[m[K
[8.836s] CMakeFiles/component_action_client_cpp.dir/build.make:62: recipe for target 'CMakeFiles/component_action_client_cpp.dir/src/component_action_client_cpp_example.cpp.o' failed
[8.840s] make[2]: *** [CMakeFiles/component_action_client_cpp.dir/src/component_action_client_cpp_example.cpp.o] Error 1
[8.841s] CMakeFiles/Makefile2:146: recipe for target 'CMakeFiles/component_action_client_cpp.dir/all' failed
[8.841s] make[1]: *** [CMakeFiles/component_action_client_cpp.dir/all] Error 2
[8.846s] Makefile:140: recipe for target 'all' failed
[8.847s] make: *** [all] Error 2
[8.848s] Invoked command in '/home/jiseongyoo/ros2_examples/build/composition_cpp_example' returned '2': AMENT_PREFIX_PATH=/home/jiseongyoo/ros2_examples/install/interfaces:${AMENT_PREFIX_PATH} CMAKE_PREFIX_PATH=/home/jiseongyoo/ros2_examples/install/interfaces:/opt/ros/eloquent LD_LIBRARY_PATH=/home/jiseongyoo/ros2_examples/install/interfaces/lib:${LD_LIBRARY_PATH} PYTHONPATH=/home/jiseongyoo/ros2_examples/install/interfaces/lib/python3.6/site-packages:${PYTHONPATH} /usr/bin/cmake --build /home/jiseongyoo/ros2_examples/build/composition_cpp_example -- -j2 -l2
