[0.082s] Invoking command in '/home/jiseongyoo/ros2_examples/build/action_cpp_example': CMAKE_PREFIX_PATH=/home/jiseongyoo/ros2_examples/install/interfaces:/home/jiseongyoo/ros2_examples/install/service_cpp_example:/home/jiseongyoo/ros2_examples/install/pubsub_cpp_template:/home/jiseongyoo/ros2_examples/install/pubsub_cpp_example:/home/jiseongyoo/ros2_examples/install/pub_sub_cpp_template:/home/jiseongyoo/ros2_examples/install/param_cpp_example:/home/jiseongyoo/ros2_examples/install/action_cpp_example:/home/jiseongyoo/ros2_examples/install/cpp_pubsub:/opt/ros/eloquent /usr/bin/cmake --build /home/jiseongyoo/ros2_examples/build/action_cpp_example -- -j2 -l2
[0.256s] [35m[1mScanning dependencies of target action_client_cpp[0m
[0.329s] [ 50%] Built target action_server_cpp
[0.436s] [ 75%] [32mBuilding CXX object CMakeFiles/action_client_cpp.dir/src/action_client_cpp_example.cpp.o[0m
[4.900s] In file included from [01m[K/opt/ros/eloquent/include/rclcpp/client.hpp:39:0[m[K,
[4.903s]                  from [01m[K/opt/ros/eloquent/include/rclcpp/callback_group.hpp:23[m[K,
[4.903s]                  from [01m[K/opt/ros/eloquent/include/rclcpp/any_executable.hpp:20[m[K,
[4.904s]                  from [01m[K/opt/ros/eloquent/include/rclcpp/memory_strategy.hpp:24[m[K,
[4.904s]                  from [01m[K/opt/ros/eloquent/include/rclcpp/memory_strategies.hpp:18[m[K,
[4.905s]                  from [01m[K/opt/ros/eloquent/include/rclcpp/executor.hpp:33[m[K,
[4.905s]                  from [01m[K/opt/ros/eloquent/include/rclcpp/executors/multi_threaded_executor.hpp:25[m[K,
[4.906s]                  from [01m[K/opt/ros/eloquent/include/rclcpp/executors.hpp:21[m[K,
[4.906s]                  from [01m[K/opt/ros/eloquent/include/rclcpp/rclcpp.hpp:145[m[K,
[4.907s]                  from [01m[K/home/jiseongyoo/ros2_examples/src/action_cpp_example/src/action_client_cpp_example.cpp:3[m[K:
[4.907s] [01m[K/home/jiseongyoo/ros2_examples/src/action_cpp_example/src/action_client_cpp_example.cpp:[m[K In member function â€˜[01m[Kvoid ActionClientExample::feedback_callback(rclcpp_action::ClientGoalHandle<interfaces::action::Example>::SharedPtr, std::shared_ptr<const interfaces::action::Example_Feedback_<std::allocator<void> > >)[m[Kâ€™:
[4.915s] [01m[K/home/jiseongyoo/ros2_examples/src/action_cpp_example/src/action_client_cpp_example.cpp:44:78:[m[K [01;31m[Kerror: [m[Kâ€˜[01m[Kconst class std::shared_ptr<const interfaces::action::Example_Feedback_<std::allocator<void> > >[m[Kâ€™ has no member named â€˜[01m[Kfeedback[m[Kâ€™
[4.917s]  P_INFO(this->get_logger(), "Action feedback arrived '%s'", feedback.[01;31m[Kf[m[Keedback->feedback.c_str());
[4.918s]                                                                      [01;31m[K^[m[K
[4.918s] [01m[K/opt/ros/eloquent/include/rcutils/logging_macros.h:72:64:[m[K [01;36m[Knote: [m[Kin definition of macro â€˜[01m[KRCUTILS_LOG_COND_NAMED[m[Kâ€™
[4.919s]        rcutils_log(&__rcutils_logging_location, severity, name, [01;36m[K__VA_ARGS__[m[K); \
[4.919s]                                                                 [01;36m[K^~~~~~~~~~~[m[K
[4.919s] [01m[K/opt/ros/eloquent/include/rclcpp/logging.hpp:541:5:[m[K [01;36m[Knote: [m[Kin expansion of macro â€˜[01m[KRCUTILS_LOG_INFO_NAMED[m[Kâ€™
[4.920s]      [01;36m[KRCUTILS_LOG_INFO_NAMED[m[K( \
[4.920s]      [01;36m[K^~~~~~~~~~~~~~~~~~~~~~[m[K
[4.920s] [01m[K/opt/ros/eloquent/include/rclcpp/logging.hpp:544:9:[m[K [01;36m[Knote: [m[Kin expansion of macro â€˜[01m[KRCLCPP_ALL_BUT_FIRST_ARGS[m[Kâ€™
[4.921s]          [01;36m[KRCLCPP_ALL_BUT_FIRST_ARGS[m[K(__VA_ARGS__,"")); \
[4.921s]          [01;36m[K^~~~~~~~~~~~~~~~~~~~~~~~~[m[K
[4.921s] [01m[K/home/jiseongyoo/ros2_examples/src/action_cpp_example/src/action_client_cpp_example.cpp:44:5:[m[K [01;36m[Knote: [m[Kin expansion of macro â€˜[01m[KRCLCPP_INFO[m[Kâ€™
[4.922s]      [01;36m[KRCLCPP_INFO[m[K(this->get_logger(), "Action feedback arrived '%s'", feedback.feedback->feedback.c_str());
[4.922s]      [01;36m[K^~~~~~~~~~~[m[K
[4.923s] [01m[K/home/jiseongyoo/ros2_examples/src/action_cpp_example/src/action_client_cpp_example.cpp:[m[K In member function â€˜[01m[Kvoid ActionClientExample::send_goal()[m[Kâ€™:
[4.923s] [01m[K/home/jiseongyoo/ros2_examples/src/action_cpp_example/src/action_client_cpp_example.cpp:55:16:[m[K [01;31m[Kerror: [m[Kreturn-statement with a value, in function returning 'void' [[01;31m[K-fpermissive[m[K]
[4.923s]          return [01;31m[K0[m[K;
[4.924s]                 [01;31m[K^[m[K
[4.924s] [01m[K/home/jiseongyoo/ros2_examples/src/action_cpp_example/src/action_client_cpp_example.cpp:59:5:[m[K [01;31m[Kerror: [m[Kexpected â€˜[01m[K;[m[Kâ€™ before â€˜[01m[K}[m[Kâ€™ token
[4.924s]      [01;31m[K}[m[K
[4.925s]      [01;31m[K^[m[K
[4.925s] [01m[K/home/jiseongyoo/ros2_examples/src/action_cpp_example/src/action_client_cpp_example.cpp:66:66:[m[K [01;31m[Kerror: [m[Kno matching function for call to â€˜[01m[Krclcpp_action::Client<interfaces::action::Example>::async_send_goal(interfaces::action::Example_Goal_<std::allocator<void> >&, std::shared_ptr<rclcpp_action::Client<interfaces::action::Example>::SendGoalOptions>&)[m[Kâ€™
[4.925s]      this->action_client_->async_send_goal(goal, send_goal_options[01;31m[K)[m[K;
[4.926s]                                                                   [01;31m[K^[m[K
[4.926s] In file included from [01m[K/opt/ros/eloquent/include/rclcpp_action/rclcpp_action.hpp:36:0[m[K,
[4.926s]                  from [01m[K/home/jiseongyoo/ros2_examples/src/action_cpp_example/src/action_client_cpp_example.cpp:4[m[K:
[4.927s] [01m[K/opt/ros/eloquent/include/rclcpp_action/client.hpp:343:3:[m[K [01;36m[Knote: [m[Kcandidate: std::shared_future<typename rclcpp_action::ClientGoalHandle<ActionT>::SharedPtr> rclcpp_action::Client<ActionT>::async_send_goal(const Goal&, const rclcpp_action::Client<ActionT>::SendGoalOptions&) [with ActionT = interfaces::action::Example; typename rclcpp_action::ClientGoalHandle<ActionT>::SharedPtr = std::shared_ptr<rclcpp_action::ClientGoalHandle<interfaces::action::Example> >; rclcpp_action::Client<ActionT>::Goal = interfaces::action::Example_Goal_<std::allocator<void> >]
[4.927s]    [01;36m[Kasync_send_goal[m[K(const Goal & goal, const SendGoalOptions & options = SendGoalOptions())
[4.930s]    [01;36m[K^~~~~~~~~~~~~~~[m[K
[4.936s] [01m[K/opt/ros/eloquent/include/rclcpp_action/client.hpp:343:3:[m[K [01;36m[Knote: [m[K  no known conversion for argument 2 from â€˜[01m[Kstd::shared_ptr<rclcpp_action::Client<interfaces::action::Example>::SendGoalOptions>[m[Kâ€™ to â€˜[01m[Kconst rclcpp_action::Client<interfaces::action::Example>::SendGoalOptions&[m[Kâ€™
[4.936s] [01m[K/home/jiseongyoo/ros2_examples/src/action_cpp_example/src/action_client_cpp_example.cpp:[m[K In constructor â€˜[01m[KActionClientExample::ActionClientExample(const rclcpp::NodeOptions&)[m[Kâ€™:
[4.937s] [01m[K/home/jiseongyoo/ros2_examples/src/action_cpp_example/src/action_client_cpp_example.cpp:71:35:[m[K [01;31m[Kerror: [m[Kâ€˜[01m[Krclcpp_action::create_client<interfaces::action::Example>[m[Kâ€™ is not a class member
[4.937s]       this->action_client_ = this->[01;31m[Krclcpp_action[m[K::create_client<interfaces::action::Example>(
[4.937s]                                    [01;31m[K^~~~~~~~~~~~~[m[K
[4.938s] [01m[K/home/jiseongyoo/ros2_examples/src/action_cpp_example/src/action_client_cpp_example.cpp:79:27:[m[K [01;31m[Kerror: [m[Kâ€˜[01m[Krclcpp::create_wall_timer[m[Kâ€™ is not a class member
[4.940s]       this->timer_ = this->[01;31m[Krclcpp[m[K::create_wall_timer(
[4.940s]                            [01;31m[K^~~~~~[m[K
[4.941s] [01m[K/home/jiseongyoo/ros2_examples/src/action_cpp_example/src/action_client_cpp_example.cpp:84:94:[m[K [01;31m[Kerror: [m[Kno match for â€˜[01m[Koperator=[m[Kâ€™ (operand types are â€˜[01m[Kstd::shared_ptr<rclcpp_action::Client<interfaces::action::Example>::SendGoalOptions>[m[Kâ€™ and â€˜[01m[Krclcpp_action::Client<interfaces::action::Example>::SendGoalOptions[m[Kâ€™)
[4.941s]  ptions = rclcpp_action::Client<interfaces::action::Example>::SendGoalOptions([01;31m[K)[m[K;
[4.942s]                                                                               [01;31m[K^[m[K
[4.942s] In file included from [01m[K/usr/include/c++/7/memory:81:0[m[K,
[4.942s]                  from [01m[K/opt/ros/eloquent/include/rclcpp/rclcpp.hpp:143[m[K,
[4.943s]                  from [01m[K/home/jiseongyoo/ros2_examples/src/action_cpp_example/src/action_client_cpp_example.cpp:3[m[K:
[4.943s] [01m[K/usr/include/c++/7/bits/shared_ptr.h:296:19:[m[K [01;36m[Knote: [m[Kcandidate: std::shared_ptr<_Tp>& std::shared_ptr<_Tp>::operator=(const std::shared_ptr<_Tp>&) [with _Tp = rclcpp_action::Client<interfaces::action::Example>::SendGoalOptions]
[4.943s]        shared_ptr& [01;36m[Koperator[m[K=(const shared_ptr&) noexcept = default;
[4.944s]                    [01;36m[K^~~~~~~~[m[K
[4.945s] [01m[K/usr/include/c++/7/bits/shared_ptr.h:296:19:[m[K [01;36m[Knote: [m[K  no known conversion for argument 1 from â€˜[01m[Krclcpp_action::Client<interfaces::action::Example>::SendGoalOptions[m[Kâ€™ to â€˜[01m[Kconst std::shared_ptr<rclcpp_action::Client<interfaces::action::Example>::SendGoalOptions>&[m[Kâ€™
[4.946s] [01m[K/usr/include/c++/7/bits/shared_ptr.h:300:2:[m[K [01;36m[Knote: [m[Kcandidate: template<class _Yp> std::shared_ptr<_Tp>::_Assignable<const std::shared_ptr<_Yp>&> std::shared_ptr<_Tp>::operator=(const std::shared_ptr<_Yp>&) [with _Yp = _Yp; _Tp = rclcpp_action::Client<interfaces::action::Example>::SendGoalOptions]
[4.946s]   [01;36m[Koperator[m[K=(const shared_ptr<_Yp>& __r) noexcept
[4.946s]   [01;36m[K^~~~~~~~[m[K
[4.947s] [01m[K/usr/include/c++/7/bits/shared_ptr.h:300:2:[m[K [01;36m[Knote: [m[K  template argument deduction/substitution failed:
[4.947s] [01m[K/home/jiseongyoo/ros2_examples/src/action_cpp_example/src/action_client_cpp_example.cpp:84:94:[m[K [01;36m[Knote: [m[K  â€˜[01m[Krclcpp_action::Client<interfaces::action::Example>::SendGoalOptions[m[Kâ€™ is not derived from â€˜[01m[Kconst std::shared_ptr<_Tp>[m[Kâ€™
[4.947s]  ptions = rclcpp_action::Client<interfaces::action::Example>::SendGoalOptions([01;36m[K)[m[K;
[4.948s]                                                                               [01;36m[K^[m[K
[4.948s] In file included from [01m[K/usr/include/c++/7/memory:81:0[m[K,
[4.948s]                  from [01m[K/opt/ros/eloquent/include/rclcpp/rclcpp.hpp:143[m[K,
[4.949s]                  from [01m[K/home/jiseongyoo/ros2_examples/src/action_cpp_example/src/action_client_cpp_example.cpp:3[m[K:
[4.949s] [01m[K/usr/include/c++/7/bits/shared_ptr.h:309:2:[m[K [01;36m[Knote: [m[Kcandidate: template<class _Yp> std::shared_ptr<_Tp>::_Assignable<std::auto_ptr<_Up> > std::shared_ptr<_Tp>::operator=(std::auto_ptr<_Up>&&) [with _Yp = _Yp; _Tp = rclcpp_action::Client<interfaces::action::Example>::SendGoalOptions]
[4.949s]   [01;36m[Koperator[m[K=(auto_ptr<_Yp>&& __r)
[4.950s]   [01;36m[K^~~~~~~~[m[K
[4.950s] [01m[K/usr/include/c++/7/bits/shared_ptr.h:309:2:[m[K [01;36m[Knote: [m[K  template argument deduction/substitution failed:
[4.951s] [01m[K/home/jiseongyoo/ros2_examples/src/action_cpp_example/src/action_client_cpp_example.cpp:84:94:[m[K [01;36m[Knote: [m[K  â€˜[01m[Krclcpp_action::Client<interfaces::action::Example>::SendGoalOptions[m[Kâ€™ is not derived from â€˜[01m[Kstd::auto_ptr<_Up>[m[Kâ€™
[4.951s]  ptions = rclcpp_action::Client<interfaces::action::Example>::SendGoalOptions([01;36m[K)[m[K;
[4.951s]                                                                               [01;36m[K^[m[K
[4.952s] In file included from [01m[K/usr/include/c++/7/memory:81:0[m[K,
[4.952s]                  from [01m[K/opt/ros/eloquent/include/rclcpp/rclcpp.hpp:143[m[K,
[4.952s]                  from [01m[K/home/jiseongyoo/ros2_examples/src/action_cpp_example/src/action_client_cpp_example.cpp:3[m[K:
[4.953s] [01m[K/usr/include/c++/7/bits/shared_ptr.h:317:7:[m[K [01;36m[Knote: [m[Kcandidate: std::shared_ptr<_Tp>& std::shared_ptr<_Tp>::operator=(std::shared_ptr<_Tp>&&) [with _Tp = rclcpp_action::Client<interfaces::action::Example>::SendGoalOptions]
[4.953s]        [01;36m[Koperator[m[K=(shared_ptr&& __r) noexcept
[4.953s]        [01;36m[K^~~~~~~~[m[K
[4.954s] [01m[K/usr/include/c++/7/bits/shared_ptr.h:317:7:[m[K [01;36m[Knote: [m[K  no known conversion for argument 1 from â€˜[01m[Krclcpp_action::Client<interfaces::action::Example>::SendGoalOptions[m[Kâ€™ to â€˜[01m[Kstd::shared_ptr<rclcpp_action::Client<interfaces::action::Example>::SendGoalOptions>&&[m[Kâ€™
[4.954s] [01m[K/usr/include/c++/7/bits/shared_ptr.h:325:2:[m[K [01;36m[Knote: [m[Kcandidate: template<class _Yp> std::shared_ptr<_Tp>::_Assignable<std::shared_ptr<_Yp> > std::shared_ptr<_Tp>::operator=(std::shared_ptr<_Yp>&&) [with _Yp = _Yp; _Tp = rclcpp_action::Client<interfaces::action::Example>::SendGoalOptions]
[4.955s]   [01;36m[Koperator[m[K=(shared_ptr<_Yp>&& __r) noexcept
[4.955s]   [01;36m[K^~~~~~~~[m[K
[4.955s] [01m[K/usr/include/c++/7/bits/shared_ptr.h:325:2:[m[K [01;36m[Knote: [m[K  template argument deduction/substitution failed:
[4.956s] [01m[K/home/jiseongyoo/ros2_examples/src/action_cpp_example/src/action_client_cpp_example.cpp:84:94:[m[K [01;36m[Knote: [m[K  â€˜[01m[Krclcpp_action::Client<interfaces::action::Example>::SendGoalOptions[m[Kâ€™ is not derived from â€˜[01m[Kstd::shared_ptr<_Tp>[m[Kâ€™
[4.956s]  ptions = rclcpp_action::Client<interfaces::action::Example>::SendGoalOptions([01;36m[K)[m[K;
[4.957s]                                                                               [01;36m[K^[m[K
[4.957s] In file included from [01m[K/usr/include/c++/7/memory:81:0[m[K,
[4.957s]                  from [01m[K/opt/ros/eloquent/include/rclcpp/rclcpp.hpp:143[m[K,
[4.958s]                  from [01m[K/home/jiseongyoo/ros2_examples/src/action_cpp_example/src/action_client_cpp_example.cpp:3[m[K:
[4.960s] [01m[K/usr/include/c++/7/bits/shared_ptr.h:333:2:[m[K [01;36m[Knote: [m[Kcandidate: template<class _Yp, class _Del> std::shared_ptr<_Tp>::_Assignable<std::unique_ptr<_Up, _Ep> > std::shared_ptr<_Tp>::operator=(std::unique_ptr<_Up, _Ep>&&) [with _Yp = _Yp; _Del = _Del; _Tp = rclcpp_action::Client<interfaces::action::Example>::SendGoalOptions]
[4.961s]   [01;36m[Koperator[m[K=(unique_ptr<_Yp, _Del>&& __r)
[4.961s]   [01;36m[K^~~~~~~~[m[K
[4.961s] [01m[K/usr/include/c++/7/bits/shared_ptr.h:333:2:[m[K [01;36m[Knote: [m[K  template argument deduction/substitution failed:
[4.962s] [01m[K/home/jiseongyoo/ros2_examples/src/action_cpp_example/src/action_client_cpp_example.cpp:84:94:[m[K [01;36m[Knote: [m[K  â€˜[01m[Krclcpp_action::Client<interfaces::action::Example>::SendGoalOptions[m[Kâ€™ is not derived from â€˜[01m[Kstd::unique_ptr<_Tp, _Dp>[m[Kâ€™
[4.963s]  ptions = rclcpp_action::Client<interfaces::action::Example>::SendGoalOptions([01;36m[K)[m[K;
[4.963s]                                                                               [01;36m[K^[m[K
[4.964s] [01m[K/home/jiseongyoo/ros2_examples/src/action_cpp_example/src/action_client_cpp_example.cpp:85:24:[m[K [01;31m[Kerror: [m[Kâ€˜[01m[Kclass std::shared_ptr<rclcpp_action::Client<interfaces::action::Example>::SendGoalOptions>[m[Kâ€™ has no member named â€˜[01m[Kgoal_response_callback[m[Kâ€™
[4.966s]       send_goal_options.[01;31m[Kgoal_response_callback[m[K = std::bind(&ActionClientExample::goal_response_callback, this, std::placeholders::_1);
[4.967s]                         [01;31m[K^~~~~~~~~~~~~~~~~~~~~~[m[K
[4.967s] [01m[K/home/jiseongyoo/ros2_examples/src/action_cpp_example/src/action_client_cpp_example.cpp:86:24:[m[K [01;31m[Kerror: [m[Kâ€˜[01m[Kclass std::shared_ptr<rclcpp_action::Client<interfaces::action::Example>::SendGoalOptions>[m[Kâ€™ has no member named â€˜[01m[Kresult_callback[m[Kâ€™
[4.968s]       send_goal_options.[01;31m[Kresult_callback[m[K = std::bind(&ActionClientExample::result_callback, this, std::placeholders::_1);
[4.968s]                         [01;31m[K^~~~~~~~~~~~~~~[m[K
[4.973s] [01m[K/home/jiseongyoo/ros2_examples/src/action_cpp_example/src/action_client_cpp_example.cpp:87:24:[m[K [01;31m[Kerror: [m[Kâ€˜[01m[Kclass std::shared_ptr<rclcpp_action::Client<interfaces::action::Example>::SendGoalOptions>[m[Kâ€™ has no member named â€˜[01m[Kfeedback_callback[m[Kâ€™
[4.974s]       send_goal_options.[01;31m[Kfeedback_callback[m[K = std::bind(&ActionClientExample::feedback_callback, this, std::placeholders::_1, std::placeholders::_2);
[4.974s]                         [01;31m[K^~~~~~~~~~~~~~~~~[m[K
[5.720s] make[2]: *** [CMakeFiles/action_client_cpp.dir/src/action_client_cpp_example.cpp.o] Error 1
[5.725s] CMakeFiles/action_client_cpp.dir/build.make:62: recipe for target 'CMakeFiles/action_client_cpp.dir/src/action_client_cpp_example.cpp.o' failed
[5.729s] CMakeFiles/Makefile2:168: recipe for target 'CMakeFiles/action_client_cpp.dir/all' failed
[5.729s] Makefile:140: recipe for target 'all' failed
[5.730s] make[1]: *** [CMakeFiles/action_client_cpp.dir/all] Error 2
[5.730s] make: *** [all] Error 2
[5.731s] Invoked command in '/home/jiseongyoo/ros2_examples/build/action_cpp_example' returned '2': CMAKE_PREFIX_PATH=/home/jiseongyoo/ros2_examples/install/interfaces:/home/jiseongyoo/ros2_examples/install/service_cpp_example:/home/jiseongyoo/ros2_examples/install/pubsub_cpp_template:/home/jiseongyoo/ros2_examples/install/pubsub_cpp_example:/home/jiseongyoo/ros2_examples/install/pub_sub_cpp_template:/home/jiseongyoo/ros2_examples/install/param_cpp_example:/home/jiseongyoo/ros2_examples/install/action_cpp_example:/home/jiseongyoo/ros2_examples/install/cpp_pubsub:/opt/ros/eloquent /usr/bin/cmake --build /home/jiseongyoo/ros2_examples/build/action_cpp_example -- -j2 -l2
