[0.193s] -- Found ament_cmake: 0.8.2 (/opt/ros/eloquent/share/ament_cmake/cmake)
[0.291s] -- Found PythonInterp: /usr/bin/python3 (found suitable version "3.6.9", minimum required is "3") 
[0.291s] -- Using PYTHON_EXECUTABLE: /usr/bin/python3
[1.035s] -- Found rosidl_default_generators: 0.8.0 (/opt/ros/eloquent/share/rosidl_default_generators/cmake)
[1.259s] -- Found rosidl_adapter: 0.8.2 (/opt/ros/eloquent/share/rosidl_adapter/cmake)
[1.641s] -- Found PythonInterp: /usr/bin/python3 (found version "3.6.9") 
[2.360s] CMake Error at /opt/ros/eloquent/share/rosidl_adapter/cmake/rosidl_adapt_interfaces.cmake:60 (message):
[2.360s]   execute_process(/usr/bin/python3 -m rosidl_adapter --package-name
[2.361s]   interfaces --arguments-file
[2.361s]   /home/jiseongyoo/ros2_examples/build/interfaces/rosidl_adapter__arguments__interfaces.json
[2.362s]   --output-dir
[2.362s]   /home/jiseongyoo/ros2_examples/build/interfaces/rosidl_adapter/interfaces
[2.362s]   --output-file
[2.363s]   /home/jiseongyoo/ros2_examples/build/interfaces/rosidl_adapter/interfaces.idls)
[2.363s]   returned error code 1:
[2.364s] 
[2.364s]   Traceback (most recent call last):
[2.364s] 
[2.365s]     File "/usr/lib/python3.6/runpy.py", line 193, in _run_module_as_main
[2.365s]       "__main__", mod_spec)
[2.365s]     File "/usr/lib/python3.6/runpy.py", line 85, in _run_code
[2.366s]       exec(code, run_globals)
[2.366s]     File "/opt/ros/eloquent/lib/python3.6/site-packages/rosidl_adapter/__main__.py", line 19, in <module>
[2.367s]       sys.exit(main())
[2.367s]     File "/opt/ros/eloquent/lib/python3.6/site-packages/rosidl_adapter/main.py", line 55, in main
[2.370s]       pathlib.Path(relative_path), output_dir)
[2.371s]     File "/opt/ros/eloquent/lib/python3.6/site-packages/rosidl_adapter/__init__.py", line 30, in convert_to_idl
[2.371s]       package_dir, package_name, interface_file, output_dir / 'action')
[2.372s]     File "/opt/ros/eloquent/lib/python3.6/site-packages/rosidl_adapter/action/__init__.py", line 28, in convert_action_to_idl
[2.372s]       action = parse_action_string(package_name, input_file.stem, content)
[2.372s]     File "/opt/ros/eloquent/lib/python3.6/site-packages/rosidl_adapter/parser.py", line 877, in parse_action_string
[2.377s]       pkg_name, action_name + ACTION_GOAL_SUFFIX, goal_string)
[2.381s]     File "/opt/ros/eloquent/lib/python3.6/site-packages/rosidl_adapter/parser.py", line 531, in parse_message_string
[2.381s]       msg = MessageSpecification(pkg_name, msg_name, fields, constants)
[2.381s]     File "/opt/ros/eloquent/lib/python3.6/site-packages/rosidl_adapter/parser.py", line 382, in __init__
[2.382s]       pkg_name + PACKAGE_NAME_MESSAGE_TYPE_SEPARATOR + msg_name)
[2.382s]     File "/opt/ros/eloquent/lib/python3.6/site-packages/rosidl_adapter/parser.py", line 200, in __init__
[2.383s]       self.type, VALID_MESSAGE_NAME_PATTERN.pattern))
[2.383s] 
[2.384s]   rosidl_adapter.parser.InvalidResourceName: 'Action_example_Goal' is an
[2.385s]   invalid message name.  It should have the pattern '^[A-Z][A-Za-z0-9]*$'
[2.385s] 
[2.386s] Call Stack (most recent call first):
[2.386s]   /opt/ros/eloquent/share/rosidl_cmake/cmake/rosidl_generate_interfaces.cmake:130 (rosidl_adapt_interfaces)
[2.387s]   CMakeLists.txt:23 (rosidl_generate_interfaces)
[2.387s] 
[2.388s] 
[2.388s] -- Configuring incomplete, errors occurred!
[2.388s] See also "/home/jiseongyoo/ros2_examples/build/interfaces/CMakeFiles/CMakeOutput.log".
[2.389s] Makefile:1904: recipe for target 'cmake_check_build_system' failed
[2.389s] make: *** [cmake_check_build_system] Error 1
