[0.084s] Invoking command in '/home/jiseongyoo/ros2_examples/build/pub_sub_cpp_template': CMAKE_PREFIX_PATH=${CMAKE_PREFIX_PATH}:/opt/ros/eloquent /usr/bin/cmake --build /home/jiseongyoo/ros2_examples/build/pub_sub_cpp_template -- -j2 -l2
[0.358s] [ 50%] [32mBuilding CXX object CMakeFiles/pub_cpp_template.dir/src/pub_cpp_template.cpp.o[0m
[0.403s] [01m[K/home/jiseongyoo/ros2_examples/src/pub_sub_cpp_template/src/pub_cpp_template.cpp:3:10:[m[K [01;31m[Kfatal error: [m[Krclcpp/rclcpp.hpp: No such file or directory
[0.404s]  #include [01;31m[K"rclcpp/rclcpp.hpp"[m[K
[0.405s]           [01;31m[K^~~~~~~~~~~~~~~~~~~[m[K
[0.405s] compilation terminated.
[0.435s] CMakeFiles/pub_cpp_template.dir/build.make:62: recipe for target 'CMakeFiles/pub_cpp_template.dir/src/pub_cpp_template.cpp.o' failed
[0.439s] make[2]: *** [CMakeFiles/pub_cpp_template.dir/src/pub_cpp_template.cpp.o] Error 1
[0.440s] make[1]: *** [CMakeFiles/pub_cpp_template.dir/all] Error 2
[0.441s] CMakeFiles/Makefile2:131: recipe for target 'CMakeFiles/pub_cpp_template.dir/all' failed
[0.442s] make: *** [all] Error 2
[0.444s] Makefile:140: recipe for target 'all' failed
[0.448s] Invoked command in '/home/jiseongyoo/ros2_examples/build/pub_sub_cpp_template' returned '2': CMAKE_PREFIX_PATH=${CMAKE_PREFIX_PATH}:/opt/ros/eloquent /usr/bin/cmake --build /home/jiseongyoo/ros2_examples/build/pub_sub_cpp_template -- -j2 -l2
