[4.649s] [01m[K/home/jiseongyoo/ros2_examples/src/pubsub_cpp_template/src/pub_cpp_template.cpp:[m[K In constructor â€˜[01m[KpublisherTemplate::publisherTemplate()[m[Kâ€™:
[4.651s] [01m[K/home/jiseongyoo/ros2_examples/src/pubsub_cpp_template/src/pub_cpp_template.cpp:17:25:[m[K [01;31m[Kerror: [m[Kâ€˜[01m[KMinimalPublisher[m[Kâ€™ has not been declared
[4.653s]        500ms, std::bind(&[01;31m[KMinimalPublisher[m[K::timer_callback, this));
[4.654s]                          [01;31m[K^~~~~~~~~~~~~~~~[m[K
[6.819s] make[2]: *** [CMakeFiles/pub_cpp.dir/src/pub_cpp_template.cpp.o] Error 1
[6.820s] make[1]: *** [CMakeFiles/pub_cpp.dir/all] Error 2
[6.822s] make: *** [all] Error 2
