[0.258s] [35m[1mScanning dependencies of target service_client_cpp[0m
[0.363s] [ 50%] Built target service_server_cpp
[0.425s] [ 75%] [32mBuilding CXX object CMakeFiles/service_client_cpp.dir/src/service_client_cpp_example.cpp.o[0m
[4.589s] [01m[K/home/jiseongyoo/ros2_examples/src/service_cpp_example/src/service_client_cpp_example.cpp:[m[K In member function â€˜[01m[Kvoid ServiceClientExample::send_request()[m[Kâ€™:
[4.590s] [01m[K/home/jiseongyoo/ros2_examples/src/service_cpp_example/src/service_client_cpp_example.cpp:51:54:[m[K [01;31m[Kerror: [m[Kno matching function for call to â€˜[01m[Kspin_until_future_complete(ServiceClientExample*, std::shared_future<std::shared_ptr<interfaces::srv::Example_Response_<std::allocator<void> > > >&)[m[Kâ€™
[4.590s]      rclcpp::spin_until_future_complete(this, response[01;31m[K)[m[K;
[4.591s]                                                       [01;31m[K^[m[K
[4.591s] In file included from [01m[K/opt/ros/eloquent/include/rclcpp/rclcpp.hpp:145:0[m[K,
[4.592s]                  from [01m[K/home/jiseongyoo/ros2_examples/src/service_cpp_example/src/service_client_cpp_example.cpp:14[m[K:
[4.592s] [01m[K/opt/ros/eloquent/include/rclcpp/executors.hpp:104:1:[m[K [01;36m[Knote: [m[Kcandidate: template<class FutureT, class TimeRepT, class TimeT> rclcpp::executor::FutureReturnCode rclcpp::spin_until_future_complete(rclcpp::node_interfaces::NodeBaseInterface::SharedPtr, std::shared_future<_Res>&, std::chrono::duration<_Rep, _Period>)
[4.592s]  [01;36m[Kspin_until_future_complete[m[K(
[4.593s]  [01;36m[K^~~~~~~~~~~~~~~~~~~~~~~~~~[m[K
[4.593s] [01m[K/opt/ros/eloquent/include/rclcpp/executors.hpp:104:1:[m[K [01;36m[Knote: [m[K  template argument deduction/substitution failed:
[4.594s] [01m[K/home/jiseongyoo/ros2_examples/src/service_cpp_example/src/service_client_cpp_example.cpp:51:54:[m[K [01;36m[Knote: [m[K  cannot convert â€˜[01m[K(ServiceClientExample*)this[m[Kâ€™ (type â€˜[01m[KServiceClientExample*[m[Kâ€™) to type â€˜[01m[Krclcpp::node_interfaces::NodeBaseInterface::SharedPtr {aka std::shared_ptr<rclcpp::node_interfaces::NodeBaseInterface>}[m[Kâ€™
[4.594s]      rclcpp::spin_until_future_complete(this, response[01;36m[K)[m[K;
[4.595s]                                                       [01;36m[K^[m[K
[4.595s] In file included from [01m[K/opt/ros/eloquent/include/rclcpp/rclcpp.hpp:145:0[m[K,
[4.596s]                  from [01m[K/home/jiseongyoo/ros2_examples/src/service_cpp_example/src/service_client_cpp_example.cpp:14[m[K:
[4.596s] [01m[K/opt/ros/eloquent/include/rclcpp/executors.hpp:116:1:[m[K [01;36m[Knote: [m[Kcandidate: template<class NodeT, class FutureT, class TimeRepT, class TimeT> rclcpp::executor::FutureReturnCode rclcpp::spin_until_future_complete(std::shared_ptr<_Tp>, std::shared_future<ResponseT>&, std::chrono::duration<_Rep2, _Period2>)
[4.597s]  [01;36m[Kspin_until_future_complete[m[K(
[4.597s]  [01;36m[K^~~~~~~~~~~~~~~~~~~~~~~~~~[m[K
[4.598s] [01m[K/opt/ros/eloquent/include/rclcpp/executors.hpp:116:1:[m[K [01;36m[Knote: [m[K  template argument deduction/substitution failed:
[4.598s] [01m[K/home/jiseongyoo/ros2_examples/src/service_cpp_example/src/service_client_cpp_example.cpp:51:54:[m[K [01;36m[Knote: [m[K  mismatched types â€˜[01m[Kstd::shared_ptr<_Tp>[m[Kâ€™ and â€˜[01m[KServiceClientExample*[m[Kâ€™
[4.599s]      rclcpp::spin_until_future_complete(this, response[01;36m[K)[m[K;
[4.600s]                                                       [01;36m[K^[m[K
[5.962s] CMakeFiles/service_client_cpp.dir/build.make:62: recipe for target 'CMakeFiles/service_client_cpp.dir/src/service_client_cpp_example.cpp.o' failed
[5.968s] make[2]: *** [CMakeFiles/service_client_cpp.dir/src/service_client_cpp_example.cpp.o] Error 1
[5.968s] CMakeFiles/Makefile2:168: recipe for target 'CMakeFiles/service_client_cpp.dir/all' failed
[5.975s] make[1]: *** [CMakeFiles/service_client_cpp.dir/all] Error 2
[5.976s] make: *** [all] Error 2
[5.976s] Makefile:140: recipe for target 'all' failed
