[4.227s] In file included from [01m[K/home/jiseongyoo/ros2_examples/src/composition_cpp_example/src/component_action_client_cpp_example.cpp:1:0[m[K:
[4.228s] [01m[K/home/jiseongyoo/ros2_examples/src/composition_cpp_example/include/composition_cpp_example/component_action_client_cpp_example.hpp:7:10:[m[K [01;31m[Kfatal error: [m[Krclcpp/rclcpp_action.hpp: No such file or directory
[4.229s]  #include [01;31m[K"rclcpp/rclcpp_action.hpp"[m[K
[4.229s]           [01;31m[K^~~~~~~~~~~~~~~~~~~~~~~~~~[m[K
[4.230s] compilation terminated.
[4.258s] make[2]: *** [CMakeFiles/component_action_client_cpp.dir/src/component_action_client_cpp_example.cpp.o] Error 1
[4.258s] make[1]: *** [CMakeFiles/component_action_client_cpp.dir/all] Error 2
[4.259s] make[1]: *** Waiting for unfinished jobs....
[15.140s] make: *** [all] Error 2
