[0.088s] Invoking command in '/home/jiseongyoo/ros2_examples/build/composition_cpp_example': AMENT_PREFIX_PATH=/home/jiseongyoo/ros2_examples/install/interfaces:${AMENT_PREFIX_PATH} CMAKE_PREFIX_PATH=/home/jiseongyoo/ros2_examples/install/interfaces:/opt/ros/eloquent LD_LIBRARY_PATH=/home/jiseongyoo/ros2_examples/install/interfaces/lib:${LD_LIBRARY_PATH} PYTHONPATH=/home/jiseongyoo/ros2_examples/install/interfaces/lib/python3.6/site-packages:${PYTHONPATH} /usr/bin/cmake --build /home/jiseongyoo/ros2_examples/build/composition_cpp_example -- -j2 -l2
[0.208s] -- Found ament_cmake: 0.8.2 (/opt/ros/eloquent/share/ament_cmake/cmake)
[0.327s] -- Using PYTHON_EXECUTABLE: /usr/bin/python3
[1.086s] -- Found rclcpp: 0.8.4 (/opt/ros/eloquent/share/rclcpp/cmake)
[1.138s] -- Found rosidl_adapter: 0.8.2 (/opt/ros/eloquent/share/rosidl_adapter/cmake)
[1.288s] -- Found rmw_implementation_cmake: 0.8.1 (/opt/ros/eloquent/share/rmw_implementation_cmake/cmake)
[1.294s] -- Using RMW implementation 'rmw_fastrtps_cpp' as default
[1.426s] -- Found rclcpp_action: 0.8.4 (/opt/ros/eloquent/share/rclcpp_action/cmake)
[1.675s] -- Found rclcpp_components: 0.8.4 (/opt/ros/eloquent/share/rclcpp_components/cmake)
[1.685s] -- Found poco_vendor:  (/opt/ros/eloquent/share/poco_vendor/cmake)
[1.757s] -- Found interfaces: 0.0.0 (/home/jiseongyoo/ros2_examples/install/interfaces/share/interfaces/cmake)
[2.583s] -- Found ament_lint_auto: 0.8.1 (/opt/ros/eloquent/share/ament_lint_auto/cmake)
[2.876s] -- Added test 'copyright' to check for copyright in CMake / C / C++ / Python code
[2.887s] -- Added test 'cppcheck' to perform static code analysis on C / C++ code
[2.890s] -- Configured cppcheck include dirs: /home/jiseongyoo/ros2_examples/src/composition_cpp_example/include
[2.896s] -- Added test 'cpplint' to check C / C++ code against the Google style
[2.899s] -- Added test 'lint_cmake' to check CMake code style
[2.904s] -- Added test 'uncrustify' to check C / C++ code style
[2.905s] -- Added test 'xmllint' to check XML markup files
[2.913s] -- Configuring done
[3.408s] -- Generating done
[3.426s] -- Build files have been written to: /home/jiseongyoo/ros2_examples/build/composition_cpp_example
[3.535s] [35m[1mScanning dependencies of target component_action_server_cpp[0m
[3.656s] [ 14%] Built target component_service_server_cpp
[3.719s] [ 21%] [32mBuilding CXX object CMakeFiles/component_action_server_cpp.dir/src/component_action_server_cpp_example.cpp.o[0m
[3.741s] [35m[1mScanning dependencies of target component_action_client_cpp[0m
[3.917s] [ 28%] [32mBuilding CXX object CMakeFiles/component_action_client_cpp.dir/src/component_action_client_cpp_example.cpp.o[0m
[4.227s] In file included from [01m[K/home/jiseongyoo/ros2_examples/src/composition_cpp_example/src/component_action_client_cpp_example.cpp:1:0[m[K:
[4.228s] [01m[K/home/jiseongyoo/ros2_examples/src/composition_cpp_example/include/composition_cpp_example/component_action_client_cpp_example.hpp:7:10:[m[K [01;31m[Kfatal error: [m[Krclcpp/rclcpp_action.hpp: No such file or directory
[4.229s]  #include [01;31m[K"rclcpp/rclcpp_action.hpp"[m[K
[4.229s]           [01;31m[K^~~~~~~~~~~~~~~~~~~~~~~~~~[m[K
[4.230s] compilation terminated.
[4.257s] CMakeFiles/component_action_client_cpp.dir/build.make:62: recipe for target 'CMakeFiles/component_action_client_cpp.dir/src/component_action_client_cpp_example.cpp.o' failed
[4.258s] CMakeFiles/Makefile2:146: recipe for target 'CMakeFiles/component_action_client_cpp.dir/all' failed
[4.258s] make[2]: *** [CMakeFiles/component_action_client_cpp.dir/src/component_action_client_cpp_example.cpp.o] Error 1
[4.258s] make[1]: *** [CMakeFiles/component_action_client_cpp.dir/all] Error 2
[4.259s] make[1]: *** Waiting for unfinished jobs....
[14.230s] [ 35%] [32m[1mLinking CXX shared library libcomponent_action_server_cpp.so[0m
[15.134s] [ 35%] Built target component_action_server_cpp
[15.139s] Makefile:140: recipe for target 'all' failed
[15.140s] make: *** [all] Error 2
[15.147s] Invoked command in '/home/jiseongyoo/ros2_examples/build/composition_cpp_example' returned '2': AMENT_PREFIX_PATH=/home/jiseongyoo/ros2_examples/install/interfaces:${AMENT_PREFIX_PATH} CMAKE_PREFIX_PATH=/home/jiseongyoo/ros2_examples/install/interfaces:/opt/ros/eloquent LD_LIBRARY_PATH=/home/jiseongyoo/ros2_examples/install/interfaces/lib:${LD_LIBRARY_PATH} PYTHONPATH=/home/jiseongyoo/ros2_examples/install/interfaces/lib/python3.6/site-packages:${PYTHONPATH} /usr/bin/cmake --build /home/jiseongyoo/ros2_examples/build/composition_cpp_example -- -j2 -l2
