[4.948s] [01m[K/home/jiseongyoo/ros2_examples/src/param_cpp_example/src/param_client_cpp_example.cpp:4:43:[m[K [01;31m[Kerror: [m[Kexpected class-name before â€˜[01m[K{[m[Kâ€™ token
[4.948s]  class ParameterClientExample : public Node[01;31m[K{[m[K
[4.949s]                                            [01;31m[K^[m[K
[4.949s] [01m[K/home/jiseongyoo/ros2_examples/src/param_cpp_example/src/param_client_cpp_example.cpp:6:19:[m[K [01;31m[Kerror: [m[Kâ€˜[01m[Kmake_shared<rclcpp::SyncParametersClient>[m[Kâ€™ in namespace â€˜[01m[Kstd[m[Kâ€™ does not name a type
[4.950s]    std::make_shared[01;31m[K<[m[Krclcpp::SyncParametersClient> parameter_client_;
[4.950s]                    [01;31m[K^[m[K
[4.951s] [01m[K/home/jiseongyoo/ros2_examples/src/param_cpp_example/src/param_client_cpp_example.cpp:23:2:[m[K [01;31m[Kerror: [m[Kexpected â€˜[01m[K;[m[Kâ€™ after class definition
[4.951s]  }
[4.952s]   [01;31m[K^[m[K
[4.952s]   [32m[K;[m[K
[4.953s] [01m[K/home/jiseongyoo/ros2_examples/src/param_cpp_example/src/param_client_cpp_example.cpp:[m[K In constructor â€˜[01m[KParameterClientExample::ParameterClientExample()[m[Kâ€™:
[4.953s] [01m[K/home/jiseongyoo/ros2_examples/src/param_cpp_example/src/param_client_cpp_example.cpp:8:30:[m[K [01;31m[Kerror: [m[Kclass â€˜[01m[KParameterClientExample[m[Kâ€™ does not have any field named â€˜[01m[KNode[m[Kâ€™
[4.954s]    ParameterClientExample() : [01;31m[KNode[m[K("Parameter_Client"){
[4.954s]                               [01;31m[K^~~~[m[K
[4.955s] [01m[K/home/jiseongyoo/ros2_examples/src/param_cpp_example/src/param_client_cpp_example.cpp:9:5:[m[K [01;31m[Kerror: [m[Kâ€˜[01m[Kparameter_client_[m[Kâ€™ was not declared in this scope
[4.956s]      [01;31m[Kparameter_client_[m[K = std::make_shared<rclcpp::SyncParametersClient>(node, "ParameterServer");
[4.957s]      [01;31m[K^~~~~~~~~~~~~~~~~[m[K
[4.964s] [01m[K/home/jiseongyoo/ros2_examples/src/param_cpp_example/src/param_client_cpp_example.cpp:9:5:[m[K [01;36m[Knote: [m[Ksuggested alternative: â€˜[01m[Krmw_client_t[m[Kâ€™
[4.964s]      [01;36m[Kparameter_client_[m[K = std::make_shared<rclcpp::SyncParametersClient>(node, "ParameterServer");
[4.965s]      [01;36m[K^~~~~~~~~~~~~~~~~[m[K
[4.965s]      [32m[Krmw_client_t[m[K
[4.966s] [01m[K/home/jiseongyoo/ros2_examples/src/param_cpp_example/src/param_client_cpp_example.cpp:9:72:[m[K [01;31m[Kerror: [m[Kâ€˜[01m[Knode[m[Kâ€™ was not declared in this scope
[4.966s]      parameter_client_ = std::make_shared<rclcpp::SyncParametersClient>([01;31m[Knode[m[K, "ParameterServer");
[4.967s]                                                                         [01;31m[K^~~~[m[K
[4.971s] [01m[K/home/jiseongyoo/ros2_examples/src/param_cpp_example/src/param_client_cpp_example.cpp:11:33:[m[K [01;31m[Kerror: [m[Kâ€˜[01m[Kparameter_client[m[Kâ€™ was not declared in this scope
[4.972s]      auto set_parameter_result = [01;31m[Kparameter_client[m[K->set_parameters({rclcpp::Parameter("param1", 10)});
[4.973s]                                  [01;31m[K^~~~~~~~~~~~~~~~[m[K
[4.989s] [01m[K/home/jiseongyoo/ros2_examples/src/param_cpp_example/src/param_client_cpp_example.cpp:11:33:[m[K [01;36m[Knote: [m[Ksuggested alternative: â€˜[01m[Krmw_create_client[m[Kâ€™
[4.990s]      auto set_parameter_result = [01;36m[Kparameter_client[m[K->set_parameters({rclcpp::Parameter("param1", 10)});
[4.991s]                                  [01;36m[K^~~~~~~~~~~~~~~~[m[K
[4.992s]                                  [32m[Krmw_create_client[m[K
[4.993s] In file included from [01m[K/opt/ros/eloquent/include/rclcpp/service.hpp:33:0[m[K,
[4.993s]                  from [01m[K/opt/ros/eloquent/include/rclcpp/callback_group.hpp:25[m[K,
[4.994s]                  from [01m[K/opt/ros/eloquent/include/rclcpp/any_executable.hpp:20[m[K,
[4.994s]                  from [01m[K/opt/ros/eloquent/include/rclcpp/memory_strategy.hpp:24[m[K,
[4.995s]                  from [01m[K/opt/ros/eloquent/include/rclcpp/memory_strategies.hpp:18[m[K,
[4.995s]                  from [01m[K/opt/ros/eloquent/include/rclcpp/executor.hpp:33[m[K,
[4.996s]                  from [01m[K/opt/ros/eloquent/include/rclcpp/executors/multi_threaded_executor.hpp:25[m[K,
[4.996s]                  from [01m[K/opt/ros/eloquent/include/rclcpp/executors.hpp:21[m[K,
[4.997s]                  from [01m[K/opt/ros/eloquent/include/rclcpp/rclcpp.hpp:145[m[K,
[4.997s]                  from [01m[K/home/jiseongyoo/ros2_examples/src/param_cpp_example/src/param_client_cpp_example.cpp:2[m[K:
[4.999s] [01m[K/opt/ros/eloquent/include/rclcpp/logging.hpp:1421:93:[m[K [01;31m[Kerror: [m[Ktemplate argument 1 is invalid
[5.005s]        ::std::is_same<typename std::remove_cv<typename std::remove_reference<decltype(logger)[01;31m[K>[m[K::type>::type, \
[5.007s]                                                                                              [01;31m[K^[m[K
[5.009s] [01m[K/home/jiseongyoo/ros2_examples/src/param_cpp_example/src/param_client_cpp_example.cpp:13:7:[m[K [01;36m[Knote: [m[Kin expansion of macro â€˜[01m[KRCLCPP_ERROR[m[Kâ€™
[5.011s]        [01;36m[KRCLCPP_ERROR[m[K(node->get_logger(), "Failed to set parameter: %s", set_parameter_result.reason.c_str());
[5.012s]        [01;36m[K^~~~~~~~~~~~[m[K
[5.014s] [01m[K/opt/ros/eloquent/include/rclcpp/logging.hpp:1421:100:[m[K [01;31m[Kerror: [m[Ktemplate argument 1 is invalid
[5.014s]        ::std::is_same<typename std::remove_cv<typename std::remove_reference<decltype(logger)>::type[01;31m[K>[m[K::type, \
[5.016s]                                                                                                     [01;31m[K^[m[K
[5.017s] [01m[K/home/jiseongyoo/ros2_examples/src/param_cpp_example/src/param_client_cpp_example.cpp:13:7:[m[K [01;36m[Knote: [m[Kin expansion of macro â€˜[01m[KRCLCPP_ERROR[m[Kâ€™
[5.018s]        [01;36m[KRCLCPP_ERROR[m[K(node->get_logger(), "Failed to set parameter: %s", set_parameter_result.reason.c_str());
[5.020s]        [01;36m[K^~~~~~~~~~~~[m[K
[5.020s] [01m[K/opt/ros/eloquent/include/rclcpp/logging.hpp:1422:32:[m[K [01;31m[Kerror: [m[Ktemplate argument 1 is invalid
[5.022s]        typename ::rclcpp::Logger[01;31m[K>[m[K::value, \
[5.023s]                                 [01;31m[K^[m[K
[5.024s] [01m[K/home/jiseongyoo/ros2_examples/src/param_cpp_example/src/param_client_cpp_example.cpp:13:7:[m[K [01;36m[Knote: [m[Kin expansion of macro â€˜[01m[KRCLCPP_ERROR[m[Kâ€™
[5.026s]        [01;36m[KRCLCPP_ERROR[m[K(node->get_logger(), "Failed to set parameter: %s", set_parameter_result.reason.c_str());
[5.027s]        [01;36m[K^~~~~~~~~~~~[m[K
[5.029s] [01m[K/opt/ros/eloquent/include/rclcpp/logging.hpp:537:93:[m[K [01;31m[Kerror: [m[Ktemplate argument 1 is invalid
[5.031s]        ::std::is_same<typename std::remove_cv<typename std::remove_reference<decltype(logger)[01;31m[K>[m[K::type>::type, \
[5.032s]                                                                                              [01;31m[K^[m[K
[5.034s] [01m[K/home/jiseongyoo/ros2_examples/src/param_cpp_example/src/param_client_cpp_example.cpp:16:7:[m[K [01;36m[Knote: [m[Kin expansion of macro â€˜[01m[KRCLCPP_INFO[m[Kâ€™
[5.036s]        [01;36m[KRCLCPP_INFO[m[K(node->get_logger(), "Successed to set parameter %s : %s",
[5.037s]        [01;36m[K^~~~~~~~~~~[m[K
[5.039s] [01m[K/opt/ros/eloquent/include/rclcpp/logging.hpp:537:100:[m[K [01;31m[Kerror: [m[Ktemplate argument 1 is invalid
[5.041s]        ::std::is_same<typename std::remove_cv<typename std::remove_reference<decltype(logger)>::type[01;31m[K>[m[K::type, \
[5.043s]                                                                                                     [01;31m[K^[m[K
[5.044s] [01m[K/home/jiseongyoo/ros2_examples/src/param_cpp_example/src/param_client_cpp_example.cpp:16:7:[m[K [01;36m[Knote: [m[Kin expansion of macro â€˜[01m[KRCLCPP_INFO[m[Kâ€™
[5.046s]        [01;36m[KRCLCPP_INFO[m[K(node->get_logger(), "Successed to set parameter %s : %s",
[5.047s]        [01;36m[K^~~~~~~~~~~[m[K
[5.049s] [01m[K/opt/ros/eloquent/include/rclcpp/logging.hpp:538:32:[m[K [01;31m[Kerror: [m[Ktemplate argument 1 is invalid
[5.049s]        typename ::rclcpp::Logger[01;31m[K>[m[K::value, \
[5.051s]                                 [01;31m[K^[m[K
[5.053s] [01m[K/home/jiseongyoo/ros2_examples/src/param_cpp_example/src/param_client_cpp_example.cpp:16:7:[m[K [01;36m[Knote: [m[Kin expansion of macro â€˜[01m[KRCLCPP_INFO[m[Kâ€™
[5.054s]        [01;36m[KRCLCPP_INFO[m[K(node->get_logger(), "Successed to set parameter %s : %s",
[5.055s]        [01;36m[K^~~~~~~~~~~[m[K
[5.058s] [01m[K/home/jiseongyoo/ros2_examples/src/param_cpp_example/src/param_client_cpp_example.cpp:[m[K In function â€˜[01m[Kint main(int, char**)[m[Kâ€™:
[5.058s] [01m[K/home/jiseongyoo/ros2_examples/src/param_cpp_example/src/param_client_cpp_example.cpp:28:58:[m[K [01;31m[Kerror: [m[Kno matching function for call to â€˜[01m[Kspin(std::shared_ptr<ParameterClientExample>)[m[Kâ€™
[5.059s]    rclcpp::spin(std::make_shared<ParameterClientExample>()[01;31m[K)[m[K;
[5.059s]                                                           [01;31m[K^[m[K
[5.059s] In file included from [01m[K/opt/ros/eloquent/include/rclcpp/rclcpp.hpp:145:0[m[K,
[5.060s]                  from [01m[K/home/jiseongyoo/ros2_examples/src/param_cpp_example/src/param_client_cpp_example.cpp:2[m[K:
[5.060s] [01m[K/opt/ros/eloquent/include/rclcpp/executors.hpp:44:1:[m[K [01;36m[Knote: [m[Kcandidate: void rclcpp::spin(rclcpp::node_interfaces::NodeBaseInterface::SharedPtr)
[5.060s]  [01;36m[Kspin[m[K(rclcpp::node_interfaces::NodeBaseInterface::SharedPtr node_ptr);
[5.061s]  [01;36m[K^~~~[m[K
[5.061s] [01m[K/opt/ros/eloquent/include/rclcpp/executors.hpp:44:1:[m[K [01;36m[Knote: [m[K  no known conversion for argument 1 from â€˜[01m[Kstd::shared_ptr<ParameterClientExample>[m[Kâ€™ to â€˜[01m[Krclcpp::node_interfaces::NodeBaseInterface::SharedPtr {aka std::shared_ptr<rclcpp::node_interfaces::NodeBaseInterface>}[m[Kâ€™
[5.061s] [01m[K/opt/ros/eloquent/include/rclcpp/executors.hpp:48:1:[m[K [01;36m[Knote: [m[Kcandidate: void rclcpp::spin(rclcpp::Node::SharedPtr)
[5.062s]  [01;36m[Kspin[m[K(rclcpp::Node::SharedPtr node_ptr);
[5.062s]  [01;36m[K^~~~[m[K
[5.062s] [01m[K/opt/ros/eloquent/include/rclcpp/executors.hpp:48:1:[m[K [01;36m[Knote: [m[K  no known conversion for argument 1 from â€˜[01m[Kstd::shared_ptr<ParameterClientExample>[m[Kâ€™ to â€˜[01m[Krclcpp::Node::SharedPtr {aka std::shared_ptr<rclcpp::Node>}[m[Kâ€™
[5.445s] [01m[K/home/jiseongyoo/ros2_examples/src/param_cpp_example/src/param_server_cpp_example.cpp:[m[K In function â€˜[01m[Kint main(int, char**)[m[Kâ€™:
[5.447s] [01m[K/home/jiseongyoo/ros2_examples/src/param_cpp_example/src/param_server_cpp_example.cpp:23:33:[m[K [01;31m[Kerror: [m[Kâ€˜[01m[KParameterServer[m[Kâ€™ was not declared in this scope
[5.448s]    rclcpp::spin(std::make_shared<[01;31m[KParameterServer[m[K>());
[5.448s]                                  [01;31m[K^~~~~~~~~~~~~~~[m[K
[5.461s] [01m[K/home/jiseongyoo/ros2_examples/src/param_cpp_example/src/param_server_cpp_example.cpp:23:33:[m[K [01;36m[Knote: [m[Ksuggested alternative: â€˜[01m[KParameterServerExample[m[Kâ€™
[5.462s]    rclcpp::spin(std::make_shared<[01;36m[KParameterServer[m[K>());
[5.462s]                                  [01;36m[K^~~~~~~~~~~~~~~[m[K
[5.462s]                                  [32m[KParameterServerExample[m[K
[5.463s] [01m[K/home/jiseongyoo/ros2_examples/src/param_cpp_example/src/param_server_cpp_example.cpp:23:50:[m[K [01;31m[Kerror: [m[Kno matching function for call to â€˜[01m[Kmake_shared<<expression error> >()[m[Kâ€™
[5.463s]    rclcpp::spin(std::make_shared<ParameterServer>([01;31m[K)[m[K);
[5.463s]                                                   [01;31m[K^[m[K
[5.464s] In file included from [01m[K/usr/include/c++/7/memory:81:0[m[K,
[5.464s]                  from [01m[K/opt/ros/eloquent/include/rclcpp/rclcpp.hpp:143[m[K,
[5.465s]                  from [01m[K/home/jiseongyoo/ros2_examples/src/param_cpp_example/src/param_server_cpp_example.cpp:6[m[K:
[5.466s] [01m[K/usr/include/c++/7/bits/shared_ptr.h:703:5:[m[K [01;36m[Knote: [m[Kcandidate: template<class _Tp, class ... _Args> std::shared_ptr<_Tp> std::make_shared(_Args&& ...)
[5.466s]      [01;36m[Kmake_shared[m[K(_Args&&... __args)
[5.467s]      [01;36m[K^~~~~~~~~~~[m[K
[5.467s] [01m[K/usr/include/c++/7/bits/shared_ptr.h:703:5:[m[K [01;36m[Knote: [m[K  template argument deduction/substitution failed:
[5.467s] [01m[K/home/jiseongyoo/ros2_examples/src/param_cpp_example/src/param_server_cpp_example.cpp:23:50:[m[K [01;31m[Kerror: [m[Ktemplate argument 1 is invalid
[5.468s]    rclcpp::spin(std::make_shared<ParameterServer>([01;31m[K)[m[K);
[5.468s]                                                   [01;31m[K^[m[K
[5.919s] make[2]: *** [CMakeFiles/param_client_cpp.dir/src/param_client_cpp_example.cpp.o] Error 1
[5.920s] make[1]: *** [CMakeFiles/param_client_cpp.dir/all] Error 2
[5.921s] make[1]: *** Waiting for unfinished jobs....
[6.140s] make[2]: *** [CMakeFiles/param_server_cpp.dir/src/param_server_cpp_example.cpp.o] Error 1
[6.143s] make[1]: *** [CMakeFiles/param_server_cpp.dir/all] Error 2
[6.145s] make: *** [all] Error 2
