[0.082s] Invoking command in '/home/jiseongyoo/ros2_examples/build/composition_cpp_example': AMENT_PREFIX_PATH=/home/jiseongyoo/ros2_examples/install/interfaces:${AMENT_PREFIX_PATH} CMAKE_PREFIX_PATH=/home/jiseongyoo/ros2_examples/install/interfaces:/opt/ros/eloquent LD_LIBRARY_PATH=/home/jiseongyoo/ros2_examples/install/interfaces/lib:${LD_LIBRARY_PATH} PYTHONPATH=/home/jiseongyoo/ros2_examples/install/interfaces/lib/python3.6/site-packages:${PYTHONPATH} /usr/bin/cmake --build /home/jiseongyoo/ros2_examples/build/composition_cpp_example -- -j2 -l2
[0.310s] [ 25%] Built target component_pub_cpp
[0.337s] [ 50%] Built target component_sub_cpp
[0.357s] [35m[1mScanning dependencies of target component_service_server_cpp[0m
[0.504s] [ 62%] [32mBuilding CXX object CMakeFiles/component_service_server_cpp.dir/src/component_service_server_cpp_example.cpp.o[0m
[4.666s] In file included from [01m[K/home/jiseongyoo/ros2_examples/src/composition_cpp_example/src/component_service_server_cpp_example.cpp:14:0[m[K:
[4.667s] [01m[K/home/jiseongyoo/ros2_examples/src/composition_cpp_example/include/composition_cpp_example/component_service_server_cpp_example.hpp:20:4:[m[K [01;31m[Kerror: [m[Kexpected â€˜[01m[K;[m[Kâ€™ after class definition
[4.668s]    }
[4.669s]     [01;31m[K^[m[K
[4.671s]     [32m[K;[m[K
[4.693s] In file included from [01m[K/opt/ros/eloquent/include/rclcpp/client.hpp:39:0[m[K,
[4.696s]                  from [01m[K/opt/ros/eloquent/include/rclcpp/callback_group.hpp:23[m[K,
[4.697s]                  from [01m[K/opt/ros/eloquent/include/rclcpp/any_executable.hpp:20[m[K,
[4.698s]                  from [01m[K/opt/ros/eloquent/include/rclcpp/memory_strategy.hpp:24[m[K,
[4.698s]                  from [01m[K/opt/ros/eloquent/include/rclcpp/memory_strategies.hpp:18[m[K,
[4.699s]                  from [01m[K/opt/ros/eloquent/include/rclcpp/executor.hpp:33[m[K,
[4.700s]                  from [01m[K/opt/ros/eloquent/include/rclcpp/executors/multi_threaded_executor.hpp:25[m[K,
[4.701s]                  from [01m[K/opt/ros/eloquent/include/rclcpp/executors.hpp:21[m[K,
[4.702s]                  from [01m[K/opt/ros/eloquent/include/rclcpp/rclcpp.hpp:145[m[K,
[4.702s]                  from [01m[K/home/jiseongyoo/ros2_examples/src/composition_cpp_example/include/composition_cpp_example/component_service_server_cpp_example.hpp:6[m[K,
[4.703s]                  from [01m[K/home/jiseongyoo/ros2_examples/src/composition_cpp_example/src/component_service_server_cpp_example.cpp:14[m[K:
[4.704s] [01m[K/home/jiseongyoo/ros2_examples/src/composition_cpp_example/src/component_service_server_cpp_example.cpp:[m[K In member function â€˜[01m[Kvoid component::ComponentServiceServerExample::service_callback(std::shared_ptr<interfaces::srv::Example_Request_<std::allocator<void> > >, std::shared_ptr<interfaces::srv::Example_Response_<std::allocator<void> > >)[m[Kâ€™:
[4.705s] [01m[K/home/jiseongyoo/ros2_examples/src/composition_cpp_example/src/component_service_server_cpp_example.cpp:22:83:[m[K [01;31m[Kerror: [m[Kâ€˜[01m[Kusing element_type = class rclcpp::Service<interfaces::srv::Example> {aka class rclcpp::Service<interfaces::srv::Example>}[m[Kâ€™ has no member named â€˜[01m[Kget_topic_name[m[Kâ€™; did you mean â€˜[01m[Kget_service_name[m[Kâ€™?
[4.705s]  O(this->get_logger(), "Service requested '%s' : ", service_server_->[01;31m[Kg[m[Ket_topic_name(), request->request.c_str());
[4.706s]                                                                      [01;31m[K^[m[K
[4.707s] [01m[K/opt/ros/eloquent/include/rcutils/logging_macros.h:72:64:[m[K [01;36m[Knote: [m[Kin definition of macro â€˜[01m[KRCUTILS_LOG_COND_NAMED[m[Kâ€™
[4.707s]        rcutils_log(&__rcutils_logging_location, severity, name, [01;36m[K__VA_ARGS__[m[K); \
[4.708s]                                                                 [01;36m[K^~~~~~~~~~~[m[K
[4.712s] [01m[K/opt/ros/eloquent/include/rclcpp/logging.hpp:541:5:[m[K [01;36m[Knote: [m[Kin expansion of macro â€˜[01m[KRCUTILS_LOG_INFO_NAMED[m[Kâ€™
[4.712s]      [01;36m[KRCUTILS_LOG_INFO_NAMED[m[K( \
[4.713s]      [01;36m[K^~~~~~~~~~~~~~~~~~~~~~[m[K
[4.713s] [01m[K/opt/ros/eloquent/include/rclcpp/logging.hpp:544:9:[m[K [01;36m[Knote: [m[Kin expansion of macro â€˜[01m[KRCLCPP_ALL_BUT_FIRST_ARGS[m[Kâ€™
[4.714s]          [01;36m[KRCLCPP_ALL_BUT_FIRST_ARGS[m[K(__VA_ARGS__,"")); \
[4.714s]          [01;36m[K^~~~~~~~~~~~~~~~~~~~~~~~~[m[K
[4.715s] [01m[K/home/jiseongyoo/ros2_examples/src/composition_cpp_example/src/component_service_server_cpp_example.cpp:22:5:[m[K [01;36m[Knote: [m[Kin expansion of macro â€˜[01m[KRCLCPP_INFO[m[Kâ€™
[4.715s]      [01;36m[KRCLCPP_INFO[m[K(this->get_logger(), "Service requested '%s' : ", service_server_->get_topic_name(), request->request.c_str());
[4.716s]      [01;36m[K^~~~~~~~~~~[m[K
[4.716s] [01m[K/home/jiseongyoo/ros2_examples/src/composition_cpp_example/src/component_service_server_cpp_example.cpp:29:83:[m[K [01;31m[Kerror: [m[Kâ€˜[01m[Kusing element_type = class rclcpp::Service<interfaces::srv::Example> {aka class rclcpp::Service<interfaces::srv::Example>}[m[Kâ€™ has no member named â€˜[01m[Kget_topic_name[m[Kâ€™; did you mean â€˜[01m[Kget_service_name[m[Kâ€™?
[4.717s]  O(this->get_logger(), "Service responsed '%s' : ", service_server_->[01;31m[Kg[m[Ket_topic_name(), response->response.c_str());
[4.717s]                                                                      [01;31m[K^[m[K
[4.718s] [01m[K/opt/ros/eloquent/include/rcutils/logging_macros.h:72:64:[m[K [01;36m[Knote: [m[Kin definition of macro â€˜[01m[KRCUTILS_LOG_COND_NAMED[m[Kâ€™
[4.718s]        rcutils_log(&__rcutils_logging_location, severity, name, [01;36m[K__VA_ARGS__[m[K); \
[4.719s]                                                                 [01;36m[K^~~~~~~~~~~[m[K
[4.719s] [01m[K/opt/ros/eloquent/include/rclcpp/logging.hpp:541:5:[m[K [01;36m[Knote: [m[Kin expansion of macro â€˜[01m[KRCUTILS_LOG_INFO_NAMED[m[Kâ€™
[4.720s]      [01;36m[KRCUTILS_LOG_INFO_NAMED[m[K( \
[4.720s]      [01;36m[K^~~~~~~~~~~~~~~~~~~~~~[m[K
[4.720s] [01m[K/opt/ros/eloquent/include/rclcpp/logging.hpp:544:9:[m[K [01;36m[Knote: [m[Kin expansion of macro â€˜[01m[KRCLCPP_ALL_BUT_FIRST_ARGS[m[Kâ€™
[4.721s]          [01;36m[KRCLCPP_ALL_BUT_FIRST_ARGS[m[K(__VA_ARGS__,"")); \
[4.721s]          [01;36m[K^~~~~~~~~~~~~~~~~~~~~~~~~[m[K
[4.724s] [01m[K/home/jiseongyoo/ros2_examples/src/composition_cpp_example/src/component_service_server_cpp_example.cpp:29:5:[m[K [01;36m[Knote: [m[Kin expansion of macro â€˜[01m[KRCLCPP_INFO[m[Kâ€™
[4.725s]      [01;36m[KRCLCPP_INFO[m[K(this->get_logger(), "Service responsed '%s' : ", service_server_->get_topic_name(), response->response.c_str());
[4.725s]      [01;36m[K^~~~~~~~~~~[m[K
[6.199s] CMakeFiles/component_service_server_cpp.dir/build.make:62: recipe for target 'CMakeFiles/component_service_server_cpp.dir/src/component_service_server_cpp_example.cpp.o' failed
[6.200s] make[2]: *** [CMakeFiles/component_service_server_cpp.dir/src/component_service_server_cpp_example.cpp.o] Error 1
[6.201s] CMakeFiles/Makefile2:205: recipe for target 'CMakeFiles/component_service_server_cpp.dir/all' failed
[6.202s] make[1]: *** [CMakeFiles/component_service_server_cpp.dir/all] Error 2
[6.203s] Makefile:140: recipe for target 'all' failed
[6.204s] make: *** [all] Error 2
[6.211s] Invoked command in '/home/jiseongyoo/ros2_examples/build/composition_cpp_example' returned '2': AMENT_PREFIX_PATH=/home/jiseongyoo/ros2_examples/install/interfaces:${AMENT_PREFIX_PATH} CMAKE_PREFIX_PATH=/home/jiseongyoo/ros2_examples/install/interfaces:/opt/ros/eloquent LD_LIBRARY_PATH=/home/jiseongyoo/ros2_examples/install/interfaces/lib:${LD_LIBRARY_PATH} PYTHONPATH=/home/jiseongyoo/ros2_examples/install/interfaces/lib/python3.6/site-packages:${PYTHONPATH} /usr/bin/cmake --build /home/jiseongyoo/ros2_examples/build/composition_cpp_example -- -j2 -l2
