[4.623s] [01m[K/home/jiseongyoo/ros2_examples/src/param_cpp_example/src/param_client_cpp_example.cpp:[m[K In member function â€˜[01m[Kvoid ParameterClientExample::parameters_set(T)[m[Kâ€™:
[4.624s] [01m[K/home/jiseongyoo/ros2_examples/src/param_cpp_example/src/param_client_cpp_example.cpp:42:5:[m[K [01;31m[Kerror: [m[Kexpected primary-expression before â€˜[01m[K)[m[Kâ€™ token
[4.625s]      [01;31m[K)[m[K;
[4.626s]      [01;31m[K^[m[K
[5.301s] make[2]: *** [CMakeFiles/param_client_cpp.dir/src/param_client_cpp_example.cpp.o] Error 1
[5.308s] make[1]: *** [CMakeFiles/param_client_cpp.dir/all] Error 2
[5.310s] make: *** [all] Error 2
