[5.201s] [01m[K/home/jiseongyoo/ros2_examples/src/param_cpp_example/src/param_server_cpp_example.cpp:[m[K In function â€˜[01m[Kint main(int, char**)[m[Kâ€™:
[5.201s] [01m[K/home/jiseongyoo/ros2_examples/src/param_cpp_example/src/param_server_cpp_example.cpp:23:33:[m[K [01;31m[Kerror: [m[Kâ€˜[01m[KParameterServer[m[Kâ€™ was not declared in this scope
[5.202s]    rclcpp::spin(std::make_shared<[01;31m[KParameterServer[m[K>());
[5.202s]                                  [01;31m[K^~~~~~~~~~~~~~~[m[K
[5.214s] [01m[K/home/jiseongyoo/ros2_examples/src/param_cpp_example/src/param_server_cpp_example.cpp:23:33:[m[K [01;36m[Knote: [m[Ksuggested alternative: â€˜[01m[KParameterServerExample[m[Kâ€™
[5.216s]    rclcpp::spin(std::make_shared<[01;36m[KParameterServer[m[K>());
[5.217s]                                  [01;36m[K^~~~~~~~~~~~~~~[m[K
[5.217s]                                  [32m[KParameterServerExample[m[K
[5.218s] [01m[K/home/jiseongyoo/ros2_examples/src/param_cpp_example/src/param_server_cpp_example.cpp:23:50:[m[K [01;31m[Kerror: [m[Kno matching function for call to â€˜[01m[Kmake_shared<<expression error> >()[m[Kâ€™
[5.218s]    rclcpp::spin(std::make_shared<ParameterServer>([01;31m[K)[m[K);
[5.219s]                                                   [01;31m[K^[m[K
[5.219s] In file included from [01m[K/usr/include/c++/7/memory:81:0[m[K,
[5.220s]                  from [01m[K/opt/ros/eloquent/include/rclcpp/rclcpp.hpp:143[m[K,
[5.220s]                  from [01m[K/home/jiseongyoo/ros2_examples/src/param_cpp_example/src/param_server_cpp_example.cpp:6[m[K:
[5.223s] [01m[K/usr/include/c++/7/bits/shared_ptr.h:703:5:[m[K [01;36m[Knote: [m[Kcandidate: template<class _Tp, class ... _Args> std::shared_ptr<_Tp> std::make_shared(_Args&& ...)
[5.223s]      [01;36m[Kmake_shared[m[K(_Args&&... __args)
[5.226s]      [01;36m[K^~~~~~~~~~~[m[K
[5.228s] [01m[K/usr/include/c++/7/bits/shared_ptr.h:703:5:[m[K [01;36m[Knote: [m[K  template argument deduction/substitution failed:
[5.230s] [01m[K/home/jiseongyoo/ros2_examples/src/param_cpp_example/src/param_server_cpp_example.cpp:23:50:[m[K [01;31m[Kerror: [m[Ktemplate argument 1 is invalid
[5.231s]    rclcpp::spin(std::make_shared<ParameterServer>([01;31m[K)[m[K);
[5.232s]                                                   [01;31m[K^[m[K
[5.336s] [01m[K/home/jiseongyoo/ros2_examples/src/param_cpp_example/src/param_client_cpp_example.cpp:[m[K In constructor â€˜[01m[KParameterClientExample::ParameterClientExample()[m[Kâ€™:
[5.337s] [01m[K/home/jiseongyoo/ros2_examples/src/param_cpp_example/src/param_client_cpp_example.cpp:12:31:[m[K [01;31m[Kerror: [m[Kâ€˜[01m[Kclass std::vector<rcl_interfaces::msg::SetParametersResult_<std::allocator<void> > >[m[Kâ€™ has no member named â€˜[01m[Ksuccessful[m[Kâ€™
[5.338s]      if (!set_parameter_result.[01;31m[Ksuccessful[m[K){
[5.338s]                                [01;31m[K^~~~~~~~~~[m[K
[5.342s] In file included from [01m[K/opt/ros/eloquent/include/rclcpp/client.hpp:39:0[m[K,
[5.343s]                  from [01m[K/opt/ros/eloquent/include/rclcpp/callback_group.hpp:23[m[K,
[5.343s]                  from [01m[K/opt/ros/eloquent/include/rclcpp/any_executable.hpp:20[m[K,
[5.344s]                  from [01m[K/opt/ros/eloquent/include/rclcpp/memory_strategy.hpp:24[m[K,
[5.344s]                  from [01m[K/opt/ros/eloquent/include/rclcpp/memory_strategies.hpp:18[m[K,
[5.345s]                  from [01m[K/opt/ros/eloquent/include/rclcpp/executor.hpp:33[m[K,
[5.347s]                  from [01m[K/opt/ros/eloquent/include/rclcpp/executors/multi_threaded_executor.hpp:25[m[K,
[5.348s]                  from [01m[K/opt/ros/eloquent/include/rclcpp/executors.hpp:21[m[K,
[5.348s]                  from [01m[K/opt/ros/eloquent/include/rclcpp/rclcpp.hpp:145[m[K,
[5.349s]                  from [01m[K/home/jiseongyoo/ros2_examples/src/param_cpp_example/src/param_client_cpp_example.cpp:2[m[K:
[5.349s] [01m[K/home/jiseongyoo/ros2_examples/src/param_cpp_example/src/param_client_cpp_example.cpp:13:92:[m[K [01;31m[Kerror: [m[Kâ€˜[01m[Kclass std::vector<rcl_interfaces::msg::SetParametersResult_<std::allocator<void> > >[m[Kâ€™ has no member named â€˜[01m[Kreason[m[Kâ€™
[5.350s]        RCLCPP_ERROR(this->get_logger(), "Failed to set parameter: %s", set_parameter_result.[01;31m[Kr[m[Keason.c_str());
[5.350s]                                                                                             [01;31m[K^[m[K
[5.351s] [01m[K/opt/ros/eloquent/include/rcutils/logging_macros.h:72:64:[m[K [01;36m[Knote: [m[Kin definition of macro â€˜[01m[KRCUTILS_LOG_COND_NAMED[m[Kâ€™
[5.352s]        rcutils_log(&__rcutils_logging_location, severity, name, [01;36m[K__VA_ARGS__[m[K); \
[5.355s]                                                                 [01;36m[K^~~~~~~~~~~[m[K
[5.356s] [01m[K/opt/ros/eloquent/include/rclcpp/logging.hpp:1425:5:[m[K [01;36m[Knote: [m[Kin expansion of macro â€˜[01m[KRCUTILS_LOG_ERROR_NAMED[m[Kâ€™
[5.358s]      [01;36m[KRCUTILS_LOG_ERROR_NAMED[m[K( \
[5.360s]      [01;36m[K^~~~~~~~~~~~~~~~~~~~~~~[m[K
[5.361s] [01m[K/opt/ros/eloquent/include/rclcpp/logging.hpp:1428:9:[m[K [01;36m[Knote: [m[Kin expansion of macro â€˜[01m[KRCLCPP_ALL_BUT_FIRST_ARGS[m[Kâ€™
[5.363s]          [01;36m[KRCLCPP_ALL_BUT_FIRST_ARGS[m[K(__VA_ARGS__,"")); \
[5.365s]          [01;36m[K^~~~~~~~~~~~~~~~~~~~~~~~~[m[K
[5.366s] [01m[K/home/jiseongyoo/ros2_examples/src/param_cpp_example/src/param_client_cpp_example.cpp:13:7:[m[K [01;36m[Knote: [m[Kin expansion of macro â€˜[01m[KRCLCPP_ERROR[m[Kâ€™
[5.368s]        [01;36m[KRCLCPP_ERROR[m[K(this->get_logger(), "Failed to set parameter: %s", set_parameter_result.reason.c_str());
[5.370s]        [01;36m[K^~~~~~~~~~~~[m[K
[5.372s] [01m[K/home/jiseongyoo/ros2_examples/src/param_cpp_example/src/param_client_cpp_example.cpp:17:57:[m[K [01;31m[Kerror: [m[Kâ€˜[01m[Kclass std::vector<rclcpp::Parameter>[m[Kâ€™ has no member named â€˜[01m[Kget_name[m[Kâ€™
[5.373s]            parameter_client_->get_parameters({"number"}).[01;31m[Kg[m[Ket_name().c_str(),
[5.374s]                                                          [01;31m[K^[m[K
[5.376s] [01m[K/opt/ros/eloquent/include/rcutils/logging_macros.h:72:64:[m[K [01;36m[Knote: [m[Kin definition of macro â€˜[01m[KRCUTILS_LOG_COND_NAMED[m[Kâ€™
[5.378s]        rcutils_log(&__rcutils_logging_location, severity, name, [01;36m[K__VA_ARGS__[m[K); \
[5.379s]                                                                 [01;36m[K^~~~~~~~~~~[m[K
[5.380s] [01m[K/opt/ros/eloquent/include/rclcpp/logging.hpp:541:5:[m[K [01;36m[Knote: [m[Kin expansion of macro â€˜[01m[KRCUTILS_LOG_INFO_NAMED[m[Kâ€™
[5.382s]      [01;36m[KRCUTILS_LOG_INFO_NAMED[m[K( \
[5.382s]      [01;36m[K^~~~~~~~~~~~~~~~~~~~~~[m[K
[5.384s] [01m[K/opt/ros/eloquent/include/rclcpp/logging.hpp:544:9:[m[K [01;36m[Knote: [m[Kin expansion of macro â€˜[01m[KRCLCPP_ALL_BUT_FIRST_ARGS[m[Kâ€™
[5.386s]          [01;36m[KRCLCPP_ALL_BUT_FIRST_ARGS[m[K(__VA_ARGS__,"")); \
[5.387s]          [01;36m[K^~~~~~~~~~~~~~~~~~~~~~~~~[m[K
[5.389s] [01m[K/home/jiseongyoo/ros2_examples/src/param_cpp_example/src/param_client_cpp_example.cpp:16:7:[m[K [01;36m[Knote: [m[Kin expansion of macro â€˜[01m[KRCLCPP_INFO[m[Kâ€™
[5.390s]        [01;36m[KRCLCPP_INFO[m[K(this->get_logger(), "Successed to set parameter %s : %s",
[5.391s]        [01;36m[K^~~~~~~~~~~[m[K
[5.393s] [01m[K/home/jiseongyoo/ros2_examples/src/param_cpp_example/src/param_client_cpp_example.cpp:18:57:[m[K [01;31m[Kerror: [m[Kâ€˜[01m[Kclass std::vector<rclcpp::Parameter>[m[Kâ€™ has no member named â€˜[01m[Kvalue_to_string[m[Kâ€™
[5.395s]            parameter_client_->get_parameters({"number"}).[01;31m[Kv[m[Kalue_to_string().c_str());
[5.397s]                                                          [01;31m[K^[m[K
[5.398s] [01m[K/opt/ros/eloquent/include/rcutils/logging_macros.h:72:64:[m[K [01;36m[Knote: [m[Kin definition of macro â€˜[01m[KRCUTILS_LOG_COND_NAMED[m[Kâ€™
[5.400s]        rcutils_log(&__rcutils_logging_location, severity, name, [01;36m[K__VA_ARGS__[m[K); \
[5.400s]                                                                 [01;36m[K^~~~~~~~~~~[m[K
[5.402s] [01m[K/opt/ros/eloquent/include/rclcpp/logging.hpp:541:5:[m[K [01;36m[Knote: [m[Kin expansion of macro â€˜[01m[KRCUTILS_LOG_INFO_NAMED[m[Kâ€™
[5.404s]      [01;36m[KRCUTILS_LOG_INFO_NAMED[m[K( \
[5.405s]      [01;36m[K^~~~~~~~~~~~~~~~~~~~~~[m[K
[5.406s] [01m[K/opt/ros/eloquent/include/rclcpp/logging.hpp:544:9:[m[K [01;36m[Knote: [m[Kin expansion of macro â€˜[01m[KRCLCPP_ALL_BUT_FIRST_ARGS[m[Kâ€™
[5.408s]          [01;36m[KRCLCPP_ALL_BUT_FIRST_ARGS[m[K(__VA_ARGS__,"")); \
[5.409s]          [01;36m[K^~~~~~~~~~~~~~~~~~~~~~~~~[m[K
[5.411s] [01m[K/home/jiseongyoo/ros2_examples/src/param_cpp_example/src/param_client_cpp_example.cpp:16:7:[m[K [01;36m[Knote: [m[Kin expansion of macro â€˜[01m[KRCLCPP_INFO[m[Kâ€™
[5.413s]        [01;36m[KRCLCPP_INFO[m[K(this->get_logger(), "Successed to set parameter %s : %s",
[5.413s]        [01;36m[K^~~~~~~~~~~[m[K
[5.892s] make[2]: *** [CMakeFiles/param_server_cpp.dir/src/param_server_cpp_example.cpp.o] Error 1
[5.892s] make[1]: *** [CMakeFiles/param_server_cpp.dir/all] Error 2
[5.892s] make[1]: *** Waiting for unfinished jobs....
[6.428s] make[2]: *** [CMakeFiles/param_client_cpp.dir/src/param_client_cpp_example.cpp.o] Error 1
[6.431s] make[1]: *** [CMakeFiles/param_client_cpp.dir/all] Error 2
[6.432s] make: *** [all] Error 2
