[0.266s] [35m[1mScanning dependencies of target component_sub_cpp[0m
[0.362s] [ 33%] Built target component_pub_cpp
[0.396s] [ 50%] [32mBuilding CXX object CMakeFiles/component_sub_cpp.dir/src/component_sub_cpp_example.cpp.o[0m
[4.691s] In file included from [01m[K/home/jiseongyoo/ros2_examples/src/composition_cpp_example/src/component_sub_cpp_example.cpp:20:0[m[K:
[4.693s] [01m[K/home/jiseongyoo/ros2_examples/src/composition_cpp_example/include/composition_cpp_example/component_sub_cpp_example.hpp:21:4:[m[K [01;31m[Kerror: [m[Kexpected â€˜[01m[K;[m[Kâ€™ after class definition
[4.695s]    }
[4.697s]     [01;31m[K^[m[K
[4.699s]     [32m[K;[m[K
[4.712s] [01m[K/home/jiseongyoo/ros2_examples/src/composition_cpp_example/src/component_sub_cpp_example.cpp:[m[K In constructor â€˜[01m[Kcomponent::ComponentSubscriberExample::ComponentSubscriberExample(const rclcpp::NodeOptions&)[m[Kâ€™:
[4.713s] [01m[K/home/jiseongyoo/ros2_examples/src/composition_cpp_example/src/component_sub_cpp_example.cpp:31:93:[m[K [01;31m[Kerror: [m[Kno matching function for call to â€˜[01m[Krclcpp::Node::Node()[m[Kâ€™
[4.714s]  criberExample::ComponentSubscriberExample(const rclcpp::NodeOptions & options[01;31m[K)[m[K{
[4.715s]                                                                               [01;31m[K^[m[K
[4.716s] In file included from [01m[K/opt/ros/eloquent/include/rclcpp/executors/single_threaded_executor.hpp:28:0[m[K,
[4.717s]                  from [01m[K/opt/ros/eloquent/include/rclcpp/executors.hpp:22[m[K,
[4.718s]                  from [01m[K/opt/ros/eloquent/include/rclcpp/rclcpp.hpp:145[m[K,
[4.719s]                  from [01m[K/home/jiseongyoo/ros2_examples/src/composition_cpp_example/include/composition_cpp_example/component_sub_cpp_example.hpp:5[m[K,
[4.720s]                  from [01m[K/home/jiseongyoo/ros2_examples/src/composition_cpp_example/src/component_sub_cpp_example.cpp:20[m[K:
[4.721s] [01m[K/opt/ros/eloquent/include/rclcpp/node.hpp:1080:3:[m[K [01;36m[Knote: [m[Kcandidate: rclcpp::Node::Node(const rclcpp::Node&, const string&)
[4.722s]    [01;36m[KNode[m[K(
[4.722s]    [01;36m[K^~~~[m[K
[4.722s] [01m[K/opt/ros/eloquent/include/rclcpp/node.hpp:1080:3:[m[K [01;36m[Knote: [m[K  candidate expects 2 arguments, 0 provided
[4.723s] [01m[K/opt/ros/eloquent/include/rclcpp/node.hpp:94:12:[m[K [01;36m[Knote: [m[Kcandidate: rclcpp::Node::Node(const string&, const string&, const rclcpp::NodeOptions&)
[4.723s]    explicit [01;36m[KNode[m[K(
[4.724s]             [01;36m[K^~~~[m[K
[4.724s] [01m[K/opt/ros/eloquent/include/rclcpp/node.hpp:94:12:[m[K [01;36m[Knote: [m[K  candidate expects 3 arguments, 0 provided
[4.725s] [01m[K/opt/ros/eloquent/include/rclcpp/node.hpp:83:12:[m[K [01;36m[Knote: [m[Kcandidate: rclcpp::Node::Node(const string&, const rclcpp::NodeOptions&)
[4.725s]    explicit [01;36m[KNode[m[K(
[4.725s]             [01;36m[K^~~~[m[K
[4.726s] [01m[K/opt/ros/eloquent/include/rclcpp/node.hpp:83:12:[m[K [01;36m[Knote: [m[K  candidate expects 2 arguments, 0 provided
[4.779s] [01m[K/home/jiseongyoo/ros2_examples/src/composition_cpp_example/src/component_sub_cpp_example.cpp:31:86:[m[K [01;35m[Kwarning: [m[Kunused parameter â€˜[01m[Koptions[m[Kâ€™ [[01;35m[K-Wunused-parameter[m[K]
[4.781s]  criberExample::ComponentSubscriberExample(const rclcpp::NodeOptions & [01;35m[Koptions[m[K){
[4.782s]                                                                        [01;35m[K^~~~~~~[m[K
[8.172s] CMakeFiles/component_sub_cpp.dir/build.make:62: recipe for target 'CMakeFiles/component_sub_cpp.dir/src/component_sub_cpp_example.cpp.o' failed
[8.173s] make[2]: *** [CMakeFiles/component_sub_cpp.dir/src/component_sub_cpp_example.cpp.o] Error 1
[8.174s] make[1]: *** [CMakeFiles/component_sub_cpp.dir/all] Error 2
[8.177s] CMakeFiles/Makefile2:99: recipe for target 'CMakeFiles/component_sub_cpp.dir/all' failed
[8.180s] Makefile:140: recipe for target 'all' failed
[8.181s] make: *** [all] Error 2
