[0.285s] [35m[1mScanning dependencies of target param_client_cpp[0m
[0.360s] [ 50%] Built target param_server_cpp
[0.435s] [ 75%] [32mBuilding CXX object CMakeFiles/param_client_cpp.dir/src/param_client_cpp_example.cpp.o[0m
[4.948s] [01m[K/home/jiseongyoo/ros2_examples/src/param_cpp_example/src/param_client_cpp_example.cpp:[m[K In member function â€˜[01m[Kvoid ParameterClientExample::parameters_set(T)[m[Kâ€™:
[4.949s] [01m[K/home/jiseongyoo/ros2_examples/src/param_cpp_example/src/param_client_cpp_example.cpp:42:54:[m[K [01;31m[Kerror: [m[Kâ€˜[01m[Kusing element_type = class rclcpp::SyncParametersClient {aka class rclcpp::SyncParametersClient}[m[Kâ€™ has no member named â€˜[01m[Kset_parameter[m[Kâ€™; did you mean â€˜[01m[Kset_parameters[m[Kâ€™?
[4.951s]        auto set_parameter_result = parameter_client_->[01;31m[Kset_parameter[m[K(rclcpp::Parameter(param[i], 43));
[4.952s]                                                       [01;31m[K^~~~~~~~~~~~~[m[K
[4.953s]                                                       [32m[Kset_parameters[m[K
[5.196s] /home/jiseongyoo/ros2_examples/src/param_cpp_example/src/param_client_cpp_example.cpp: In instantiation of â€˜[01m[Kvoid ParameterClientExample::parameters_set(T) [with T = int][m[Kâ€™:
[5.198s] [01m[K/home/jiseongyoo/ros2_examples/src/param_cpp_example/src/param_client_cpp_example.cpp:68:45:[m[K   required from here
[5.199s] [01m[K/home/jiseongyoo/ros2_examples/src/param_cpp_example/src/param_client_cpp_example.cpp:21:31:[m[K [01;35m[Kwarning: [m[Kunused parameter â€˜[01m[Kvalue_[m[Kâ€™ [[01;35m[K-Wunused-parameter[m[K]
[5.200s]    void parameters_set(const T [01;35m[Kvalue_[m[K){
[5.201s]                                [01;35m[K^~~~~~[m[K
[5.638s] make[2]: *** [CMakeFiles/param_client_cpp.dir/src/param_client_cpp_example.cpp.o] Error 1
[5.641s] CMakeFiles/param_client_cpp.dir/build.make:62: recipe for target 'CMakeFiles/param_client_cpp.dir/src/param_client_cpp_example.cpp.o' failed
[5.642s] CMakeFiles/Makefile2:168: recipe for target 'CMakeFiles/param_client_cpp.dir/all' failed
[5.642s] Makefile:140: recipe for target 'all' failed
[5.643s] make[1]: *** [CMakeFiles/param_client_cpp.dir/all] Error 2
[5.643s] make: *** [all] Error 2
