[0.091s] Invoking command in '/home/jiseongyoo/ros2_examples/build/service_cpp_example': CMAKE_PREFIX_PATH=/home/jiseongyoo/ros2_examples/install/interfaces:/home/jiseongyoo/ros2_examples/install/service_cpp_example:/home/jiseongyoo/ros2_examples/install/pubsub_cpp_template:/home/jiseongyoo/ros2_examples/install/pubsub_cpp_example:/home/jiseongyoo/ros2_examples/install/pub_sub_cpp_template:/home/jiseongyoo/ros2_examples/install/param_cpp_example:/home/jiseongyoo/ros2_examples/install/action_cpp_example:/home/jiseongyoo/ros2_examples/install/cpp_pubsub:/opt/ros/eloquent /usr/bin/cmake --build /home/jiseongyoo/ros2_examples/build/service_cpp_example -- -j2 -l2
[0.283s] [35m[1mScanning dependencies of target service_client_cpp[0m
[0.398s] [ 25%] [32mBuilding CXX object CMakeFiles/service_client_cpp.dir/src/service_client_cpp_example.cpp.o[0m
[0.407s] [ 75%] Built target service_server_cpp
[4.722s] [01m[K/home/jiseongyoo/ros2_examples/src/service_cpp_example/src/service_client_cpp_example.cpp:[m[K In member function â€˜[01m[Kvoid ServiceClientExample::send_request()[m[Kâ€™:
[4.724s] [01m[K/home/jiseongyoo/ros2_examples/src/service_cpp_example/src/service_client_cpp_example.cpp:50:54:[m[K [01;31m[Kerror: [m[Kno matching function for call to â€˜[01m[Kspin_until_future_complete(ServiceClientExample*, std::shared_future<std::shared_ptr<interfaces::srv::Example_Response_<std::allocator<void> > > >&)[m[Kâ€™
[4.725s]      rclcpp::spin_until_future_complete(this, response[01;31m[K)[m[K;
[4.726s]                                                       [01;31m[K^[m[K
[4.726s] In file included from [01m[K/opt/ros/eloquent/include/rclcpp/rclcpp.hpp:145:0[m[K,
[4.731s]                  from [01m[K/home/jiseongyoo/ros2_examples/src/service_cpp_example/src/service_client_cpp_example.cpp:14[m[K:
[4.731s] [01m[K/opt/ros/eloquent/include/rclcpp/executors.hpp:104:1:[m[K [01;36m[Knote: [m[Kcandidate: template<class FutureT, class TimeRepT, class TimeT> rclcpp::executor::FutureReturnCode rclcpp::spin_until_future_complete(rclcpp::node_interfaces::NodeBaseInterface::SharedPtr, std::shared_future<_Res>&, std::chrono::duration<_Rep, _Period>)
[4.732s]  [01;36m[Kspin_until_future_complete[m[K(
[4.732s]  [01;36m[K^~~~~~~~~~~~~~~~~~~~~~~~~~[m[K
[4.733s] [01m[K/opt/ros/eloquent/include/rclcpp/executors.hpp:104:1:[m[K [01;36m[Knote: [m[K  template argument deduction/substitution failed:
[4.733s] [01m[K/home/jiseongyoo/ros2_examples/src/service_cpp_example/src/service_client_cpp_example.cpp:50:54:[m[K [01;36m[Knote: [m[K  cannot convert â€˜[01m[K(ServiceClientExample*)this[m[Kâ€™ (type â€˜[01m[KServiceClientExample*[m[Kâ€™) to type â€˜[01m[Krclcpp::node_interfaces::NodeBaseInterface::SharedPtr {aka std::shared_ptr<rclcpp::node_interfaces::NodeBaseInterface>}[m[Kâ€™
[4.734s]      rclcpp::spin_until_future_complete(this, response[01;36m[K)[m[K;
[4.734s]                                                       [01;36m[K^[m[K
[4.734s] In file included from [01m[K/opt/ros/eloquent/include/rclcpp/rclcpp.hpp:145:0[m[K,
[4.736s]                  from [01m[K/home/jiseongyoo/ros2_examples/src/service_cpp_example/src/service_client_cpp_example.cpp:14[m[K:
[4.736s] [01m[K/opt/ros/eloquent/include/rclcpp/executors.hpp:116:1:[m[K [01;36m[Knote: [m[Kcandidate: template<class NodeT, class FutureT, class TimeRepT, class TimeT> rclcpp::executor::FutureReturnCode rclcpp::spin_until_future_complete(std::shared_ptr<_Tp>, std::shared_future<ResponseT>&, std::chrono::duration<_Rep2, _Period2>)
[4.737s]  [01;36m[Kspin_until_future_complete[m[K(
[4.737s]  [01;36m[K^~~~~~~~~~~~~~~~~~~~~~~~~~[m[K
[4.738s] [01m[K/opt/ros/eloquent/include/rclcpp/executors.hpp:116:1:[m[K [01;36m[Knote: [m[K  template argument deduction/substitution failed:
[4.738s] [01m[K/home/jiseongyoo/ros2_examples/src/service_cpp_example/src/service_client_cpp_example.cpp:50:54:[m[K [01;36m[Knote: [m[K  mismatched types â€˜[01m[Kstd::shared_ptr<_Tp>[m[Kâ€™ and â€˜[01m[KServiceClientExample*[m[Kâ€™
[4.739s]      rclcpp::spin_until_future_complete(this, response[01;36m[K)[m[K;
[4.739s]                                                       [01;36m[K^[m[K
[4.740s] [01m[K/home/jiseongyoo/ros2_examples/src/service_cpp_example/src/service_client_cpp_example.cpp:51:52:[m[K [01;31m[Kerror: [m[Kcould not convert â€˜[01m[KSUCCESS[m[Kâ€™ from â€˜[01m[Krclcpp::executor::FutureReturnCode[m[Kâ€™ to â€˜[01m[Kbool[m[Kâ€™
[4.740s]      if (rclcpp::executor::FutureReturnCode::SUCCESS[01;31m[K)[m[K{
[4.740s]                                                     [01;31m[K^[m[K
[5.976s] make[2]: *** [CMakeFiles/service_client_cpp.dir/src/service_client_cpp_example.cpp.o] Error 1
[5.976s] make[1]: *** [CMakeFiles/service_client_cpp.dir/all] Error 2
[5.977s] make: *** [all] Error 2
[5.977s] CMakeFiles/service_client_cpp.dir/build.make:62: recipe for target 'CMakeFiles/service_client_cpp.dir/src/service_client_cpp_example.cpp.o' failed
[5.977s] CMakeFiles/Makefile2:168: recipe for target 'CMakeFiles/service_client_cpp.dir/all' failed
[5.978s] Makefile:140: recipe for target 'all' failed
[5.986s] Invoked command in '/home/jiseongyoo/ros2_examples/build/service_cpp_example' returned '2': CMAKE_PREFIX_PATH=/home/jiseongyoo/ros2_examples/install/interfaces:/home/jiseongyoo/ros2_examples/install/service_cpp_example:/home/jiseongyoo/ros2_examples/install/pubsub_cpp_template:/home/jiseongyoo/ros2_examples/install/pubsub_cpp_example:/home/jiseongyoo/ros2_examples/install/pub_sub_cpp_template:/home/jiseongyoo/ros2_examples/install/param_cpp_example:/home/jiseongyoo/ros2_examples/install/action_cpp_example:/home/jiseongyoo/ros2_examples/install/cpp_pubsub:/opt/ros/eloquent /usr/bin/cmake --build /home/jiseongyoo/ros2_examples/build/service_cpp_example -- -j2 -l2
