[0.285s] [35m[1mScanning dependencies of target action_server_cpp[0m
[0.340s] [ 25%] [32mBuilding CXX object CMakeFiles/action_client_cpp.dir/src/action_client_cpp_example.cpp.o[0m
[0.533s] [ 50%] [32mBuilding CXX object CMakeFiles/action_server_cpp.dir/src/action_server_cpp_example.cpp.o[0m
[5.119s] [01m[K/home/jiseongyoo/ros2_examples/src/action_cpp_example/src/action_client_cpp_example.cpp:9:19:[m[K [01;31m[Kerror: [m[Kâ€˜[01m[Kmake_shared<rclcpp_action::Client<interfaces::action::Example>::SendGoalOptions>[m[Kâ€™ in namespace â€˜[01m[Kstd[m[Kâ€™ does not name a type
[5.120s]    std::make_shared[01;31m[K<[m[Krclcpp_action::Client<interfaces::action::Example>::SendGoalOptions>> send_goal_options;
[5.121s]                    [01;31m[K^[m[K
[5.192s] In file included from [01m[K/opt/ros/eloquent/include/rclcpp/client.hpp:39:0[m[K,
[5.193s]                  from [01m[K/opt/ros/eloquent/include/rclcpp/callback_group.hpp:23[m[K,
[5.193s]                  from [01m[K/opt/ros/eloquent/include/rclcpp/any_executable.hpp:20[m[K,
[5.194s]                  from [01m[K/opt/ros/eloquent/include/rclcpp/memory_strategy.hpp:24[m[K,
[5.195s]                  from [01m[K/opt/ros/eloquent/include/rclcpp/memory_strategies.hpp:18[m[K,
[5.195s]                  from [01m[K/opt/ros/eloquent/include/rclcpp/executor.hpp:33[m[K,
[5.196s]                  from [01m[K/opt/ros/eloquent/include/rclcpp/executors/multi_threaded_executor.hpp:25[m[K,
[5.196s]                  from [01m[K/opt/ros/eloquent/include/rclcpp/executors.hpp:21[m[K,
[5.197s]                  from [01m[K/opt/ros/eloquent/include/rclcpp/rclcpp.hpp:145[m[K,
[5.197s]                  from [01m[K/home/jiseongyoo/ros2_examples/src/action_cpp_example/src/action_client_cpp_example.cpp:3[m[K:
[5.198s] [01m[K/home/jiseongyoo/ros2_examples/src/action_cpp_example/src/action_client_cpp_example.cpp:[m[K In member function â€˜[01m[Kvoid ActionClientExample::feedback_callback(rclcpp_action::ClientGoalHandle<interfaces::action::Example>::SharedPtr, std::shared_ptr<const interfaces::action::Example_Feedback_<std::allocator<void> > >)[m[Kâ€™:
[5.199s] [01m[K/home/jiseongyoo/ros2_examples/src/action_cpp_example/src/action_client_cpp_example.cpp:44:78:[m[K [01;31m[Kerror: [m[Kâ€˜[01m[Kconst class std::shared_ptr<const interfaces::action::Example_Feedback_<std::allocator<void> > >[m[Kâ€™ has no member named â€˜[01m[Kfeedback[m[Kâ€™
[5.199s]      RCLCPP_INFO(this->get_logger(), "Action feedback arrived '%s'", feedback.[01;31m[Kf[m[Keedback.c_str());
[5.200s]                                                                               [01;31m[K^[m[K
[5.201s] [01m[K/opt/ros/eloquent/include/rcutils/logging_macros.h:72:64:[m[K [01;36m[Knote: [m[Kin definition of macro â€˜[01m[KRCUTILS_LOG_COND_NAMED[m[Kâ€™
[5.201s]        rcutils_log(&__rcutils_logging_location, severity, name, [01;36m[K__VA_ARGS__[m[K); \
[5.201s]                                                                 [01;36m[K^~~~~~~~~~~[m[K
[5.206s] [01m[K/opt/ros/eloquent/include/rclcpp/logging.hpp:541:5:[m[K [01;36m[Knote: [m[Kin expansion of macro â€˜[01m[KRCUTILS_LOG_INFO_NAMED[m[Kâ€™
[5.207s]      [01;36m[KRCUTILS_LOG_INFO_NAMED[m[K( \
[5.207s]      [01;36m[K^~~~~~~~~~~~~~~~~~~~~~[m[K
[5.207s] [01m[K/opt/ros/eloquent/include/rclcpp/logging.hpp:544:9:[m[K [01;36m[Knote: [m[Kin expansion of macro â€˜[01m[KRCLCPP_ALL_BUT_FIRST_ARGS[m[Kâ€™
[5.208s]          [01;36m[KRCLCPP_ALL_BUT_FIRST_ARGS[m[K(__VA_ARGS__,"")); \
[5.208s]          [01;36m[K^~~~~~~~~~~~~~~~~~~~~~~~~[m[K
[5.208s] [01m[K/home/jiseongyoo/ros2_examples/src/action_cpp_example/src/action_client_cpp_example.cpp:44:5:[m[K [01;36m[Knote: [m[Kin expansion of macro â€˜[01m[KRCLCPP_INFO[m[Kâ€™
[5.209s]      [01;36m[KRCLCPP_INFO[m[K(this->get_logger(), "Action feedback arrived '%s'", feedback.feedback.c_str());
[5.209s]      [01;36m[K^~~~~~~~~~~[m[K
[5.212s] [01m[K/home/jiseongyoo/ros2_examples/src/action_cpp_example/src/action_client_cpp_example.cpp:[m[K In member function â€˜[01m[Kvoid ActionClientExample::send_goal()[m[Kâ€™:
[5.213s] [01m[K/home/jiseongyoo/ros2_examples/src/action_cpp_example/src/action_client_cpp_example.cpp:55:16:[m[K [01;31m[Kerror: [m[Kreturn-statement with a value, in function returning 'void' [[01;31m[K-fpermissive[m[K]
[5.213s]          return [01;31m[K0[m[K;
[5.213s]                 [01;31m[K^[m[K
[5.217s] [01m[K/home/jiseongyoo/ros2_examples/src/action_cpp_example/src/action_client_cpp_example.cpp:59:5:[m[K [01;31m[Kerror: [m[Kexpected â€˜[01m[K;[m[Kâ€™ before â€˜[01m[K}[m[Kâ€™ token
[5.218s]      [01;31m[K}[m[K
[5.218s]      [01;31m[K^[m[K
[5.219s] [01m[K/home/jiseongyoo/ros2_examples/src/action_cpp_example/src/action_client_cpp_example.cpp:66:49:[m[K [01;31m[Kerror: [m[Kâ€˜[01m[Ksend_goal_options[m[Kâ€™ was not declared in this scope
[5.226s]      this->action_client_->async_send_goal(goal, [01;31m[Ksend_goal_options[m[K);
[5.227s]                                                  [01;31m[K^~~~~~~~~~~~~~~~~[m[K
[5.234s] [01m[K/home/jiseongyoo/ros2_examples/src/action_cpp_example/src/action_client_cpp_example.cpp:66:49:[m[K [01;36m[Knote: [m[Ksuggested alternative: â€˜[01m[Kget_node_options[m[Kâ€™
[5.235s]      this->action_client_->async_send_goal(goal, [01;36m[Ksend_goal_options[m[K);
[5.235s]                                                  [01;36m[K^~~~~~~~~~~~~~~~~[m[K
[5.236s]                                                  [32m[Kget_node_options[m[K
[5.239s] [01m[K/home/jiseongyoo/ros2_examples/src/action_cpp_example/src/action_client_cpp_example.cpp:[m[K In constructor â€˜[01m[KActionClientExample::ActionClientExample(const rclcpp::NodeOptions&)[m[Kâ€™:
[5.240s] [01m[K/home/jiseongyoo/ros2_examples/src/action_cpp_example/src/action_client_cpp_example.cpp:71:35:[m[K [01;31m[Kerror: [m[Kâ€˜[01m[Krclcpp_action::create_client<interfaces::action::Example>[m[Kâ€™ is not a class member
[5.240s]       this->action_client_ = this->[01;31m[Krclcpp_action[m[K::create_client<interfaces::action::Example>(
[5.241s]                                    [01;31m[K^~~~~~~~~~~~~[m[K
[5.244s] [01m[K/home/jiseongyoo/ros2_examples/src/action_cpp_example/src/action_client_cpp_example.cpp:79:27:[m[K [01;31m[Kerror: [m[Kâ€˜[01m[Krclcpp::create_wall_timer[m[Kâ€™ is not a class member
[5.245s]       this->timer_ = this->[01;31m[Krclcpp[m[K::create_wall_timer(
[5.246s]                            [01;31m[K^~~~~~[m[K
[5.275s] [01m[K/home/jiseongyoo/ros2_examples/src/action_cpp_example/src/action_client_cpp_example.cpp:84:6:[m[K [01;31m[Kerror: [m[Kâ€˜[01m[Ksend_goal_options[m[Kâ€™ was not declared in this scope
[5.276s]       [01;31m[Ksend_goal_options[m[K = rclcpp_action::Client<interfaces::action::Example>::SendGoalOptions();
[5.276s]       [01;31m[K^~~~~~~~~~~~~~~~~[m[K
[5.290s] [01m[K/home/jiseongyoo/ros2_examples/src/action_cpp_example/src/action_client_cpp_example.cpp:84:6:[m[K [01;36m[Knote: [m[Ksuggested alternative: â€˜[01m[Kget_node_options[m[Kâ€™
[5.290s]       [01;36m[Ksend_goal_options[m[K = rclcpp_action::Client<interfaces::action::Example>::SendGoalOptions();
[5.291s]       [01;36m[K^~~~~~~~~~~~~~~~~[m[K
[5.291s]       [32m[Kget_node_options[m[K
[6.118s] CMakeFiles/action_client_cpp.dir/build.make:62: recipe for target 'CMakeFiles/action_client_cpp.dir/src/action_client_cpp_example.cpp.o' failed
[6.121s] make[2]: *** [CMakeFiles/action_client_cpp.dir/src/action_client_cpp_example.cpp.o] Error 1
[6.121s] CMakeFiles/Makefile2:168: recipe for target 'CMakeFiles/action_client_cpp.dir/all' failed
[6.121s] make[1]: *** [CMakeFiles/action_client_cpp.dir/all] Error 2
[6.122s] make[1]: *** Waiting for unfinished jobs....
[10.941s] [ 75%] [32m[1mLinking CXX executable action_server_cpp[0m
[11.935s] [ 75%] Built target action_server_cpp
[11.939s] Makefile:140: recipe for target 'all' failed
[11.943s] make: *** [all] Error 2
