[4.796s] [01m[K/home/jiseongyoo/ros2_examples/src/param_cpp_example/src/param_client_cpp_example.cpp:19:12:[m[K [01;31m[Kerror: [m[Kâ€˜[01m[Ktypname[m[Kâ€™ has not been declared
[4.797s]    template<[01;31m[Ktypname[m[K T>
[4.799s]             [01;31m[K^~~~~~~[m[K
[4.800s] [01m[K/home/jiseongyoo/ros2_examples/src/param_cpp_example/src/param_client_cpp_example.cpp:20:29:[m[K [01;31m[Kerror: [m[Kâ€˜[01m[KT[m[Kâ€™ does not name a type
[4.801s]    void parameters_set(const [01;31m[KT[m[K value_){
[4.801s]                              [01;31m[K^[m[K
[4.821s] [01m[K/home/jiseongyoo/ros2_examples/src/param_cpp_example/src/param_client_cpp_example.cpp:[m[K In function â€˜[01m[Kint main(int, char**)[m[Kâ€™:
[4.822s] [01m[K/home/jiseongyoo/ros2_examples/src/param_cpp_example/src/param_client_cpp_example.cpp:55:45:[m[K [01;31m[Kerror: [m[Kno matching function for call to â€˜[01m[KParameterClientExample::parameters_set(int)[m[Kâ€™
[4.823s]    ParameterClientExample().parameters_set(10[01;31m[K)[m[K;
[4.823s]                                              [01;31m[K^[m[K
[4.824s] [01m[K/home/jiseongyoo/ros2_examples/src/param_cpp_example/src/param_client_cpp_example.cpp:20:8:[m[K [01;36m[Knote: [m[Kcandidate: template<<declaration error> > void ParameterClientExample::parameters_set(int)
[4.825s]    void [01;36m[Kparameters_set[m[K(const T value_){
[4.826s]         [01;36m[K^~~~~~~~~~~~~~[m[K
[4.827s] [01m[K/home/jiseongyoo/ros2_examples/src/param_cpp_example/src/param_client_cpp_example.cpp:20:8:[m[K [01;36m[Knote: [m[K  template argument deduction/substitution failed:
[5.522s] make[2]: *** [CMakeFiles/param_client_cpp.dir/src/param_client_cpp_example.cpp.o] Error 1
[5.523s] make[1]: *** [CMakeFiles/param_client_cpp.dir/all] Error 2
[5.527s] make: *** [all] Error 2
