[0.268s] [35m[1mScanning dependencies of target component_action_server_cpp[0m
[0.339s] [ 16%] Built target component_service_server_cpp
[0.539s] [ 25%] [32mBuilding CXX object CMakeFiles/component_action_server_cpp.dir/src/component_action_server_cpp_example.cpp.o[0m
[0.570s] [ 41%] Built target component_sub_cpp
[0.738s] [ 58%] Built target component_service_client_cpp
[0.895s] [ 75%] Built target component_pub_cpp
[5.063s] In file included from [01m[K/home/jiseongyoo/ros2_examples/src/composition_cpp_example/src/component_action_server_cpp_example.cpp:1:0[m[K:
[5.064s] [01m[K/home/jiseongyoo/ros2_examples/src/composition_cpp_example/include/composition_cpp_example/component_action_server_cpp_example.hpp:17:5:[m[K [01;31m[Kerror: [m[Kâ€˜[01m[Krclcpp_action[m[Kâ€™ does not name a type; did you mean â€˜[01m[Krcl_duration_t[m[Kâ€™?
[5.065s]      [01;31m[Krclcpp_action[m[K::Server<interfaces::action::Example>::SharedPtr action_server_;
[5.066s]      [01;31m[K^~~~~~~~~~~~~[m[K
[5.067s]      [32m[Krcl_duration_t[m[K
[5.073s] [01m[K/home/jiseongyoo/ros2_examples/src/composition_cpp_example/include/composition_cpp_example/component_action_server_cpp_example.hpp:20:5:[m[K [01;31m[Kerror: [m[Kâ€˜[01m[Krclcpp_action[m[Kâ€™ does not name a type; did you mean â€˜[01m[Krcl_duration_t[m[Kâ€™?
[5.074s]      [01;31m[Krclcpp_action[m[K::GoalResponse handle_goal(const rclcpp_action::GoalUUID & uuid,
[5.074s]      [01;31m[K^~~~~~~~~~~~~[m[K
[5.075s]      [32m[Krcl_duration_t[m[K
[5.083s] [01m[K/home/jiseongyoo/ros2_examples/src/composition_cpp_example/include/composition_cpp_example/component_action_server_cpp_example.hpp:24:5:[m[K [01;31m[Kerror: [m[Kâ€˜[01m[Krclcpp_action[m[Kâ€™ does not name a type; did you mean â€˜[01m[Krcl_duration_t[m[Kâ€™?
[5.084s]      [01;31m[Krclcpp_action[m[K::CancelResponse handle_cancel(
[5.085s]      [01;31m[K^~~~~~~~~~~~~[m[K
[5.085s]      [32m[Krcl_duration_t[m[K
[5.086s] [01m[K/home/jiseongyoo/ros2_examples/src/composition_cpp_example/include/composition_cpp_example/component_action_server_cpp_example.hpp:29:29:[m[K [01;31m[Kerror: [m[Kâ€˜[01m[Krclcpp_action[m[Kâ€™ was not declared in this scope
[5.087s]        const std::shared_ptr<[01;31m[Krclcpp_action[m[K::ServerGoalHandle<interfaces::action::Example>> goal_handle);
[5.088s]                              [01;31m[K^~~~~~~~~~~~~[m[K
[5.093s] [01m[K/home/jiseongyoo/ros2_examples/src/composition_cpp_example/include/composition_cpp_example/component_action_server_cpp_example.hpp:29:29:[m[K [01;36m[Knote: [m[Ksuggested alternative: â€˜[01m[Krcl_duration_t[m[Kâ€™
[5.094s]        const std::shared_ptr<[01;36m[Krclcpp_action[m[K::ServerGoalHandle<interfaces::action::Example>> goal_handle);
[5.095s]                              [01;36m[K^~~~~~~~~~~~~[m[K
[5.095s]                              [32m[Krcl_duration_t[m[K
[5.096s] [01m[K/home/jiseongyoo/ros2_examples/src/composition_cpp_example/include/composition_cpp_example/component_action_server_cpp_example.hpp:29:88:[m[K [01;31m[Kerror: [m[Ktemplate argument 1 is invalid
[5.096s]        const std::shared_ptr<rclcpp_action::ServerGoalHandle<interfaces::action::Example[01;31m[K>>[m[K goal_handle);
[5.097s]                                                                                         [01;31m[K^~[m[K
[5.097s] [01m[K/home/jiseongyoo/ros2_examples/src/composition_cpp_example/include/composition_cpp_example/component_action_server_cpp_example.hpp:29:29:[m[K [01;31m[Kerror: [m[Kâ€˜[01m[Krclcpp_action[m[Kâ€™ was not declared in this scope
[5.097s]        const std::shared_ptr<[01;31m[Krclcpp_action[m[K::ServerGoalHandle<interfaces::action::Example>> goal_handle);
[5.098s]                              [01;31m[K^~~~~~~~~~~~~[m[K
[5.103s] [01m[K/home/jiseongyoo/ros2_examples/src/composition_cpp_example/include/composition_cpp_example/component_action_server_cpp_example.hpp:29:29:[m[K [01;36m[Knote: [m[Ksuggested alternative: â€˜[01m[Krcl_duration_t[m[Kâ€™
[5.104s]        const std::shared_ptr<[01;36m[Krclcpp_action[m[K::ServerGoalHandle<interfaces::action::Example>> goal_handle);
[5.105s]                              [01;36m[K^~~~~~~~~~~~~[m[K
[5.105s]                              [32m[Krcl_duration_t[m[K
[5.106s] [01m[K/home/jiseongyoo/ros2_examples/src/composition_cpp_example/include/composition_cpp_example/component_action_server_cpp_example.hpp:29:88:[m[K [01;31m[Kerror: [m[Ktemplate argument 1 is invalid
[5.106s]        const std::shared_ptr<rclcpp_action::ServerGoalHandle<interfaces::action::Example[01;31m[K>>[m[K goal_handle);
[5.107s]                                                                                         [01;31m[K^~[m[K
[5.107s] [01m[K/home/jiseongyoo/ros2_examples/src/composition_cpp_example/include/composition_cpp_example/component_action_server_cpp_example.hpp:29:29:[m[K [01;31m[Kerror: [m[Kâ€˜[01m[Krclcpp_action[m[Kâ€™ was not declared in this scope
[5.108s]        const std::shared_ptr<[01;31m[Krclcpp_action[m[K::ServerGoalHandle<interfaces::action::Example>> goal_handle);
[5.108s]                              [01;31m[K^~~~~~~~~~~~~[m[K
[5.113s] [01m[K/home/jiseongyoo/ros2_examples/src/composition_cpp_example/include/composition_cpp_example/component_action_server_cpp_example.hpp:29:29:[m[K [01;36m[Knote: [m[Ksuggested alternative: â€˜[01m[Krcl_duration_t[m[Kâ€™
[5.114s]        const std::shared_ptr<[01;36m[Krclcpp_action[m[K::ServerGoalHandle<interfaces::action::Example>> goal_handle);
[5.115s]                              [01;36m[K^~~~~~~~~~~~~[m[K
[5.115s]                              [32m[Krcl_duration_t[m[K
[5.118s] [01m[K/home/jiseongyoo/ros2_examples/src/composition_cpp_example/include/composition_cpp_example/component_action_server_cpp_example.hpp:29:88:[m[K [01;31m[Kerror: [m[Ktemplate argument 1 is invalid
[5.119s]        const std::shared_ptr<rclcpp_action::ServerGoalHandle<interfaces::action::Example[01;31m[K>>[m[K goal_handle);
[5.120s]                                                                                         [01;31m[K^~[m[K
[5.120s] [01m[K/home/jiseongyoo/ros2_examples/src/composition_cpp_example/include/composition_cpp_example/component_action_server_cpp_example.hpp:29:29:[m[K [01;31m[Kerror: [m[Kâ€˜[01m[Krclcpp_action[m[Kâ€™ was not declared in this scope
[5.121s]        const std::shared_ptr<[01;31m[Krclcpp_action[m[K::ServerGoalHandle<interfaces::action::Example>> goal_handle);
[5.122s]                              [01;31m[K^~~~~~~~~~~~~[m[K
[5.124s] [01m[K/home/jiseongyoo/ros2_examples/src/composition_cpp_example/include/composition_cpp_example/component_action_server_cpp_example.hpp:29:29:[m[K [01;36m[Knote: [m[Ksuggested alternative: â€˜[01m[Krcl_duration_t[m[Kâ€™
[5.125s]        const std::shared_ptr<[01;36m[Krclcpp_action[m[K::ServerGoalHandle<interfaces::action::Example>> goal_handle);
[5.125s]                              [01;36m[K^~~~~~~~~~~~~[m[K
[5.125s]                              [32m[Krcl_duration_t[m[K
[5.126s] [01m[K/home/jiseongyoo/ros2_examples/src/composition_cpp_example/include/composition_cpp_example/component_action_server_cpp_example.hpp:29:88:[m[K [01;31m[Kerror: [m[Ktemplate argument 1 is invalid
[5.126s]        const std::shared_ptr<rclcpp_action::ServerGoalHandle<interfaces::action::Example[01;31m[K>>[m[K goal_handle);
[5.127s]                                                                                         [01;31m[K^~[m[K
[5.127s] [01m[K/home/jiseongyoo/ros2_examples/src/composition_cpp_example/include/composition_cpp_example/component_action_server_cpp_example.hpp:29:29:[m[K [01;31m[Kerror: [m[Kâ€˜[01m[Krclcpp_action[m[Kâ€™ was not declared in this scope
[5.128s]        const std::shared_ptr<[01;31m[Krclcpp_action[m[K::ServerGoalHandle<interfaces::action::Example>> goal_handle);
[5.128s]                              [01;31m[K^~~~~~~~~~~~~[m[K
[5.138s] [01m[K/home/jiseongyoo/ros2_examples/src/composition_cpp_example/include/composition_cpp_example/component_action_server_cpp_example.hpp:29:29:[m[K [01;36m[Knote: [m[Ksuggested alternative: â€˜[01m[Krcl_duration_t[m[Kâ€™
[5.139s]        const std::shared_ptr<[01;36m[Krclcpp_action[m[K::ServerGoalHandle<interfaces::action::Example>> goal_handle);
[5.139s]                              [01;36m[K^~~~~~~~~~~~~[m[K
[5.139s]                              [32m[Krcl_duration_t[m[K
[5.140s] [01m[K/home/jiseongyoo/ros2_examples/src/composition_cpp_example/include/composition_cpp_example/component_action_server_cpp_example.hpp:29:88:[m[K [01;31m[Kerror: [m[Ktemplate argument 1 is invalid
[5.140s]        const std::shared_ptr<rclcpp_action::ServerGoalHandle<interfaces::action::Example[01;31m[K>>[m[K goal_handle);
[5.144s]                                                                                         [01;31m[K^~[m[K
[5.146s] [01m[K/home/jiseongyoo/ros2_examples/src/composition_cpp_example/include/composition_cpp_example/component_action_server_cpp_example.hpp:29:13:[m[K [01;31m[Kerror: [m[Kinvalid use of template-name â€˜[01m[Kstd::shared_ptr[m[Kâ€™ without an argument list
[5.147s]        const [01;31m[Kstd[m[K::shared_ptr<rclcpp_action::ServerGoalHandle<interfaces::action::Example>> goal_handle);
[5.148s]              [01;31m[K^~~[m[K
[5.148s] [01m[K/home/jiseongyoo/ros2_examples/src/composition_cpp_example/include/composition_cpp_example/component_action_server_cpp_example.hpp:29:13:[m[K [01;36m[Knote: [m[Kclass template argument deduction is only available with -std=c++1z or -std=gnu++1z
[5.149s] In file included from [01m[K/usr/include/c++/7/bits/shared_ptr.h:52:0[m[K,
[5.149s]                  from [01m[K/usr/include/c++/7/memory:81[m[K,
[5.150s]                  from [01m[K/opt/ros/eloquent/include/rclcpp/rclcpp.hpp:143[m[K,
[5.150s]                  from [01m[K/home/jiseongyoo/ros2_examples/src/composition_cpp_example/include/composition_cpp_example/component_action_server_cpp_example.hpp:8[m[K,
[5.150s]                  from [01m[K/home/jiseongyoo/ros2_examples/src/composition_cpp_example/src/component_action_server_cpp_example.cpp:1[m[K:
[5.151s] [01m[K/usr/include/c++/7/bits/shared_ptr_base.h:347:11:[m[K [01;36m[Knote: [m[Kâ€˜[01m[Ktemplate<class _Tp> class std::shared_ptr[m[Kâ€™ declared here
[5.151s]      class [01;36m[Kshared_ptr[m[K;
[5.152s]            [01;36m[K^~~~~~~~~~[m[K
[5.152s] In file included from [01m[K/home/jiseongyoo/ros2_examples/src/composition_cpp_example/src/component_action_server_cpp_example.cpp:1:0[m[K:
[5.153s] [01m[K/home/jiseongyoo/ros2_examples/src/composition_cpp_example/include/composition_cpp_example/component_action_server_cpp_example.hpp:29:28:[m[K [01;31m[Kerror: [m[Kexpected â€˜[01m[K,[m[Kâ€™ or â€˜[01m[K...[m[Kâ€™ before â€˜[01m[K<[m[Kâ€™ token
[5.153s]        const std::shared_ptr[01;31m[K<[m[Krclcpp_action::ServerGoalHandle<interfaces::action::Example>> goal_handle);
[5.154s]                             [01;31m[K^[m[K
[5.154s] [01m[K/home/jiseongyoo/ros2_examples/src/composition_cpp_example/include/composition_cpp_example/component_action_server_cpp_example.hpp:32:40:[m[K [01;31m[Kerror: [m[Kâ€˜[01m[Krclcpp_action[m[Kâ€™ was not declared in this scope
[5.154s]      void execute(const std::shared_ptr<[01;31m[Krclcpp_action[m[K::ServerGoalHandle<interfaces::action::Example>> goal_handle);
[5.156s]                                         [01;31m[K^~~~~~~~~~~~~[m[K
[5.157s] [01m[K/home/jiseongyoo/ros2_examples/src/composition_cpp_example/include/composition_cpp_example/component_action_server_cpp_example.hpp:32:40:[m[K [01;36m[Knote: [m[Ksuggested alternative: â€˜[01m[Krcl_duration_t[m[Kâ€™
[5.157s]      void execute(const std::shared_ptr<[01;36m[Krclcpp_action[m[K::ServerGoalHandle<interfaces::action::Example>> goal_handle);
[5.158s]                                         [01;36m[K^~~~~~~~~~~~~[m[K
[5.158s]                                         [32m[Krcl_duration_t[m[K
[5.159s] [01m[K/home/jiseongyoo/ros2_examples/src/composition_cpp_example/include/composition_cpp_example/component_action_server_cpp_example.hpp:32:99:[m[K [01;31m[Kerror: [m[Ktemplate argument 1 is invalid
[5.159s]      void execute(const std::shared_ptr<rclcpp_action::ServerGoalHandle<interfaces::action::Example[01;31m[K>>[m[K goal_handle);
[5.159s]                                                                                                    [01;31m[K^~[m[K
[5.160s] [01m[K/home/jiseongyoo/ros2_examples/src/composition_cpp_example/include/composition_cpp_example/component_action_server_cpp_example.hpp:32:40:[m[K [01;31m[Kerror: [m[Kâ€˜[01m[Krclcpp_action[m[Kâ€™ was not declared in this scope
[5.160s]      void execute(const std::shared_ptr<[01;31m[Krclcpp_action[m[K::ServerGoalHandle<interfaces::action::Example>> goal_handle);
[5.161s]                                         [01;31m[K^~~~~~~~~~~~~[m[K
[5.161s] [01m[K/home/jiseongyoo/ros2_examples/src/composition_cpp_example/include/composition_cpp_example/component_action_server_cpp_example.hpp:32:40:[m[K [01;36m[Knote: [m[Ksuggested alternative: â€˜[01m[Krcl_duration_t[m[Kâ€™
[5.162s]      void execute(const std::shared_ptr<[01;36m[Krclcpp_action[m[K::ServerGoalHandle<interfaces::action::Example>> goal_handle);
[5.162s]                                         [01;36m[K^~~~~~~~~~~~~[m[K
[5.163s]                                         [32m[Krcl_duration_t[m[K
[5.163s] [01m[K/home/jiseongyoo/ros2_examples/src/composition_cpp_example/include/composition_cpp_example/component_action_server_cpp_example.hpp:32:99:[m[K [01;31m[Kerror: [m[Ktemplate argument 1 is invalid
[5.163s]      void execute(const std::shared_ptr<rclcpp_action::ServerGoalHandle<interfaces::action::Example[01;31m[K>>[m[K goal_handle);
[5.164s]                                                                                                    [01;31m[K^~[m[K
[5.164s] [01m[K/home/jiseongyoo/ros2_examples/src/composition_cpp_example/include/composition_cpp_example/component_action_server_cpp_example.hpp:32:40:[m[K [01;31m[Kerror: [m[Kâ€˜[01m[Krclcpp_action[m[Kâ€™ was not declared in this scope
[5.165s]      void execute(const std::shared_ptr<[01;31m[Krclcpp_action[m[K::ServerGoalHandle<interfaces::action::Example>> goal_handle);
[5.166s]                                         [01;31m[K^~~~~~~~~~~~~[m[K
[5.166s] [01m[K/home/jiseongyoo/ros2_examples/src/composition_cpp_example/include/composition_cpp_example/component_action_server_cpp_example.hpp:32:40:[m[K [01;36m[Knote: [m[Ksuggested alternative: â€˜[01m[Krcl_duration_t[m[Kâ€™
[5.167s]      void execute(const std::shared_ptr<[01;36m[Krclcpp_action[m[K::ServerGoalHandle<interfaces::action::Example>> goal_handle);
[5.167s]                                         [01;36m[K^~~~~~~~~~~~~[m[K
[5.168s]                                         [32m[Krcl_duration_t[m[K
[5.168s] [01m[K/home/jiseongyoo/ros2_examples/src/composition_cpp_example/include/composition_cpp_example/component_action_server_cpp_example.hpp:32:99:[m[K [01;31m[Kerror: [m[Ktemplate argument 1 is invalid
[5.169s]      void execute(const std::shared_ptr<rclcpp_action::ServerGoalHandle<interfaces::action::Example[01;31m[K>>[m[K goal_handle);
[5.169s]                                                                                                    [01;31m[K^~[m[K
[5.169s] [01m[K/home/jiseongyoo/ros2_examples/src/composition_cpp_example/include/composition_cpp_example/component_action_server_cpp_example.hpp:32:40:[m[K [01;31m[Kerror: [m[Kâ€˜[01m[Krclcpp_action[m[Kâ€™ was not declared in this scope
[5.170s]      void execute(const std::shared_ptr<[01;31m[Krclcpp_action[m[K::ServerGoalHandle<interfaces::action::Example>> goal_handle);
[5.171s]                                         [01;31m[K^~~~~~~~~~~~~[m[K
[5.177s] [01m[K/home/jiseongyoo/ros2_examples/src/composition_cpp_example/include/composition_cpp_example/component_action_server_cpp_example.hpp:32:40:[m[K [01;36m[Knote: [m[Ksuggested alternative: â€˜[01m[Krcl_duration_t[m[Kâ€™
[5.177s]      void execute(const std::shared_ptr<[01;36m[Krclcpp_action[m[K::ServerGoalHandle<interfaces::action::Example>> goal_handle);
[5.178s]                                         [01;36m[K^~~~~~~~~~~~~[m[K
[5.178s]                                         [32m[Krcl_duration_t[m[K
[5.179s] [01m[K/home/jiseongyoo/ros2_examples/src/composition_cpp_example/include/composition_cpp_example/component_action_server_cpp_example.hpp:32:99:[m[K [01;31m[Kerror: [m[Ktemplate argument 1 is invalid
[5.179s]      void execute(const std::shared_ptr<rclcpp_action::ServerGoalHandle<interfaces::action::Example[01;31m[K>>[m[K goal_handle);
[5.180s]                                                                                                    [01;31m[K^~[m[K
[5.180s] [01m[K/home/jiseongyoo/ros2_examples/src/composition_cpp_example/include/composition_cpp_example/component_action_server_cpp_example.hpp:32:40:[m[K [01;31m[Kerror: [m[Kâ€˜[01m[Krclcpp_action[m[Kâ€™ was not declared in this scope
[5.181s]      void execute(const std::shared_ptr<[01;31m[Krclcpp_action[m[K::ServerGoalHandle<interfaces::action::Example>> goal_handle);
[5.182s]                                         [01;31m[K^~~~~~~~~~~~~[m[K
[5.189s] [01m[K/home/jiseongyoo/ros2_examples/src/composition_cpp_example/include/composition_cpp_example/component_action_server_cpp_example.hpp:32:40:[m[K [01;36m[Knote: [m[Ksuggested alternative: â€˜[01m[Krcl_duration_t[m[Kâ€™
[5.190s]      void execute(const std::shared_ptr<[01;36m[Krclcpp_action[m[K::ServerGoalHandle<interfaces::action::Example>> goal_handle);
[5.190s]                                         [01;36m[K^~~~~~~~~~~~~[m[K
[5.191s]                                         [32m[Krcl_duration_t[m[K
[5.191s] [01m[K/home/jiseongyoo/ros2_examples/src/composition_cpp_example/include/composition_cpp_example/component_action_server_cpp_example.hpp:32:99:[m[K [01;31m[Kerror: [m[Ktemplate argument 1 is invalid
[5.191s]      void execute(const std::shared_ptr<rclcpp_action::ServerGoalHandle<interfaces::action::Example[01;31m[K>>[m[K goal_handle);
[5.192s]                                                                                                    [01;31m[K^~[m[K
[5.192s] [01m[K/home/jiseongyoo/ros2_examples/src/composition_cpp_example/include/composition_cpp_example/component_action_server_cpp_example.hpp:32:24:[m[K [01;31m[Kerror: [m[Kinvalid use of template-name â€˜[01m[Kstd::shared_ptr[m[Kâ€™ without an argument list
[5.193s]      void execute(const [01;31m[Kstd[m[K::shared_ptr<rclcpp_action::ServerGoalHandle<interfaces::action::Example>> goal_handle);
[5.193s]                         [01;31m[K^~~[m[K
[5.193s] [01m[K/home/jiseongyoo/ros2_examples/src/composition_cpp_example/include/composition_cpp_example/component_action_server_cpp_example.hpp:32:24:[m[K [01;36m[Knote: [m[Kclass template argument deduction is only available with -std=c++1z or -std=gnu++1z
[5.194s] In file included from [01m[K/usr/include/c++/7/bits/shared_ptr.h:52:0[m[K,
[5.194s]                  from [01m[K/usr/include/c++/7/memory:81[m[K,
[5.194s]                  from [01m[K/opt/ros/eloquent/include/rclcpp/rclcpp.hpp:143[m[K,
[5.195s]                  from [01m[K/home/jiseongyoo/ros2_examples/src/composition_cpp_example/include/composition_cpp_example/component_action_server_cpp_example.hpp:8[m[K,
[5.195s]                  from [01m[K/home/jiseongyoo/ros2_examples/src/composition_cpp_example/src/component_action_server_cpp_example.cpp:1[m[K:
[5.195s] [01m[K/usr/include/c++/7/bits/shared_ptr_base.h:347:11:[m[K [01;36m[Knote: [m[Kâ€˜[01m[Ktemplate<class _Tp> class std::shared_ptr[m[Kâ€™ declared here
[5.196s]      class [01;36m[Kshared_ptr[m[K;
[5.196s]            [01;36m[K^~~~~~~~~~[m[K
[5.196s] In file included from [01m[K/home/jiseongyoo/ros2_examples/src/composition_cpp_example/src/component_action_server_cpp_example.cpp:1:0[m[K:
[5.197s] [01m[K/home/jiseongyoo/ros2_examples/src/composition_cpp_example/include/composition_cpp_example/component_action_server_cpp_example.hpp:32:39:[m[K [01;31m[Kerror: [m[Kexpected â€˜[01m[K,[m[Kâ€™ or â€˜[01m[K...[m[Kâ€™ before â€˜[01m[K<[m[Kâ€™ token
[5.197s]      void execute(const std::shared_ptr[01;31m[K<[m[Krclcpp_action::ServerGoalHandle<interfaces::action::Example>> goal_handle);
[5.198s]                                        [01;31m[K^[m[K
[5.198s] [01m[K/home/jiseongyoo/ros2_examples/src/composition_cpp_example/include/composition_cpp_example/component_action_server_cpp_example.hpp:34:70:[m[K [01;31m[Kerror: [m[KISO C++ forbids declaration of â€˜[01m[KComoponentActionServerExample[m[Kâ€™ with no type [[01;31m[K-fpermissive[m[K]
[5.198s]      ComoponentActionServerExample(const rclcpp::NodeOptions & options[01;31m[K)[m[K;
[5.199s]                                                                       [01;31m[K^[m[K
[5.202s] [01m[K/home/jiseongyoo/ros2_examples/src/composition_cpp_example/src/component_action_server_cpp_example.cpp:5:3:[m[K [01;31m[Kerror: [m[Kâ€˜[01m[Krclcpp_action[m[Kâ€™ does not name a type; did you mean â€˜[01m[Krcl_duration_t[m[Kâ€™?
[5.202s]    [01;31m[Krclcpp_action[m[K::GoalResponse ComponentActionServerExample::handle_goal(
[5.203s]    [01;31m[K^~~~~~~~~~~~~[m[K
[5.203s]    [32m[Krcl_duration_t[m[K
[5.209s] [01m[K/home/jiseongyoo/ros2_examples/src/composition_cpp_example/src/component_action_server_cpp_example.cpp:27:3:[m[K [01;31m[Kerror: [m[Kâ€˜[01m[Krclcpp_action[m[Kâ€™ does not name a type; did you mean â€˜[01m[Krcl_duration_t[m[Kâ€™?
[5.210s]    [01;31m[Krclcpp_action[m[K::CancelResponse ComponentActionServerExample::handle_cancel(
[5.210s]    [01;31m[K^~~~~~~~~~~~~[m[K
[5.211s]    [32m[Krcl_duration_t[m[K
[5.211s] [01m[K/home/jiseongyoo/ros2_examples/src/composition_cpp_example/src/component_action_server_cpp_example.cpp:43:27:[m[K [01;31m[Kerror: [m[Kâ€˜[01m[Krclcpp_action[m[Kâ€™ was not declared in this scope
[5.211s]      const std::shared_ptr<[01;31m[Krclcpp_action[m[K::ServerGoalHandle<interfaces::action::Example>> goal_handle){
[5.212s]                            [01;31m[K^~~~~~~~~~~~~[m[K
[5.223s] [01m[K/home/jiseongyoo/ros2_examples/src/composition_cpp_example/src/component_action_server_cpp_example.cpp:43:27:[m[K [01;36m[Knote: [m[Ksuggested alternative: â€˜[01m[Krcl_duration_t[m[Kâ€™
[5.224s]      const std::shared_ptr<[01;36m[Krclcpp_action[m[K::ServerGoalHandle<interfaces::action::Example>> goal_handle){
[5.225s]                            [01;36m[K^~~~~~~~~~~~~[m[K
[5.225s]                            [32m[Krcl_duration_t[m[K
[5.226s] [01m[K/home/jiseongyoo/ros2_examples/src/composition_cpp_example/src/component_action_server_cpp_example.cpp:43:86:[m[K [01;31m[Kerror: [m[Ktemplate argument 1 is invalid
[5.226s]      const std::shared_ptr<rclcpp_action::ServerGoalHandle<interfaces::action::Example[01;31m[K>>[m[K goal_handle){
[5.227s]                                                                                       [01;31m[K^~[m[K
[5.227s] [01m[K/home/jiseongyoo/ros2_examples/src/composition_cpp_example/src/component_action_server_cpp_example.cpp:43:27:[m[K [01;31m[Kerror: [m[Kâ€˜[01m[Krclcpp_action[m[Kâ€™ was not declared in this scope
[5.228s]      const std::shared_ptr<[01;31m[Krclcpp_action[m[K::ServerGoalHandle<interfaces::action::Example>> goal_handle){
[5.229s]                            [01;31m[K^~~~~~~~~~~~~[m[K
[5.237s] [01m[K/home/jiseongyoo/ros2_examples/src/composition_cpp_example/src/component_action_server_cpp_example.cpp:43:27:[m[K [01;36m[Knote: [m[Ksuggested alternative: â€˜[01m[Krcl_duration_t[m[Kâ€™
[5.238s]      const std::shared_ptr<[01;36m[Krclcpp_action[m[K::ServerGoalHandle<interfaces::action::Example>> goal_handle){
[5.238s]                            [01;36m[K^~~~~~~~~~~~~[m[K
[5.238s]                            [32m[Krcl_duration_t[m[K
[5.239s] [01m[K/home/jiseongyoo/ros2_examples/src/composition_cpp_example/src/component_action_server_cpp_example.cpp:43:86:[m[K [01;31m[Kerror: [m[Ktemplate argument 1 is invalid
[5.240s]      const std::shared_ptr<rclcpp_action::ServerGoalHandle<interfaces::action::Example[01;31m[K>>[m[K goal_handle){
[5.240s]                                                                                       [01;31m[K^~[m[K
[5.241s] [01m[K/home/jiseongyoo/ros2_examples/src/composition_cpp_example/src/component_action_server_cpp_example.cpp:43:27:[m[K [01;31m[Kerror: [m[Kâ€˜[01m[Krclcpp_action[m[Kâ€™ was not declared in this scope
[5.241s]      const std::shared_ptr<[01;31m[Krclcpp_action[m[K::ServerGoalHandle<interfaces::action::Example>> goal_handle){
[5.242s]                            [01;31m[K^~~~~~~~~~~~~[m[K
[5.254s] [01m[K/home/jiseongyoo/ros2_examples/src/composition_cpp_example/src/component_action_server_cpp_example.cpp:43:27:[m[K [01;36m[Knote: [m[Ksuggested alternative: â€˜[01m[Krcl_duration_t[m[Kâ€™
[5.254s]      const std::shared_ptr<[01;36m[Krclcpp_action[m[K::ServerGoalHandle<interfaces::action::Example>> goal_handle){
[5.255s]                            [01;36m[K^~~~~~~~~~~~~[m[K
[5.255s]                            [32m[Krcl_duration_t[m[K
[5.255s] [01m[K/home/jiseongyoo/ros2_examples/src/composition_cpp_example/src/component_action_server_cpp_example.cpp:43:86:[m[K [01;31m[Kerror: [m[Ktemplate argument 1 is invalid
[5.256s]      const std::shared_ptr<rclcpp_action::ServerGoalHandle<interfaces::action::Example[01;31m[K>>[m[K goal_handle){
[5.256s]                                                                                       [01;31m[K^~[m[K
[5.257s] [01m[K/home/jiseongyoo/ros2_examples/src/composition_cpp_example/src/component_action_server_cpp_example.cpp:43:27:[m[K [01;31m[Kerror: [m[Kâ€˜[01m[Krclcpp_action[m[Kâ€™ was not declared in this scope
[5.257s]      const std::shared_ptr<[01;31m[Krclcpp_action[m[K::ServerGoalHandle<interfaces::action::Example>> goal_handle){
[5.257s]                            [01;31m[K^~~~~~~~~~~~~[m[K
[5.267s] [01m[K/home/jiseongyoo/ros2_examples/src/composition_cpp_example/src/component_action_server_cpp_example.cpp:43:27:[m[K [01;36m[Knote: [m[Ksuggested alternative: â€˜[01m[Krcl_duration_t[m[Kâ€™
[5.268s]      const std::shared_ptr<[01;36m[Krclcpp_action[m[K::ServerGoalHandle<interfaces::action::Example>> goal_handle){
[5.269s]                            [01;36m[K^~~~~~~~~~~~~[m[K
[5.269s]                            [32m[Krcl_duration_t[m[K
[5.270s] [01m[K/home/jiseongyoo/ros2_examples/src/composition_cpp_example/src/component_action_server_cpp_example.cpp:43:86:[m[K [01;31m[Kerror: [m[Ktemplate argument 1 is invalid
[5.270s]      const std::shared_ptr<rclcpp_action::ServerGoalHandle<interfaces::action::Example[01;31m[K>>[m[K goal_handle){
[5.271s]                                                                                       [01;31m[K^~[m[K
[5.271s] [01m[K/home/jiseongyoo/ros2_examples/src/composition_cpp_example/src/component_action_server_cpp_example.cpp:43:27:[m[K [01;31m[Kerror: [m[Kâ€˜[01m[Krclcpp_action[m[Kâ€™ was not declared in this scope
[5.272s]      const std::shared_ptr<[01;31m[Krclcpp_action[m[K::ServerGoalHandle<interfaces::action::Example>> goal_handle){
[5.273s]                            [01;31m[K^~~~~~~~~~~~~[m[K
[5.278s] [01m[K/home/jiseongyoo/ros2_examples/src/composition_cpp_example/src/component_action_server_cpp_example.cpp:43:27:[m[K [01;36m[Knote: [m[Ksuggested alternative: â€˜[01m[Krcl_duration_t[m[Kâ€™
[5.279s]      const std::shared_ptr<[01;36m[Krclcpp_action[m[K::ServerGoalHandle<interfaces::action::Example>> goal_handle){
[5.279s]                            [01;36m[K^~~~~~~~~~~~~[m[K
[5.280s]                            [32m[Krcl_duration_t[m[K
[5.280s] [01m[K/home/jiseongyoo/ros2_examples/src/composition_cpp_example/src/component_action_server_cpp_example.cpp:43:86:[m[K [01;31m[Kerror: [m[Ktemplate argument 1 is invalid
[5.281s]      const std::shared_ptr<rclcpp_action::ServerGoalHandle<interfaces::action::Example[01;31m[K>>[m[K goal_handle){
[5.282s]                                                                                       [01;31m[K^~[m[K
[5.282s] [01m[K/home/jiseongyoo/ros2_examples/src/composition_cpp_example/src/component_action_server_cpp_example.cpp:43:11:[m[K [01;31m[Kerror: [m[Kinvalid use of template-name â€˜[01m[Kstd::shared_ptr[m[Kâ€™ without an argument list
[5.283s]      const [01;31m[Kstd[m[K::shared_ptr<rclcpp_action::ServerGoalHandle<interfaces::action::Example>> goal_handle){
[5.284s]            [01;31m[K^~~[m[K
[5.284s] [01m[K/home/jiseongyoo/ros2_examples/src/composition_cpp_example/src/component_action_server_cpp_example.cpp:43:11:[m[K [01;36m[Knote: [m[Kclass template argument deduction is only available with -std=c++1z or -std=gnu++1z
[5.285s] In file included from [01m[K/usr/include/c++/7/bits/shared_ptr.h:52:0[m[K,
[5.285s]                  from [01m[K/usr/include/c++/7/memory:81[m[K,
[5.286s]                  from [01m[K/opt/ros/eloquent/include/rclcpp/rclcpp.hpp:143[m[K,
[5.287s]                  from [01m[K/home/jiseongyoo/ros2_examples/src/composition_cpp_example/include/composition_cpp_example/component_action_server_cpp_example.hpp:8[m[K,
[5.287s]                  from [01m[K/home/jiseongyoo/ros2_examples/src/composition_cpp_example/src/component_action_server_cpp_example.cpp:1[m[K:
[5.288s] [01m[K/usr/include/c++/7/bits/shared_ptr_base.h:347:11:[m[K [01;36m[Knote: [m[Kâ€˜[01m[Ktemplate<class _Tp> class std::shared_ptr[m[Kâ€™ declared here
[5.288s]      class [01;36m[Kshared_ptr[m[K;
[5.288s]            [01;36m[K^~~~~~~~~~[m[K
[5.289s] [01m[K/home/jiseongyoo/ros2_examples/src/composition_cpp_example/src/component_action_server_cpp_example.cpp:43:26:[m[K [01;31m[Kerror: [m[Kexpected â€˜[01m[K,[m[Kâ€™ or â€˜[01m[K...[m[Kâ€™ before â€˜[01m[K<[m[Kâ€™ token
[5.289s]      const std::shared_ptr[01;31m[K<[m[Krclcpp_action::ServerGoalHandle<interfaces::action::Example>> goal_handle){
[5.290s]                           [01;31m[K^[m[K
[5.340s] [01m[K/home/jiseongyoo/ros2_examples/src/composition_cpp_example/src/component_action_server_cpp_example.cpp:[m[K In member function â€˜[01m[Kvoid component::ComponentActionServerExample::handle_accept(int)[m[Kâ€™:
[5.341s] [01m[K/home/jiseongyoo/ros2_examples/src/composition_cpp_example/src/component_action_server_cpp_example.cpp:45:97:[m[K [01;31m[Kerror: [m[Kâ€˜[01m[Kgoal_handle[m[Kâ€™ was not declared in this scope
[5.341s]      std::thread{std::bind(&ComponentActionServerExample::execute, this, std::placeholders::_1), [01;31m[Kgoal_handle[m[K}.detach();
[5.342s]                                                                                                  [01;31m[K^~~~~~~~~~~[m[K
[5.351s] [01m[K/home/jiseongyoo/ros2_examples/src/composition_cpp_example/src/component_action_server_cpp_example.cpp:45:97:[m[K [01;36m[Knote: [m[Ksuggested alternative: â€˜[01m[Ksa_handler[m[Kâ€™
[5.351s]      std::thread{std::bind(&ComponentActionServerExample::execute, this, std::placeholders::_1), [01;36m[Kgoal_handle[m[K}.detach();
[5.352s]                                                                                                  [01;36m[K^~~~~~~~~~~[m[K
[5.352s]                                                                                                  [32m[Ksa_handler[m[K
[5.358s] [01m[K/home/jiseongyoo/ros2_examples/src/composition_cpp_example/src/component_action_server_cpp_example.cpp:45:108:[m[K [01;31m[Kerror: [m[Kno matching function for call to â€˜[01m[Kstd::thread::thread(<brace-enclosed initializer list>)[m[Kâ€™
[5.359s]      std::thread{std::bind(&ComponentActionServerExample::execute, this, std::placeholders::_1), goal_handle[01;31m[K}[m[K.detach();
[5.359s]                                                                                                             [01;31m[K^[m[K
[5.360s] In file included from [01m[K/usr/include/c++/7/future:39:0[m[K,
[5.360s]                  from [01m[K/opt/ros/eloquent/include/rclcpp/executors.hpp:18[m[K,
[5.360s]                  from [01m[K/opt/ros/eloquent/include/rclcpp/rclcpp.hpp:145[m[K,
[5.361s]                  from [01m[K/home/jiseongyoo/ros2_examples/src/composition_cpp_example/include/composition_cpp_example/component_action_server_cpp_example.hpp:8[m[K,
[5.362s]                  from [01m[K/home/jiseongyoo/ros2_examples/src/composition_cpp_example/src/component_action_server_cpp_example.cpp:1[m[K:
[5.362s] [01m[K/usr/include/c++/7/thread:118:7:[m[K [01;36m[Knote: [m[Kcandidate: template<class _Callable, class ... _Args> std::thread::thread(_Callable&&, _Args&& ...)
[5.363s]        [01;36m[Kthread[m[K(_Callable&& __f, _Args&&... __args)
[5.363s]        [01;36m[K^~~~~~[m[K
[5.364s] [01m[K/usr/include/c++/7/thread:118:7:[m[K [01;36m[Knote: [m[K  template argument deduction/substitution failed:
[5.365s] [01m[K/usr/include/c++/7/thread:113:5:[m[K [01;36m[Knote: [m[Kcandidate: std::thread::thread(std::thread&&)
[5.365s]      [01;36m[Kthread[m[K(thread&& __t) noexcept
[5.366s]      [01;36m[K^~~~~~[m[K
[5.366s] [01m[K/usr/include/c++/7/thread:113:5:[m[K [01;36m[Knote: [m[K  candidate expects 1 argument, 2 provided
[5.367s] [01m[K/usr/include/c++/7/thread:106:5:[m[K [01;36m[Knote: [m[Kcandidate: std::thread::thread()
[5.367s]      [01;36m[Kthread[m[K() noexcept = default;
[5.368s]      [01;36m[K^~~~~~[m[K
[5.369s] [01m[K/usr/include/c++/7/thread:106:5:[m[K [01;36m[Knote: [m[K  candidate expects 0 arguments, 2 provided
[5.369s] [01m[K/home/jiseongyoo/ros2_examples/src/composition_cpp_example/src/component_action_server_cpp_example.cpp:[m[K At global scope:
[5.370s] [01m[K/home/jiseongyoo/ros2_examples/src/composition_cpp_example/src/component_action_server_cpp_example.cpp:50:27:[m[K [01;31m[Kerror: [m[Kâ€˜[01m[Krclcpp_action[m[Kâ€™ was not declared in this scope
[5.370s]      const std::shared_ptr<[01;31m[Krclcpp_action[m[K::ServerGoalHandle<interfaces::action::Example>> goal_handle){
[5.371s]                            [01;31m[K^~~~~~~~~~~~~[m[K
[5.371s] [01m[K/home/jiseongyoo/ros2_examples/src/composition_cpp_example/src/component_action_server_cpp_example.cpp:50:27:[m[K [01;36m[Knote: [m[Ksuggested alternative: â€˜[01m[Krcl_duration_t[m[Kâ€™
[5.372s]      const std::shared_ptr<[01;36m[Krclcpp_action[m[K::ServerGoalHandle<interfaces::action::Example>> goal_handle){
[5.372s]                            [01;36m[K^~~~~~~~~~~~~[m[K
[5.373s]                            [32m[Krcl_duration_t[m[K
[5.373s] [01m[K/home/jiseongyoo/ros2_examples/src/composition_cpp_example/src/component_action_server_cpp_example.cpp:50:86:[m[K [01;31m[Kerror: [m[Ktemplate argument 1 is invalid
[5.373s]      const std::shared_ptr<rclcpp_action::ServerGoalHandle<interfaces::action::Example[01;31m[K>>[m[K goal_handle){
[5.374s]                                                                                       [01;31m[K^~[m[K
[5.375s] [01m[K/home/jiseongyoo/ros2_examples/src/composition_cpp_example/src/component_action_server_cpp_example.cpp:50:27:[m[K [01;31m[Kerror: [m[Kâ€˜[01m[Krclcpp_action[m[Kâ€™ was not declared in this scope
[5.375s]      const std::shared_ptr<[01;31m[Krclcpp_action[m[K::ServerGoalHandle<interfaces::action::Example>> goal_handle){
[5.376s]                            [01;31m[K^~~~~~~~~~~~~[m[K
[5.376s] [01m[K/home/jiseongyoo/ros2_examples/src/composition_cpp_example/src/component_action_server_cpp_example.cpp:50:27:[m[K [01;36m[Knote: [m[Ksuggested alternative: â€˜[01m[Krcl_duration_t[m[Kâ€™
[5.377s]      const std::shared_ptr<[01;36m[Krclcpp_action[m[K::ServerGoalHandle<interfaces::action::Example>> goal_handle){
[5.377s]                            [01;36m[K^~~~~~~~~~~~~[m[K
[5.377s]                            [32m[Krcl_duration_t[m[K
[5.378s] [01m[K/home/jiseongyoo/ros2_examples/src/composition_cpp_example/src/component_action_server_cpp_example.cpp:50:86:[m[K [01;31m[Kerror: [m[Ktemplate argument 1 is invalid
[5.378s]      const std::shared_ptr<rclcpp_action::ServerGoalHandle<interfaces::action::Example[01;31m[K>>[m[K goal_handle){
[5.379s]                                                                                       [01;31m[K^~[m[K
[5.379s] [01m[K/home/jiseongyoo/ros2_examples/src/composition_cpp_example/src/component_action_server_cpp_example.cpp:50:27:[m[K [01;31m[Kerror: [m[Kâ€˜[01m[Krclcpp_action[m[Kâ€™ was not declared in this scope
[5.380s]      const std::shared_ptr<[01;31m[Krclcpp_action[m[K::ServerGoalHandle<interfaces::action::Example>> goal_handle){
[5.380s]                            [01;31m[K^~~~~~~~~~~~~[m[K
[5.385s] [01m[K/home/jiseongyoo/ros2_examples/src/composition_cpp_example/src/component_action_server_cpp_example.cpp:50:27:[m[K [01;36m[Knote: [m[Ksuggested alternative: â€˜[01m[Krcl_duration_t[m[Kâ€™
[5.385s]      const std::shared_ptr<[01;36m[Krclcpp_action[m[K::ServerGoalHandle<interfaces::action::Example>> goal_handle){
[5.386s]                            [01;36m[K^~~~~~~~~~~~~[m[K
[5.386s]                            [32m[Krcl_duration_t[m[K
[5.387s] [01m[K/home/jiseongyoo/ros2_examples/src/composition_cpp_example/src/component_action_server_cpp_example.cpp:50:86:[m[K [01;31m[Kerror: [m[Ktemplate argument 1 is invalid
[5.387s]      const std::shared_ptr<rclcpp_action::ServerGoalHandle<interfaces::action::Example[01;31m[K>>[m[K goal_handle){
[5.388s]                                                                                       [01;31m[K^~[m[K
[5.388s] [01m[K/home/jiseongyoo/ros2_examples/src/composition_cpp_example/src/component_action_server_cpp_example.cpp:50:27:[m[K [01;31m[Kerror: [m[Kâ€˜[01m[Krclcpp_action[m[Kâ€™ was not declared in this scope
[5.389s]      const std::shared_ptr<[01;31m[Krclcpp_action[m[K::ServerGoalHandle<interfaces::action::Example>> goal_handle){
[5.389s]                            [01;31m[K^~~~~~~~~~~~~[m[K
[5.396s] [01m[K/home/jiseongyoo/ros2_examples/src/composition_cpp_example/src/component_action_server_cpp_example.cpp:50:27:[m[K [01;36m[Knote: [m[Ksuggested alternative: â€˜[01m[Krcl_duration_t[m[Kâ€™
[5.396s]      const std::shared_ptr<[01;36m[Krclcpp_action[m[K::ServerGoalHandle<interfaces::action::Example>> goal_handle){
[5.397s]                            [01;36m[K^~~~~~~~~~~~~[m[K
[5.398s]                            [32m[Krcl_duration_t[m[K
[5.398s] [01m[K/home/jiseongyoo/ros2_examples/src/composition_cpp_example/src/component_action_server_cpp_example.cpp:50:86:[m[K [01;31m[Kerror: [m[Ktemplate argument 1 is invalid
[5.399s]      const std::shared_ptr<rclcpp_action::ServerGoalHandle<interfaces::action::Example[01;31m[K>>[m[K goal_handle){
[5.399s]                                                                                       [01;31m[K^~[m[K
[5.400s] [01m[K/home/jiseongyoo/ros2_examples/src/composition_cpp_example/src/component_action_server_cpp_example.cpp:50:27:[m[K [01;31m[Kerror: [m[Kâ€˜[01m[Krclcpp_action[m[Kâ€™ was not declared in this scope
[5.400s]      const std::shared_ptr<[01;31m[Krclcpp_action[m[K::ServerGoalHandle<interfaces::action::Example>> goal_handle){
[5.401s]                            [01;31m[K^~~~~~~~~~~~~[m[K
[5.406s] [01m[K/home/jiseongyoo/ros2_examples/src/composition_cpp_example/src/component_action_server_cpp_example.cpp:50:27:[m[K [01;36m[Knote: [m[Ksuggested alternative: â€˜[01m[Krcl_duration_t[m[Kâ€™
[5.407s]      const std::shared_ptr<[01;36m[Krclcpp_action[m[K::ServerGoalHandle<interfaces::action::Example>> goal_handle){
[5.407s]                            [01;36m[K^~~~~~~~~~~~~[m[K
[5.409s]                            [32m[Krcl_duration_t[m[K
[5.409s] [01m[K/home/jiseongyoo/ros2_examples/src/composition_cpp_example/src/component_action_server_cpp_example.cpp:50:86:[m[K [01;31m[Kerror: [m[Ktemplate argument 1 is invalid
[5.410s]      const std::shared_ptr<rclcpp_action::ServerGoalHandle<interfaces::action::Example[01;31m[K>>[m[K goal_handle){
[5.410s]                                                                                       [01;31m[K^~[m[K
[5.411s] [01m[K/home/jiseongyoo/ros2_examples/src/composition_cpp_example/src/component_action_server_cpp_example.cpp:50:11:[m[K [01;31m[Kerror: [m[Kinvalid use of template-name â€˜[01m[Kstd::shared_ptr[m[Kâ€™ without an argument list
[5.411s]      const [01;31m[Kstd[m[K::shared_ptr<rclcpp_action::ServerGoalHandle<interfaces::action::Example>> goal_handle){
[5.412s]            [01;31m[K^~~[m[K
[5.412s] [01m[K/home/jiseongyoo/ros2_examples/src/composition_cpp_example/src/component_action_server_cpp_example.cpp:50:11:[m[K [01;36m[Knote: [m[Kclass template argument deduction is only available with -std=c++1z or -std=gnu++1z
[5.413s] In file included from [01m[K/usr/include/c++/7/bits/shared_ptr.h:52:0[m[K,
[5.414s]                  from [01m[K/usr/include/c++/7/memory:81[m[K,
[5.414s]                  from [01m[K/opt/ros/eloquent/include/rclcpp/rclcpp.hpp:143[m[K,
[5.415s]                  from [01m[K/home/jiseongyoo/ros2_examples/src/composition_cpp_example/include/composition_cpp_example/component_action_server_cpp_example.hpp:8[m[K,
[5.415s]                  from [01m[K/home/jiseongyoo/ros2_examples/src/composition_cpp_example/src/component_action_server_cpp_example.cpp:1[m[K:
[5.416s] [01m[K/usr/include/c++/7/bits/shared_ptr_base.h:347:11:[m[K [01;36m[Knote: [m[Kâ€˜[01m[Ktemplate<class _Tp> class std::shared_ptr[m[Kâ€™ declared here
[5.416s]      class [01;36m[Kshared_ptr[m[K;
[5.416s]            [01;36m[K^~~~~~~~~~[m[K
[5.417s] [01m[K/home/jiseongyoo/ros2_examples/src/composition_cpp_example/src/component_action_server_cpp_example.cpp:50:26:[m[K [01;31m[Kerror: [m[Kexpected â€˜[01m[K,[m[Kâ€™ or â€˜[01m[K...[m[Kâ€™ before â€˜[01m[K<[m[Kâ€™ token
[5.417s]      const std::shared_ptr[01;31m[K<[m[Krclcpp_action::ServerGoalHandle<interfaces::action::Example>> goal_handle){
[5.418s]                           [01;31m[K^[m[K
[5.418s] In file included from [01m[K/opt/ros/eloquent/include/rclcpp/client.hpp:39:0[m[K,
[5.419s]                  from [01m[K/opt/ros/eloquent/include/rclcpp/callback_group.hpp:23[m[K,
[5.419s]                  from [01m[K/opt/ros/eloquent/include/rclcpp/any_executable.hpp:20[m[K,
[5.420s]                  from [01m[K/opt/ros/eloquent/include/rclcpp/memory_strategy.hpp:24[m[K,
[5.420s]                  from [01m[K/opt/ros/eloquent/include/rclcpp/memory_strategies.hpp:18[m[K,
[5.420s]                  from [01m[K/opt/ros/eloquent/include/rclcpp/executor.hpp:33[m[K,
[5.421s]                  from [01m[K/opt/ros/eloquent/include/rclcpp/executors/multi_threaded_executor.hpp:25[m[K,
[5.421s]                  from [01m[K/opt/ros/eloquent/include/rclcpp/executors.hpp:21[m[K,
[5.422s]                  from [01m[K/opt/ros/eloquent/include/rclcpp/rclcpp.hpp:145[m[K,
[5.422s]                  from [01m[K/home/jiseongyoo/ros2_examples/src/composition_cpp_example/include/composition_cpp_example/component_action_server_cpp_example.hpp:8[m[K,
[5.423s]                  from [01m[K/home/jiseongyoo/ros2_examples/src/composition_cpp_example/src/component_action_server_cpp_example.cpp:1[m[K:
[5.423s] [01m[K/home/jiseongyoo/ros2_examples/src/composition_cpp_example/src/component_action_server_cpp_example.cpp:[m[K In member function â€˜[01m[Kvoid component::ComponentActionServerExample::execute(int)[m[Kâ€™:
[5.424s] [01m[K/home/jiseongyoo/ros2_examples/src/composition_cpp_example/src/component_action_server_cpp_example.cpp:53:63:[m[K [01;31m[Kerror: [m[Kâ€˜[01m[Kaction_server_[m[Kâ€™ was not declared in this scope
[5.424s]      RCLCPP_INFO(this->get_logger(), "Action '%s' : executed", [01;31m[Ka[m[Kction_server_->get_action_name());
[5.425s]                                                                [01;31m[K^[m[K
[5.425s] [01m[K/opt/ros/eloquent/include/rcutils/logging_macros.h:72:64:[m[K [01;36m[Knote: [m[Kin definition of macro â€˜[01m[KRCUTILS_LOG_COND_NAMED[m[Kâ€™
[5.426s]        rcutils_log(&__rcutils_logging_location, severity, name, [01;36m[K__VA_ARGS__[m[K); \
[5.426s]                                                                 [01;36m[K^~~~~~~~~~~[m[K
[5.426s] [01m[K/opt/ros/eloquent/include/rclcpp/logging.hpp:541:5:[m[K [01;36m[Knote: [m[Kin expansion of macro â€˜[01m[KRCUTILS_LOG_INFO_NAMED[m[Kâ€™
[5.427s]      [01;36m[KRCUTILS_LOG_INFO_NAMED[m[K( \
[5.427s]      [01;36m[K^~~~~~~~~~~~~~~~~~~~~~[m[K
[5.428s] [01m[K/opt/ros/eloquent/include/rclcpp/logging.hpp:544:9:[m[K [01;36m[Knote: [m[Kin expansion of macro â€˜[01m[KRCLCPP_ALL_BUT_FIRST_ARGS[m[Kâ€™
[5.428s]          [01;36m[KRCLCPP_ALL_BUT_FIRST_ARGS[m[K(__VA_ARGS__,"")); \
[5.429s]          [01;36m[K^~~~~~~~~~~~~~~~~~~~~~~~~[m[K
[5.429s] [01m[K/home/jiseongyoo/ros2_examples/src/composition_cpp_example/src/component_action_server_cpp_example.cpp:53:5:[m[K [01;36m[Knote: [m[Kin expansion of macro â€˜[01m[KRCLCPP_INFO[m[Kâ€™
[5.430s]      [01;36m[KRCLCPP_INFO[m[K(this->get_logger(), "Action '%s' : executed", action_server_->get_action_name());
[5.430s]      [01;36m[K^~~~~~~~~~~[m[K
[5.430s] [01m[K/home/jiseongyoo/ros2_examples/src/composition_cpp_example/src/component_action_server_cpp_example.cpp:57:23:[m[K [01;31m[Kerror: [m[Kâ€˜[01m[Kgoal_handle[m[Kâ€™ was not declared in this scope
[5.431s]      const auto goal = [01;31m[Kgoal_handle[m[K->get_goal();
[5.432s]                        [01;31m[K^~~~~~~~~~~[m[K
[5.432s] [01m[K/home/jiseongyoo/ros2_examples/src/composition_cpp_example/src/component_action_server_cpp_example.cpp:57:23:[m[K [01;36m[Knote: [m[Ksuggested alternative: â€˜[01m[Ksa_handler[m[Kâ€™
[5.432s]      const auto goal = [01;36m[Kgoal_handle[m[K->get_goal();
[5.433s]                        [01;36m[K^~~~~~~~~~~[m[K
[5.433s]                        [32m[Ksa_handler[m[K
[5.477s] In file included from [01m[K/opt/ros/eloquent/include/rclcpp/client.hpp:39:0[m[K,
[5.478s]                  from [01m[K/opt/ros/eloquent/include/rclcpp/callback_group.hpp:23[m[K,
[5.478s]                  from [01m[K/opt/ros/eloquent/include/rclcpp/any_executable.hpp:20[m[K,
[5.479s]                  from [01m[K/opt/ros/eloquent/include/rclcpp/memory_strategy.hpp:24[m[K,
[5.479s]                  from [01m[K/opt/ros/eloquent/include/rclcpp/memory_strategies.hpp:18[m[K,
[5.480s]                  from [01m[K/opt/ros/eloquent/include/rclcpp/executor.hpp:33[m[K,
[5.480s]                  from [01m[K/opt/ros/eloquent/include/rclcpp/executors/multi_threaded_executor.hpp:25[m[K,
[5.481s]                  from [01m[K/opt/ros/eloquent/include/rclcpp/executors.hpp:21[m[K,
[5.481s]                  from [01m[K/opt/ros/eloquent/include/rclcpp/rclcpp.hpp:145[m[K,
[5.482s]                  from [01m[K/home/jiseongyoo/ros2_examples/src/composition_cpp_example/include/composition_cpp_example/component_action_server_cpp_example.hpp:8[m[K,
[5.482s]                  from [01m[K/home/jiseongyoo/ros2_examples/src/composition_cpp_example/src/component_action_server_cpp_example.cpp:1[m[K:
[5.482s] [01m[K/home/jiseongyoo/ros2_examples/src/composition_cpp_example/src/component_action_server_cpp_example.cpp:74:66:[m[K [01;31m[Kerror: [m[Kâ€˜[01m[Kaction_server_[m[Kâ€™ was not declared in this scope
[5.483s]          RCLCPP_INFO(this->get_logger(), "Action 's' : canceled", [01;31m[Ka[m[Kction_server_->get_action_name());
[5.483s]                                                                   [01;31m[K^[m[K
[5.484s] [01m[K/opt/ros/eloquent/include/rcutils/logging_macros.h:72:64:[m[K [01;36m[Knote: [m[Kin definition of macro â€˜[01m[KRCUTILS_LOG_COND_NAMED[m[Kâ€™
[5.484s]        rcutils_log(&__rcutils_logging_location, severity, name, [01;36m[K__VA_ARGS__[m[K); \
[5.485s]                                                                 [01;36m[K^~~~~~~~~~~[m[K
[5.485s] [01m[K/opt/ros/eloquent/include/rclcpp/logging.hpp:541:5:[m[K [01;36m[Knote: [m[Kin expansion of macro â€˜[01m[KRCUTILS_LOG_INFO_NAMED[m[Kâ€™
[5.486s]      [01;36m[KRCUTILS_LOG_INFO_NAMED[m[K( \
[5.486s]      [01;36m[K^~~~~~~~~~~~~~~~~~~~~~[m[K
[5.486s] [01m[K/opt/ros/eloquent/include/rclcpp/logging.hpp:544:9:[m[K [01;36m[Knote: [m[Kin expansion of macro â€˜[01m[KRCLCPP_ALL_BUT_FIRST_ARGS[m[Kâ€™
[5.487s]          [01;36m[KRCLCPP_ALL_BUT_FIRST_ARGS[m[K(__VA_ARGS__,"")); \
[5.487s]          [01;36m[K^~~~~~~~~~~~~~~~~~~~~~~~~[m[K
[5.488s] [01m[K/home/jiseongyoo/ros2_examples/src/composition_cpp_example/src/component_action_server_cpp_example.cpp:74:9:[m[K [01;36m[Knote: [m[Kin expansion of macro â€˜[01m[KRCLCPP_INFO[m[Kâ€™
[5.488s]          [01;36m[KRCLCPP_INFO[m[K(this->get_logger(), "Action 's' : canceled", action_server_->get_action_name());
[5.489s]          [01;36m[K^~~~~~~~~~~[m[K
[5.506s] [01m[K/home/jiseongyoo/ros2_examples/src/composition_cpp_example/src/component_action_server_cpp_example.cpp:90:71:[m[K [01;31m[Kerror: [m[Kâ€˜[01m[Kaction_server_[m[Kâ€™ was not declared in this scope
[5.507s]        RCLCPP_INFO(this->get_logger(), "Feedback published '%s' : %s", [01;31m[Ka[m[Kction_server_->get_action_name(), feedback->feedback.c_str());
[5.508s]                                                                        [01;31m[K^[m[K
[5.509s] [01m[K/opt/ros/eloquent/include/rcutils/logging_macros.h:72:64:[m[K [01;36m[Knote: [m[Kin definition of macro â€˜[01m[KRCUTILS_LOG_COND_NAMED[m[Kâ€™
[5.510s]        rcutils_log(&__rcutils_logging_location, severity, name, [01;36m[K__VA_ARGS__[m[K); \
[5.511s]                                                                 [01;36m[K^~~~~~~~~~~[m[K
[5.512s] [01m[K/opt/ros/eloquent/include/rclcpp/logging.hpp:541:5:[m[K [01;36m[Knote: [m[Kin expansion of macro â€˜[01m[KRCUTILS_LOG_INFO_NAMED[m[Kâ€™
[5.513s]      [01;36m[KRCUTILS_LOG_INFO_NAMED[m[K( \
[5.514s]      [01;36m[K^~~~~~~~~~~~~~~~~~~~~~[m[K
[5.514s] [01m[K/opt/ros/eloquent/include/rclcpp/logging.hpp:544:9:[m[K [01;36m[Knote: [m[Kin expansion of macro â€˜[01m[KRCLCPP_ALL_BUT_FIRST_ARGS[m[Kâ€™
[5.515s]          [01;36m[KRCLCPP_ALL_BUT_FIRST_ARGS[m[K(__VA_ARGS__,"")); \
[5.516s]          [01;36m[K^~~~~~~~~~~~~~~~~~~~~~~~~[m[K
[5.517s] [01m[K/home/jiseongyoo/ros2_examples/src/composition_cpp_example/src/component_action_server_cpp_example.cpp:90:7:[m[K [01;36m[Knote: [m[Kin expansion of macro â€˜[01m[KRCLCPP_INFO[m[Kâ€™
[5.518s]        [01;36m[KRCLCPP_INFO[m[K(this->get_logger(), "Feedback published '%s' : %s", action_server_->get_action_name(), feedback->feedback.c_str());
[5.518s]        [01;36m[K^~~~~~~~~~~[m[K
[5.523s] [01m[K/home/jiseongyoo/ros2_examples/src/composition_cpp_example/src/component_action_server_cpp_example.cpp:106:59:[m[K [01;31m[Kerror: [m[Kâ€˜[01m[Kaction_server_[m[Kâ€™ was not declared in this scope
[5.523s]        RCLCPP_INFO(this->get_logger(), "Action '%s' : %s", [01;31m[Ka[m[Kction_server_-get_action_name(), result->result.c_str());
[5.524s]                                                            [01;31m[K^[m[K
[5.524s] [01m[K/opt/ros/eloquent/include/rcutils/logging_macros.h:72:64:[m[K [01;36m[Knote: [m[Kin definition of macro â€˜[01m[KRCUTILS_LOG_COND_NAMED[m[Kâ€™
[5.525s]        rcutils_log(&__rcutils_logging_location, severity, name, [01;36m[K__VA_ARGS__[m[K); \
[5.525s]                                                                 [01;36m[K^~~~~~~~~~~[m[K
[5.526s] [01m[K/opt/ros/eloquent/include/rclcpp/logging.hpp:541:5:[m[K [01;36m[Knote: [m[Kin expansion of macro â€˜[01m[KRCUTILS_LOG_INFO_NAMED[m[Kâ€™
[5.526s]      [01;36m[KRCUTILS_LOG_INFO_NAMED[m[K( \
[5.527s]      [01;36m[K^~~~~~~~~~~~~~~~~~~~~~[m[K
[5.527s] [01m[K/opt/ros/eloquent/include/rclcpp/logging.hpp:544:9:[m[K [01;36m[Knote: [m[Kin expansion of macro â€˜[01m[KRCLCPP_ALL_BUT_FIRST_ARGS[m[Kâ€™
[5.527s]          [01;36m[KRCLCPP_ALL_BUT_FIRST_ARGS[m[K(__VA_ARGS__,"")); \
[5.528s]          [01;36m[K^~~~~~~~~~~~~~~~~~~~~~~~~[m[K
[5.528s] [01m[K/home/jiseongyoo/ros2_examples/src/composition_cpp_example/src/component_action_server_cpp_example.cpp:106:7:[m[K [01;36m[Knote: [m[Kin expansion of macro â€˜[01m[KRCLCPP_INFO[m[Kâ€™
[5.529s]        [01;36m[KRCLCPP_INFO[m[K(this->get_logger(), "Action '%s' : %s", action_server_-get_action_name(), result->result.c_str());
[5.529s]        [01;36m[K^~~~~~~~~~~[m[K
[5.540s] [01m[K/home/jiseongyoo/ros2_examples/src/composition_cpp_example/src/component_action_server_cpp_example.cpp:106:74:[m[K [01;31m[Kerror: [m[Kâ€˜[01m[Kget_action_name[m[Kâ€™ was not declared in this scope
[5.541s]        RCLCPP_INFO(this->get_logger(), "Action '%s' : %s", action_server_-[01;31m[Kg[m[Ket_action_name(), result->result.c_str());
[5.542s]                                                                           [01;31m[K^[m[K
[5.542s] [01m[K/opt/ros/eloquent/include/rcutils/logging_macros.h:72:64:[m[K [01;36m[Knote: [m[Kin definition of macro â€˜[01m[KRCUTILS_LOG_COND_NAMED[m[Kâ€™
[5.543s]        rcutils_log(&__rcutils_logging_location, severity, name, [01;36m[K__VA_ARGS__[m[K); \
[5.543s]                                                                 [01;36m[K^~~~~~~~~~~[m[K
[5.544s] [01m[K/opt/ros/eloquent/include/rclcpp/logging.hpp:541:5:[m[K [01;36m[Knote: [m[Kin expansion of macro â€˜[01m[KRCUTILS_LOG_INFO_NAMED[m[Kâ€™
[5.544s]      [01;36m[KRCUTILS_LOG_INFO_NAMED[m[K( \
[5.545s]      [01;36m[K^~~~~~~~~~~~~~~~~~~~~~[m[K
[5.545s] [01m[K/opt/ros/eloquent/include/rclcpp/logging.hpp:544:9:[m[K [01;36m[Knote: [m[Kin expansion of macro â€˜[01m[KRCLCPP_ALL_BUT_FIRST_ARGS[m[Kâ€™
[5.546s]          [01;36m[KRCLCPP_ALL_BUT_FIRST_ARGS[m[K(__VA_ARGS__,"")); \
[5.546s]          [01;36m[K^~~~~~~~~~~~~~~~~~~~~~~~~[m[K
[5.547s] [01m[K/home/jiseongyoo/ros2_examples/src/composition_cpp_example/src/component_action_server_cpp_example.cpp:106:7:[m[K [01;36m[Knote: [m[Kin expansion of macro â€˜[01m[KRCLCPP_INFO[m[Kâ€™
[5.548s]        [01;36m[KRCLCPP_INFO[m[K(this->get_logger(), "Action '%s' : %s", action_server_-get_action_name(), result->result.c_str());
[5.548s]        [01;36m[K^~~~~~~~~~~[m[K
[5.558s] [01m[K/home/jiseongyoo/ros2_examples/src/composition_cpp_example/src/component_action_server_cpp_example.cpp:106:74:[m[K [01;36m[Knote: [m[Ksuggested alternative: â€˜[01m[Kget_node_names[m[Kâ€™
[5.559s]        RCLCPP_INFO(this->get_logger(), "Action '%s' : %s", action_server_-[01;36m[Kg[m[Ket_action_name(), result->result.c_str());
[5.559s]                                                                           [01;36m[K^[m[K
[5.560s] [01m[K/opt/ros/eloquent/include/rcutils/logging_macros.h:72:64:[m[K [01;36m[Knote: [m[Kin definition of macro â€˜[01m[KRCUTILS_LOG_COND_NAMED[m[Kâ€™
[5.560s]        rcutils_log(&__rcutils_logging_location, severity, name, [01;36m[K__VA_ARGS__[m[K); \
[5.561s]                                                                 [01;36m[K^~~~~~~~~~~[m[K
[5.561s] [01m[K/opt/ros/eloquent/include/rclcpp/logging.hpp:541:5:[m[K [01;36m[Knote: [m[Kin expansion of macro â€˜[01m[KRCUTILS_LOG_INFO_NAMED[m[Kâ€™
[5.562s]      [01;36m[KRCUTILS_LOG_INFO_NAMED[m[K( \
[5.562s]      [01;36m[K^~~~~~~~~~~~~~~~~~~~~~[m[K
[5.563s] [01m[K/opt/ros/eloquent/include/rclcpp/logging.hpp:544:9:[m[K [01;36m[Knote: [m[Kin expansion of macro â€˜[01m[KRCLCPP_ALL_BUT_FIRST_ARGS[m[Kâ€™
[5.564s]          [01;36m[KRCLCPP_ALL_BUT_FIRST_ARGS[m[K(__VA_ARGS__,"")); \
[5.564s]          [01;36m[K^~~~~~~~~~~~~~~~~~~~~~~~~[m[K
[5.565s] [01m[K/home/jiseongyoo/ros2_examples/src/composition_cpp_example/src/component_action_server_cpp_example.cpp:106:7:[m[K [01;36m[Knote: [m[Kin expansion of macro â€˜[01m[KRCLCPP_INFO[m[Kâ€™
[5.566s]        [01;36m[KRCLCPP_INFO[m[K(this->get_logger(), "Action '%s' : %s", action_server_-get_action_name(), result->result.c_str());
[5.569s]        [01;36m[K^~~~~~~~~~~[m[K
[5.569s] [01m[K/home/jiseongyoo/ros2_examples/src/composition_cpp_example/src/component_action_server_cpp_example.cpp:[m[K At global scope:
[5.570s] [01m[K/home/jiseongyoo/ros2_examples/src/composition_cpp_example/src/component_action_server_cpp_example.cpp:110:98:[m[K [01;31m[Kerror: [m[KISO C++ forbids declaration of â€˜[01m[KComoponentActionServerExample[m[Kâ€™ with no type [[01;31m[K-fpermissive[m[K]
[5.571s]    ComponentActionServerExample::ComoponentActionServerExample(const rclcpp::NodeOptions & options[01;31m[K)[m[K
[5.571s]                                                                                                   [01;31m[K^[m[K
[5.572s] [01m[K/home/jiseongyoo/ros2_examples/src/composition_cpp_example/src/component_action_server_cpp_example.cpp:[m[K In member function â€˜[01m[Kint component::ComponentActionServerExample::ComoponentActionServerExample(const rclcpp::NodeOptions&)[m[Kâ€™:
[5.573s] [01m[K/home/jiseongyoo/ros2_examples/src/composition_cpp_example/src/component_action_server_cpp_example.cpp:111:7:[m[K [01;31m[Kerror: [m[Konly constructors take member initializers
[5.573s]      : [01;31m[KNode[m[K("action_server", options){
[5.574s]        [01;31m[K^~~~[m[K
[5.574s] [01m[K/home/jiseongyoo/ros2_examples/src/composition_cpp_example/src/component_action_server_cpp_example.cpp:115:5:[m[K [01;31m[Kerror: [m[Kâ€˜[01m[Kaction_server_[m[Kâ€™ was not declared in this scope
[5.575s]      [01;31m[Kaction_server_[m[K = create_server<interfaces::action::Example>(
[5.575s]      [01;31m[K^~~~~~~~~~~~~~[m[K
[5.575s] [01m[K/home/jiseongyoo/ros2_examples/src/composition_cpp_example/src/component_action_server_cpp_example.cpp:115:22:[m[K [01;31m[Kerror: [m[Kâ€˜[01m[Kcreate_server[m[Kâ€™ was not declared in this scope
[5.576s]      action_server_ = [01;31m[Kcreate_server[m[K<interfaces::action::Example>(
[5.576s]                       [01;31m[K^~~~~~~~~~~~~[m[K
[5.581s] [01m[K/home/jiseongyoo/ros2_examples/src/composition_cpp_example/src/component_action_server_cpp_example.cpp:115:22:[m[K [01;36m[Knote: [m[Ksuggested alternative: â€˜[01m[Kcreate_service[m[Kâ€™
[5.582s]      action_server_ = [01;36m[Kcreate_server[m[K<interfaces::action::Example>(
[5.583s]                       [01;36m[K^~~~~~~~~~~~~[m[K
[5.583s]                       [32m[Kcreate_service[m[K
[5.584s] [01m[K/home/jiseongyoo/ros2_examples/src/composition_cpp_example/src/component_action_server_cpp_example.cpp:115:63:[m[K [01;31m[Kerror: [m[Kexpected primary-expression before â€˜[01m[K>[m[Kâ€™ token
[5.584s]      action_server_ = create_server<interfaces::action::Example[01;31m[K>[m[K(
[5.585s]                                                                [01;31m[K^[m[K
[5.585s] [01m[K/home/jiseongyoo/ros2_examples/src/composition_cpp_example/src/component_action_server_cpp_example.cpp:124:46:[m[K [01;31m[Kerror: [m[Kâ€˜[01m[Khandle_goal[m[Kâ€™ is not a member of â€˜[01m[Kcomponent::ComponentActionServerExample[m[Kâ€™
[5.586s]      std::bind(&ComponentActionServerExample::[01;31m[Khandle_goal[m[K, this, std::placeholders::_1, std::placeholders::_2),
[5.586s]                                               [01;31m[K^~~~~~~~~~~[m[K
[5.587s] [01m[K/home/jiseongyoo/ros2_examples/src/composition_cpp_example/src/component_action_server_cpp_example.cpp:125:46:[m[K [01;31m[Kerror: [m[Kâ€˜[01m[Khandle_cancel[m[Kâ€™ is not a member of â€˜[01m[Kcomponent::ComponentActionServerExample[m[Kâ€™
[5.587s]      std::bind(&ComponentActionServerExample::[01;31m[Khandle_cancel[m[K, this, std::placeholders::_1),
[5.588s]                                               [01;31m[K^~~~~~~~~~~~~[m[K
[5.588s] [01m[K/home/jiseongyoo/ros2_examples/src/composition_cpp_example/src/component_action_server_cpp_example.cpp:128:3:[m[K [01;35m[Kwarning: [m[Kno return statement in function returning non-void [[01;35m[K-Wreturn-type[m[K]
[5.589s]    [01;35m[K}[m[K
[5.589s]    [01;35m[K^[m[K
[6.313s] CMakeFiles/component_action_server_cpp.dir/build.make:62: recipe for target 'CMakeFiles/component_action_server_cpp.dir/src/component_action_server_cpp_example.cpp.o' failed
[6.314s] make[2]: *** [CMakeFiles/component_action_server_cpp.dir/src/component_action_server_cpp_example.cpp.o] Error 1
[6.316s] make[1]: *** [CMakeFiles/component_action_server_cpp.dir/all] Error 2
[6.317s] CMakeFiles/Makefile2:108: recipe for target 'CMakeFiles/component_action_server_cpp.dir/all' failed
[6.317s] Makefile:140: recipe for target 'all' failed
[6.318s] make: *** [all] Error 2
