[5.856s] [01m[K/home/jiseongyoo/ros2_examples/src/composition_cpp_example/src/action_server_cpp_example.cpp:[m[K In member function â€˜[01m[Krclcpp_action::GoalResponse component::ActionServerExample::handle_goal(const GoalUUID&, std::shared_ptr<const interfaces::action::Example_Goal_<std::allocator<void> > >)[m[Kâ€™:
[5.857s] [01m[K/home/jiseongyoo/ros2_examples/src/composition_cpp_example/src/action_server_cpp_example.cpp:17:9:[m[K [01;31m[Kerror: [m[Kâ€˜[01m[KTRUE[m[Kâ€™ was not declared in this scope
[5.857s]      if ([01;31m[KTRUE[m[K || goal->goal.c_str() == ""){
[5.858s]          [01;31m[K^~~~[m[K
[5.860s] [01m[K/home/jiseongyoo/ros2_examples/src/composition_cpp_example/src/action_server_cpp_example.cpp:17:39:[m[K [01;35m[Kwarning: [m[Kcomparison with string literal results in unspecified behavior [[01;35m[K-Waddress[m[K]
[5.861s]      if (TRUE || goal->goal.c_str() == [01;35m[K""[m[K){
[5.862s]                                        [01;35m[K^~[m[K
[8.978s] make[2]: *** [CMakeFiles/component_action_server_cpp.dir/src/action_server_cpp_example.cpp.o] Error 1
[8.983s] make[1]: *** [CMakeFiles/component_action_server_cpp.dir/all] Error 2
[8.984s] make: *** [all] Error 2
