[5.089s] [01m[K/home/jiseongyoo/ros2_examples/src/composition_cpp_example/src/component_pub_cpp_example.cpp:43:114:[m[K [01;31m[Kerror: [m[Kdefault argument given for parameter 1 of â€˜[01m[Kcomponent::ComponentPublisherExample::ComponentPublisherExample(const rclcpp::NodeOptions&)[m[Kâ€™
[5.089s]  entPublisherExample(const rclcpp::NodeOptions & options= rclcpp::NodeOptions()[01;31m[K)[m[K
[5.090s]                                                                                [01;31m[K^[m[K
[5.090s] In file included from [01m[K/home/jiseongyoo/ros2_examples/src/composition_cpp_example/src/component_pub_cpp_example.cpp:26:0[m[K:
[5.090s] [01m[K/home/jiseongyoo/ros2_examples/src/composition_cpp_example/include/composition_cpp_example/component_pub_cpp_example.hpp:24:5:[m[K [01;36m[Knote: [m[Kprevious specification in â€˜[01m[Kcomponent::ComponentPublisherExample::ComponentPublisherExample(const rclcpp::NodeOptions&)[m[Kâ€™ here
[5.091s]      [01;36m[KComponentPublisherExample[m[K(const rclcpp::NodeOptions & options = rclcpp::NodeOptions());
[5.091s]      [01;36m[K^~~~~~~~~~~~~~~~~~~~~~~~~[m[K
[7.860s] make[2]: *** [CMakeFiles/component_pub_cpp.dir/src/component_pub_cpp_example.cpp.o] Error 1
[7.866s] make[1]: *** [CMakeFiles/component_pub_cpp.dir/all] Error 2
[7.869s] make: *** [all] Error 2
