[5.460s] [01m[K/home/jiseongyoo/ros2_examples/src/action_cpp_example/src/action_server_cpp_example.cpp:[m[K In constructor â€˜[01m[KActionServerExample::ActionServerExample(const rclcpp::NodeOptions&)[m[Kâ€™:
[5.460s] [01m[K/home/jiseongyoo/ros2_examples/src/action_cpp_example/src/action_server_cpp_example.cpp:68:5:[m[K [01;31m[Kerror: [m[Kexpected primary-expression before â€˜[01m[K)[m[Kâ€™ token
[5.461s]      [01;31m[K)[m[K;
[5.461s]      [01;31m[K^[m[K
[6.488s] make[2]: *** [CMakeFiles/action_server_cpp.dir/src/action_server_cpp_example.cpp.o] Error 1
[6.489s] make[1]: *** [CMakeFiles/action_server_cpp.dir/all] Error 2
[6.490s] make: *** [all] Error 2
