[0.274s] [35m[1mScanning dependencies of target action_client_cpp[0m
[0.336s] [ 50%] Built target action_server_cpp
[0.460s] [ 75%] [32mBuilding CXX object CMakeFiles/action_client_cpp.dir/src/action_client_cpp_example.cpp.o[0m
[5.215s] In file included from [01m[K/opt/ros/eloquent/include/rclcpp/client.hpp:39:0[m[K,
[5.216s]                  from [01m[K/opt/ros/eloquent/include/rclcpp/callback_group.hpp:23[m[K,
[5.217s]                  from [01m[K/opt/ros/eloquent/include/rclcpp/any_executable.hpp:20[m[K,
[5.218s]                  from [01m[K/opt/ros/eloquent/include/rclcpp/memory_strategy.hpp:24[m[K,
[5.223s]                  from [01m[K/opt/ros/eloquent/include/rclcpp/memory_strategies.hpp:18[m[K,
[5.224s]                  from [01m[K/opt/ros/eloquent/include/rclcpp/executor.hpp:33[m[K,
[5.225s]                  from [01m[K/opt/ros/eloquent/include/rclcpp/executors/multi_threaded_executor.hpp:25[m[K,
[5.225s]                  from [01m[K/opt/ros/eloquent/include/rclcpp/executors.hpp:21[m[K,
[5.226s]                  from [01m[K/opt/ros/eloquent/include/rclcpp/rclcpp.hpp:145[m[K,
[5.226s]                  from [01m[K/home/jiseongyoo/ros2_examples/src/action_cpp_example/src/action_client_cpp_example.cpp:3[m[K:
[5.227s] [01m[K/home/jiseongyoo/ros2_examples/src/action_cpp_example/src/action_client_cpp_example.cpp:[m[K In member function â€˜[01m[Kvoid ActionClientExample::feedback_callback(rclcpp_action::ClientGoalHandle<interfaces::action::Example>::SharedPtr, std::shared_ptr<const interfaces::action::Example_Feedback_<std::allocator<void> > >)[m[Kâ€™:
[5.227s] [01m[K/home/jiseongyoo/ros2_examples/src/action_cpp_example/src/action_client_cpp_example.cpp:44:78:[m[K [01;31m[Kerror: [m[Kâ€˜[01m[Kconst class std::shared_ptr<const interfaces::action::Example_Feedback_<std::allocator<void> > >[m[Kâ€™ has no member named â€˜[01m[Kfeedback[m[Kâ€™
[5.232s]  P_INFO(this->get_logger(), "Action feedback arrived '%s'", feedback.[01;31m[Kf[m[Keedback.c_str());
[5.233s]                                                                      [01;31m[K^[m[K
[5.233s] [01m[K/opt/ros/eloquent/include/rcutils/logging_macros.h:72:64:[m[K [01;36m[Knote: [m[Kin definition of macro â€˜[01m[KRCUTILS_LOG_COND_NAMED[m[Kâ€™
[5.234s]        rcutils_log(&__rcutils_logging_location, severity, name, [01;36m[K__VA_ARGS__[m[K); \
[5.234s]                                                                 [01;36m[K^~~~~~~~~~~[m[K
[5.234s] [01m[K/opt/ros/eloquent/include/rclcpp/logging.hpp:541:5:[m[K [01;36m[Knote: [m[Kin expansion of macro â€˜[01m[KRCUTILS_LOG_INFO_NAMED[m[Kâ€™
[5.235s]      [01;36m[KRCUTILS_LOG_INFO_NAMED[m[K( \
[5.235s]      [01;36m[K^~~~~~~~~~~~~~~~~~~~~~[m[K
[5.236s] [01m[K/opt/ros/eloquent/include/rclcpp/logging.hpp:544:9:[m[K [01;36m[Knote: [m[Kin expansion of macro â€˜[01m[KRCLCPP_ALL_BUT_FIRST_ARGS[m[Kâ€™
[5.236s]          [01;36m[KRCLCPP_ALL_BUT_FIRST_ARGS[m[K(__VA_ARGS__,"")); \
[5.237s]          [01;36m[K^~~~~~~~~~~~~~~~~~~~~~~~~[m[K
[5.237s] [01m[K/home/jiseongyoo/ros2_examples/src/action_cpp_example/src/action_client_cpp_example.cpp:44:5:[m[K [01;36m[Knote: [m[Kin expansion of macro â€˜[01m[KRCLCPP_INFO[m[Kâ€™
[5.238s]      [01;36m[KRCLCPP_INFO[m[K(this->get_logger(), "Action feedback arrived '%s'", feedback.feedback.c_str());
[5.238s]      [01;36m[K^~~~~~~~~~~[m[K
[5.239s] [01m[K/home/jiseongyoo/ros2_examples/src/action_cpp_example/src/action_client_cpp_example.cpp:[m[K In member function â€˜[01m[Kvoid ActionClientExample::send_goal()[m[Kâ€™:
[5.239s] [01m[K/home/jiseongyoo/ros2_examples/src/action_cpp_example/src/action_client_cpp_example.cpp:55:16:[m[K [01;31m[Kerror: [m[Kreturn-statement with a value, in function returning 'void' [[01;31m[K-fpermissive[m[K]
[5.239s]          return [01;31m[K0[m[K;
[5.240s]                 [01;31m[K^[m[K
[5.240s] [01m[K/home/jiseongyoo/ros2_examples/src/action_cpp_example/src/action_client_cpp_example.cpp:59:5:[m[K [01;31m[Kerror: [m[Kexpected â€˜[01m[K;[m[Kâ€™ before â€˜[01m[K}[m[Kâ€™ token
[5.241s]      [01;31m[K}[m[K
[5.241s]      [01;31m[K^[m[K
[5.242s] [01m[K/home/jiseongyoo/ros2_examples/src/action_cpp_example/src/action_client_cpp_example.cpp:66:66:[m[K [01;31m[Kerror: [m[Kno matching function for call to â€˜[01m[Krclcpp_action::Client<interfaces::action::Example>::async_send_goal(interfaces::action::Example_Goal_<std::allocator<void> >&, std::shared_ptr<rclcpp_action::Client<interfaces::action::Example>::SendGoalOptions>&)[m[Kâ€™
[5.243s]      this->action_client_->async_send_goal(goal, send_goal_options[01;31m[K)[m[K;
[5.244s]                                                                   [01;31m[K^[m[K
[5.244s] In file included from [01m[K/opt/ros/eloquent/include/rclcpp_action/rclcpp_action.hpp:36:0[m[K,
[5.244s]                  from [01m[K/home/jiseongyoo/ros2_examples/src/action_cpp_example/src/action_client_cpp_example.cpp:4[m[K:
[5.245s] [01m[K/opt/ros/eloquent/include/rclcpp_action/client.hpp:343:3:[m[K [01;36m[Knote: [m[Kcandidate: std::shared_future<typename rclcpp_action::ClientGoalHandle<ActionT>::SharedPtr> rclcpp_action::Client<ActionT>::async_send_goal(const Goal&, const rclcpp_action::Client<ActionT>::SendGoalOptions&) [with ActionT = interfaces::action::Example; typename rclcpp_action::ClientGoalHandle<ActionT>::SharedPtr = std::shared_ptr<rclcpp_action::ClientGoalHandle<interfaces::action::Example> >; rclcpp_action::Client<ActionT>::Goal = interfaces::action::Example_Goal_<std::allocator<void> >]
[5.245s]    [01;36m[Kasync_send_goal[m[K(const Goal & goal, const SendGoalOptions & options = SendGoalOptions())
[5.246s]    [01;36m[K^~~~~~~~~~~~~~~[m[K
[5.246s] [01m[K/opt/ros/eloquent/include/rclcpp_action/client.hpp:343:3:[m[K [01;36m[Knote: [m[K  no known conversion for argument 2 from â€˜[01m[Kstd::shared_ptr<rclcpp_action::Client<interfaces::action::Example>::SendGoalOptions>[m[Kâ€™ to â€˜[01m[Kconst rclcpp_action::Client<interfaces::action::Example>::SendGoalOptions&[m[Kâ€™
[5.247s] [01m[K/home/jiseongyoo/ros2_examples/src/action_cpp_example/src/action_client_cpp_example.cpp:[m[K In constructor â€˜[01m[KActionClientExample::ActionClientExample(const rclcpp::NodeOptions&)[m[Kâ€™:
[5.247s] [01m[K/home/jiseongyoo/ros2_examples/src/action_cpp_example/src/action_client_cpp_example.cpp:71:35:[m[K [01;31m[Kerror: [m[Kâ€˜[01m[Krclcpp_action::create_client<interfaces::action::Example>[m[Kâ€™ is not a class member
[5.248s]       this->action_client_ = this->[01;31m[Krclcpp_action[m[K::create_client<interfaces::action::Example>(
[5.248s]                                    [01;31m[K^~~~~~~~~~~~~[m[K
[5.248s] [01m[K/home/jiseongyoo/ros2_examples/src/action_cpp_example/src/action_client_cpp_example.cpp:79:27:[m[K [01;31m[Kerror: [m[Kâ€˜[01m[Krclcpp::create_wall_timer[m[Kâ€™ is not a class member
[5.249s]       this->timer_ = this->[01;31m[Krclcpp[m[K::create_wall_timer(
[5.249s]                            [01;31m[K^~~~~~[m[K
[5.260s] [01m[K/home/jiseongyoo/ros2_examples/src/action_cpp_example/src/action_client_cpp_example.cpp:84:94:[m[K [01;31m[Kerror: [m[Kno match for â€˜[01m[Koperator=[m[Kâ€™ (operand types are â€˜[01m[Kstd::shared_ptr<rclcpp_action::Client<interfaces::action::Example>::SendGoalOptions>[m[Kâ€™ and â€˜[01m[Krclcpp_action::Client<interfaces::action::Example>::SendGoalOptions[m[Kâ€™)
[5.261s]  ptions = rclcpp_action::Client<interfaces::action::Example>::SendGoalOptions([01;31m[K)[m[K;
[5.261s]                                                                               [01;31m[K^[m[K
[5.262s] In file included from [01m[K/usr/include/c++/7/memory:81:0[m[K,
[5.263s]                  from [01m[K/opt/ros/eloquent/include/rclcpp/rclcpp.hpp:143[m[K,
[5.263s]                  from [01m[K/home/jiseongyoo/ros2_examples/src/action_cpp_example/src/action_client_cpp_example.cpp:3[m[K:
[5.264s] [01m[K/usr/include/c++/7/bits/shared_ptr.h:296:19:[m[K [01;36m[Knote: [m[Kcandidate: std::shared_ptr<_Tp>& std::shared_ptr<_Tp>::operator=(const std::shared_ptr<_Tp>&) [with _Tp = rclcpp_action::Client<interfaces::action::Example>::SendGoalOptions]
[5.264s]        shared_ptr& [01;36m[Koperator[m[K=(const shared_ptr&) noexcept = default;
[5.265s]                    [01;36m[K^~~~~~~~[m[K
[5.266s] [01m[K/usr/include/c++/7/bits/shared_ptr.h:296:19:[m[K [01;36m[Knote: [m[K  no known conversion for argument 1 from â€˜[01m[Krclcpp_action::Client<interfaces::action::Example>::SendGoalOptions[m[Kâ€™ to â€˜[01m[Kconst std::shared_ptr<rclcpp_action::Client<interfaces::action::Example>::SendGoalOptions>&[m[Kâ€™
[5.266s] [01m[K/usr/include/c++/7/bits/shared_ptr.h:300:2:[m[K [01;36m[Knote: [m[Kcandidate: template<class _Yp> std::shared_ptr<_Tp>::_Assignable<const std::shared_ptr<_Yp>&> std::shared_ptr<_Tp>::operator=(const std::shared_ptr<_Yp>&) [with _Yp = _Yp; _Tp = rclcpp_action::Client<interfaces::action::Example>::SendGoalOptions]
[5.267s]   [01;36m[Koperator[m[K=(const shared_ptr<_Yp>& __r) noexcept
[5.268s]   [01;36m[K^~~~~~~~[m[K
[5.268s] [01m[K/usr/include/c++/7/bits/shared_ptr.h:300:2:[m[K [01;36m[Knote: [m[K  template argument deduction/substitution failed:
[5.269s] [01m[K/home/jiseongyoo/ros2_examples/src/action_cpp_example/src/action_client_cpp_example.cpp:84:94:[m[K [01;36m[Knote: [m[K  â€˜[01m[Krclcpp_action::Client<interfaces::action::Example>::SendGoalOptions[m[Kâ€™ is not derived from â€˜[01m[Kconst std::shared_ptr<_Tp>[m[Kâ€™
[5.269s]  ptions = rclcpp_action::Client<interfaces::action::Example>::SendGoalOptions([01;36m[K)[m[K;
[5.269s]                                                                               [01;36m[K^[m[K
[5.270s] In file included from [01m[K/usr/include/c++/7/memory:81:0[m[K,
[5.270s]                  from [01m[K/opt/ros/eloquent/include/rclcpp/rclcpp.hpp:143[m[K,
[5.271s]                  from [01m[K/home/jiseongyoo/ros2_examples/src/action_cpp_example/src/action_client_cpp_example.cpp:3[m[K:
[5.271s] [01m[K/usr/include/c++/7/bits/shared_ptr.h:309:2:[m[K [01;36m[Knote: [m[Kcandidate: template<class _Yp> std::shared_ptr<_Tp>::_Assignable<std::auto_ptr<_Up> > std::shared_ptr<_Tp>::operator=(std::auto_ptr<_Up>&&) [with _Yp = _Yp; _Tp = rclcpp_action::Client<interfaces::action::Example>::SendGoalOptions]
[5.272s]   [01;36m[Koperator[m[K=(auto_ptr<_Yp>&& __r)
[5.272s]   [01;36m[K^~~~~~~~[m[K
[5.272s] [01m[K/usr/include/c++/7/bits/shared_ptr.h:309:2:[m[K [01;36m[Knote: [m[K  template argument deduction/substitution failed:
[5.273s] [01m[K/home/jiseongyoo/ros2_examples/src/action_cpp_example/src/action_client_cpp_example.cpp:84:94:[m[K [01;36m[Knote: [m[K  â€˜[01m[Krclcpp_action::Client<interfaces::action::Example>::SendGoalOptions[m[Kâ€™ is not derived from â€˜[01m[Kstd::auto_ptr<_Up>[m[Kâ€™
[5.273s]  ptions = rclcpp_action::Client<interfaces::action::Example>::SendGoalOptions([01;36m[K)[m[K;
[5.274s]                                                                               [01;36m[K^[m[K
[5.274s] In file included from [01m[K/usr/include/c++/7/memory:81:0[m[K,
[5.275s]                  from [01m[K/opt/ros/eloquent/include/rclcpp/rclcpp.hpp:143[m[K,
[5.275s]                  from [01m[K/home/jiseongyoo/ros2_examples/src/action_cpp_example/src/action_client_cpp_example.cpp:3[m[K:
[5.276s] [01m[K/usr/include/c++/7/bits/shared_ptr.h:317:7:[m[K [01;36m[Knote: [m[Kcandidate: std::shared_ptr<_Tp>& std::shared_ptr<_Tp>::operator=(std::shared_ptr<_Tp>&&) [with _Tp = rclcpp_action::Client<interfaces::action::Example>::SendGoalOptions]
[5.276s]        [01;36m[Koperator[m[K=(shared_ptr&& __r) noexcept
[5.276s]        [01;36m[K^~~~~~~~[m[K
[5.277s] [01m[K/usr/include/c++/7/bits/shared_ptr.h:317:7:[m[K [01;36m[Knote: [m[K  no known conversion for argument 1 from â€˜[01m[Krclcpp_action::Client<interfaces::action::Example>::SendGoalOptions[m[Kâ€™ to â€˜[01m[Kstd::shared_ptr<rclcpp_action::Client<interfaces::action::Example>::SendGoalOptions>&&[m[Kâ€™
[5.277s] [01m[K/usr/include/c++/7/bits/shared_ptr.h:325:2:[m[K [01;36m[Knote: [m[Kcandidate: template<class _Yp> std::shared_ptr<_Tp>::_Assignable<std::shared_ptr<_Yp> > std::shared_ptr<_Tp>::operator=(std::shared_ptr<_Yp>&&) [with _Yp = _Yp; _Tp = rclcpp_action::Client<interfaces::action::Example>::SendGoalOptions]
[5.278s]   [01;36m[Koperator[m[K=(shared_ptr<_Yp>&& __r) noexcept
[5.278s]   [01;36m[K^~~~~~~~[m[K
[5.279s] [01m[K/usr/include/c++/7/bits/shared_ptr.h:325:2:[m[K [01;36m[Knote: [m[K  template argument deduction/substitution failed:
[5.279s] [01m[K/home/jiseongyoo/ros2_examples/src/action_cpp_example/src/action_client_cpp_example.cpp:84:94:[m[K [01;36m[Knote: [m[K  â€˜[01m[Krclcpp_action::Client<interfaces::action::Example>::SendGoalOptions[m[Kâ€™ is not derived from â€˜[01m[Kstd::shared_ptr<_Tp>[m[Kâ€™
[5.280s]  ptions = rclcpp_action::Client<interfaces::action::Example>::SendGoalOptions([01;36m[K)[m[K;
[5.280s]                                                                               [01;36m[K^[m[K
[5.280s] In file included from [01m[K/usr/include/c++/7/memory:81:0[m[K,
[5.281s]                  from [01m[K/opt/ros/eloquent/include/rclcpp/rclcpp.hpp:143[m[K,
[5.281s]                  from [01m[K/home/jiseongyoo/ros2_examples/src/action_cpp_example/src/action_client_cpp_example.cpp:3[m[K:
[5.282s] [01m[K/usr/include/c++/7/bits/shared_ptr.h:333:2:[m[K [01;36m[Knote: [m[Kcandidate: template<class _Yp, class _Del> std::shared_ptr<_Tp>::_Assignable<std::unique_ptr<_Up, _Ep> > std::shared_ptr<_Tp>::operator=(std::unique_ptr<_Up, _Ep>&&) [with _Yp = _Yp; _Del = _Del; _Tp = rclcpp_action::Client<interfaces::action::Example>::SendGoalOptions]
[5.282s]   [01;36m[Koperator[m[K=(unique_ptr<_Yp, _Del>&& __r)
[5.283s]   [01;36m[K^~~~~~~~[m[K
[5.283s] [01m[K/usr/include/c++/7/bits/shared_ptr.h:333:2:[m[K [01;36m[Knote: [m[K  template argument deduction/substitution failed:
[5.283s] [01m[K/home/jiseongyoo/ros2_examples/src/action_cpp_example/src/action_client_cpp_example.cpp:84:94:[m[K [01;36m[Knote: [m[K  â€˜[01m[Krclcpp_action::Client<interfaces::action::Example>::SendGoalOptions[m[Kâ€™ is not derived from â€˜[01m[Kstd::unique_ptr<_Tp, _Dp>[m[Kâ€™
[5.284s]  ptions = rclcpp_action::Client<interfaces::action::Example>::SendGoalOptions([01;36m[K)[m[K;
[5.284s]                                                                               [01;36m[K^[m[K
[5.285s] [01m[K/home/jiseongyoo/ros2_examples/src/action_cpp_example/src/action_client_cpp_example.cpp:85:24:[m[K [01;31m[Kerror: [m[Kâ€˜[01m[Kclass std::shared_ptr<rclcpp_action::Client<interfaces::action::Example>::SendGoalOptions>[m[Kâ€™ has no member named â€˜[01m[Kgoal_response_callback[m[Kâ€™
[5.285s]       send_goal_options.[01;31m[Kgoal_response_callback[m[K = std::bind(&ActionClientExample::goal_response_callback, this, std::placeholders::_1);
[5.286s]                         [01;31m[K^~~~~~~~~~~~~~~~~~~~~~[m[K
[5.299s] [01m[K/home/jiseongyoo/ros2_examples/src/action_cpp_example/src/action_client_cpp_example.cpp:86:24:[m[K [01;31m[Kerror: [m[Kâ€˜[01m[Kclass std::shared_ptr<rclcpp_action::Client<interfaces::action::Example>::SendGoalOptions>[m[Kâ€™ has no member named â€˜[01m[Kresult_callback[m[Kâ€™
[5.300s]       send_goal_options.[01;31m[Kresult_callback[m[K = std::bind(&ActionClientExample::result_callback, this, std::placeholders::_1);
[5.300s]                         [01;31m[K^~~~~~~~~~~~~~~[m[K
[5.305s] [01m[K/home/jiseongyoo/ros2_examples/src/action_cpp_example/src/action_client_cpp_example.cpp:87:24:[m[K [01;31m[Kerror: [m[Kâ€˜[01m[Kclass std::shared_ptr<rclcpp_action::Client<interfaces::action::Example>::SendGoalOptions>[m[Kâ€™ has no member named â€˜[01m[Kfeedback_callback[m[Kâ€™
[5.306s]       send_goal_options.[01;31m[Kfeedback_callback[m[K = std::bind(&ActionClientExample::feedback_callback, this, std::placeholders::_1, std::placeholders::_2);
[5.306s]                         [01;31m[K^~~~~~~~~~~~~~~~~[m[K
[6.074s] CMakeFiles/action_client_cpp.dir/build.make:62: recipe for target 'CMakeFiles/action_client_cpp.dir/src/action_client_cpp_example.cpp.o' failed
[6.083s] make[2]: *** [CMakeFiles/action_client_cpp.dir/src/action_client_cpp_example.cpp.o] Error 1
[6.083s] make[1]: *** [CMakeFiles/action_client_cpp.dir/all] Error 2
[6.084s] CMakeFiles/Makefile2:168: recipe for target 'CMakeFiles/action_client_cpp.dir/all' failed
[6.084s] Makefile:140: recipe for target 'all' failed
[6.085s] make: *** [all] Error 2
