[5.506s] [01m[K/home/jiseongyoo/ros2_examples/src/param_cpp_example/src/param_client_cpp_example.cpp:[m[K In constructor â€˜[01m[KParameterClientExample::ParameterClientExample()[m[Kâ€™:
[5.507s] [01m[K/home/jiseongyoo/ros2_examples/src/param_cpp_example/src/param_client_cpp_example.cpp:29:11:[m[K [01;31m[Kerror: [m[Kâ€˜[01m[Kclass ParameterClientExample[m[Kâ€™ has no member named â€˜[01m[Kshutdown[m[Kâ€™
[5.508s]      this->[01;31m[Kshutdown[m[K();
[5.508s]            [01;31m[K^~~~~~~~[m[K
[6.565s] make[2]: *** [CMakeFiles/param_client_cpp.dir/src/param_client_cpp_example.cpp.o] Error 1
[6.566s] make[1]: *** [CMakeFiles/param_client_cpp.dir/all] Error 2
[6.566s] make[1]: *** Waiting for unfinished jobs....
[7.371s] make: *** [all] Error 2
