[8.863s] [01m[K/home/jiseongyoo/ros2_examples/src/composition_cpp_example/src/component_parameter_client_cpp_example.cpp:[m[K In constructor â€˜[01m[Kcomponent::ComponentParameterClientExample::ComponentParameterClientExample(const rclcpp::NodeOptions&)[m[Kâ€™:
[8.864s] [01m[K/home/jiseongyoo/ros2_examples/src/composition_cpp_example/src/component_parameter_client_cpp_example.cpp:37:42:[m[K [01;31m[Kerror: [m[Kclass â€˜[01m[Kcomponent::ComponentParameterClientExample[m[Kâ€™ does not have any field named â€˜[01m[Kcount_[m[Kâ€™
[8.864s]      : Node("parameter_client", options), [01;31m[Kcount_[m[K(0){
[8.864s]                                           [01;31m[K^~~~~~[m[K
[10.280s] make[2]: *** [CMakeFiles/component_parameter_client_cpp.dir/src/component_parameter_client_cpp_example.cpp.o] Error 1
[10.281s] make[1]: *** [CMakeFiles/component_parameter_client_cpp.dir/all] Error 2
[10.281s] make: *** [all] Error 2
