[0.075s] Invoking command in '/home/jiseongyoo/ros2_examples/build/composition_cpp_example': AMENT_PREFIX_PATH=/home/jiseongyoo/ros2_examples/install/interfaces:${AMENT_PREFIX_PATH} CMAKE_PREFIX_PATH=/home/jiseongyoo/ros2_examples/install/interfaces:/opt/ros/eloquent LD_LIBRARY_PATH=/home/jiseongyoo/ros2_examples/install/interfaces/lib:${LD_LIBRARY_PATH} PYTHONPATH=/home/jiseongyoo/ros2_examples/install/interfaces/lib/python3.6/site-packages:${PYTHONPATH} /usr/bin/cmake --build /home/jiseongyoo/ros2_examples/build/composition_cpp_example -- -j2 -l2
[0.213s] -- Found ament_cmake: 0.8.2 (/opt/ros/eloquent/share/ament_cmake/cmake)
[0.315s] -- Using PYTHON_EXECUTABLE: /usr/bin/python3
[1.095s] -- Found rclcpp: 0.8.4 (/opt/ros/eloquent/share/rclcpp/cmake)
[1.148s] -- Found rosidl_adapter: 0.8.2 (/opt/ros/eloquent/share/rosidl_adapter/cmake)
[1.296s] -- Found rmw_implementation_cmake: 0.8.1 (/opt/ros/eloquent/share/rmw_implementation_cmake/cmake)
[1.303s] -- Using RMW implementation 'rmw_fastrtps_cpp' as default
[1.436s] -- Found rclcpp_action: 0.8.4 (/opt/ros/eloquent/share/rclcpp_action/cmake)
[1.691s] -- Found rclcpp_components: 0.8.4 (/opt/ros/eloquent/share/rclcpp_components/cmake)
[1.701s] -- Found poco_vendor:  (/opt/ros/eloquent/share/poco_vendor/cmake)
[1.775s] -- Found interfaces: 0.0.0 (/home/jiseongyoo/ros2_examples/install/interfaces/share/interfaces/cmake)
[2.824s] -- Found ament_lint_auto: 0.8.1 (/opt/ros/eloquent/share/ament_lint_auto/cmake)
[3.118s] -- Added test 'copyright' to check for copyright in CMake / C / C++ / Python code
[3.122s] -- Added test 'cppcheck' to perform static code analysis on C / C++ code
[3.126s] -- Configured cppcheck include dirs: /home/jiseongyoo/ros2_examples/src/composition_cpp_example/include
[3.133s] -- Added test 'cpplint' to check C / C++ code against the Google style
[3.134s] -- Added test 'lint_cmake' to check CMake code style
[3.140s] -- Added test 'uncrustify' to check C / C++ code style
[3.143s] -- Added test 'xmllint' to check XML markup files
[3.156s] -- Configuring done
[3.766s] -- Generating done
[3.778s] -- Build files have been written to: /home/jiseongyoo/ros2_examples/build/composition_cpp_example
[3.941s] [ 11%] Built target component_pub_cpp
[3.950s] [ 22%] Built target component_service_server_cpp
[4.052s] [ 33%] Built target component_service_client_cpp
[4.070s] [ 44%] Built target component_sub_cpp
[4.172s] [ 55%] Built target component_action_client_cpp
[4.194s] [ 66%] Built target component_action_server_cpp
[4.234s] [35m[1mScanning dependencies of target component_parameter_client_cpp[0m
[4.282s] [ 77%] Built target component_parameter_server_cpp
[4.443s] [ 83%] [32mBuilding CXX object CMakeFiles/component_parameter_client_cpp.dir/src/component_parameter_client_cpp_example.cpp.o[0m
[8.863s] [01m[K/home/jiseongyoo/ros2_examples/src/composition_cpp_example/src/component_parameter_client_cpp_example.cpp:[m[K In constructor â€˜[01m[Kcomponent::ComponentParameterClientExample::ComponentParameterClientExample(const rclcpp::NodeOptions&)[m[Kâ€™:
[8.864s] [01m[K/home/jiseongyoo/ros2_examples/src/composition_cpp_example/src/component_parameter_client_cpp_example.cpp:37:42:[m[K [01;31m[Kerror: [m[Kclass â€˜[01m[Kcomponent::ComponentParameterClientExample[m[Kâ€™ does not have any field named â€˜[01m[Kcount_[m[Kâ€™
[8.864s]      : Node("parameter_client", options), [01;31m[Kcount_[m[K(0){
[8.864s]                                           [01;31m[K^~~~~~[m[K
[10.278s] CMakeFiles/component_parameter_client_cpp.dir/build.make:62: recipe for target 'CMakeFiles/component_parameter_client_cpp.dir/src/component_parameter_client_cpp_example.cpp.o' failed
[10.280s] make[2]: *** [CMakeFiles/component_parameter_client_cpp.dir/src/component_parameter_client_cpp_example.cpp.o] Error 1
[10.281s] CMakeFiles/Makefile2:390: recipe for target 'CMakeFiles/component_parameter_client_cpp.dir/all' failed
[10.281s] make[1]: *** [CMakeFiles/component_parameter_client_cpp.dir/all] Error 2
[10.281s] make: *** [all] Error 2
[10.282s] Makefile:140: recipe for target 'all' failed
[10.290s] Invoked command in '/home/jiseongyoo/ros2_examples/build/composition_cpp_example' returned '2': AMENT_PREFIX_PATH=/home/jiseongyoo/ros2_examples/install/interfaces:${AMENT_PREFIX_PATH} CMAKE_PREFIX_PATH=/home/jiseongyoo/ros2_examples/install/interfaces:/opt/ros/eloquent LD_LIBRARY_PATH=/home/jiseongyoo/ros2_examples/install/interfaces/lib:${LD_LIBRARY_PATH} PYTHONPATH=/home/jiseongyoo/ros2_examples/install/interfaces/lib/python3.6/site-packages:${PYTHONPATH} /usr/bin/cmake --build /home/jiseongyoo/ros2_examples/build/composition_cpp_example -- -j2 -l2
