[0.081s] Invoking command in '/home/jiseongyoo/ros2_examples/build/param_cpp_example': CMAKE_PREFIX_PATH=${CMAKE_PREFIX_PATH}:/opt/ros/eloquent /usr/bin/cmake --build /home/jiseongyoo/ros2_examples/build/param_cpp_example -- -j2 -l2
[0.274s] [35m[1mScanning dependencies of target param_client_cpp[0m
[0.372s] [ 50%] Built target param_server_cpp
[0.399s] [ 75%] [32mBuilding CXX object CMakeFiles/param_client_cpp.dir/src/param_client_cpp_example.cpp.o[0m
[4.887s] [01m[K/home/jiseongyoo/ros2_examples/src/param_cpp_example/src/param_client_cpp_example.cpp:[m[K In member function â€˜[01m[Kvoid ParameterClientExample::parameters_set()[m[Kâ€™:
[4.894s] [01m[K/home/jiseongyoo/ros2_examples/src/param_cpp_example/src/param_client_cpp_example.cpp:31:99:[m[K [01;31m[Kerror: [m[Kexpected â€˜[01m[K}[m[Kâ€™ before â€˜[01m[K)[m[Kâ€™ token
[4.896s]      auto set_parameter_result = parameter_client_->set_parameters({rclcpp::Parameter("param1", 10)[01;31m[K)[m[K});
[4.896s]                                                                                                    [01;31m[K^[m[K
[4.897s] [01m[K/home/jiseongyoo/ros2_examples/src/param_cpp_example/src/param_client_cpp_example.cpp:31:100:[m[K [01;31m[Kerror: [m[Kexpected â€˜[01m[K,[m[Kâ€™ or â€˜[01m[K;[m[Kâ€™ before â€˜[01m[K}[m[Kâ€™ token
[4.899s]      auto set_parameter_result = parameter_client_->set_parameters({rclcpp::Parameter("param1", 10))[01;31m[K}[m[K);
[4.900s]                                                                                                     [01;31m[K^[m[K
[5.770s] CMakeFiles/param_client_cpp.dir/build.make:62: recipe for target 'CMakeFiles/param_client_cpp.dir/src/param_client_cpp_example.cpp.o' failed
[5.771s] make[2]: *** [CMakeFiles/param_client_cpp.dir/src/param_client_cpp_example.cpp.o] Error 1
[5.772s] CMakeFiles/Makefile2:168: recipe for target 'CMakeFiles/param_client_cpp.dir/all' failed
[5.773s] make[1]: *** [CMakeFiles/param_client_cpp.dir/all] Error 2
[5.773s] make: *** [all] Error 2
[5.774s] Makefile:140: recipe for target 'all' failed
[5.780s] Invoked command in '/home/jiseongyoo/ros2_examples/build/param_cpp_example' returned '2': CMAKE_PREFIX_PATH=${CMAKE_PREFIX_PATH}:/opt/ros/eloquent /usr/bin/cmake --build /home/jiseongyoo/ros2_examples/build/param_cpp_example -- -j2 -l2
