[4.735s] [01m[K/home/jiseongyoo/ros2_examples/src/param_cpp_example/src/param_client_cpp_example.cpp:[m[K In member function â€˜[01m[Kvoid ParameterClientExample::parameters_set(T)[m[Kâ€™:
[4.735s] [01m[K/home/jiseongyoo/ros2_examples/src/param_cpp_example/src/param_client_cpp_example.cpp:43:54:[m[K [01;31m[Kerror: [m[Kâ€˜[01m[Kusing element_type = class rclcpp::SyncParametersClient {aka class rclcpp::SyncParametersClient}[m[Kâ€™ has no member named â€˜[01m[Kset_parameter[m[Kâ€™; did you mean â€˜[01m[Kset_parameters[m[Kâ€™?
[4.736s]        auto set_parameter_result = parameter_client_->[01;31m[Kset_parameter[m[K(rclcpp::Parameter(name, 43));
[4.736s]                                                       [01;31m[K^~~~~~~~~~~~~[m[K
[4.737s]                                                       [32m[Kset_parameters[m[K
[5.023s] /home/jiseongyoo/ros2_examples/src/param_cpp_example/src/param_client_cpp_example.cpp: In instantiation of â€˜[01m[Kvoid ParameterClientExample::parameters_set(T) [with T = int][m[Kâ€™:
[5.023s] [01m[K/home/jiseongyoo/ros2_examples/src/param_cpp_example/src/param_client_cpp_example.cpp:69:45:[m[K   required from here
[5.024s] [01m[K/home/jiseongyoo/ros2_examples/src/param_cpp_example/src/param_client_cpp_example.cpp:21:31:[m[K [01;35m[Kwarning: [m[Kunused parameter â€˜[01m[Kvalue_[m[Kâ€™ [[01;35m[K-Wunused-parameter[m[K]
[5.024s]    void parameters_set(const T [01;35m[Kvalue_[m[K){
[5.025s]                                [01;35m[K^~~~~~[m[K
[5.522s] make[2]: *** [CMakeFiles/param_client_cpp.dir/src/param_client_cpp_example.cpp.o] Error 1
[5.523s] make[1]: *** [CMakeFiles/param_client_cpp.dir/all] Error 2
[5.526s] make: *** [all] Error 2
