[4.738s] [01m[K/home/jiseongyoo/ros2_examples/src/composition_cpp_example/src/component_pub_cpp_example.cpp:43:115:[m[K [01;31m[Kerror: [m[Kdefault argument given for parameter 1 of â€˜[01m[Kcomponent::ComponentPublisherExample::ComponentPublisherExample(const rclcpp::NodeOptions&)[m[Kâ€™
[4.739s]  ntPublisherExample(const rclcpp::NodeOptions & options = rclcpp::NodeOptions()[01;31m[K)[m[K
[4.739s]                                                                                [01;31m[K^[m[K
[4.741s] In file included from [01m[K/home/jiseongyoo/ros2_examples/src/composition_cpp_example/src/component_pub_cpp_example.cpp:26:0[m[K:
[4.741s] [01m[K/home/jiseongyoo/ros2_examples/src/composition_cpp_example/include/composition_cpp_example/component_pub_cpp_example.hpp:24:5:[m[K [01;36m[Knote: [m[Kprevious specification in â€˜[01m[Kcomponent::ComponentPublisherExample::ComponentPublisherExample(const rclcpp::NodeOptions&)[m[Kâ€™ here
[4.742s]      [01;36m[KComponentPublisherExample[m[K(const rclcpp::NodeOptions & options = rclcpp::NodeOptions());
[4.742s]      [01;36m[K^~~~~~~~~~~~~~~~~~~~~~~~~[m[K
[7.502s] make[2]: *** [CMakeFiles/component_pub_cpp.dir/src/component_pub_cpp_example.cpp.o] Error 1
[7.505s] make[1]: *** [CMakeFiles/component_pub_cpp.dir/all] Error 2
[7.507s] make: *** [all] Error 2
