[0.083s] Invoking command in '/home/jiseongyoo/ros2_examples/build/composition_cpp_example': AMENT_PREFIX_PATH=/home/jiseongyoo/ros2_examples/install/interfaces:${AMENT_PREFIX_PATH} CMAKE_PREFIX_PATH=/home/jiseongyoo/ros2_examples/install/interfaces:/opt/ros/eloquent LD_LIBRARY_PATH=/home/jiseongyoo/ros2_examples/install/interfaces/lib:${LD_LIBRARY_PATH} PYTHONPATH=/home/jiseongyoo/ros2_examples/install/interfaces/lib/python3.6/site-packages:${PYTHONPATH} /usr/bin/cmake --build /home/jiseongyoo/ros2_examples/build/composition_cpp_example -- -j2 -l2
[0.263s] [35m[1mScanning dependencies of target component_pub_cpp[0m
[0.392s] [ 25%] [32mBuilding CXX object CMakeFiles/component_pub_cpp.dir/src/component_pub_cpp_example.cpp.o[0m
[4.738s] [01m[K/home/jiseongyoo/ros2_examples/src/composition_cpp_example/src/component_pub_cpp_example.cpp:43:115:[m[K [01;31m[Kerror: [m[Kdefault argument given for parameter 1 of â€˜[01m[Kcomponent::ComponentPublisherExample::ComponentPublisherExample(const rclcpp::NodeOptions&)[m[Kâ€™
[4.739s]  ntPublisherExample(const rclcpp::NodeOptions & options = rclcpp::NodeOptions()[01;31m[K)[m[K
[4.739s]                                                                                [01;31m[K^[m[K
[4.741s] In file included from [01m[K/home/jiseongyoo/ros2_examples/src/composition_cpp_example/src/component_pub_cpp_example.cpp:26:0[m[K:
[4.741s] [01m[K/home/jiseongyoo/ros2_examples/src/composition_cpp_example/include/composition_cpp_example/component_pub_cpp_example.hpp:24:5:[m[K [01;36m[Knote: [m[Kprevious specification in â€˜[01m[Kcomponent::ComponentPublisherExample::ComponentPublisherExample(const rclcpp::NodeOptions&)[m[Kâ€™ here
[4.742s]      [01;36m[KComponentPublisherExample[m[K(const rclcpp::NodeOptions & options = rclcpp::NodeOptions());
[4.742s]      [01;36m[K^~~~~~~~~~~~~~~~~~~~~~~~~[m[K
[7.502s] make[2]: *** [CMakeFiles/component_pub_cpp.dir/src/component_pub_cpp_example.cpp.o] Error 1
[7.503s] CMakeFiles/component_pub_cpp.dir/build.make:62: recipe for target 'CMakeFiles/component_pub_cpp.dir/src/component_pub_cpp_example.cpp.o' failed
[7.504s] CMakeFiles/Makefile2:131: recipe for target 'CMakeFiles/component_pub_cpp.dir/all' failed
[7.505s] make[1]: *** [CMakeFiles/component_pub_cpp.dir/all] Error 2
[7.506s] Makefile:140: recipe for target 'all' failed
[7.507s] make: *** [all] Error 2
[7.511s] Invoked command in '/home/jiseongyoo/ros2_examples/build/composition_cpp_example' returned '2': AMENT_PREFIX_PATH=/home/jiseongyoo/ros2_examples/install/interfaces:${AMENT_PREFIX_PATH} CMAKE_PREFIX_PATH=/home/jiseongyoo/ros2_examples/install/interfaces:/opt/ros/eloquent LD_LIBRARY_PATH=/home/jiseongyoo/ros2_examples/install/interfaces/lib:${LD_LIBRARY_PATH} PYTHONPATH=/home/jiseongyoo/ros2_examples/install/interfaces/lib/python3.6/site-packages:${PYTHONPATH} /usr/bin/cmake --build /home/jiseongyoo/ros2_examples/build/composition_cpp_example -- -j2 -l2
